[0.035s] Invoking command in '/home/holms/Projects/lerobot/TG_Robot/build/ros2_socketcan_msgs': CMAKE_PREFIX_PATH=${CMAKE_PREFIX_PATH}:/home/holms/Projects/TG_Robot/robot_base_v1.1/install/traj_smoother_py:/home/holms/Projects/TG_Robot/robot_base_v1.1/install/robot_test_py:/home/holms/Projects/TG_Robot/robot_base_v1.1/install/robot_input:/home/holms/Projects/TG_Robot/robot_base_v1.1/install/example_py:/home/holms/Projects/TG_Robot/robot_base_v1.1/install/robot_dynamics:/opt/ros/humble /usr/bin/cmake --build /home/holms/Projects/lerobot/TG_Robot/build/ros2_socketcan_msgs -- -j8 -l8
[0.264s] [35m[1mConsolidate compiler generated dependencies of target ros2_socketcan_msgs__rosidl_generator_c[0m
[0.264s] [  3%] Built target ros2_socketcan_msgs__cpp
[0.264s] [ 12%] Built target ros2_socketcan_msgs__rosidl_generator_c
[0.264s] [ 15%] Built target ros2_socketcan_msgs__rs
[0.264s] [35m[1mConsolidate compiler generated dependencies of target ros2_socketcan_msgs__rosidl_typesupport_introspection_cpp[0m
[0.264s] [35m[1mConsolidate compiler generated dependencies of target ros2_socketcan_msgs__rosidl_typesupport_cpp[0m
[0.264s] [ 15%] Built target ament_cmake_python_copy_ros2_socketcan_msgs
[0.265s] [35m[1mConsolidate compiler generated dependencies of target ros2_socketcan_msgs__rosidl_typesupport_fastrtps_cpp[0m
[0.265s] [ 25%] Built target ros2_socketcan_msgs__rosidl_typesupport_cpp
[0.265s] [ 34%] Built target ros2_socketcan_msgs__rosidl_typesupport_introspection_cpp
[0.265s] [ 43%] Built target ros2_socketcan_msgs__rosidl_typesupport_fastrtps_cpp
[0.265s] [35m[1mConsolidate compiler generated dependencies of target ros2_socketcan_msgs__rosidl_typesupport_introspection_c[0m
[0.265s] [35m[1mConsolidate compiler generated dependencies of target ros2_socketcan_msgs__rosidl_typesupport_fastrtps_c[0m
[0.265s] [35m[1mConsolidate compiler generated dependencies of target ros2_socketcan_msgs__rosidl_typesupport_c[0m
[0.265s] [ 53%] Built target ros2_socketcan_msgs__rosidl_typesupport_introspection_c
[0.265s] [ 62%] Built target ros2_socketcan_msgs__rosidl_typesupport_fastrtps_c
[0.265s] [ 71%] Built target ros2_socketcan_msgs__rosidl_typesupport_c
[0.266s] [ 71%] Built target ros2_socketcan_msgs
[0.266s] [ 75%] Built target ros2_socketcan_msgs__py
[0.266s] [35m[1mConsolidate compiler generated dependencies of target ros2_socketcan_msgs__rosidl_generator_py[0m
[0.266s] [ 81%] Built target ros2_socketcan_msgs__rosidl_generator_py
[0.266s] [35m[1mConsolidate compiler generated dependencies of target ros2_socketcan_msgs__rosidl_typesupport_introspection_c__pyext[0m
[0.266s] [35m[1mConsolidate compiler generated dependencies of target ros2_socketcan_msgs__rosidl_typesupport_c__pyext[0m
[0.266s] [35m[1mConsolidate compiler generated dependencies of target ros2_socketcan_msgs__rosidl_typesupport_fastrtps_c__pyext[0m
[0.273s] [ 87%] Built target ros2_socketcan_msgs__rosidl_typesupport_introspection_c__pyext
[0.273s] [ 93%] Built target ros2_socketcan_msgs__rosidl_typesupport_c__pyext
[0.278s] [100%] Built target ros2_socketcan_msgs__rosidl_typesupport_fastrtps_c__pyext
[0.325s] running egg_info
[0.325s] writing ros2_socketcan_msgs.egg-info/PKG-INFO
[0.325s] writing dependency_links to ros2_socketcan_msgs.egg-info/dependency_links.txt
[0.325s] writing top-level names to ros2_socketcan_msgs.egg-info/top_level.txt
[0.327s] reading manifest file 'ros2_socketcan_msgs.egg-info/SOURCES.txt'
[0.328s] writing manifest file 'ros2_socketcan_msgs.egg-info/SOURCES.txt'
[0.346s] [100%] Built target ament_cmake_python_build_ros2_socketcan_msgs_egg
[0.471s] Invoked command in '/home/holms/Projects/lerobot/TG_Robot/build/ros2_socketcan_msgs' returned '0': CMAKE_PREFIX_PATH=${CMAKE_PREFIX_PATH}:/home/holms/Projects/TG_Robot/robot_base_v1.1/install/traj_smoother_py:/home/holms/Projects/TG_Robot/robot_base_v1.1/install/robot_test_py:/home/holms/Projects/TG_Robot/robot_base_v1.1/install/robot_input:/home/holms/Projects/TG_Robot/robot_base_v1.1/install/example_py:/home/holms/Projects/TG_Robot/robot_base_v1.1/install/robot_dynamics:/opt/ros/humble /usr/bin/cmake --build /home/holms/Projects/lerobot/TG_Robot/build/ros2_socketcan_msgs -- -j8 -l8
[0.477s] Invoking command in '/home/holms/Projects/lerobot/TG_Robot/build/ros2_socketcan_msgs': CMAKE_PREFIX_PATH=${CMAKE_PREFIX_PATH}:/home/holms/Projects/TG_Robot/robot_base_v1.1/install/traj_smoother_py:/home/holms/Projects/TG_Robot/robot_base_v1.1/install/robot_test_py:/home/holms/Projects/TG_Robot/robot_base_v1.1/install/robot_input:/home/holms/Projects/TG_Robot/robot_base_v1.1/install/example_py:/home/holms/Projects/TG_Robot/robot_base_v1.1/install/robot_dynamics:/opt/ros/humble /usr/bin/cmake --install /home/holms/Projects/lerobot/TG_Robot/build/ros2_socketcan_msgs
[0.485s] -- Install configuration: ""
[0.485s] -- Up-to-date: /home/holms/Projects/lerobot/TG_Robot/install/ros2_socketcan_msgs/share/ament_index/resource_index/rosidl_interfaces/ros2_socketcan_msgs
[0.485s] -- Up-to-date: /home/holms/Projects/lerobot/TG_Robot/install/ros2_socketcan_msgs/include/ros2_socketcan_msgs/ros2_socketcan_msgs
[0.485s] -- Up-to-date: /home/holms/Projects/lerobot/TG_Robot/install/ros2_socketcan_msgs/include/ros2_socketcan_msgs/ros2_socketcan_msgs/msg
[0.485s] -- Up-to-date: /home/holms/Projects/lerobot/TG_Robot/install/ros2_socketcan_msgs/include/ros2_socketcan_msgs/ros2_socketcan_msgs/msg/fd_frame.h
[0.485s] -- Up-to-date: /home/holms/Projects/lerobot/TG_Robot/install/ros2_socketcan_msgs/include/ros2_socketcan_msgs/ros2_socketcan_msgs/msg/rosidl_generator_c__visibility_control.h
[0.485s] -- Up-to-date: /home/holms/Projects/lerobot/TG_Robot/install/ros2_socketcan_msgs/include/ros2_socketcan_msgs/ros2_socketcan_msgs/msg/detail
[0.485s] -- Up-to-date: /home/holms/Projects/lerobot/TG_Robot/install/ros2_socketcan_msgs/include/ros2_socketcan_msgs/ros2_socketcan_msgs/msg/detail/fd_frame__functions.h
[0.486s] -- Up-to-date: /home/holms/Projects/lerobot/TG_Robot/install/ros2_socketcan_msgs/include/ros2_socketcan_msgs/ros2_socketcan_msgs/msg/detail/fd_frame__functions.c
[0.487s] -- Up-to-date: /home/holms/Projects/lerobot/TG_Robot/install/ros2_socketcan_msgs/include/ros2_socketcan_msgs/ros2_socketcan_msgs/msg/detail/fd_frame__type_support.h
[0.488s] -- Up-to-date: /home/holms/Projects/lerobot/TG_Robot/install/ros2_socketcan_msgs/include/ros2_socketcan_msgs/ros2_socketcan_msgs/msg/detail/fd_frame__struct.h
[0.488s] -- Up-to-date: /home/holms/Projects/lerobot/TG_Robot/install/ros2_socketcan_msgs/share/ros2_socketcan_msgs/environment/library_path.sh
[0.488s] -- Up-to-date: /home/holms/Projects/lerobot/TG_Robot/install/ros2_socketcan_msgs/share/ros2_socketcan_msgs/environment/library_path.dsv
[0.488s] -- Up-to-date: /home/holms/Projects/lerobot/TG_Robot/install/ros2_socketcan_msgs/lib/libros2_socketcan_msgs__rosidl_generator_c.so
[0.488s] -- Up-to-date: /home/holms/Projects/lerobot/TG_Robot/install/ros2_socketcan_msgs/include/ros2_socketcan_msgs/ros2_socketcan_msgs
[0.488s] -- Up-to-date: /home/holms/Projects/lerobot/TG_Robot/install/ros2_socketcan_msgs/include/ros2_socketcan_msgs/ros2_socketcan_msgs/msg
[0.489s] -- Up-to-date: /home/holms/Projects/lerobot/TG_Robot/install/ros2_socketcan_msgs/include/ros2_socketcan_msgs/ros2_socketcan_msgs/msg/rosidl_typesupport_fastrtps_c__visibility_control.h
[0.489s] -- Up-to-date: /home/holms/Projects/lerobot/TG_Robot/install/ros2_socketcan_msgs/include/ros2_socketcan_msgs/ros2_socketcan_msgs/msg/detail
[0.489s] -- Up-to-date: /home/holms/Projects/lerobot/TG_Robot/install/ros2_socketcan_msgs/include/ros2_socketcan_msgs/ros2_socketcan_msgs/msg/detail/fd_frame__rosidl_typesupport_fastrtps_c.h
[0.489s] -- Up-to-date: /home/holms/Projects/lerobot/TG_Robot/install/ros2_socketcan_msgs/lib/libros2_socketcan_msgs__rosidl_typesupport_fastrtps_c.so
[0.489s] -- Up-to-date: /home/holms/Projects/lerobot/TG_Robot/install/ros2_socketcan_msgs/include/ros2_socketcan_msgs/ros2_socketcan_msgs
[0.490s] -- Up-to-date: /home/holms/Projects/lerobot/TG_Robot/install/ros2_socketcan_msgs/include/ros2_socketcan_msgs/ros2_socketcan_msgs/msg
[0.490s] -- Up-to-date: /home/holms/Projects/lerobot/TG_Robot/install/ros2_socketcan_msgs/include/ros2_socketcan_msgs/ros2_socketcan_msgs/msg/rosidl_typesupport_introspection_c__visibility_control.h
[0.490s] -- Up-to-date: /home/holms/Projects/lerobot/TG_Robot/install/ros2_socketcan_msgs/include/ros2_socketcan_msgs/ros2_socketcan_msgs/msg/detail
[0.490s] -- Up-to-date: /home/holms/Projects/lerobot/TG_Robot/install/ros2_socketcan_msgs/include/ros2_socketcan_msgs/ros2_socketcan_msgs/msg/detail/fd_frame__type_support.c
[0.490s] -- Up-to-date: /home/holms/Projects/lerobot/TG_Robot/install/ros2_socketcan_msgs/include/ros2_socketcan_msgs/ros2_socketcan_msgs/msg/detail/fd_frame__rosidl_typesupport_introspection_c.h
[0.490s] -- Up-to-date: /home/holms/Projects/lerobot/TG_Robot/install/ros2_socketcan_msgs/lib/libros2_socketcan_msgs__rosidl_typesupport_introspection_c.so
[0.490s] -- Up-to-date: /home/holms/Projects/lerobot/TG_Robot/install/ros2_socketcan_msgs/lib/libros2_socketcan_msgs__rosidl_typesupport_c.so
[0.491s] -- Up-to-date: /home/holms/Projects/lerobot/TG_Robot/install/ros2_socketcan_msgs/include/ros2_socketcan_msgs/ros2_socketcan_msgs
[0.491s] -- Up-to-date: /home/holms/Projects/lerobot/TG_Robot/install/ros2_socketcan_msgs/include/ros2_socketcan_msgs/ros2_socketcan_msgs/msg
[0.491s] -- Up-to-date: /home/holms/Projects/lerobot/TG_Robot/install/ros2_socketcan_msgs/include/ros2_socketcan_msgs/ros2_socketcan_msgs/msg/rosidl_generator_cpp__visibility_control.hpp
[0.491s] -- Up-to-date: /home/holms/Projects/lerobot/TG_Robot/install/ros2_socketcan_msgs/include/ros2_socketcan_msgs/ros2_socketcan_msgs/msg/fd_frame.hpp
[0.491s] -- Up-to-date: /home/holms/Projects/lerobot/TG_Robot/install/ros2_socketcan_msgs/include/ros2_socketcan_msgs/ros2_socketcan_msgs/msg/detail
[0.492s] -- Up-to-date: /home/holms/Projects/lerobot/TG_Robot/install/ros2_socketcan_msgs/include/ros2_socketcan_msgs/ros2_socketcan_msgs/msg/detail/fd_frame__struct.hpp
[0.492s] -- Up-to-date: /home/holms/Projects/lerobot/TG_Robot/install/ros2_socketcan_msgs/include/ros2_socketcan_msgs/ros2_socketcan_msgs/msg/detail/fd_frame__traits.hpp
[0.492s] -- Up-to-date: /home/holms/Projects/lerobot/TG_Robot/install/ros2_socketcan_msgs/include/ros2_socketcan_msgs/ros2_socketcan_msgs/msg/detail/fd_frame__type_support.hpp
[0.492s] -- Up-to-date: /home/holms/Projects/lerobot/TG_Robot/install/ros2_socketcan_msgs/include/ros2_socketcan_msgs/ros2_socketcan_msgs/msg/detail/fd_frame__builder.hpp
[0.492s] -- Up-to-date: /home/holms/Projects/lerobot/TG_Robot/install/ros2_socketcan_msgs/include/ros2_socketcan_msgs/ros2_socketcan_msgs
[0.492s] -- Up-to-date: /home/holms/Projects/lerobot/TG_Robot/install/ros2_socketcan_msgs/include/ros2_socketcan_msgs/ros2_socketcan_msgs/msg
[0.492s] -- Up-to-date: /home/holms/Projects/lerobot/TG_Robot/install/ros2_socketcan_msgs/include/ros2_socketcan_msgs/ros2_socketcan_msgs/msg/detail
[0.492s] -- Up-to-date: /home/holms/Projects/lerobot/TG_Robot/install/ros2_socketcan_msgs/include/ros2_socketcan_msgs/ros2_socketcan_msgs/msg/detail/fd_frame__rosidl_typesupport_fastrtps_cpp.hpp
[0.492s] -- Up-to-date: /home/holms/Projects/lerobot/TG_Robot/install/ros2_socketcan_msgs/include/ros2_socketcan_msgs/ros2_socketcan_msgs/msg/detail/dds_fastrtps
[0.493s] -- Up-to-date: /home/holms/Projects/lerobot/TG_Robot/install/ros2_socketcan_msgs/include/ros2_socketcan_msgs/ros2_socketcan_msgs/msg/rosidl_typesupport_fastrtps_cpp__visibility_control.h
[0.493s] -- Up-to-date: /home/holms/Projects/lerobot/TG_Robot/install/ros2_socketcan_msgs/lib/libros2_socketcan_msgs__rosidl_typesupport_fastrtps_cpp.so
[0.493s] -- Up-to-date: /home/holms/Projects/lerobot/TG_Robot/install/ros2_socketcan_msgs/include/ros2_socketcan_msgs/ros2_socketcan_msgs
[0.493s] -- Up-to-date: /home/holms/Projects/lerobot/TG_Robot/install/ros2_socketcan_msgs/include/ros2_socketcan_msgs/ros2_socketcan_msgs/msg
[0.493s] -- Up-to-date: /home/holms/Projects/lerobot/TG_Robot/install/ros2_socketcan_msgs/include/ros2_socketcan_msgs/ros2_socketcan_msgs/msg/detail
[0.494s] -- Up-to-date: /home/holms/Projects/lerobot/TG_Robot/install/ros2_socketcan_msgs/include/ros2_socketcan_msgs/ros2_socketcan_msgs/msg/detail/fd_frame__rosidl_typesupport_introspection_cpp.hpp
[0.494s] -- Up-to-date: /home/holms/Projects/lerobot/TG_Robot/install/ros2_socketcan_msgs/include/ros2_socketcan_msgs/ros2_socketcan_msgs/msg/detail/fd_frame__type_support.cpp
[0.494s] -- Up-to-date: /home/holms/Projects/lerobot/TG_Robot/install/ros2_socketcan_msgs/lib/libros2_socketcan_msgs__rosidl_typesupport_introspection_cpp.so
[0.494s] -- Up-to-date: /home/holms/Projects/lerobot/TG_Robot/install/ros2_socketcan_msgs/lib/libros2_socketcan_msgs__rosidl_typesupport_cpp.so
[0.494s] -- Up-to-date: /home/holms/Projects/lerobot/TG_Robot/install/ros2_socketcan_msgs/share/ros2_socketcan_msgs/environment/pythonpath.sh
[0.494s] -- Up-to-date: /home/holms/Projects/lerobot/TG_Robot/install/ros2_socketcan_msgs/share/ros2_socketcan_msgs/environment/pythonpath.dsv
[0.494s] -- Up-to-date: /home/holms/Projects/lerobot/TG_Robot/install/ros2_socketcan_msgs/local/lib/python3.10/dist-packages/ros2_socketcan_msgs-1.3.0-py3.10.egg-info
[0.494s] -- Installing: /home/holms/Projects/lerobot/TG_Robot/install/ros2_socketcan_msgs/local/lib/python3.10/dist-packages/ros2_socketcan_msgs-1.3.0-py3.10.egg-info/PKG-INFO
[0.494s] -- Installing: /home/holms/Projects/lerobot/TG_Robot/install/ros2_socketcan_msgs/local/lib/python3.10/dist-packages/ros2_socketcan_msgs-1.3.0-py3.10.egg-info/top_level.txt
[0.494s] -- Installing: /home/holms/Projects/lerobot/TG_Robot/install/ros2_socketcan_msgs/local/lib/python3.10/dist-packages/ros2_socketcan_msgs-1.3.0-py3.10.egg-info/SOURCES.txt
[0.494s] -- Installing: /home/holms/Projects/lerobot/TG_Robot/install/ros2_socketcan_msgs/local/lib/python3.10/dist-packages/ros2_socketcan_msgs-1.3.0-py3.10.egg-info/dependency_links.txt
[0.494s] -- Up-to-date: /home/holms/Projects/lerobot/TG_Robot/install/ros2_socketcan_msgs/local/lib/python3.10/dist-packages/ros2_socketcan_msgs
[0.494s] -- Up-to-date: /home/holms/Projects/lerobot/TG_Robot/install/ros2_socketcan_msgs/local/lib/python3.10/dist-packages/ros2_socketcan_msgs/ros2_socketcan_msgs_s__rosidl_typesupport_introspection_c.cpython-310-x86_64-linux-gnu.so
[0.494s] -- Up-to-date: /home/holms/Projects/lerobot/TG_Robot/install/ros2_socketcan_msgs/local/lib/python3.10/dist-packages/ros2_socketcan_msgs/_ros2_socketcan_msgs_s.ep.rosidl_typesupport_introspection_c.c
[0.494s] -- Up-to-date: /home/holms/Projects/lerobot/TG_Robot/install/ros2_socketcan_msgs/local/lib/python3.10/dist-packages/ros2_socketcan_msgs/libros2_socketcan_msgs__rosidl_generator_py.so
[0.494s] -- Up-to-date: /home/holms/Projects/lerobot/TG_Robot/install/ros2_socketcan_msgs/local/lib/python3.10/dist-packages/ros2_socketcan_msgs/_ros2_socketcan_msgs_s.ep.rosidl_typesupport_fastrtps_c.c
[0.494s] -- Up-to-date: /home/holms/Projects/lerobot/TG_Robot/install/ros2_socketcan_msgs/local/lib/python3.10/dist-packages/ros2_socketcan_msgs/__init__.py
[0.494s] -- Up-to-date: /home/holms/Projects/lerobot/TG_Robot/install/ros2_socketcan_msgs/local/lib/python3.10/dist-packages/ros2_socketcan_msgs/msg
[0.494s] -- Up-to-date: /home/holms/Projects/lerobot/TG_Robot/install/ros2_socketcan_msgs/local/lib/python3.10/dist-packages/ros2_socketcan_msgs/msg/__init__.py
[0.494s] -- Up-to-date: /home/holms/Projects/lerobot/TG_Robot/install/ros2_socketcan_msgs/local/lib/python3.10/dist-packages/ros2_socketcan_msgs/msg/_fd_frame_s.c
[0.494s] -- Up-to-date: /home/holms/Projects/lerobot/TG_Robot/install/ros2_socketcan_msgs/local/lib/python3.10/dist-packages/ros2_socketcan_msgs/msg/_fd_frame.py
[0.494s] -- Up-to-date: /home/holms/Projects/lerobot/TG_Robot/install/ros2_socketcan_msgs/local/lib/python3.10/dist-packages/ros2_socketcan_msgs/ros2_socketcan_msgs_s__rosidl_typesupport_fastrtps_c.cpython-310-x86_64-linux-gnu.so
[0.494s] -- Up-to-date: /home/holms/Projects/lerobot/TG_Robot/install/ros2_socketcan_msgs/local/lib/python3.10/dist-packages/ros2_socketcan_msgs/ros2_socketcan_msgs_s__rosidl_typesupport_c.cpython-310-x86_64-linux-gnu.so
[0.494s] -- Up-to-date: /home/holms/Projects/lerobot/TG_Robot/install/ros2_socketcan_msgs/local/lib/python3.10/dist-packages/ros2_socketcan_msgs/_ros2_socketcan_msgs_s.ep.rosidl_typesupport_c.c
[0.521s] Listing '/home/holms/Projects/lerobot/TG_Robot/install/ros2_socketcan_msgs/local/lib/python3.10/dist-packages/ros2_socketcan_msgs'...
[0.521s] Listing '/home/holms/Projects/lerobot/TG_Robot/install/ros2_socketcan_msgs/local/lib/python3.10/dist-packages/ros2_socketcan_msgs/msg'...
[0.523s] -- Up-to-date: /home/holms/Projects/lerobot/TG_Robot/install/ros2_socketcan_msgs/local/lib/python3.10/dist-packages/ros2_socketcan_msgs/ros2_socketcan_msgs_s__rosidl_typesupport_fastrtps_c.cpython-310-x86_64-linux-gnu.so
[0.523s] -- Up-to-date: /home/holms/Projects/lerobot/TG_Robot/install/ros2_socketcan_msgs/local/lib/python3.10/dist-packages/ros2_socketcan_msgs/ros2_socketcan_msgs_s__rosidl_typesupport_introspection_c.cpython-310-x86_64-linux-gnu.so
[0.524s] -- Up-to-date: /home/holms/Projects/lerobot/TG_Robot/install/ros2_socketcan_msgs/local/lib/python3.10/dist-packages/ros2_socketcan_msgs/ros2_socketcan_msgs_s__rosidl_typesupport_c.cpython-310-x86_64-linux-gnu.so
[0.524s] -- Up-to-date: /home/holms/Projects/lerobot/TG_Robot/install/ros2_socketcan_msgs/lib/libros2_socketcan_msgs__rosidl_generator_py.so
[0.524s] -- Up-to-date: /home/holms/Projects/lerobot/TG_Robot/install/ros2_socketcan_msgs/share/ament_index/resource_index/rust_packages/ros2_socketcan_msgs
[0.524s] -- Up-to-date: /home/holms/Projects/lerobot/TG_Robot/install/ros2_socketcan_msgs/share/ros2_socketcan_msgs/rust
[0.525s] -- Up-to-date: /home/holms/Projects/lerobot/TG_Robot/install/ros2_socketcan_msgs/share/ros2_socketcan_msgs/rust/build.rs
[0.525s] -- Up-to-date: /home/holms/Projects/lerobot/TG_Robot/install/ros2_socketcan_msgs/share/ros2_socketcan_msgs/rust/Cargo.toml
[0.525s] -- Up-to-date: /home/holms/Projects/lerobot/TG_Robot/install/ros2_socketcan_msgs/share/ros2_socketcan_msgs/rust/src
[0.525s] -- Up-to-date: /home/holms/Projects/lerobot/TG_Robot/install/ros2_socketcan_msgs/share/ros2_socketcan_msgs/rust/src/lib.rs
[0.525s] -- Up-to-date: /home/holms/Projects/lerobot/TG_Robot/install/ros2_socketcan_msgs/share/ros2_socketcan_msgs/rust/src/msg.rs
[0.525s] -- Up-to-date: /home/holms/Projects/lerobot/TG_Robot/install/ros2_socketcan_msgs/share/ros2_socketcan_msgs/rust/src/msg
[0.525s] -- Up-to-date: /home/holms/Projects/lerobot/TG_Robot/install/ros2_socketcan_msgs/share/ros2_socketcan_msgs/rust/src/msg/rmw.rs
[0.525s] -- Up-to-date: /home/holms/Projects/lerobot/TG_Robot/install/ros2_socketcan_msgs/share/ros2_socketcan_msgs/msg/FdFrame.idl
[0.525s] -- Up-to-date: /home/holms/Projects/lerobot/TG_Robot/install/ros2_socketcan_msgs/share/ros2_socketcan_msgs/msg/FdFrame.msg
[0.525s] -- Up-to-date: /home/holms/Projects/lerobot/TG_Robot/install/ros2_socketcan_msgs/share/ament_index/resource_index/package_run_dependencies/ros2_socketcan_msgs
[0.526s] -- Up-to-date: /home/holms/Projects/lerobot/TG_Robot/install/ros2_socketcan_msgs/share/ament_index/resource_index/parent_prefix_path/ros2_socketcan_msgs
[0.528s] -- Up-to-date: /home/holms/Projects/lerobot/TG_Robot/install/ros2_socketcan_msgs/share/ros2_socketcan_msgs/environment/ament_prefix_path.sh
[0.528s] -- Up-to-date: /home/holms/Projects/lerobot/TG_Robot/install/ros2_socketcan_msgs/share/ros2_socketcan_msgs/environment/ament_prefix_path.dsv
[0.528s] -- Up-to-date: /home/holms/Projects/lerobot/TG_Robot/install/ros2_socketcan_msgs/share/ros2_socketcan_msgs/environment/path.sh
[0.528s] -- Up-to-date: /home/holms/Projects/lerobot/TG_Robot/install/ros2_socketcan_msgs/share/ros2_socketcan_msgs/environment/path.dsv
[0.528s] -- Up-to-date: /home/holms/Projects/lerobot/TG_Robot/install/ros2_socketcan_msgs/share/ros2_socketcan_msgs/local_setup.bash
[0.528s] -- Up-to-date: /home/holms/Projects/lerobot/TG_Robot/install/ros2_socketcan_msgs/share/ros2_socketcan_msgs/local_setup.sh
[0.528s] -- Up-to-date: /home/holms/Projects/lerobot/TG_Robot/install/ros2_socketcan_msgs/share/ros2_socketcan_msgs/local_setup.zsh
[0.529s] -- Up-to-date: /home/holms/Projects/lerobot/TG_Robot/install/ros2_socketcan_msgs/share/ros2_socketcan_msgs/local_setup.dsv
[0.529s] -- Installing: /home/holms/Projects/lerobot/TG_Robot/install/ros2_socketcan_msgs/share/ros2_socketcan_msgs/package.dsv
[0.529s] -- Up-to-date: /home/holms/Projects/lerobot/TG_Robot/install/ros2_socketcan_msgs/share/ament_index/resource_index/packages/ros2_socketcan_msgs
[0.530s] -- Up-to-date: /home/holms/Projects/lerobot/TG_Robot/install/ros2_socketcan_msgs/share/ros2_socketcan_msgs/cmake/export_ros2_socketcan_msgs__rosidl_generator_cExport.cmake
[0.530s] -- Up-to-date: /home/holms/Projects/lerobot/TG_Robot/install/ros2_socketcan_msgs/share/ros2_socketcan_msgs/cmake/export_ros2_socketcan_msgs__rosidl_generator_cExport-noconfig.cmake
[0.530s] -- Up-to-date: /home/holms/Projects/lerobot/TG_Robot/install/ros2_socketcan_msgs/share/ros2_socketcan_msgs/cmake/export_ros2_socketcan_msgs__rosidl_typesupport_fastrtps_cExport.cmake
[0.531s] -- Up-to-date: /home/holms/Projects/lerobot/TG_Robot/install/ros2_socketcan_msgs/share/ros2_socketcan_msgs/cmake/export_ros2_socketcan_msgs__rosidl_typesupport_fastrtps_cExport-noconfig.cmake
[0.531s] -- Up-to-date: /home/holms/Projects/lerobot/TG_Robot/install/ros2_socketcan_msgs/share/ros2_socketcan_msgs/cmake/ros2_socketcan_msgs__rosidl_typesupport_introspection_cExport.cmake
[0.531s] -- Up-to-date: /home/holms/Projects/lerobot/TG_Robot/install/ros2_socketcan_msgs/share/ros2_socketcan_msgs/cmake/ros2_socketcan_msgs__rosidl_typesupport_introspection_cExport-noconfig.cmake
[0.531s] -- Up-to-date: /home/holms/Projects/lerobot/TG_Robot/install/ros2_socketcan_msgs/share/ros2_socketcan_msgs/cmake/ros2_socketcan_msgs__rosidl_typesupport_cExport.cmake
[0.532s] -- Up-to-date: /home/holms/Projects/lerobot/TG_Robot/install/ros2_socketcan_msgs/share/ros2_socketcan_msgs/cmake/ros2_socketcan_msgs__rosidl_typesupport_cExport-noconfig.cmake
[0.532s] -- Up-to-date: /home/holms/Projects/lerobot/TG_Robot/install/ros2_socketcan_msgs/share/ros2_socketcan_msgs/cmake/export_ros2_socketcan_msgs__rosidl_generator_cppExport.cmake
[0.532s] -- Up-to-date: /home/holms/Projects/lerobot/TG_Robot/install/ros2_socketcan_msgs/share/ros2_socketcan_msgs/cmake/export_ros2_socketcan_msgs__rosidl_typesupport_fastrtps_cppExport.cmake
[0.532s] -- Up-to-date: /home/holms/Projects/lerobot/TG_Robot/install/ros2_socketcan_msgs/share/ros2_socketcan_msgs/cmake/export_ros2_socketcan_msgs__rosidl_typesupport_fastrtps_cppExport-noconfig.cmake
[0.533s] -- Up-to-date: /home/holms/Projects/lerobot/TG_Robot/install/ros2_socketcan_msgs/share/ros2_socketcan_msgs/cmake/ros2_socketcan_msgs__rosidl_typesupport_introspection_cppExport.cmake
[0.533s] -- Up-to-date: /home/holms/Projects/lerobot/TG_Robot/install/ros2_socketcan_msgs/share/ros2_socketcan_msgs/cmake/ros2_socketcan_msgs__rosidl_typesupport_introspection_cppExport-noconfig.cmake
[0.533s] -- Up-to-date: /home/holms/Projects/lerobot/TG_Robot/install/ros2_socketcan_msgs/share/ros2_socketcan_msgs/cmake/ros2_socketcan_msgs__rosidl_typesupport_cppExport.cmake
[0.534s] -- Up-to-date: /home/holms/Projects/lerobot/TG_Robot/install/ros2_socketcan_msgs/share/ros2_socketcan_msgs/cmake/ros2_socketcan_msgs__rosidl_typesupport_cppExport-noconfig.cmake
[0.534s] -- Up-to-date: /home/holms/Projects/lerobot/TG_Robot/install/ros2_socketcan_msgs/share/ros2_socketcan_msgs/cmake/export_ros2_socketcan_msgs__rosidl_generator_pyExport.cmake
[0.534s] -- Up-to-date: /home/holms/Projects/lerobot/TG_Robot/install/ros2_socketcan_msgs/share/ros2_socketcan_msgs/cmake/export_ros2_socketcan_msgs__rosidl_generator_pyExport-noconfig.cmake
[0.534s] -- Up-to-date: /home/holms/Projects/lerobot/TG_Robot/install/ros2_socketcan_msgs/share/ros2_socketcan_msgs/cmake/rosidl_cmake-extras.cmake
[0.534s] -- Up-to-date: /home/holms/Projects/lerobot/TG_Robot/install/ros2_socketcan_msgs/share/ros2_socketcan_msgs/cmake/ament_cmake_export_dependencies-extras.cmake
[0.534s] -- Up-to-date: /home/holms/Projects/lerobot/TG_Robot/install/ros2_socketcan_msgs/share/ros2_socketcan_msgs/cmake/ament_cmake_export_include_directories-extras.cmake
[0.534s] -- Up-to-date: /home/holms/Projects/lerobot/TG_Robot/install/ros2_socketcan_msgs/share/ros2_socketcan_msgs/cmake/ament_cmake_export_libraries-extras.cmake
[0.534s] -- Up-to-date: /home/holms/Projects/lerobot/TG_Robot/install/ros2_socketcan_msgs/share/ros2_socketcan_msgs/cmake/ament_cmake_export_targets-extras.cmake
[0.534s] -- Up-to-date: /home/holms/Projects/lerobot/TG_Robot/install/ros2_socketcan_msgs/share/ros2_socketcan_msgs/cmake/rosidl_cmake_export_typesupport_targets-extras.cmake
[0.535s] -- Up-to-date: /home/holms/Projects/lerobot/TG_Robot/install/ros2_socketcan_msgs/share/ros2_socketcan_msgs/cmake/rosidl_cmake_export_typesupport_libraries-extras.cmake
[0.535s] -- Up-to-date: /home/holms/Projects/lerobot/TG_Robot/install/ros2_socketcan_msgs/share/ros2_socketcan_msgs/cmake/ros2_socketcan_msgsConfig.cmake
[0.535s] -- Up-to-date: /home/holms/Projects/lerobot/TG_Robot/install/ros2_socketcan_msgs/share/ros2_socketcan_msgs/cmake/ros2_socketcan_msgsConfig-version.cmake
[0.535s] -- Up-to-date: /home/holms/Projects/lerobot/TG_Robot/install/ros2_socketcan_msgs/share/ros2_socketcan_msgs/package.xml
[0.594s] Invoked command in '/home/holms/Projects/lerobot/TG_Robot/build/ros2_socketcan_msgs' returned '0': CMAKE_PREFIX_PATH=${CMAKE_PREFIX_PATH}:/home/holms/Projects/TG_Robot/robot_base_v1.1/install/traj_smoother_py:/home/holms/Projects/TG_Robot/robot_base_v1.1/install/robot_test_py:/home/holms/Projects/TG_Robot/robot_base_v1.1/install/robot_input:/home/holms/Projects/TG_Robot/robot_base_v1.1/install/example_py:/home/holms/Projects/TG_Robot/robot_base_v1.1/install/robot_dynamics:/opt/ros/humble /usr/bin/cmake --install /home/holms/Projects/lerobot/TG_Robot/build/ros2_socketcan_msgs
