[0.271s] DEBUG:colcon:Command line arguments: ['/usr/bin/colcon', 'build', '--packages-select', 'tg_lerobot_bridge', 'robot_gazebo', 'arm620_config', 'robot_bringup']
[0.271s] DEBUG:colcon:Parsed command line arguments: Namespace(log_base=None, log_level=None, verb_name='build', build_base='build', install_base='install', merge_install=False, symlink_install=False, test_result_base=None, continue_on_error=False, executor='parallel', parallel_workers=8, event_handlers=None, ignore_user_meta=False, metas=['./colcon.meta'], base_paths=['.'], packages_ignore=None, packages_ignore_regex=None, paths=None, packages_up_to=None, packages_up_to_regex=None, packages_above=None, packages_above_and_dependencies=None, packages_above_depth=None, packages_select_by_dep=None, packages_skip_by_dep=None, packages_skip_up_to=None, packages_select_build_failed=False, packages_skip_build_finished=False, packages_select_test_failures=False, packages_skip_test_passed=False, packages_select=['tg_lerobot_bridge', 'robot_gazebo', 'arm620_config', 'robot_bringup'], packages_skip=None, packages_select_regex=None, packages_skip_regex=None, packages_start=None, packages_end=None, allow_overriding=[], cmake_args=None, cmake_target=None, cmake_target_skip_unavailable=False, cmake_clean_cache=False, cmake_clean_first=False, cmake_force_configure=False, ament_cmake_args=None, catkin_cmake_args=None, catkin_skip_building_tests=False, verb_parser=<colcon_defaults.argument_parser.defaults.DefaultArgumentsDecorator object at 0x70cd40a5af50>, verb_extension=<colcon_core.verb.build.BuildVerb object at 0x70cd40a5a9e0>, main=<bound method BuildVerb.main of <colcon_core.verb.build.BuildVerb object at 0x70cd40a5a9e0>>)
[0.631s] Level 1:colcon.colcon_core.package_discovery:discover_packages(colcon_meta) check parameters
[0.631s] Level 1:colcon.colcon_core.package_discovery:discover_packages(recursive) check parameters
[0.631s] Level 1:colcon.colcon_core.package_discovery:discover_packages(ignore) check parameters
[0.631s] Level 1:colcon.colcon_core.package_discovery:discover_packages(path) check parameters
[0.631s] Level 1:colcon.colcon_core.package_discovery:discover_packages(colcon_meta) discover
[0.631s] Level 1:colcon.colcon_core.package_discovery:discover_packages(recursive) discover
[0.631s] INFO:colcon.colcon_core.package_discovery:Crawling recursively for packages in '/home/holms/Projects/lerobot/TG_Robot'
[0.631s] Level 1:colcon.colcon_core.package_identification:_identify(.) by extensions ['ignore', 'ignore_ament_install']
[0.632s] Level 1:colcon.colcon_core.package_identification:_identify(.) by extension 'ignore'
[0.632s] Level 1:colcon.colcon_core.package_identification:_identify(.) by extension 'ignore_ament_install'
[0.632s] Level 1:colcon.colcon_core.package_identification:_identify(.) by extensions ['colcon_pkg']
[0.632s] Level 1:colcon.colcon_core.package_identification:_identify(.) by extension 'colcon_pkg'
[0.632s] Level 1:colcon.colcon_core.package_identification:_identify(.) by extensions ['colcon_meta']
[0.632s] Level 1:colcon.colcon_core.package_identification:_identify(.) by extension 'colcon_meta'
[0.632s] Level 1:colcon.colcon_core.package_identification:_identify(.) by extensions ['ros']
[0.632s] Level 1:colcon.colcon_core.package_identification:_identify(.) by extension 'ros'
[0.655s] Level 1:colcon.colcon_core.package_identification:_identify(.) by extensions ['cmake', 'python']
[0.655s] Level 1:colcon.colcon_core.package_identification:_identify(.) by extension 'cmake'
[0.655s] Level 1:colcon.colcon_core.package_identification:_identify(.) by extension 'python'
[0.655s] Level 1:colcon.colcon_core.package_identification:_identify(.) by extensions ['python_setup_py']
[0.655s] Level 1:colcon.colcon_core.package_identification:_identify(.) by extension 'python_setup_py'
[0.655s] Level 1:colcon.colcon_core.package_identification:_identify(autoinstall_script) by extensions ['ignore', 'ignore_ament_install']
[0.655s] Level 1:colcon.colcon_core.package_identification:_identify(autoinstall_script) by extension 'ignore'
[0.655s] Level 1:colcon.colcon_core.package_identification:_identify(autoinstall_script) by extension 'ignore_ament_install'
[0.655s] Level 1:colcon.colcon_core.package_identification:_identify(autoinstall_script) by extensions ['colcon_pkg']
[0.655s] Level 1:colcon.colcon_core.package_identification:_identify(autoinstall_script) by extension 'colcon_pkg'
[0.655s] Level 1:colcon.colcon_core.package_identification:_identify(autoinstall_script) by extensions ['colcon_meta']
[0.655s] Level 1:colcon.colcon_core.package_identification:_identify(autoinstall_script) by extension 'colcon_meta'
[0.655s] Level 1:colcon.colcon_core.package_identification:_identify(autoinstall_script) by extensions ['ros']
[0.655s] Level 1:colcon.colcon_core.package_identification:_identify(autoinstall_script) by extension 'ros'
[0.655s] Level 1:colcon.colcon_core.package_identification:_identify(autoinstall_script) by extensions ['cmake', 'python']
[0.655s] Level 1:colcon.colcon_core.package_identification:_identify(autoinstall_script) by extension 'cmake'
[0.655s] Level 1:colcon.colcon_core.package_identification:_identify(autoinstall_script) by extension 'python'
[0.655s] Level 1:colcon.colcon_core.package_identification:_identify(autoinstall_script) by extensions ['python_setup_py']
[0.656s] Level 1:colcon.colcon_core.package_identification:_identify(autoinstall_script) by extension 'python_setup_py'
[0.656s] Level 1:colcon.colcon_core.package_identification:_identify(autoinstall_script/build) by extensions ['ignore', 'ignore_ament_install']
[0.656s] Level 1:colcon.colcon_core.package_identification:_identify(autoinstall_script/build) by extension 'ignore'
[0.656s] Level 1:colcon.colcon_core.package_identification:_identify(autoinstall_script/build) ignored
[0.656s] Level 1:colcon.colcon_core.package_identification:_identify(autoinstall_script/config) by extensions ['ignore', 'ignore_ament_install']
[0.656s] Level 1:colcon.colcon_core.package_identification:_identify(autoinstall_script/config) by extension 'ignore'
[0.656s] Level 1:colcon.colcon_core.package_identification:_identify(autoinstall_script/config) by extension 'ignore_ament_install'
[0.656s] Level 1:colcon.colcon_core.package_identification:_identify(autoinstall_script/config) by extensions ['colcon_pkg']
[0.656s] Level 1:colcon.colcon_core.package_identification:_identify(autoinstall_script/config) by extension 'colcon_pkg'
[0.656s] Level 1:colcon.colcon_core.package_identification:_identify(autoinstall_script/config) by extensions ['colcon_meta']
[0.656s] Level 1:colcon.colcon_core.package_identification:_identify(autoinstall_script/config) by extension 'colcon_meta'
[0.656s] Level 1:colcon.colcon_core.package_identification:_identify(autoinstall_script/config) by extensions ['ros']
[0.657s] Level 1:colcon.colcon_core.package_identification:_identify(autoinstall_script/config) by extension 'ros'
[0.657s] Level 1:colcon.colcon_core.package_identification:_identify(autoinstall_script/config) by extensions ['cmake', 'python']
[0.657s] Level 1:colcon.colcon_core.package_identification:_identify(autoinstall_script/config) by extension 'cmake'
[0.657s] Level 1:colcon.colcon_core.package_identification:_identify(autoinstall_script/config) by extension 'python'
[0.657s] Level 1:colcon.colcon_core.package_identification:_identify(autoinstall_script/config) by extensions ['python_setup_py']
[0.657s] Level 1:colcon.colcon_core.package_identification:_identify(autoinstall_script/config) by extension 'python_setup_py'
[0.657s] Level 1:colcon.colcon_core.package_identification:_identify(autoinstall_script/install) by extensions ['ignore', 'ignore_ament_install']
[0.657s] Level 1:colcon.colcon_core.package_identification:_identify(autoinstall_script/install) by extension 'ignore'
[0.657s] Level 1:colcon.colcon_core.package_identification:_identify(autoinstall_script/install) ignored
[0.657s] Level 1:colcon.colcon_core.package_identification:_identify(autoinstall_script/log) by extensions ['ignore', 'ignore_ament_install']
[0.657s] Level 1:colcon.colcon_core.package_identification:_identify(autoinstall_script/log) by extension 'ignore'
[0.657s] Level 1:colcon.colcon_core.package_identification:_identify(autoinstall_script/log) ignored
[0.657s] Level 1:colcon.colcon_core.package_identification:_identify(build) by extensions ['ignore', 'ignore_ament_install']
[0.657s] Level 1:colcon.colcon_core.package_identification:_identify(build) by extension 'ignore'
[0.657s] Level 1:colcon.colcon_core.package_identification:_identify(build) ignored
[0.657s] Level 1:colcon.colcon_core.package_identification:_identify(example) by extensions ['ignore', 'ignore_ament_install']
[0.657s] Level 1:colcon.colcon_core.package_identification:_identify(example) by extension 'ignore'
[0.657s] Level 1:colcon.colcon_core.package_identification:_identify(example) by extension 'ignore_ament_install'
[0.658s] Level 1:colcon.colcon_core.package_identification:_identify(example) by extensions ['colcon_pkg']
[0.658s] Level 1:colcon.colcon_core.package_identification:_identify(example) by extension 'colcon_pkg'
[0.658s] Level 1:colcon.colcon_core.package_identification:_identify(example) by extensions ['colcon_meta']
[0.658s] Level 1:colcon.colcon_core.package_identification:_identify(example) by extension 'colcon_meta'
[0.658s] Level 1:colcon.colcon_core.package_identification:_identify(example) by extensions ['ros']
[0.658s] Level 1:colcon.colcon_core.package_identification:_identify(example) by extension 'ros'
[0.658s] Level 1:colcon.colcon_core.package_identification:_identify(example) by extensions ['cmake', 'python']
[0.658s] Level 1:colcon.colcon_core.package_identification:_identify(example) by extension 'cmake'
[0.658s] Level 1:colcon.colcon_core.package_identification:_identify(example) by extension 'python'
[0.658s] Level 1:colcon.colcon_core.package_identification:_identify(example) by extensions ['python_setup_py']
[0.658s] Level 1:colcon.colcon_core.package_identification:_identify(example) by extension 'python_setup_py'
[0.658s] Level 1:colcon.colcon_core.package_identification:_identify(example/example_cpp) by extensions ['ignore', 'ignore_ament_install']
[0.658s] Level 1:colcon.colcon_core.package_identification:_identify(example/example_cpp) by extension 'ignore'
[0.658s] Level 1:colcon.colcon_core.package_identification:_identify(example/example_cpp) by extension 'ignore_ament_install'
[0.658s] Level 1:colcon.colcon_core.package_identification:_identify(example/example_cpp) by extensions ['colcon_pkg']
[0.658s] Level 1:colcon.colcon_core.package_identification:_identify(example/example_cpp) by extension 'colcon_pkg'
[0.658s] Level 1:colcon.colcon_core.package_identification:_identify(example/example_cpp) by extensions ['colcon_meta']
[0.659s] Level 1:colcon.colcon_core.package_identification:_identify(example/example_cpp) by extension 'colcon_meta'
[0.659s] Level 1:colcon.colcon_core.package_identification:_identify(example/example_cpp) by extensions ['ros']
[0.659s] Level 1:colcon.colcon_core.package_identification:_identify(example/example_cpp) by extension 'ros'
[0.665s] DEBUG:colcon.colcon_core.package_identification:Package 'example/example_cpp' with type 'ros.ament_cmake' and name 'example_cpp'
[0.665s] Level 1:colcon.colcon_core.package_identification:_identify(example/example_py) by extensions ['ignore', 'ignore_ament_install']
[0.665s] Level 1:colcon.colcon_core.package_identification:_identify(example/example_py) by extension 'ignore'
[0.665s] Level 1:colcon.colcon_core.package_identification:_identify(example/example_py) by extension 'ignore_ament_install'
[0.665s] Level 1:colcon.colcon_core.package_identification:_identify(example/example_py) by extensions ['colcon_pkg']
[0.665s] Level 1:colcon.colcon_core.package_identification:_identify(example/example_py) by extension 'colcon_pkg'
[0.665s] Level 1:colcon.colcon_core.package_identification:_identify(example/example_py) by extensions ['colcon_meta']
[0.665s] Level 1:colcon.colcon_core.package_identification:_identify(example/example_py) by extension 'colcon_meta'
[0.665s] Level 1:colcon.colcon_core.package_identification:_identify(example/example_py) by extensions ['ros']
[0.665s] Level 1:colcon.colcon_core.package_identification:_identify(example/example_py) by extension 'ros'
[0.667s] DEBUG:colcon.colcon_core.package_identification:Package 'example/example_py' with type 'ros.ament_python' and name 'example_py'
[0.667s] Level 1:colcon.colcon_core.package_identification:_identify(install) by extensions ['ignore', 'ignore_ament_install']
[0.667s] Level 1:colcon.colcon_core.package_identification:_identify(install) by extension 'ignore'
[0.667s] Level 1:colcon.colcon_core.package_identification:_identify(install) ignored
[0.667s] Level 1:colcon.colcon_core.package_identification:_identify(log) by extensions ['ignore', 'ignore_ament_install']
[0.667s] Level 1:colcon.colcon_core.package_identification:_identify(log) by extension 'ignore'
[0.667s] Level 1:colcon.colcon_core.package_identification:_identify(log) ignored
[0.667s] Level 1:colcon.colcon_core.package_identification:_identify(src) by extensions ['ignore', 'ignore_ament_install']
[0.667s] Level 1:colcon.colcon_core.package_identification:_identify(src) by extension 'ignore'
[0.667s] Level 1:colcon.colcon_core.package_identification:_identify(src) by extension 'ignore_ament_install'
[0.667s] Level 1:colcon.colcon_core.package_identification:_identify(src) by extensions ['colcon_pkg']
[0.667s] Level 1:colcon.colcon_core.package_identification:_identify(src) by extension 'colcon_pkg'
[0.667s] Level 1:colcon.colcon_core.package_identification:_identify(src) by extensions ['colcon_meta']
[0.667s] Level 1:colcon.colcon_core.package_identification:_identify(src) by extension 'colcon_meta'
[0.667s] Level 1:colcon.colcon_core.package_identification:_identify(src) by extensions ['ros']
[0.667s] Level 1:colcon.colcon_core.package_identification:_identify(src) by extension 'ros'
[0.667s] Level 1:colcon.colcon_core.package_identification:_identify(src) by extensions ['cmake', 'python']
[0.667s] Level 1:colcon.colcon_core.package_identification:_identify(src) by extension 'cmake'
[0.667s] Level 1:colcon.colcon_core.package_identification:_identify(src) by extension 'python'
[0.668s] Level 1:colcon.colcon_core.package_identification:_identify(src) by extensions ['python_setup_py']
[0.668s] Level 1:colcon.colcon_core.package_identification:_identify(src) by extension 'python_setup_py'
[0.668s] Level 1:colcon.colcon_core.package_identification:_identify(src/motor_control_logger) by extensions ['ignore', 'ignore_ament_install']
[0.668s] Level 1:colcon.colcon_core.package_identification:_identify(src/motor_control_logger) by extension 'ignore'
[0.668s] Level 1:colcon.colcon_core.package_identification:_identify(src/motor_control_logger) by extension 'ignore_ament_install'
[0.668s] Level 1:colcon.colcon_core.package_identification:_identify(src/motor_control_logger) by extensions ['colcon_pkg']
[0.668s] Level 1:colcon.colcon_core.package_identification:_identify(src/motor_control_logger) by extension 'colcon_pkg'
[0.668s] Level 1:colcon.colcon_core.package_identification:_identify(src/motor_control_logger) by extensions ['colcon_meta']
[0.668s] Level 1:colcon.colcon_core.package_identification:_identify(src/motor_control_logger) by extension 'colcon_meta'
[0.668s] Level 1:colcon.colcon_core.package_identification:_identify(src/motor_control_logger) by extensions ['ros']
[0.668s] Level 1:colcon.colcon_core.package_identification:_identify(src/motor_control_logger) by extension 'ros'
[0.668s] DEBUG:colcon.colcon_core.package_identification:Package 'src/motor_control_logger' with type 'ros.ament_cmake' and name 'motor_control_logger'
[0.668s] Level 1:colcon.colcon_core.package_identification:_identify(src/robot_bringup) by extensions ['ignore', 'ignore_ament_install']
[0.668s] Level 1:colcon.colcon_core.package_identification:_identify(src/robot_bringup) by extension 'ignore'
[0.669s] Level 1:colcon.colcon_core.package_identification:_identify(src/robot_bringup) by extension 'ignore_ament_install'
[0.669s] Level 1:colcon.colcon_core.package_identification:_identify(src/robot_bringup) by extensions ['colcon_pkg']
[0.669s] Level 1:colcon.colcon_core.package_identification:_identify(src/robot_bringup) by extension 'colcon_pkg'
[0.669s] Level 1:colcon.colcon_core.package_identification:_identify(src/robot_bringup) by extensions ['colcon_meta']
[0.669s] Level 1:colcon.colcon_core.package_identification:_identify(src/robot_bringup) by extension 'colcon_meta'
[0.669s] Level 1:colcon.colcon_core.package_identification:_identify(src/robot_bringup) by extensions ['ros']
[0.669s] Level 1:colcon.colcon_core.package_identification:_identify(src/robot_bringup) by extension 'ros'
[0.669s] DEBUG:colcon.colcon_core.package_identification:Package 'src/robot_bringup' with type 'ros.ament_cmake' and name 'robot_bringup'
[0.669s] Level 1:colcon.colcon_core.package_identification:_identify(src/robot_config) by extensions ['ignore', 'ignore_ament_install']
[0.669s] Level 1:colcon.colcon_core.package_identification:_identify(src/robot_config) by extension 'ignore'
[0.669s] Level 1:colcon.colcon_core.package_identification:_identify(src/robot_config) by extension 'ignore_ament_install'
[0.669s] Level 1:colcon.colcon_core.package_identification:_identify(src/robot_config) by extensions ['colcon_pkg']
[0.669s] Level 1:colcon.colcon_core.package_identification:_identify(src/robot_config) by extension 'colcon_pkg'
[0.669s] Level 1:colcon.colcon_core.package_identification:_identify(src/robot_config) by extensions ['colcon_meta']
[0.669s] Level 1:colcon.colcon_core.package_identification:_identify(src/robot_config) by extension 'colcon_meta'
[0.669s] Level 1:colcon.colcon_core.package_identification:_identify(src/robot_config) by extensions ['ros']
[0.669s] Level 1:colcon.colcon_core.package_identification:_identify(src/robot_config) by extension 'ros'
[0.669s] Level 1:colcon.colcon_core.package_identification:_identify(src/robot_config) by extensions ['cmake', 'python']
[0.669s] Level 1:colcon.colcon_core.package_identification:_identify(src/robot_config) by extension 'cmake'
[0.669s] Level 1:colcon.colcon_core.package_identification:_identify(src/robot_config) by extension 'python'
[0.669s] Level 1:colcon.colcon_core.package_identification:_identify(src/robot_config) by extensions ['python_setup_py']
[0.670s] Level 1:colcon.colcon_core.package_identification:_identify(src/robot_config) by extension 'python_setup_py'
[0.670s] Level 1:colcon.colcon_core.package_identification:_identify(src/robot_config/arm380_config) by extensions ['ignore', 'ignore_ament_install']
[0.670s] Level 1:colcon.colcon_core.package_identification:_identify(src/robot_config/arm380_config) by extension 'ignore'
[0.670s] Level 1:colcon.colcon_core.package_identification:_identify(src/robot_config/arm380_config) by extension 'ignore_ament_install'
[0.670s] Level 1:colcon.colcon_core.package_identification:_identify(src/robot_config/arm380_config) by extensions ['colcon_pkg']
[0.670s] Level 1:colcon.colcon_core.package_identification:_identify(src/robot_config/arm380_config) by extension 'colcon_pkg'
[0.670s] Level 1:colcon.colcon_core.package_identification:_identify(src/robot_config/arm380_config) by extensions ['colcon_meta']
[0.670s] Level 1:colcon.colcon_core.package_identification:_identify(src/robot_config/arm380_config) by extension 'colcon_meta'
[0.670s] Level 1:colcon.colcon_core.package_identification:_identify(src/robot_config/arm380_config) by extensions ['ros']
[0.670s] Level 1:colcon.colcon_core.package_identification:_identify(src/robot_config/arm380_config) by extension 'ros'
[0.671s] DEBUG:colcon.colcon_core.package_identification:Package 'src/robot_config/arm380_config' with type 'ros.ament_cmake' and name 'arm380_config'
[0.671s] Level 1:colcon.colcon_core.package_identification:_identify(src/robot_config/arm620_config) by extensions ['ignore', 'ignore_ament_install']
[0.671s] Level 1:colcon.colcon_core.package_identification:_identify(src/robot_config/arm620_config) by extension 'ignore'
[0.671s] Level 1:colcon.colcon_core.package_identification:_identify(src/robot_config/arm620_config) by extension 'ignore_ament_install'
[0.671s] Level 1:colcon.colcon_core.package_identification:_identify(src/robot_config/arm620_config) by extensions ['colcon_pkg']
[0.671s] Level 1:colcon.colcon_core.package_identification:_identify(src/robot_config/arm620_config) by extension 'colcon_pkg'
[0.671s] Level 1:colcon.colcon_core.package_identification:_identify(src/robot_config/arm620_config) by extensions ['colcon_meta']
[0.671s] Level 1:colcon.colcon_core.package_identification:_identify(src/robot_config/arm620_config) by extension 'colcon_meta'
[0.671s] Level 1:colcon.colcon_core.package_identification:_identify(src/robot_config/arm620_config) by extensions ['ros']
[0.671s] Level 1:colcon.colcon_core.package_identification:_identify(src/robot_config/arm620_config) by extension 'ros'
[0.672s] DEBUG:colcon.colcon_core.package_identification:Package 'src/robot_config/arm620_config' with type 'ros.ament_cmake' and name 'arm620_config'
[0.672s] Level 1:colcon.colcon_core.package_identification:_identify(src/robot_control) by extensions ['ignore', 'ignore_ament_install']
[0.672s] Level 1:colcon.colcon_core.package_identification:_identify(src/robot_control) by extension 'ignore'
[0.672s] Level 1:colcon.colcon_core.package_identification:_identify(src/robot_control) by extension 'ignore_ament_install'
[0.672s] Level 1:colcon.colcon_core.package_identification:_identify(src/robot_control) by extensions ['colcon_pkg']
[0.672s] Level 1:colcon.colcon_core.package_identification:_identify(src/robot_control) by extension 'colcon_pkg'
[0.672s] Level 1:colcon.colcon_core.package_identification:_identify(src/robot_control) by extensions ['colcon_meta']
[0.672s] Level 1:colcon.colcon_core.package_identification:_identify(src/robot_control) by extension 'colcon_meta'
[0.673s] Level 1:colcon.colcon_core.package_identification:_identify(src/robot_control) by extensions ['ros']
[0.673s] Level 1:colcon.colcon_core.package_identification:_identify(src/robot_control) by extension 'ros'
[0.673s] DEBUG:colcon.colcon_core.package_identification:Package 'src/robot_control' with type 'ros.ament_cmake' and name 'robot_control'
[0.673s] Level 1:colcon.colcon_core.package_identification:_identify(src/robot_description) by extensions ['ignore', 'ignore_ament_install']
[0.673s] Level 1:colcon.colcon_core.package_identification:_identify(src/robot_description) by extension 'ignore'
[0.673s] Level 1:colcon.colcon_core.package_identification:_identify(src/robot_description) by extension 'ignore_ament_install'
[0.673s] Level 1:colcon.colcon_core.package_identification:_identify(src/robot_description) by extensions ['colcon_pkg']
[0.673s] Level 1:colcon.colcon_core.package_identification:_identify(src/robot_description) by extension 'colcon_pkg'
[0.673s] Level 1:colcon.colcon_core.package_identification:_identify(src/robot_description) by extensions ['colcon_meta']
[0.673s] Level 1:colcon.colcon_core.package_identification:_identify(src/robot_description) by extension 'colcon_meta'
[0.673s] Level 1:colcon.colcon_core.package_identification:_identify(src/robot_description) by extensions ['ros']
[0.673s] Level 1:colcon.colcon_core.package_identification:_identify(src/robot_description) by extension 'ros'
[0.674s] DEBUG:colcon.colcon_core.package_identification:Package 'src/robot_description' with type 'ros.ament_cmake' and name 'robot_description'
[0.674s] Level 1:colcon.colcon_core.package_identification:_identify(src/robot_driver) by extensions ['ignore', 'ignore_ament_install']
[0.674s] Level 1:colcon.colcon_core.package_identification:_identify(src/robot_driver) by extension 'ignore'
[0.674s] Level 1:colcon.colcon_core.package_identification:_identify(src/robot_driver) by extension 'ignore_ament_install'
[0.674s] Level 1:colcon.colcon_core.package_identification:_identify(src/robot_driver) by extensions ['colcon_pkg']
[0.674s] Level 1:colcon.colcon_core.package_identification:_identify(src/robot_driver) by extension 'colcon_pkg'
[0.674s] Level 1:colcon.colcon_core.package_identification:_identify(src/robot_driver) by extensions ['colcon_meta']
[0.674s] Level 1:colcon.colcon_core.package_identification:_identify(src/robot_driver) by extension 'colcon_meta'
[0.674s] Level 1:colcon.colcon_core.package_identification:_identify(src/robot_driver) by extensions ['ros']
[0.674s] Level 1:colcon.colcon_core.package_identification:_identify(src/robot_driver) by extension 'ros'
[0.674s] DEBUG:colcon.colcon_core.package_identification:Package 'src/robot_driver' with type 'ros.ament_cmake' and name 'robot_driver'
[0.674s] Level 1:colcon.colcon_core.package_identification:_identify(src/robot_dynamics) by extensions ['ignore', 'ignore_ament_install']
[0.674s] Level 1:colcon.colcon_core.package_identification:_identify(src/robot_dynamics) by extension 'ignore'
[0.674s] Level 1:colcon.colcon_core.package_identification:_identify(src/robot_dynamics) by extension 'ignore_ament_install'
[0.674s] Level 1:colcon.colcon_core.package_identification:_identify(src/robot_dynamics) by extensions ['colcon_pkg']
[0.674s] Level 1:colcon.colcon_core.package_identification:_identify(src/robot_dynamics) by extension 'colcon_pkg'
[0.674s] Level 1:colcon.colcon_core.package_identification:_identify(src/robot_dynamics) by extensions ['colcon_meta']
[0.675s] Level 1:colcon.colcon_core.package_identification:_identify(src/robot_dynamics) by extension 'colcon_meta'
[0.675s] Level 1:colcon.colcon_core.package_identification:_identify(src/robot_dynamics) by extensions ['ros']
[0.675s] Level 1:colcon.colcon_core.package_identification:_identify(src/robot_dynamics) by extension 'ros'
[0.675s] DEBUG:colcon.colcon_core.package_identification:Package 'src/robot_dynamics' with type 'ros.ament_python' and name 'robot_dynamics'
[0.675s] Level 1:colcon.colcon_core.package_identification:_identify(src/robot_gazebo) by extensions ['ignore', 'ignore_ament_install']
[0.675s] Level 1:colcon.colcon_core.package_identification:_identify(src/robot_gazebo) by extension 'ignore'
[0.675s] Level 1:colcon.colcon_core.package_identification:_identify(src/robot_gazebo) by extension 'ignore_ament_install'
[0.675s] Level 1:colcon.colcon_core.package_identification:_identify(src/robot_gazebo) by extensions ['colcon_pkg']
[0.675s] Level 1:colcon.colcon_core.package_identification:_identify(src/robot_gazebo) by extension 'colcon_pkg'
[0.675s] Level 1:colcon.colcon_core.package_identification:_identify(src/robot_gazebo) by extensions ['colcon_meta']
[0.675s] Level 1:colcon.colcon_core.package_identification:_identify(src/robot_gazebo) by extension 'colcon_meta'
[0.675s] Level 1:colcon.colcon_core.package_identification:_identify(src/robot_gazebo) by extensions ['ros']
[0.675s] Level 1:colcon.colcon_core.package_identification:_identify(src/robot_gazebo) by extension 'ros'
[0.676s] DEBUG:colcon.colcon_core.package_identification:Package 'src/robot_gazebo' with type 'ros.ament_cmake' and name 'robot_gazebo'
[0.676s] Level 1:colcon.colcon_core.package_identification:_identify(src/robot_input) by extensions ['ignore', 'ignore_ament_install']
[0.676s] Level 1:colcon.colcon_core.package_identification:_identify(src/robot_input) by extension 'ignore'
[0.676s] Level 1:colcon.colcon_core.package_identification:_identify(src/robot_input) by extension 'ignore_ament_install'
[0.676s] Level 1:colcon.colcon_core.package_identification:_identify(src/robot_input) by extensions ['colcon_pkg']
[0.676s] Level 1:colcon.colcon_core.package_identification:_identify(src/robot_input) by extension 'colcon_pkg'
[0.676s] Level 1:colcon.colcon_core.package_identification:_identify(src/robot_input) by extensions ['colcon_meta']
[0.676s] Level 1:colcon.colcon_core.package_identification:_identify(src/robot_input) by extension 'colcon_meta'
[0.676s] Level 1:colcon.colcon_core.package_identification:_identify(src/robot_input) by extensions ['ros']
[0.676s] Level 1:colcon.colcon_core.package_identification:_identify(src/robot_input) by extension 'ros'
[0.676s] DEBUG:colcon.colcon_core.package_identification:Package 'src/robot_input' with type 'ros.ament_python' and name 'robot_input'
[0.677s] Level 1:colcon.colcon_core.package_identification:_identify(src/robot_interfaces) by extensions ['ignore', 'ignore_ament_install']
[0.677s] Level 1:colcon.colcon_core.package_identification:_identify(src/robot_interfaces) by extension 'ignore'
[0.677s] Level 1:colcon.colcon_core.package_identification:_identify(src/robot_interfaces) by extension 'ignore_ament_install'
[0.677s] Level 1:colcon.colcon_core.package_identification:_identify(src/robot_interfaces) by extensions ['colcon_pkg']
[0.677s] Level 1:colcon.colcon_core.package_identification:_identify(src/robot_interfaces) by extension 'colcon_pkg'
[0.677s] Level 1:colcon.colcon_core.package_identification:_identify(src/robot_interfaces) by extensions ['colcon_meta']
[0.677s] Level 1:colcon.colcon_core.package_identification:_identify(src/robot_interfaces) by extension 'colcon_meta'
[0.677s] Level 1:colcon.colcon_core.package_identification:_identify(src/robot_interfaces) by extensions ['ros']
[0.677s] Level 1:colcon.colcon_core.package_identification:_identify(src/robot_interfaces) by extension 'ros'
[0.677s] DEBUG:colcon.colcon_core.package_identification:Package 'src/robot_interfaces' with type 'ros.ament_cmake' and name 'robot_interfaces'
[0.677s] Level 1:colcon.colcon_core.package_identification:_identify(src/robot_sdk) by extensions ['ignore', 'ignore_ament_install']
[0.677s] Level 1:colcon.colcon_core.package_identification:_identify(src/robot_sdk) by extension 'ignore'
[0.678s] Level 1:colcon.colcon_core.package_identification:_identify(src/robot_sdk) by extension 'ignore_ament_install'
[0.678s] Level 1:colcon.colcon_core.package_identification:_identify(src/robot_sdk) by extensions ['colcon_pkg']
[0.678s] Level 1:colcon.colcon_core.package_identification:_identify(src/robot_sdk) by extension 'colcon_pkg'
[0.678s] Level 1:colcon.colcon_core.package_identification:_identify(src/robot_sdk) by extensions ['colcon_meta']
[0.678s] Level 1:colcon.colcon_core.package_identification:_identify(src/robot_sdk) by extension 'colcon_meta'
[0.678s] Level 1:colcon.colcon_core.package_identification:_identify(src/robot_sdk) by extensions ['ros']
[0.678s] Level 1:colcon.colcon_core.package_identification:_identify(src/robot_sdk) by extension 'ros'
[0.679s] DEBUG:colcon.colcon_core.package_identification:Package 'src/robot_sdk' with type 'ros.ament_cmake' and name 'robot_sdk'
[0.679s] Level 1:colcon.colcon_core.package_identification:_identify(src/robot_state_machine) by extensions ['ignore', 'ignore_ament_install']
[0.679s] Level 1:colcon.colcon_core.package_identification:_identify(src/robot_state_machine) by extension 'ignore'
[0.679s] Level 1:colcon.colcon_core.package_identification:_identify(src/robot_state_machine) by extension 'ignore_ament_install'
[0.679s] Level 1:colcon.colcon_core.package_identification:_identify(src/robot_state_machine) by extensions ['colcon_pkg']
[0.679s] Level 1:colcon.colcon_core.package_identification:_identify(src/robot_state_machine) by extension 'colcon_pkg'
[0.679s] Level 1:colcon.colcon_core.package_identification:_identify(src/robot_state_machine) by extensions ['colcon_meta']
[0.679s] Level 1:colcon.colcon_core.package_identification:_identify(src/robot_state_machine) by extension 'colcon_meta'
[0.679s] Level 1:colcon.colcon_core.package_identification:_identify(src/robot_state_machine) by extensions ['ros']
[0.679s] Level 1:colcon.colcon_core.package_identification:_identify(src/robot_state_machine) by extension 'ros'
[0.680s] DEBUG:colcon.colcon_core.package_identification:Package 'src/robot_state_machine' with type 'ros.ament_cmake' and name 'robot_state_machine'
[0.680s] Level 1:colcon.colcon_core.package_identification:_identify(src/robot_test_py) by extensions ['ignore', 'ignore_ament_install']
[0.680s] Level 1:colcon.colcon_core.package_identification:_identify(src/robot_test_py) by extension 'ignore'
[0.680s] Level 1:colcon.colcon_core.package_identification:_identify(src/robot_test_py) by extension 'ignore_ament_install'
[0.680s] Level 1:colcon.colcon_core.package_identification:_identify(src/robot_test_py) by extensions ['colcon_pkg']
[0.680s] Level 1:colcon.colcon_core.package_identification:_identify(src/robot_test_py) by extension 'colcon_pkg'
[0.680s] Level 1:colcon.colcon_core.package_identification:_identify(src/robot_test_py) by extensions ['colcon_meta']
[0.680s] Level 1:colcon.colcon_core.package_identification:_identify(src/robot_test_py) by extension 'colcon_meta'
[0.680s] Level 1:colcon.colcon_core.package_identification:_identify(src/robot_test_py) by extensions ['ros']
[0.680s] Level 1:colcon.colcon_core.package_identification:_identify(src/robot_test_py) by extension 'ros'
[0.680s] DEBUG:colcon.colcon_core.package_identification:Package 'src/robot_test_py' with type 'ros.ament_python' and name 'robot_test_py'
[0.680s] Level 1:colcon.colcon_core.package_identification:_identify(src/ros2_socketcan) by extensions ['ignore', 'ignore_ament_install']
[0.680s] Level 1:colcon.colcon_core.package_identification:_identify(src/ros2_socketcan) by extension 'ignore'
[0.680s] Level 1:colcon.colcon_core.package_identification:_identify(src/ros2_socketcan) by extension 'ignore_ament_install'
[0.680s] Level 1:colcon.colcon_core.package_identification:_identify(src/ros2_socketcan) by extensions ['colcon_pkg']
[0.681s] Level 1:colcon.colcon_core.package_identification:_identify(src/ros2_socketcan) by extension 'colcon_pkg'
[0.681s] Level 1:colcon.colcon_core.package_identification:_identify(src/ros2_socketcan) by extensions ['colcon_meta']
[0.681s] Level 1:colcon.colcon_core.package_identification:_identify(src/ros2_socketcan) by extension 'colcon_meta'
[0.681s] Level 1:colcon.colcon_core.package_identification:_identify(src/ros2_socketcan) by extensions ['ros']
[0.681s] Level 1:colcon.colcon_core.package_identification:_identify(src/ros2_socketcan) by extension 'ros'
[0.681s] Level 1:colcon.colcon_core.package_identification:_identify(src/ros2_socketcan) by extensions ['cmake', 'python']
[0.681s] Level 1:colcon.colcon_core.package_identification:_identify(src/ros2_socketcan) by extension 'cmake'
[0.681s] Level 1:colcon.colcon_core.package_identification:_identify(src/ros2_socketcan) by extension 'python'
[0.681s] Level 1:colcon.colcon_core.package_identification:_identify(src/ros2_socketcan) by extensions ['python_setup_py']
[0.681s] Level 1:colcon.colcon_core.package_identification:_identify(src/ros2_socketcan) by extension 'python_setup_py'
[0.681s] Level 1:colcon.colcon_core.package_identification:_identify(src/ros2_socketcan/ros2_socketcan) by extensions ['ignore', 'ignore_ament_install']
[0.681s] Level 1:colcon.colcon_core.package_identification:_identify(src/ros2_socketcan/ros2_socketcan) by extension 'ignore'
[0.681s] Level 1:colcon.colcon_core.package_identification:_identify(src/ros2_socketcan/ros2_socketcan) by extension 'ignore_ament_install'
[0.681s] Level 1:colcon.colcon_core.package_identification:_identify(src/ros2_socketcan/ros2_socketcan) by extensions ['colcon_pkg']
[0.681s] Level 1:colcon.colcon_core.package_identification:_identify(src/ros2_socketcan/ros2_socketcan) by extension 'colcon_pkg'
[0.681s] Level 1:colcon.colcon_core.package_identification:_identify(src/ros2_socketcan/ros2_socketcan) by extensions ['colcon_meta']
[0.681s] Level 1:colcon.colcon_core.package_identification:_identify(src/ros2_socketcan/ros2_socketcan) by extension 'colcon_meta'
[0.681s] Level 1:colcon.colcon_core.package_identification:_identify(src/ros2_socketcan/ros2_socketcan) by extensions ['ros']
[0.681s] Level 1:colcon.colcon_core.package_identification:_identify(src/ros2_socketcan/ros2_socketcan) by extension 'ros'
[0.682s] DEBUG:colcon.colcon_core.package_identification:Package 'src/ros2_socketcan/ros2_socketcan' with type 'ros.ament_cmake' and name 'ros2_socketcan'
[0.682s] Level 1:colcon.colcon_core.package_identification:_identify(src/ros2_socketcan/ros2_socketcan_msgs) by extensions ['ignore', 'ignore_ament_install']
[0.682s] Level 1:colcon.colcon_core.package_identification:_identify(src/ros2_socketcan/ros2_socketcan_msgs) by extension 'ignore'
[0.682s] Level 1:colcon.colcon_core.package_identification:_identify(src/ros2_socketcan/ros2_socketcan_msgs) by extension 'ignore_ament_install'
[0.682s] Level 1:colcon.colcon_core.package_identification:_identify(src/ros2_socketcan/ros2_socketcan_msgs) by extensions ['colcon_pkg']
[0.682s] Level 1:colcon.colcon_core.package_identification:_identify(src/ros2_socketcan/ros2_socketcan_msgs) by extension 'colcon_pkg'
[0.682s] Level 1:colcon.colcon_core.package_identification:_identify(src/ros2_socketcan/ros2_socketcan_msgs) by extensions ['colcon_meta']
[0.682s] Level 1:colcon.colcon_core.package_identification:_identify(src/ros2_socketcan/ros2_socketcan_msgs) by extension 'colcon_meta'
[0.682s] Level 1:colcon.colcon_core.package_identification:_identify(src/ros2_socketcan/ros2_socketcan_msgs) by extensions ['ros']
[0.682s] Level 1:colcon.colcon_core.package_identification:_identify(src/ros2_socketcan/ros2_socketcan_msgs) by extension 'ros'
[0.682s] DEBUG:colcon.colcon_core.package_identification:Package 'src/ros2_socketcan/ros2_socketcan_msgs' with type 'ros.ament_cmake' and name 'ros2_socketcan_msgs'
[0.682s] Level 1:colcon.colcon_core.package_identification:_identify(src/tg_lerobot_bridge) by extensions ['ignore', 'ignore_ament_install']
[0.682s] Level 1:colcon.colcon_core.package_identification:_identify(src/tg_lerobot_bridge) by extension 'ignore'
[0.682s] Level 1:colcon.colcon_core.package_identification:_identify(src/tg_lerobot_bridge) by extension 'ignore_ament_install'
[0.683s] Level 1:colcon.colcon_core.package_identification:_identify(src/tg_lerobot_bridge) by extensions ['colcon_pkg']
[0.683s] Level 1:colcon.colcon_core.package_identification:_identify(src/tg_lerobot_bridge) by extension 'colcon_pkg'
[0.683s] Level 1:colcon.colcon_core.package_identification:_identify(src/tg_lerobot_bridge) by extensions ['colcon_meta']
[0.683s] Level 1:colcon.colcon_core.package_identification:_identify(src/tg_lerobot_bridge) by extension 'colcon_meta'
[0.683s] Level 1:colcon.colcon_core.package_identification:_identify(src/tg_lerobot_bridge) by extensions ['ros']
[0.683s] Level 1:colcon.colcon_core.package_identification:_identify(src/tg_lerobot_bridge) by extension 'ros'
[0.683s] DEBUG:colcon.colcon_core.package_identification:Package 'src/tg_lerobot_bridge' with type 'ros.ament_python' and name 'tg_lerobot_bridge'
[0.683s] Level 1:colcon.colcon_core.package_identification:_identify(src/traj_smoother_py) by extensions ['ignore', 'ignore_ament_install']
[0.683s] Level 1:colcon.colcon_core.package_identification:_identify(src/traj_smoother_py) by extension 'ignore'
[0.683s] Level 1:colcon.colcon_core.package_identification:_identify(src/traj_smoother_py) by extension 'ignore_ament_install'
[0.683s] Level 1:colcon.colcon_core.package_identification:_identify(src/traj_smoother_py) by extensions ['colcon_pkg']
[0.683s] Level 1:colcon.colcon_core.package_identification:_identify(src/traj_smoother_py) by extension 'colcon_pkg'
[0.683s] Level 1:colcon.colcon_core.package_identification:_identify(src/traj_smoother_py) by extensions ['colcon_meta']
[0.684s] Level 1:colcon.colcon_core.package_identification:_identify(src/traj_smoother_py) by extension 'colcon_meta'
[0.684s] Level 1:colcon.colcon_core.package_identification:_identify(src/traj_smoother_py) by extensions ['ros']
[0.684s] Level 1:colcon.colcon_core.package_identification:_identify(src/traj_smoother_py) by extension 'ros'
[0.684s] DEBUG:colcon.colcon_core.package_identification:Package 'src/traj_smoother_py' with type 'ros.ament_python' and name 'traj_smoother_py'
[0.684s] Level 1:colcon.colcon_core.package_discovery:discover_packages(recursive) using defaults
[0.684s] Level 1:colcon.colcon_core.package_discovery:discover_packages(ignore) discover
[0.684s] Level 1:colcon.colcon_core.package_discovery:discover_packages(ignore) using defaults
[0.684s] Level 1:colcon.colcon_core.package_discovery:discover_packages(path) discover
[0.684s] Level 1:colcon.colcon_core.package_discovery:discover_packages(path) using defaults
[0.723s] INFO:colcon.colcon_core.package_selection:Skipping not selected package 'robot_description' in 'src/robot_description'
[0.723s] INFO:colcon.colcon_core.package_selection:Skipping not selected package 'robot_dynamics' in 'src/robot_dynamics'
[0.723s] INFO:colcon.colcon_core.package_selection:Skipping not selected package 'robot_interfaces' in 'src/robot_interfaces'
[0.723s] INFO:colcon.colcon_core.package_selection:Skipping not selected package 'ros2_socketcan_msgs' in 'src/ros2_socketcan/ros2_socketcan_msgs'
[0.723s] INFO:colcon.colcon_core.package_selection:Skipping not selected package 'traj_smoother_py' in 'src/traj_smoother_py'
[0.723s] INFO:colcon.colcon_core.package_selection:Skipping not selected package 'arm380_config' in 'src/robot_config/arm380_config'
[0.723s] INFO:colcon.colcon_core.package_selection:Skipping not selected package 'example_cpp' in 'example/example_cpp'
[0.723s] INFO:colcon.colcon_core.package_selection:Skipping not selected package 'example_py' in 'example/example_py'
[0.723s] INFO:colcon.colcon_core.package_selection:Skipping not selected package 'motor_control_logger' in 'src/motor_control_logger'
[0.723s] INFO:colcon.colcon_core.package_selection:Skipping not selected package 'robot_control' in 'src/robot_control'
[0.723s] INFO:colcon.colcon_core.package_selection:Skipping not selected package 'robot_input' in 'src/robot_input'
[0.723s] INFO:colcon.colcon_core.package_selection:Skipping not selected package 'robot_sdk' in 'src/robot_sdk'
[0.723s] INFO:colcon.colcon_core.package_selection:Skipping not selected package 'robot_test_py' in 'src/robot_test_py'
[0.723s] INFO:colcon.colcon_core.package_selection:Skipping not selected package 'ros2_socketcan' in 'src/ros2_socketcan/ros2_socketcan'
[0.723s] INFO:colcon.colcon_core.package_selection:Skipping not selected package 'robot_driver' in 'src/robot_driver'
[0.723s] INFO:colcon.colcon_core.package_selection:Skipping not selected package 'robot_state_machine' in 'src/robot_state_machine'
[0.724s] Level 1:colcon.colcon_core.package_discovery:discover_packages(prefix_path) check parameters
[0.724s] Level 1:colcon.colcon_core.package_discovery:discover_packages(prefix_path) discover
[0.734s] DEBUG:colcon.colcon_installed_package_information.package_discovery:Found 18 installed packages in /home/holms/Projects/TG_Robot/robot_base_v1.1/install
[0.736s] DEBUG:colcon.colcon_installed_package_information.package_discovery:Found 378 installed packages in /opt/ros/humble
[0.737s] Level 1:colcon.colcon_core.package_discovery:discover_packages(prefix_path) using defaults
[0.784s] Level 5:colcon.colcon_core.verb:set package 'robot_gazebo' build argument 'cmake_args' from command line to 'None'
[0.784s] Level 5:colcon.colcon_core.verb:set package 'robot_gazebo' build argument 'cmake_target' from command line to 'None'
[0.784s] Level 5:colcon.colcon_core.verb:set package 'robot_gazebo' build argument 'cmake_target_skip_unavailable' from command line to 'False'
[0.784s] Level 5:colcon.colcon_core.verb:set package 'robot_gazebo' build argument 'cmake_clean_cache' from command line to 'False'
[0.784s] Level 5:colcon.colcon_core.verb:set package 'robot_gazebo' build argument 'cmake_clean_first' from command line to 'False'
[0.784s] Level 5:colcon.colcon_core.verb:set package 'robot_gazebo' build argument 'cmake_force_configure' from command line to 'False'
[0.784s] Level 5:colcon.colcon_core.verb:set package 'robot_gazebo' build argument 'ament_cmake_args' from command line to 'None'
[0.784s] Level 5:colcon.colcon_core.verb:set package 'robot_gazebo' build argument 'catkin_cmake_args' from command line to 'None'
[0.784s] Level 5:colcon.colcon_core.verb:set package 'robot_gazebo' build argument 'catkin_skip_building_tests' from command line to 'False'
[0.784s] DEBUG:colcon.colcon_core.verb:Building package 'robot_gazebo' with the following arguments: {'ament_cmake_args': None, 'build_base': '/home/holms/Projects/lerobot/TG_Robot/build/robot_gazebo', 'catkin_cmake_args': None, 'catkin_skip_building_tests': False, 'cmake_args': None, 'cmake_clean_cache': False, 'cmake_clean_first': False, 'cmake_force_configure': False, 'cmake_target': None, 'cmake_target_skip_unavailable': False, 'install_base': '/home/holms/Projects/lerobot/TG_Robot/install/robot_gazebo', 'merge_install': False, 'path': '/home/holms/Projects/lerobot/TG_Robot/src/robot_gazebo', 'symlink_install': False, 'test_result_base': None}
[0.784s] Level 5:colcon.colcon_core.verb:set package 'arm620_config' build argument 'cmake_args' from command line to 'None'
[0.784s] Level 5:colcon.colcon_core.verb:set package 'arm620_config' build argument 'cmake_target' from command line to 'None'
[0.784s] Level 5:colcon.colcon_core.verb:set package 'arm620_config' build argument 'cmake_target_skip_unavailable' from command line to 'False'
[0.784s] Level 5:colcon.colcon_core.verb:set package 'arm620_config' build argument 'cmake_clean_cache' from command line to 'False'
[0.784s] Level 5:colcon.colcon_core.verb:set package 'arm620_config' build argument 'cmake_clean_first' from command line to 'False'
[0.784s] Level 5:colcon.colcon_core.verb:set package 'arm620_config' build argument 'cmake_force_configure' from command line to 'False'
[0.784s] Level 5:colcon.colcon_core.verb:set package 'arm620_config' build argument 'ament_cmake_args' from command line to 'None'
[0.784s] Level 5:colcon.colcon_core.verb:set package 'arm620_config' build argument 'catkin_cmake_args' from command line to 'None'
[0.784s] Level 5:colcon.colcon_core.verb:set package 'arm620_config' build argument 'catkin_skip_building_tests' from command line to 'False'
[0.784s] DEBUG:colcon.colcon_core.verb:Building package 'arm620_config' with the following arguments: {'ament_cmake_args': None, 'build_base': '/home/holms/Projects/lerobot/TG_Robot/build/arm620_config', 'catkin_cmake_args': None, 'catkin_skip_building_tests': False, 'cmake_args': None, 'cmake_clean_cache': False, 'cmake_clean_first': False, 'cmake_force_configure': False, 'cmake_target': None, 'cmake_target_skip_unavailable': False, 'install_base': '/home/holms/Projects/lerobot/TG_Robot/install/arm620_config', 'merge_install': False, 'path': '/home/holms/Projects/lerobot/TG_Robot/src/robot_config/arm620_config', 'symlink_install': False, 'test_result_base': None}
[0.785s] Level 5:colcon.colcon_core.verb:set package 'tg_lerobot_bridge' build argument 'cmake_args' from command line to 'None'
[0.785s] Level 5:colcon.colcon_core.verb:set package 'tg_lerobot_bridge' build argument 'cmake_target' from command line to 'None'
[0.785s] Level 5:colcon.colcon_core.verb:set package 'tg_lerobot_bridge' build argument 'cmake_target_skip_unavailable' from command line to 'False'
[0.785s] Level 5:colcon.colcon_core.verb:set package 'tg_lerobot_bridge' build argument 'cmake_clean_cache' from command line to 'False'
[0.785s] Level 5:colcon.colcon_core.verb:set package 'tg_lerobot_bridge' build argument 'cmake_clean_first' from command line to 'False'
[0.785s] Level 5:colcon.colcon_core.verb:set package 'tg_lerobot_bridge' build argument 'cmake_force_configure' from command line to 'False'
[0.785s] Level 5:colcon.colcon_core.verb:set package 'tg_lerobot_bridge' build argument 'ament_cmake_args' from command line to 'None'
[0.785s] Level 5:colcon.colcon_core.verb:set package 'tg_lerobot_bridge' build argument 'catkin_cmake_args' from command line to 'None'
[0.785s] Level 5:colcon.colcon_core.verb:set package 'tg_lerobot_bridge' build argument 'catkin_skip_building_tests' from command line to 'False'
[0.785s] DEBUG:colcon.colcon_core.verb:Building package 'tg_lerobot_bridge' with the following arguments: {'ament_cmake_args': None, 'build_base': '/home/holms/Projects/lerobot/TG_Robot/build/tg_lerobot_bridge', 'catkin_cmake_args': None, 'catkin_skip_building_tests': False, 'cmake_args': None, 'cmake_clean_cache': False, 'cmake_clean_first': False, 'cmake_force_configure': False, 'cmake_target': None, 'cmake_target_skip_unavailable': False, 'install_base': '/home/holms/Projects/lerobot/TG_Robot/install/tg_lerobot_bridge', 'merge_install': False, 'path': '/home/holms/Projects/lerobot/TG_Robot/src/tg_lerobot_bridge', 'symlink_install': False, 'test_result_base': None}
[0.785s] Level 5:colcon.colcon_core.verb:set package 'robot_bringup' build argument 'cmake_args' from command line to 'None'
[0.785s] Level 5:colcon.colcon_core.verb:set package 'robot_bringup' build argument 'cmake_target' from command line to 'None'
[0.785s] Level 5:colcon.colcon_core.verb:set package 'robot_bringup' build argument 'cmake_target_skip_unavailable' from command line to 'False'
[0.785s] Level 5:colcon.colcon_core.verb:set package 'robot_bringup' build argument 'cmake_clean_cache' from command line to 'False'
[0.785s] Level 5:colcon.colcon_core.verb:set package 'robot_bringup' build argument 'cmake_clean_first' from command line to 'False'
[0.785s] Level 5:colcon.colcon_core.verb:set package 'robot_bringup' build argument 'cmake_force_configure' from command line to 'False'
[0.785s] Level 5:colcon.colcon_core.verb:set package 'robot_bringup' build argument 'ament_cmake_args' from command line to 'None'
[0.785s] Level 5:colcon.colcon_core.verb:set package 'robot_bringup' build argument 'catkin_cmake_args' from command line to 'None'
[0.785s] Level 5:colcon.colcon_core.verb:set package 'robot_bringup' build argument 'catkin_skip_building_tests' from command line to 'False'
[0.785s] DEBUG:colcon.colcon_core.verb:Building package 'robot_bringup' with the following arguments: {'ament_cmake_args': None, 'build_base': '/home/holms/Projects/lerobot/TG_Robot/build/robot_bringup', 'catkin_cmake_args': None, 'catkin_skip_building_tests': False, 'cmake_args': None, 'cmake_clean_cache': False, 'cmake_clean_first': False, 'cmake_force_configure': False, 'cmake_target': None, 'cmake_target_skip_unavailable': False, 'install_base': '/home/holms/Projects/lerobot/TG_Robot/install/robot_bringup', 'merge_install': False, 'path': '/home/holms/Projects/lerobot/TG_Robot/src/robot_bringup', 'symlink_install': False, 'test_result_base': None}
[0.785s] INFO:colcon.colcon_core.executor:Executing jobs using 'parallel' executor
[0.787s] DEBUG:colcon.colcon_parallel_executor.executor.parallel:run_until_complete
[0.787s] INFO:colcon.colcon_ros.task.ament_cmake.build:Building ROS package in '/home/holms/Projects/lerobot/TG_Robot/src/robot_gazebo' with build type 'ament_cmake'
[0.787s] INFO:colcon.colcon_cmake.task.cmake.build:Building CMake package in '/home/holms/Projects/lerobot/TG_Robot/src/robot_gazebo'
[0.797s] INFO:colcon.colcon_core.plugin_system:Skipping extension 'colcon_core.shell.bat': Not used on non-Windows systems
[0.797s] INFO:colcon.colcon_core.shell:Skip shell extension 'powershell' for command environment: Not usable outside of PowerShell
[0.797s] DEBUG:colcon.colcon_core.shell:Skip shell extension 'dsv' for command environment
[0.803s] INFO:colcon.colcon_ros.task.ament_python.build:Building ROS package in '/home/holms/Projects/lerobot/TG_Robot/src/tg_lerobot_bridge' with build type 'ament_python'
[0.803s] Level 1:colcon.colcon_core.shell:create_environment_hook('tg_lerobot_bridge', 'ament_prefix_path')
[0.804s] INFO:colcon.colcon_core.shell:Creating environment hook '/home/holms/Projects/lerobot/TG_Robot/install/tg_lerobot_bridge/share/tg_lerobot_bridge/hook/ament_prefix_path.ps1'
[0.806s] INFO:colcon.colcon_core.shell:Creating environment descriptor '/home/holms/Projects/lerobot/TG_Robot/install/tg_lerobot_bridge/share/tg_lerobot_bridge/hook/ament_prefix_path.dsv'
[0.806s] INFO:colcon.colcon_core.shell:Creating environment hook '/home/holms/Projects/lerobot/TG_Robot/install/tg_lerobot_bridge/share/tg_lerobot_bridge/hook/ament_prefix_path.sh'
[0.808s] INFO:colcon.colcon_core.shell:Skip shell extension 'powershell' for command environment: Not usable outside of PowerShell
[0.808s] DEBUG:colcon.colcon_core.shell:Skip shell extension 'dsv' for command environment
[0.812s] INFO:colcon.colcon_ros.task.ament_cmake.build:Building ROS package in '/home/holms/Projects/lerobot/TG_Robot/src/robot_config/arm620_config' with build type 'ament_cmake'
[0.812s] INFO:colcon.colcon_cmake.task.cmake.build:Building CMake package in '/home/holms/Projects/lerobot/TG_Robot/src/robot_config/arm620_config'
[0.812s] INFO:colcon.colcon_core.shell:Skip shell extension 'powershell' for command environment: Not usable outside of PowerShell
[0.812s] DEBUG:colcon.colcon_core.shell:Skip shell extension 'dsv' for command environment
[0.824s] DEBUG:colcon.colcon_core.event_handler.log_command:Invoking command in '/home/holms/Projects/lerobot/TG_Robot/build/robot_gazebo': CMAKE_PREFIX_PATH=${CMAKE_PREFIX_PATH}:/home/holms/Projects/TG_Robot/robot_base_v1.1/install/traj_smoother_py:/home/holms/Projects/TG_Robot/robot_base_v1.1/install/robot_test_py:/home/holms/Projects/TG_Robot/robot_base_v1.1/install/robot_input:/home/holms/Projects/TG_Robot/robot_base_v1.1/install/example_py:/home/holms/Projects/TG_Robot/robot_base_v1.1/install/robot_dynamics:/opt/ros/humble /usr/bin/cmake --build /home/holms/Projects/lerobot/TG_Robot/build/robot_gazebo -- -j8 -l8
[0.832s] DEBUG:colcon.colcon_core.event_handler.log_command:Invoking command in '/home/holms/Projects/lerobot/TG_Robot/build/arm620_config': AMENT_PREFIX_PATH=/home/holms/Projects/lerobot/TG_Robot/install/robot_description:${AMENT_PREFIX_PATH} CMAKE_PREFIX_PATH=/home/holms/Projects/lerobot/TG_Robot/install/robot_description:/home/holms/Projects/TG_Robot/robot_base_v1.1/install/robot_virtual_fence:/home/holms/Projects/TG_Robot/robot_base_v1.1/install/robot_state_machine:/home/holms/Projects/TG_Robot/robot_base_v1.1/install/robot_sdk:/home/holms/Projects/TG_Robot/robot_base_v1.1/install/robot_driver:/home/holms/Projects/TG_Robot/robot_base_v1.1/install/robot_control:/home/holms/Projects/TG_Robot/robot_base_v1.1/install/motor_control_logger:/home/holms/Projects/TG_Robot/robot_base_v1.1/install/example_cpp:/home/holms/Projects/TG_Robot/robot_base_v1.1/install/robot_interfaces:/home/holms/Projects/TG_Robot/robot_base_v1.1/install/robot_gazebo:/home/holms/Projects/TG_Robot/robot_base_v1.1/install/arm620_config:/home/holms/Projects/TG_Robot/robot_base_v1.1/install/arm380_config:/home/holms/Projects/TG_Robot/robot_base_v1.1/install/robot_description:/home/holms/Projects/TG_Robot/robot_base_v1.1/install/robot_bringup:/home/holms/Projects/TG_Robot/robot_base_v1.1/install/traj_smoother_py:/home/holms/Projects/TG_Robot/robot_base_v1.1/install/robot_test_py:/home/holms/Projects/TG_Robot/robot_base_v1.1/install/robot_input:/home/holms/Projects/TG_Robot/robot_base_v1.1/install/example_py:/home/holms/Projects/TG_Robot/robot_base_v1.1/install/robot_dynamics:/opt/ros/humble /usr/bin/cmake --build /home/holms/Projects/lerobot/TG_Robot/build/arm620_config -- -j8 -l8
[1.037s] INFO:colcon.colcon_core.task.python.build:Building Python package in '/home/holms/Projects/lerobot/TG_Robot/src/tg_lerobot_bridge'
[1.037s] INFO:colcon.colcon_core.shell:Skip shell extension 'powershell' for command environment: Not usable outside of PowerShell
[1.037s] DEBUG:colcon.colcon_core.shell:Skip shell extension 'dsv' for command environment
[1.042s] DEBUG:colcon.colcon_core.event_handler.log_command:Invoked command in '/home/holms/Projects/lerobot/TG_Robot/build/arm620_config' returned '0': AMENT_PREFIX_PATH=/home/holms/Projects/lerobot/TG_Robot/install/robot_description:${AMENT_PREFIX_PATH} CMAKE_PREFIX_PATH=/home/holms/Projects/lerobot/TG_Robot/install/robot_description:/home/holms/Projects/TG_Robot/robot_base_v1.1/install/robot_virtual_fence:/home/holms/Projects/TG_Robot/robot_base_v1.1/install/robot_state_machine:/home/holms/Projects/TG_Robot/robot_base_v1.1/install/robot_sdk:/home/holms/Projects/TG_Robot/robot_base_v1.1/install/robot_driver:/home/holms/Projects/TG_Robot/robot_base_v1.1/install/robot_control:/home/holms/Projects/TG_Robot/robot_base_v1.1/install/motor_control_logger:/home/holms/Projects/TG_Robot/robot_base_v1.1/install/example_cpp:/home/holms/Projects/TG_Robot/robot_base_v1.1/install/robot_interfaces:/home/holms/Projects/TG_Robot/robot_base_v1.1/install/robot_gazebo:/home/holms/Projects/TG_Robot/robot_base_v1.1/install/arm620_config:/home/holms/Projects/TG_Robot/robot_base_v1.1/install/arm380_config:/home/holms/Projects/TG_Robot/robot_base_v1.1/install/robot_description:/home/holms/Projects/TG_Robot/robot_base_v1.1/install/robot_bringup:/home/holms/Projects/TG_Robot/robot_base_v1.1/install/traj_smoother_py:/home/holms/Projects/TG_Robot/robot_base_v1.1/install/robot_test_py:/home/holms/Projects/TG_Robot/robot_base_v1.1/install/robot_input:/home/holms/Projects/TG_Robot/robot_base_v1.1/install/example_py:/home/holms/Projects/TG_Robot/robot_base_v1.1/install/robot_dynamics:/opt/ros/humble /usr/bin/cmake --build /home/holms/Projects/lerobot/TG_Robot/build/arm620_config -- -j8 -l8
[1.056s] DEBUG:colcon.colcon_core.event_handler.log_command:Invoking command in '/home/holms/Projects/lerobot/TG_Robot/build/arm620_config': AMENT_PREFIX_PATH=/home/holms/Projects/lerobot/TG_Robot/install/robot_description:${AMENT_PREFIX_PATH} CMAKE_PREFIX_PATH=/home/holms/Projects/lerobot/TG_Robot/install/robot_description:/home/holms/Projects/TG_Robot/robot_base_v1.1/install/robot_virtual_fence:/home/holms/Projects/TG_Robot/robot_base_v1.1/install/robot_state_machine:/home/holms/Projects/TG_Robot/robot_base_v1.1/install/robot_sdk:/home/holms/Projects/TG_Robot/robot_base_v1.1/install/robot_driver:/home/holms/Projects/TG_Robot/robot_base_v1.1/install/robot_control:/home/holms/Projects/TG_Robot/robot_base_v1.1/install/motor_control_logger:/home/holms/Projects/TG_Robot/robot_base_v1.1/install/example_cpp:/home/holms/Projects/TG_Robot/robot_base_v1.1/install/robot_interfaces:/home/holms/Projects/TG_Robot/robot_base_v1.1/install/robot_gazebo:/home/holms/Projects/TG_Robot/robot_base_v1.1/install/arm620_config:/home/holms/Projects/TG_Robot/robot_base_v1.1/install/arm380_config:/home/holms/Projects/TG_Robot/robot_base_v1.1/install/robot_description:/home/holms/Projects/TG_Robot/robot_base_v1.1/install/robot_bringup:/home/holms/Projects/TG_Robot/robot_base_v1.1/install/traj_smoother_py:/home/holms/Projects/TG_Robot/robot_base_v1.1/install/robot_test_py:/home/holms/Projects/TG_Robot/robot_base_v1.1/install/robot_input:/home/holms/Projects/TG_Robot/robot_base_v1.1/install/example_py:/home/holms/Projects/TG_Robot/robot_base_v1.1/install/robot_dynamics:/opt/ros/humble /usr/bin/cmake --install /home/holms/Projects/lerobot/TG_Robot/build/arm620_config
[1.078s] Level 1:colcon.colcon_core.environment:create_environment_scripts_only(arm620_config)
[1.078s] DEBUG:colcon.colcon_core.event_handler.log_command:Invoked command in '/home/holms/Projects/lerobot/TG_Robot/build/arm620_config' returned '0': AMENT_PREFIX_PATH=/home/holms/Projects/lerobot/TG_Robot/install/robot_description:${AMENT_PREFIX_PATH} CMAKE_PREFIX_PATH=/home/holms/Projects/lerobot/TG_Robot/install/robot_description:/home/holms/Projects/TG_Robot/robot_base_v1.1/install/robot_virtual_fence:/home/holms/Projects/TG_Robot/robot_base_v1.1/install/robot_state_machine:/home/holms/Projects/TG_Robot/robot_base_v1.1/install/robot_sdk:/home/holms/Projects/TG_Robot/robot_base_v1.1/install/robot_driver:/home/holms/Projects/TG_Robot/robot_base_v1.1/install/robot_control:/home/holms/Projects/TG_Robot/robot_base_v1.1/install/motor_control_logger:/home/holms/Projects/TG_Robot/robot_base_v1.1/install/example_cpp:/home/holms/Projects/TG_Robot/robot_base_v1.1/install/robot_interfaces:/home/holms/Projects/TG_Robot/robot_base_v1.1/install/robot_gazebo:/home/holms/Projects/TG_Robot/robot_base_v1.1/install/arm620_config:/home/holms/Projects/TG_Robot/robot_base_v1.1/install/arm380_config:/home/holms/Projects/TG_Robot/robot_base_v1.1/install/robot_description:/home/holms/Projects/TG_Robot/robot_base_v1.1/install/robot_bringup:/home/holms/Projects/TG_Robot/robot_base_v1.1/install/traj_smoother_py:/home/holms/Projects/TG_Robot/robot_base_v1.1/install/robot_test_py:/home/holms/Projects/TG_Robot/robot_base_v1.1/install/robot_input:/home/holms/Projects/TG_Robot/robot_base_v1.1/install/example_py:/home/holms/Projects/TG_Robot/robot_base_v1.1/install/robot_dynamics:/opt/ros/humble /usr/bin/cmake --install /home/holms/Projects/lerobot/TG_Robot/build/arm620_config
[1.089s] Level 1:colcon.colcon_core.environment:checking '/home/holms/Projects/lerobot/TG_Robot/install/arm620_config' for CMake module files
[1.090s] Level 1:colcon.colcon_core.environment:checking '/home/holms/Projects/lerobot/TG_Robot/install/arm620_config' for CMake config files
[1.090s] Level 1:colcon.colcon_core.shell:create_environment_hook('arm620_config', 'cmake_prefix_path')
[1.090s] INFO:colcon.colcon_core.shell:Creating environment hook '/home/holms/Projects/lerobot/TG_Robot/install/arm620_config/share/arm620_config/hook/cmake_prefix_path.ps1'
[1.091s] INFO:colcon.colcon_core.shell:Creating environment descriptor '/home/holms/Projects/lerobot/TG_Robot/install/arm620_config/share/arm620_config/hook/cmake_prefix_path.dsv'
[1.091s] INFO:colcon.colcon_core.shell:Creating environment hook '/home/holms/Projects/lerobot/TG_Robot/install/arm620_config/share/arm620_config/hook/cmake_prefix_path.sh'
[1.092s] Level 1:colcon.colcon_core.environment:checking '/home/holms/Projects/lerobot/TG_Robot/install/arm620_config/bin'
[1.092s] Level 1:colcon.colcon_core.environment:checking '/home/holms/Projects/lerobot/TG_Robot/install/arm620_config/lib/pkgconfig/arm620_config.pc'
[1.092s] Level 1:colcon.colcon_core.environment:checking '/home/holms/Projects/lerobot/TG_Robot/install/arm620_config/lib/python3.10/site-packages'
[1.092s] Level 1:colcon.colcon_core.environment:checking '/home/holms/Projects/lerobot/TG_Robot/install/arm620_config/bin'
[1.092s] INFO:colcon.colcon_core.shell:Creating package script '/home/holms/Projects/lerobot/TG_Robot/install/arm620_config/share/arm620_config/package.ps1'
[1.093s] INFO:colcon.colcon_core.shell:Creating package descriptor '/home/holms/Projects/lerobot/TG_Robot/install/arm620_config/share/arm620_config/package.dsv'
[1.094s] INFO:colcon.colcon_core.shell:Creating package script '/home/holms/Projects/lerobot/TG_Robot/install/arm620_config/share/arm620_config/package.sh'
[1.095s] INFO:colcon.colcon_core.shell:Creating package script '/home/holms/Projects/lerobot/TG_Robot/install/arm620_config/share/arm620_config/package.bash'
[1.096s] INFO:colcon.colcon_core.shell:Creating package script '/home/holms/Projects/lerobot/TG_Robot/install/arm620_config/share/arm620_config/package.zsh'
[1.098s] Level 1:colcon.colcon_core.environment:create_file_with_runtime_dependencies(/home/holms/Projects/lerobot/TG_Robot/install/arm620_config/share/colcon-core/packages/arm620_config)
[1.098s] Level 1:colcon.colcon_core.environment:create_environment_scripts_only(arm620_config)
[1.098s] Level 1:colcon.colcon_core.environment:checking '/home/holms/Projects/lerobot/TG_Robot/install/arm620_config' for CMake module files
[1.099s] Level 1:colcon.colcon_core.environment:checking '/home/holms/Projects/lerobot/TG_Robot/install/arm620_config' for CMake config files
[1.099s] Level 1:colcon.colcon_core.shell:create_environment_hook('arm620_config', 'cmake_prefix_path')
[1.099s] INFO:colcon.colcon_core.shell:Creating environment hook '/home/holms/Projects/lerobot/TG_Robot/install/arm620_config/share/arm620_config/hook/cmake_prefix_path.ps1'
[1.099s] INFO:colcon.colcon_core.shell:Creating environment descriptor '/home/holms/Projects/lerobot/TG_Robot/install/arm620_config/share/arm620_config/hook/cmake_prefix_path.dsv'
[1.100s] INFO:colcon.colcon_core.shell:Creating environment hook '/home/holms/Projects/lerobot/TG_Robot/install/arm620_config/share/arm620_config/hook/cmake_prefix_path.sh'
[1.100s] Level 1:colcon.colcon_core.environment:checking '/home/holms/Projects/lerobot/TG_Robot/install/arm620_config/bin'
[1.100s] Level 1:colcon.colcon_core.environment:checking '/home/holms/Projects/lerobot/TG_Robot/install/arm620_config/lib/pkgconfig/arm620_config.pc'
[1.100s] Level 1:colcon.colcon_core.environment:checking '/home/holms/Projects/lerobot/TG_Robot/install/arm620_config/lib/python3.10/site-packages'
[1.101s] Level 1:colcon.colcon_core.environment:checking '/home/holms/Projects/lerobot/TG_Robot/install/arm620_config/bin'
[1.101s] INFO:colcon.colcon_core.shell:Creating package script '/home/holms/Projects/lerobot/TG_Robot/install/arm620_config/share/arm620_config/package.ps1'
[1.101s] INFO:colcon.colcon_core.shell:Creating package descriptor '/home/holms/Projects/lerobot/TG_Robot/install/arm620_config/share/arm620_config/package.dsv'
[1.101s] INFO:colcon.colcon_core.shell:Creating package script '/home/holms/Projects/lerobot/TG_Robot/install/arm620_config/share/arm620_config/package.sh'
[1.102s] INFO:colcon.colcon_core.shell:Creating package script '/home/holms/Projects/lerobot/TG_Robot/install/arm620_config/share/arm620_config/package.bash'
[1.102s] INFO:colcon.colcon_core.shell:Creating package script '/home/holms/Projects/lerobot/TG_Robot/install/arm620_config/share/arm620_config/package.zsh'
[1.102s] Level 1:colcon.colcon_core.environment:create_file_with_runtime_dependencies(/home/holms/Projects/lerobot/TG_Robot/install/arm620_config/share/colcon-core/packages/arm620_config)
[1.413s] DEBUG:colcon.colcon_core.event_handler.log_command:Invoked command in '/home/holms/Projects/lerobot/TG_Robot/build/robot_gazebo' returned '0': CMAKE_PREFIX_PATH=${CMAKE_PREFIX_PATH}:/home/holms/Projects/TG_Robot/robot_base_v1.1/install/traj_smoother_py:/home/holms/Projects/TG_Robot/robot_base_v1.1/install/robot_test_py:/home/holms/Projects/TG_Robot/robot_base_v1.1/install/robot_input:/home/holms/Projects/TG_Robot/robot_base_v1.1/install/example_py:/home/holms/Projects/TG_Robot/robot_base_v1.1/install/robot_dynamics:/opt/ros/humble /usr/bin/cmake --build /home/holms/Projects/lerobot/TG_Robot/build/robot_gazebo -- -j8 -l8
[1.417s] DEBUG:colcon.colcon_core.event_handler.log_command:Invoking command in '/home/holms/Projects/lerobot/TG_Robot/build/robot_gazebo': CMAKE_PREFIX_PATH=${CMAKE_PREFIX_PATH}:/home/holms/Projects/TG_Robot/robot_base_v1.1/install/traj_smoother_py:/home/holms/Projects/TG_Robot/robot_base_v1.1/install/robot_test_py:/home/holms/Projects/TG_Robot/robot_base_v1.1/install/robot_input:/home/holms/Projects/TG_Robot/robot_base_v1.1/install/example_py:/home/holms/Projects/TG_Robot/robot_base_v1.1/install/robot_dynamics:/opt/ros/humble /usr/bin/cmake --install /home/holms/Projects/lerobot/TG_Robot/build/robot_gazebo
[1.433s] Level 1:colcon.colcon_core.environment:create_environment_scripts_only(robot_gazebo)
[1.433s] Level 1:colcon.colcon_core.environment:checking '/home/holms/Projects/lerobot/TG_Robot/install/robot_gazebo' for CMake module files
[1.434s] DEBUG:colcon.colcon_core.event_handler.log_command:Invoked command in '/home/holms/Projects/lerobot/TG_Robot/build/robot_gazebo' returned '0': CMAKE_PREFIX_PATH=${CMAKE_PREFIX_PATH}:/home/holms/Projects/TG_Robot/robot_base_v1.1/install/traj_smoother_py:/home/holms/Projects/TG_Robot/robot_base_v1.1/install/robot_test_py:/home/holms/Projects/TG_Robot/robot_base_v1.1/install/robot_input:/home/holms/Projects/TG_Robot/robot_base_v1.1/install/example_py:/home/holms/Projects/TG_Robot/robot_base_v1.1/install/robot_dynamics:/opt/ros/humble /usr/bin/cmake --install /home/holms/Projects/lerobot/TG_Robot/build/robot_gazebo
[1.434s] Level 1:colcon.colcon_core.environment:checking '/home/holms/Projects/lerobot/TG_Robot/install/robot_gazebo' for CMake config files
[1.434s] Level 1:colcon.colcon_core.shell:create_environment_hook('robot_gazebo', 'cmake_prefix_path')
[1.435s] INFO:colcon.colcon_core.shell:Creating environment hook '/home/holms/Projects/lerobot/TG_Robot/install/robot_gazebo/share/robot_gazebo/hook/cmake_prefix_path.ps1'
[1.435s] INFO:colcon.colcon_core.shell:Creating environment descriptor '/home/holms/Projects/lerobot/TG_Robot/install/robot_gazebo/share/robot_gazebo/hook/cmake_prefix_path.dsv'
[1.436s] INFO:colcon.colcon_core.shell:Creating environment hook '/home/holms/Projects/lerobot/TG_Robot/install/robot_gazebo/share/robot_gazebo/hook/cmake_prefix_path.sh'
[1.436s] Level 1:colcon.colcon_core.environment:checking '/home/holms/Projects/lerobot/TG_Robot/install/robot_gazebo/bin'
[1.436s] Level 1:colcon.colcon_core.environment:checking '/home/holms/Projects/lerobot/TG_Robot/install/robot_gazebo/lib/pkgconfig/robot_gazebo.pc'
[1.437s] Level 1:colcon.colcon_core.environment:checking '/home/holms/Projects/lerobot/TG_Robot/install/robot_gazebo/lib/python3.10/site-packages'
[1.437s] Level 1:colcon.colcon_core.environment:checking '/home/holms/Projects/lerobot/TG_Robot/install/robot_gazebo/bin'
[1.437s] INFO:colcon.colcon_core.shell:Creating package script '/home/holms/Projects/lerobot/TG_Robot/install/robot_gazebo/share/robot_gazebo/package.ps1'
[1.437s] INFO:colcon.colcon_core.shell:Creating package descriptor '/home/holms/Projects/lerobot/TG_Robot/install/robot_gazebo/share/robot_gazebo/package.dsv'
[1.438s] INFO:colcon.colcon_core.shell:Creating package script '/home/holms/Projects/lerobot/TG_Robot/install/robot_gazebo/share/robot_gazebo/package.sh'
[1.438s] INFO:colcon.colcon_core.shell:Creating package script '/home/holms/Projects/lerobot/TG_Robot/install/robot_gazebo/share/robot_gazebo/package.bash'
[1.439s] INFO:colcon.colcon_core.shell:Creating package script '/home/holms/Projects/lerobot/TG_Robot/install/robot_gazebo/share/robot_gazebo/package.zsh'
[1.439s] Level 1:colcon.colcon_core.environment:create_file_with_runtime_dependencies(/home/holms/Projects/lerobot/TG_Robot/install/robot_gazebo/share/colcon-core/packages/robot_gazebo)
[1.440s] Level 1:colcon.colcon_core.environment:create_environment_scripts_only(robot_gazebo)
[1.440s] Level 1:colcon.colcon_core.environment:checking '/home/holms/Projects/lerobot/TG_Robot/install/robot_gazebo' for CMake module files
[1.440s] Level 1:colcon.colcon_core.environment:checking '/home/holms/Projects/lerobot/TG_Robot/install/robot_gazebo' for CMake config files
[1.440s] Level 1:colcon.colcon_core.shell:create_environment_hook('robot_gazebo', 'cmake_prefix_path')
[1.440s] INFO:colcon.colcon_core.shell:Creating environment hook '/home/holms/Projects/lerobot/TG_Robot/install/robot_gazebo/share/robot_gazebo/hook/cmake_prefix_path.ps1'
[1.441s] INFO:colcon.colcon_core.shell:Creating environment descriptor '/home/holms/Projects/lerobot/TG_Robot/install/robot_gazebo/share/robot_gazebo/hook/cmake_prefix_path.dsv'
[1.441s] INFO:colcon.colcon_core.shell:Creating environment hook '/home/holms/Projects/lerobot/TG_Robot/install/robot_gazebo/share/robot_gazebo/hook/cmake_prefix_path.sh'
[1.442s] Level 1:colcon.colcon_core.environment:checking '/home/holms/Projects/lerobot/TG_Robot/install/robot_gazebo/bin'
[1.442s] Level 1:colcon.colcon_core.environment:checking '/home/holms/Projects/lerobot/TG_Robot/install/robot_gazebo/lib/pkgconfig/robot_gazebo.pc'
[1.442s] Level 1:colcon.colcon_core.environment:checking '/home/holms/Projects/lerobot/TG_Robot/install/robot_gazebo/lib/python3.10/site-packages'
[1.442s] Level 1:colcon.colcon_core.environment:checking '/home/holms/Projects/lerobot/TG_Robot/install/robot_gazebo/bin'
[1.442s] INFO:colcon.colcon_core.shell:Creating package script '/home/holms/Projects/lerobot/TG_Robot/install/robot_gazebo/share/robot_gazebo/package.ps1'
[1.443s] INFO:colcon.colcon_core.shell:Creating package descriptor '/home/holms/Projects/lerobot/TG_Robot/install/robot_gazebo/share/robot_gazebo/package.dsv'
[1.443s] INFO:colcon.colcon_core.shell:Creating package script '/home/holms/Projects/lerobot/TG_Robot/install/robot_gazebo/share/robot_gazebo/package.sh'
[1.444s] INFO:colcon.colcon_core.shell:Creating package script '/home/holms/Projects/lerobot/TG_Robot/install/robot_gazebo/share/robot_gazebo/package.bash'
[1.444s] INFO:colcon.colcon_core.shell:Creating package script '/home/holms/Projects/lerobot/TG_Robot/install/robot_gazebo/share/robot_gazebo/package.zsh'
[1.444s] Level 1:colcon.colcon_core.environment:create_file_with_runtime_dependencies(/home/holms/Projects/lerobot/TG_Robot/install/robot_gazebo/share/colcon-core/packages/robot_gazebo)
[1.494s] DEBUG:colcon.colcon_core.event_handler.log_command:Invoking command in '/home/holms/Projects/lerobot/TG_Robot/src/tg_lerobot_bridge': AMENT_PREFIX_PATH=/home/holms/Projects/lerobot/TG_Robot/install/robot_interfaces:${AMENT_PREFIX_PATH} CMAKE_PREFIX_PATH=/home/holms/Projects/lerobot/TG_Robot/install/robot_interfaces:${CMAKE_PREFIX_PATH} LD_LIBRARY_PATH=/home/holms/Projects/lerobot/TG_Robot/install/robot_interfaces/lib:/usr/lib/x86_64-linux-gnu/gazebo-11/plugins:/home/holms/Projects/TG_Robot/robot_base_v1.1/install/robot_driver/lib:/home/holms/Projects/TG_Robot/robot_base_v1.1/install/robot_interfaces/lib:/opt/ros/humble/opt/rviz_ogre_vendor/lib:/opt/ros/humble/lib/x86_64-linux-gnu:/opt/ros/humble/lib:/home/holms/Projects/mujoco/mujoco-3.3.0/bin PYTHONPATH=/home/holms/Projects/lerobot/TG_Robot/build/tg_lerobot_bridge/prefix_override:/usr/lib/python3/dist-packages/colcon_core/task/python/colcon_distutils_commands:/home/holms/Projects/lerobot/TG_Robot/install/tg_lerobot_bridge/lib/python3.10/site-packages:/home/holms/Projects/lerobot/TG_Robot/install/robot_interfaces/local/lib/python3.10/dist-packages:${PYTHONPATH} /usr/bin/python3 -W ignore:setup.py install is deprecated -W ignore:easy_install command is deprecated setup.py egg_info --egg-base ../../build/tg_lerobot_bridge build --build-base /home/holms/Projects/lerobot/TG_Robot/build/tg_lerobot_bridge/build install --record /home/holms/Projects/lerobot/TG_Robot/build/tg_lerobot_bridge/install.log --single-version-externally-managed install_data
[1.722s] Level 1:colcon.colcon_core.environment:checking '/home/holms/Projects/lerobot/TG_Robot/install/tg_lerobot_bridge' for CMake module files
[1.722s] DEBUG:colcon.colcon_core.event_handler.log_command:Invoked command in '/home/holms/Projects/lerobot/TG_Robot/src/tg_lerobot_bridge' returned '0': AMENT_PREFIX_PATH=/home/holms/Projects/lerobot/TG_Robot/install/robot_interfaces:${AMENT_PREFIX_PATH} CMAKE_PREFIX_PATH=/home/holms/Projects/lerobot/TG_Robot/install/robot_interfaces:${CMAKE_PREFIX_PATH} LD_LIBRARY_PATH=/home/holms/Projects/lerobot/TG_Robot/install/robot_interfaces/lib:/usr/lib/x86_64-linux-gnu/gazebo-11/plugins:/home/holms/Projects/TG_Robot/robot_base_v1.1/install/robot_driver/lib:/home/holms/Projects/TG_Robot/robot_base_v1.1/install/robot_interfaces/lib:/opt/ros/humble/opt/rviz_ogre_vendor/lib:/opt/ros/humble/lib/x86_64-linux-gnu:/opt/ros/humble/lib:/home/holms/Projects/mujoco/mujoco-3.3.0/bin PYTHONPATH=/home/holms/Projects/lerobot/TG_Robot/build/tg_lerobot_bridge/prefix_override:/usr/lib/python3/dist-packages/colcon_core/task/python/colcon_distutils_commands:/home/holms/Projects/lerobot/TG_Robot/install/tg_lerobot_bridge/lib/python3.10/site-packages:/home/holms/Projects/lerobot/TG_Robot/install/robot_interfaces/local/lib/python3.10/dist-packages:${PYTHONPATH} /usr/bin/python3 -W ignore:setup.py install is deprecated -W ignore:easy_install command is deprecated setup.py egg_info --egg-base ../../build/tg_lerobot_bridge build --build-base /home/holms/Projects/lerobot/TG_Robot/build/tg_lerobot_bridge/build install --record /home/holms/Projects/lerobot/TG_Robot/build/tg_lerobot_bridge/install.log --single-version-externally-managed install_data
[1.723s] Level 1:colcon.colcon_core.environment:checking '/home/holms/Projects/lerobot/TG_Robot/install/tg_lerobot_bridge' for CMake config files
[1.723s] Level 1:colcon.colcon_core.environment:checking '/home/holms/Projects/lerobot/TG_Robot/install/tg_lerobot_bridge/lib'
[1.723s] Level 1:colcon.colcon_core.environment:checking '/home/holms/Projects/lerobot/TG_Robot/install/tg_lerobot_bridge/bin'
[1.723s] Level 1:colcon.colcon_core.environment:checking '/home/holms/Projects/lerobot/TG_Robot/install/tg_lerobot_bridge/lib/pkgconfig/tg_lerobot_bridge.pc'
[1.723s] Level 1:colcon.colcon_core.environment:checking '/home/holms/Projects/lerobot/TG_Robot/install/tg_lerobot_bridge/lib/python3.10/site-packages'
[1.723s] Level 1:colcon.colcon_core.shell:create_environment_hook('tg_lerobot_bridge', 'pythonpath')
[1.723s] INFO:colcon.colcon_core.shell:Creating environment hook '/home/holms/Projects/lerobot/TG_Robot/install/tg_lerobot_bridge/share/tg_lerobot_bridge/hook/pythonpath.ps1'
[1.724s] INFO:colcon.colcon_core.shell:Creating environment descriptor '/home/holms/Projects/lerobot/TG_Robot/install/tg_lerobot_bridge/share/tg_lerobot_bridge/hook/pythonpath.dsv'
[1.724s] INFO:colcon.colcon_core.shell:Creating environment hook '/home/holms/Projects/lerobot/TG_Robot/install/tg_lerobot_bridge/share/tg_lerobot_bridge/hook/pythonpath.sh'
[1.725s] Level 1:colcon.colcon_core.environment:checking '/home/holms/Projects/lerobot/TG_Robot/install/tg_lerobot_bridge/bin'
[1.725s] Level 1:colcon.colcon_core.environment:create_environment_scripts_only(tg_lerobot_bridge)
[1.725s] INFO:colcon.colcon_core.shell:Creating package script '/home/holms/Projects/lerobot/TG_Robot/install/tg_lerobot_bridge/share/tg_lerobot_bridge/package.ps1'
[1.725s] INFO:colcon.colcon_core.shell:Creating package descriptor '/home/holms/Projects/lerobot/TG_Robot/install/tg_lerobot_bridge/share/tg_lerobot_bridge/package.dsv'
[1.726s] INFO:colcon.colcon_core.shell:Creating package script '/home/holms/Projects/lerobot/TG_Robot/install/tg_lerobot_bridge/share/tg_lerobot_bridge/package.sh'
[1.727s] INFO:colcon.colcon_core.shell:Creating package script '/home/holms/Projects/lerobot/TG_Robot/install/tg_lerobot_bridge/share/tg_lerobot_bridge/package.bash'
[1.727s] INFO:colcon.colcon_core.shell:Creating package script '/home/holms/Projects/lerobot/TG_Robot/install/tg_lerobot_bridge/share/tg_lerobot_bridge/package.zsh'
[1.727s] Level 1:colcon.colcon_core.environment:create_file_with_runtime_dependencies(/home/holms/Projects/lerobot/TG_Robot/install/tg_lerobot_bridge/share/colcon-core/packages/tg_lerobot_bridge)
[1.727s] INFO:colcon.colcon_ros.task.ament_cmake.build:Building ROS package in '/home/holms/Projects/lerobot/TG_Robot/src/robot_bringup' with build type 'ament_cmake'
[1.728s] INFO:colcon.colcon_cmake.task.cmake.build:Building CMake package in '/home/holms/Projects/lerobot/TG_Robot/src/robot_bringup'
[1.728s] INFO:colcon.colcon_core.shell:Skip shell extension 'powershell' for command environment: Not usable outside of PowerShell
[1.728s] DEBUG:colcon.colcon_core.shell:Skip shell extension 'dsv' for command environment
[1.745s] DEBUG:colcon.colcon_core.event_handler.log_command:Invoking command in '/home/holms/Projects/lerobot/TG_Robot/build/robot_bringup': AMENT_PREFIX_PATH=/home/holms/Projects/lerobot/TG_Robot/install/tg_lerobot_bridge:/home/holms/Projects/lerobot/TG_Robot/install/robot_interfaces:/home/holms/Projects/lerobot/TG_Robot/install/robot_gazebo:${AMENT_PREFIX_PATH} CMAKE_PREFIX_PATH=/home/holms/Projects/lerobot/TG_Robot/install/robot_interfaces:/home/holms/Projects/lerobot/TG_Robot/install/robot_gazebo:/home/holms/Projects/TG_Robot/robot_base_v1.1/install/robot_virtual_fence:/home/holms/Projects/TG_Robot/robot_base_v1.1/install/robot_state_machine:/home/holms/Projects/TG_Robot/robot_base_v1.1/install/robot_sdk:/home/holms/Projects/TG_Robot/robot_base_v1.1/install/robot_driver:/home/holms/Projects/TG_Robot/robot_base_v1.1/install/robot_control:/home/holms/Projects/TG_Robot/robot_base_v1.1/install/motor_control_logger:/home/holms/Projects/TG_Robot/robot_base_v1.1/install/example_cpp:/home/holms/Projects/TG_Robot/robot_base_v1.1/install/robot_interfaces:/home/holms/Projects/TG_Robot/robot_base_v1.1/install/robot_gazebo:/home/holms/Projects/TG_Robot/robot_base_v1.1/install/arm620_config:/home/holms/Projects/TG_Robot/robot_base_v1.1/install/arm380_config:/home/holms/Projects/TG_Robot/robot_base_v1.1/install/robot_description:/home/holms/Projects/TG_Robot/robot_base_v1.1/install/robot_bringup:/home/holms/Projects/TG_Robot/robot_base_v1.1/install/traj_smoother_py:/home/holms/Projects/TG_Robot/robot_base_v1.1/install/robot_test_py:/home/holms/Projects/TG_Robot/robot_base_v1.1/install/robot_input:/home/holms/Projects/TG_Robot/robot_base_v1.1/install/example_py:/home/holms/Projects/TG_Robot/robot_base_v1.1/install/robot_dynamics:/opt/ros/humble LD_LIBRARY_PATH=/home/holms/Projects/lerobot/TG_Robot/install/robot_interfaces/lib:/usr/lib/x86_64-linux-gnu/gazebo-11/plugins:/home/holms/Projects/TG_Robot/robot_base_v1.1/install/robot_driver/lib:/home/holms/Projects/TG_Robot/robot_base_v1.1/install/robot_interfaces/lib:/opt/ros/humble/opt/rviz_ogre_vendor/lib:/opt/ros/humble/lib/x86_64-linux-gnu:/opt/ros/humble/lib:/home/holms/Projects/mujoco/mujoco-3.3.0/bin PYTHONPATH=/home/holms/Projects/lerobot/TG_Robot/install/tg_lerobot_bridge/lib/python3.10/site-packages:/home/holms/Projects/lerobot/TG_Robot/install/robot_interfaces/local/lib/python3.10/dist-packages:${PYTHONPATH} /usr/bin/cmake --build /home/holms/Projects/lerobot/TG_Robot/build/robot_bringup -- -j8 -l8
[1.943s] DEBUG:colcon.colcon_core.event_handler.log_command:Invoked command in '/home/holms/Projects/lerobot/TG_Robot/build/robot_bringup' returned '0': AMENT_PREFIX_PATH=/home/holms/Projects/lerobot/TG_Robot/install/tg_lerobot_bridge:/home/holms/Projects/lerobot/TG_Robot/install/robot_interfaces:/home/holms/Projects/lerobot/TG_Robot/install/robot_gazebo:${AMENT_PREFIX_PATH} CMAKE_PREFIX_PATH=/home/holms/Projects/lerobot/TG_Robot/install/robot_interfaces:/home/holms/Projects/lerobot/TG_Robot/install/robot_gazebo:/home/holms/Projects/TG_Robot/robot_base_v1.1/install/robot_virtual_fence:/home/holms/Projects/TG_Robot/robot_base_v1.1/install/robot_state_machine:/home/holms/Projects/TG_Robot/robot_base_v1.1/install/robot_sdk:/home/holms/Projects/TG_Robot/robot_base_v1.1/install/robot_driver:/home/holms/Projects/TG_Robot/robot_base_v1.1/install/robot_control:/home/holms/Projects/TG_Robot/robot_base_v1.1/install/motor_control_logger:/home/holms/Projects/TG_Robot/robot_base_v1.1/install/example_cpp:/home/holms/Projects/TG_Robot/robot_base_v1.1/install/robot_interfaces:/home/holms/Projects/TG_Robot/robot_base_v1.1/install/robot_gazebo:/home/holms/Projects/TG_Robot/robot_base_v1.1/install/arm620_config:/home/holms/Projects/TG_Robot/robot_base_v1.1/install/arm380_config:/home/holms/Projects/TG_Robot/robot_base_v1.1/install/robot_description:/home/holms/Projects/TG_Robot/robot_base_v1.1/install/robot_bringup:/home/holms/Projects/TG_Robot/robot_base_v1.1/install/traj_smoother_py:/home/holms/Projects/TG_Robot/robot_base_v1.1/install/robot_test_py:/home/holms/Projects/TG_Robot/robot_base_v1.1/install/robot_input:/home/holms/Projects/TG_Robot/robot_base_v1.1/install/example_py:/home/holms/Projects/TG_Robot/robot_base_v1.1/install/robot_dynamics:/opt/ros/humble LD_LIBRARY_PATH=/home/holms/Projects/lerobot/TG_Robot/install/robot_interfaces/lib:/usr/lib/x86_64-linux-gnu/gazebo-11/plugins:/home/holms/Projects/TG_Robot/robot_base_v1.1/install/robot_driver/lib:/home/holms/Projects/TG_Robot/robot_base_v1.1/install/robot_interfaces/lib:/opt/ros/humble/opt/rviz_ogre_vendor/lib:/opt/ros/humble/lib/x86_64-linux-gnu:/opt/ros/humble/lib:/home/holms/Projects/mujoco/mujoco-3.3.0/bin PYTHONPATH=/home/holms/Projects/lerobot/TG_Robot/install/tg_lerobot_bridge/lib/python3.10/site-packages:/home/holms/Projects/lerobot/TG_Robot/install/robot_interfaces/local/lib/python3.10/dist-packages:${PYTHONPATH} /usr/bin/cmake --build /home/holms/Projects/lerobot/TG_Robot/build/robot_bringup -- -j8 -l8
[1.945s] DEBUG:colcon.colcon_core.event_handler.log_command:Invoking command in '/home/holms/Projects/lerobot/TG_Robot/build/robot_bringup': AMENT_PREFIX_PATH=/home/holms/Projects/lerobot/TG_Robot/install/tg_lerobot_bridge:/home/holms/Projects/lerobot/TG_Robot/install/robot_interfaces:/home/holms/Projects/lerobot/TG_Robot/install/robot_gazebo:${AMENT_PREFIX_PATH} CMAKE_PREFIX_PATH=/home/holms/Projects/lerobot/TG_Robot/install/robot_interfaces:/home/holms/Projects/lerobot/TG_Robot/install/robot_gazebo:/home/holms/Projects/TG_Robot/robot_base_v1.1/install/robot_virtual_fence:/home/holms/Projects/TG_Robot/robot_base_v1.1/install/robot_state_machine:/home/holms/Projects/TG_Robot/robot_base_v1.1/install/robot_sdk:/home/holms/Projects/TG_Robot/robot_base_v1.1/install/robot_driver:/home/holms/Projects/TG_Robot/robot_base_v1.1/install/robot_control:/home/holms/Projects/TG_Robot/robot_base_v1.1/install/motor_control_logger:/home/holms/Projects/TG_Robot/robot_base_v1.1/install/example_cpp:/home/holms/Projects/TG_Robot/robot_base_v1.1/install/robot_interfaces:/home/holms/Projects/TG_Robot/robot_base_v1.1/install/robot_gazebo:/home/holms/Projects/TG_Robot/robot_base_v1.1/install/arm620_config:/home/holms/Projects/TG_Robot/robot_base_v1.1/install/arm380_config:/home/holms/Projects/TG_Robot/robot_base_v1.1/install/robot_description:/home/holms/Projects/TG_Robot/robot_base_v1.1/install/robot_bringup:/home/holms/Projects/TG_Robot/robot_base_v1.1/install/traj_smoother_py:/home/holms/Projects/TG_Robot/robot_base_v1.1/install/robot_test_py:/home/holms/Projects/TG_Robot/robot_base_v1.1/install/robot_input:/home/holms/Projects/TG_Robot/robot_base_v1.1/install/example_py:/home/holms/Projects/TG_Robot/robot_base_v1.1/install/robot_dynamics:/opt/ros/humble LD_LIBRARY_PATH=/home/holms/Projects/lerobot/TG_Robot/install/robot_interfaces/lib:/usr/lib/x86_64-linux-gnu/gazebo-11/plugins:/home/holms/Projects/TG_Robot/robot_base_v1.1/install/robot_driver/lib:/home/holms/Projects/TG_Robot/robot_base_v1.1/install/robot_interfaces/lib:/opt/ros/humble/opt/rviz_ogre_vendor/lib:/opt/ros/humble/lib/x86_64-linux-gnu:/opt/ros/humble/lib:/home/holms/Projects/mujoco/mujoco-3.3.0/bin PYTHONPATH=/home/holms/Projects/lerobot/TG_Robot/install/tg_lerobot_bridge/lib/python3.10/site-packages:/home/holms/Projects/lerobot/TG_Robot/install/robot_interfaces/local/lib/python3.10/dist-packages:${PYTHONPATH} /usr/bin/cmake --install /home/holms/Projects/lerobot/TG_Robot/build/robot_bringup
[1.955s] Level 1:colcon.colcon_core.environment:create_environment_scripts_only(robot_bringup)
[1.955s] Level 1:colcon.colcon_core.environment:checking '/home/holms/Projects/lerobot/TG_Robot/install/robot_bringup' for CMake module files
[1.956s] DEBUG:colcon.colcon_core.event_handler.log_command:Invoked command in '/home/holms/Projects/lerobot/TG_Robot/build/robot_bringup' returned '0': AMENT_PREFIX_PATH=/home/holms/Projects/lerobot/TG_Robot/install/tg_lerobot_bridge:/home/holms/Projects/lerobot/TG_Robot/install/robot_interfaces:/home/holms/Projects/lerobot/TG_Robot/install/robot_gazebo:${AMENT_PREFIX_PATH} CMAKE_PREFIX_PATH=/home/holms/Projects/lerobot/TG_Robot/install/robot_interfaces:/home/holms/Projects/lerobot/TG_Robot/install/robot_gazebo:/home/holms/Projects/TG_Robot/robot_base_v1.1/install/robot_virtual_fence:/home/holms/Projects/TG_Robot/robot_base_v1.1/install/robot_state_machine:/home/holms/Projects/TG_Robot/robot_base_v1.1/install/robot_sdk:/home/holms/Projects/TG_Robot/robot_base_v1.1/install/robot_driver:/home/holms/Projects/TG_Robot/robot_base_v1.1/install/robot_control:/home/holms/Projects/TG_Robot/robot_base_v1.1/install/motor_control_logger:/home/holms/Projects/TG_Robot/robot_base_v1.1/install/example_cpp:/home/holms/Projects/TG_Robot/robot_base_v1.1/install/robot_interfaces:/home/holms/Projects/TG_Robot/robot_base_v1.1/install/robot_gazebo:/home/holms/Projects/TG_Robot/robot_base_v1.1/install/arm620_config:/home/holms/Projects/TG_Robot/robot_base_v1.1/install/arm380_config:/home/holms/Projects/TG_Robot/robot_base_v1.1/install/robot_description:/home/holms/Projects/TG_Robot/robot_base_v1.1/install/robot_bringup:/home/holms/Projects/TG_Robot/robot_base_v1.1/install/traj_smoother_py:/home/holms/Projects/TG_Robot/robot_base_v1.1/install/robot_test_py:/home/holms/Projects/TG_Robot/robot_base_v1.1/install/robot_input:/home/holms/Projects/TG_Robot/robot_base_v1.1/install/example_py:/home/holms/Projects/TG_Robot/robot_base_v1.1/install/robot_dynamics:/opt/ros/humble LD_LIBRARY_PATH=/home/holms/Projects/lerobot/TG_Robot/install/robot_interfaces/lib:/usr/lib/x86_64-linux-gnu/gazebo-11/plugins:/home/holms/Projects/TG_Robot/robot_base_v1.1/install/robot_driver/lib:/home/holms/Projects/TG_Robot/robot_base_v1.1/install/robot_interfaces/lib:/opt/ros/humble/opt/rviz_ogre_vendor/lib:/opt/ros/humble/lib/x86_64-linux-gnu:/opt/ros/humble/lib:/home/holms/Projects/mujoco/mujoco-3.3.0/bin PYTHONPATH=/home/holms/Projects/lerobot/TG_Robot/install/tg_lerobot_bridge/lib/python3.10/site-packages:/home/holms/Projects/lerobot/TG_Robot/install/robot_interfaces/local/lib/python3.10/dist-packages:${PYTHONPATH} /usr/bin/cmake --install /home/holms/Projects/lerobot/TG_Robot/build/robot_bringup
[1.956s] Level 1:colcon.colcon_core.environment:checking '/home/holms/Projects/lerobot/TG_Robot/install/robot_bringup' for CMake config files
[1.956s] Level 1:colcon.colcon_core.shell:create_environment_hook('robot_bringup', 'cmake_prefix_path')
[1.957s] INFO:colcon.colcon_core.shell:Creating environment hook '/home/holms/Projects/lerobot/TG_Robot/install/robot_bringup/share/robot_bringup/hook/cmake_prefix_path.ps1'
[1.957s] INFO:colcon.colcon_core.shell:Creating environment descriptor '/home/holms/Projects/lerobot/TG_Robot/install/robot_bringup/share/robot_bringup/hook/cmake_prefix_path.dsv'
[1.958s] INFO:colcon.colcon_core.shell:Creating environment hook '/home/holms/Projects/lerobot/TG_Robot/install/robot_bringup/share/robot_bringup/hook/cmake_prefix_path.sh'
[1.958s] Level 1:colcon.colcon_core.environment:checking '/home/holms/Projects/lerobot/TG_Robot/install/robot_bringup/bin'
[1.958s] Level 1:colcon.colcon_core.environment:checking '/home/holms/Projects/lerobot/TG_Robot/install/robot_bringup/lib/pkgconfig/robot_bringup.pc'
[1.959s] Level 1:colcon.colcon_core.environment:checking '/home/holms/Projects/lerobot/TG_Robot/install/robot_bringup/lib/python3.10/site-packages'
[1.959s] Level 1:colcon.colcon_core.environment:checking '/home/holms/Projects/lerobot/TG_Robot/install/robot_bringup/bin'
[1.959s] INFO:colcon.colcon_core.shell:Creating package script '/home/holms/Projects/lerobot/TG_Robot/install/robot_bringup/share/robot_bringup/package.ps1'
[1.959s] INFO:colcon.colcon_core.shell:Creating package descriptor '/home/holms/Projects/lerobot/TG_Robot/install/robot_bringup/share/robot_bringup/package.dsv'
[1.960s] INFO:colcon.colcon_core.shell:Creating package script '/home/holms/Projects/lerobot/TG_Robot/install/robot_bringup/share/robot_bringup/package.sh'
[1.960s] INFO:colcon.colcon_core.shell:Creating package script '/home/holms/Projects/lerobot/TG_Robot/install/robot_bringup/share/robot_bringup/package.bash'
[1.960s] INFO:colcon.colcon_core.shell:Creating package script '/home/holms/Projects/lerobot/TG_Robot/install/robot_bringup/share/robot_bringup/package.zsh'
[1.961s] Level 1:colcon.colcon_core.environment:create_file_with_runtime_dependencies(/home/holms/Projects/lerobot/TG_Robot/install/robot_bringup/share/colcon-core/packages/robot_bringup)
[1.963s] Level 1:colcon.colcon_core.environment:create_environment_scripts_only(robot_bringup)
[1.963s] Level 1:colcon.colcon_core.environment:checking '/home/holms/Projects/lerobot/TG_Robot/install/robot_bringup' for CMake module files
[1.963s] Level 1:colcon.colcon_core.environment:checking '/home/holms/Projects/lerobot/TG_Robot/install/robot_bringup' for CMake config files
[1.963s] Level 1:colcon.colcon_core.shell:create_environment_hook('robot_bringup', 'cmake_prefix_path')
[1.963s] INFO:colcon.colcon_core.shell:Creating environment hook '/home/holms/Projects/lerobot/TG_Robot/install/robot_bringup/share/robot_bringup/hook/cmake_prefix_path.ps1'
[1.964s] INFO:colcon.colcon_core.shell:Creating environment descriptor '/home/holms/Projects/lerobot/TG_Robot/install/robot_bringup/share/robot_bringup/hook/cmake_prefix_path.dsv'
[1.964s] INFO:colcon.colcon_core.shell:Creating environment hook '/home/holms/Projects/lerobot/TG_Robot/install/robot_bringup/share/robot_bringup/hook/cmake_prefix_path.sh'
[1.964s] Level 1:colcon.colcon_core.environment:checking '/home/holms/Projects/lerobot/TG_Robot/install/robot_bringup/bin'
[1.965s] Level 1:colcon.colcon_core.environment:checking '/home/holms/Projects/lerobot/TG_Robot/install/robot_bringup/lib/pkgconfig/robot_bringup.pc'
[1.965s] Level 1:colcon.colcon_core.environment:checking '/home/holms/Projects/lerobot/TG_Robot/install/robot_bringup/lib/python3.10/site-packages'
[1.965s] Level 1:colcon.colcon_core.environment:checking '/home/holms/Projects/lerobot/TG_Robot/install/robot_bringup/bin'
[1.965s] INFO:colcon.colcon_core.shell:Creating package script '/home/holms/Projects/lerobot/TG_Robot/install/robot_bringup/share/robot_bringup/package.ps1'
[1.966s] INFO:colcon.colcon_core.shell:Creating package descriptor '/home/holms/Projects/lerobot/TG_Robot/install/robot_bringup/share/robot_bringup/package.dsv'
[1.966s] INFO:colcon.colcon_core.shell:Creating package script '/home/holms/Projects/lerobot/TG_Robot/install/robot_bringup/share/robot_bringup/package.sh'
[1.967s] INFO:colcon.colcon_core.shell:Creating package script '/home/holms/Projects/lerobot/TG_Robot/install/robot_bringup/share/robot_bringup/package.bash'
[1.967s] INFO:colcon.colcon_core.shell:Creating package script '/home/holms/Projects/lerobot/TG_Robot/install/robot_bringup/share/robot_bringup/package.zsh'
[1.967s] Level 1:colcon.colcon_core.environment:create_file_with_runtime_dependencies(/home/holms/Projects/lerobot/TG_Robot/install/robot_bringup/share/colcon-core/packages/robot_bringup)
[1.968s] DEBUG:colcon.colcon_parallel_executor.executor.parallel:closing loop
[1.968s] DEBUG:colcon.colcon_parallel_executor.executor.parallel:loop closed
[1.968s] DEBUG:colcon.colcon_parallel_executor.executor.parallel:run_until_complete finished with '0'
[1.968s] DEBUG:colcon.colcon_core.event_reactor:joining thread
[1.995s] INFO:colcon.colcon_core.plugin_system:Skipping extension 'colcon_notification.desktop_notification.terminal_notifier': Not used on non-Darwin systems
[1.995s] INFO:colcon.colcon_core.plugin_system:Skipping extension 'colcon_notification.desktop_notification.win32': Not used on non-Windows systems
[1.995s] INFO:colcon.colcon_notification.desktop_notification:Sending desktop notification using 'notify2'
[2.387s] DEBUG:colcon.colcon_core.event_reactor:joined thread
[2.387s] INFO:colcon.colcon_core.shell:Creating prefix script '/home/holms/Projects/lerobot/TG_Robot/install/local_setup.ps1'
[2.392s] INFO:colcon.colcon_core.shell:Creating prefix util module '/home/holms/Projects/lerobot/TG_Robot/install/_local_setup_util_ps1.py'
[2.394s] INFO:colcon.colcon_core.shell:Creating prefix chain script '/home/holms/Projects/lerobot/TG_Robot/install/setup.ps1'
[2.396s] INFO:colcon.colcon_core.shell:Creating prefix script '/home/holms/Projects/lerobot/TG_Robot/install/local_setup.sh'
[2.397s] INFO:colcon.colcon_core.shell:Creating prefix util module '/home/holms/Projects/lerobot/TG_Robot/install/_local_setup_util_sh.py'
[2.398s] INFO:colcon.colcon_core.shell:Creating prefix chain script '/home/holms/Projects/lerobot/TG_Robot/install/setup.sh'
[2.399s] INFO:colcon.colcon_core.shell:Creating prefix script '/home/holms/Projects/lerobot/TG_Robot/install/local_setup.bash'
[2.401s] INFO:colcon.colcon_core.shell:Creating prefix chain script '/home/holms/Projects/lerobot/TG_Robot/install/setup.bash'
[2.402s] INFO:colcon.colcon_core.shell:Creating prefix script '/home/holms/Projects/lerobot/TG_Robot/install/local_setup.zsh'
[2.403s] INFO:colcon.colcon_core.shell:Creating prefix chain script '/home/holms/Projects/lerobot/TG_Robot/install/setup.zsh'
