[0.091s] DEBUG:colcon:Command line arguments: ['/usr/bin/colcon', 'build', '--packages-select', 'tg_lerobot_bridge']
[0.091s] DEBUG:colcon:Parsed command line arguments: Namespace(log_base=None, log_level=None, verb_name='build', build_base='build', install_base='install', merge_install=False, symlink_install=False, test_result_base=None, continue_on_error=False, executor='parallel', parallel_workers=8, event_handlers=None, ignore_user_meta=False, metas=['./colcon.meta'], base_paths=['.'], packages_ignore=None, packages_ignore_regex=None, paths=None, packages_up_to=None, packages_up_to_regex=None, packages_above=None, packages_above_and_dependencies=None, packages_above_depth=None, packages_select_by_dep=None, packages_skip_by_dep=None, packages_skip_up_to=None, packages_select_build_failed=False, packages_skip_build_finished=False, packages_select_test_failures=False, packages_skip_test_passed=False, packages_select=['tg_lerobot_bridge'], packages_skip=None, packages_select_regex=None, packages_skip_regex=None, packages_start=None, packages_end=None, allow_overriding=[], cmake_args=None, cmake_target=None, cmake_target_skip_unavailable=False, cmake_clean_cache=False, cmake_clean_first=False, cmake_force_configure=False, ament_cmake_args=None, catkin_cmake_args=None, catkin_skip_building_tests=False, verb_parser=<colcon_defaults.argument_parser.defaults.DefaultArgumentsDecorator object at 0x7ad91a166770>, verb_extension=<colcon_core.verb.build.BuildVerb object at 0x7ad91a166200>, main=<bound method BuildVerb.main of <colcon_core.verb.build.BuildVerb object at 0x7ad91a166200>>)
[0.339s] Level 1:colcon.colcon_core.package_discovery:discover_packages(colcon_meta) check parameters
[0.339s] Level 1:colcon.colcon_core.package_discovery:discover_packages(recursive) check parameters
[0.339s] Level 1:colcon.colcon_core.package_discovery:discover_packages(ignore) check parameters
[0.339s] Level 1:colcon.colcon_core.package_discovery:discover_packages(path) check parameters
[0.339s] Level 1:colcon.colcon_core.package_discovery:discover_packages(colcon_meta) discover
[0.339s] Level 1:colcon.colcon_core.package_discovery:discover_packages(recursive) discover
[0.339s] INFO:colcon.colcon_core.package_discovery:Crawling recursively for packages in '/home/holms/Projects/lerobot/TG_Robot'
[0.339s] Level 1:colcon.colcon_core.package_identification:_identify(.) by extensions ['ignore', 'ignore_ament_install']
[0.339s] Level 1:colcon.colcon_core.package_identification:_identify(.) by extension 'ignore'
[0.339s] Level 1:colcon.colcon_core.package_identification:_identify(.) by extension 'ignore_ament_install'
[0.339s] Level 1:colcon.colcon_core.package_identification:_identify(.) by extensions ['colcon_pkg']
[0.339s] Level 1:colcon.colcon_core.package_identification:_identify(.) by extension 'colcon_pkg'
[0.339s] Level 1:colcon.colcon_core.package_identification:_identify(.) by extensions ['colcon_meta']
[0.339s] Level 1:colcon.colcon_core.package_identification:_identify(.) by extension 'colcon_meta'
[0.339s] Level 1:colcon.colcon_core.package_identification:_identify(.) by extensions ['ros']
[0.339s] Level 1:colcon.colcon_core.package_identification:_identify(.) by extension 'ros'
[0.355s] Level 1:colcon.colcon_core.package_identification:_identify(.) by extensions ['cmake', 'python']
[0.356s] Level 1:colcon.colcon_core.package_identification:_identify(.) by extension 'cmake'
[0.356s] Level 1:colcon.colcon_core.package_identification:_identify(.) by extension 'python'
[0.356s] Level 1:colcon.colcon_core.package_identification:_identify(.) by extensions ['python_setup_py']
[0.356s] Level 1:colcon.colcon_core.package_identification:_identify(.) by extension 'python_setup_py'
[0.356s] Level 1:colcon.colcon_core.package_identification:_identify(autoinstall_script) by extensions ['ignore', 'ignore_ament_install']
[0.356s] Level 1:colcon.colcon_core.package_identification:_identify(autoinstall_script) by extension 'ignore'
[0.356s] Level 1:colcon.colcon_core.package_identification:_identify(autoinstall_script) by extension 'ignore_ament_install'
[0.356s] Level 1:colcon.colcon_core.package_identification:_identify(autoinstall_script) by extensions ['colcon_pkg']
[0.356s] Level 1:colcon.colcon_core.package_identification:_identify(autoinstall_script) by extension 'colcon_pkg'
[0.356s] Level 1:colcon.colcon_core.package_identification:_identify(autoinstall_script) by extensions ['colcon_meta']
[0.356s] Level 1:colcon.colcon_core.package_identification:_identify(autoinstall_script) by extension 'colcon_meta'
[0.356s] Level 1:colcon.colcon_core.package_identification:_identify(autoinstall_script) by extensions ['ros']
[0.356s] Level 1:colcon.colcon_core.package_identification:_identify(autoinstall_script) by extension 'ros'
[0.356s] Level 1:colcon.colcon_core.package_identification:_identify(autoinstall_script) by extensions ['cmake', 'python']
[0.356s] Level 1:colcon.colcon_core.package_identification:_identify(autoinstall_script) by extension 'cmake'
[0.356s] Level 1:colcon.colcon_core.package_identification:_identify(autoinstall_script) by extension 'python'
[0.356s] Level 1:colcon.colcon_core.package_identification:_identify(autoinstall_script) by extensions ['python_setup_py']
[0.356s] Level 1:colcon.colcon_core.package_identification:_identify(autoinstall_script) by extension 'python_setup_py'
[0.356s] Level 1:colcon.colcon_core.package_identification:_identify(autoinstall_script/build) by extensions ['ignore', 'ignore_ament_install']
[0.356s] Level 1:colcon.colcon_core.package_identification:_identify(autoinstall_script/build) by extension 'ignore'
[0.356s] Level 1:colcon.colcon_core.package_identification:_identify(autoinstall_script/build) ignored
[0.356s] Level 1:colcon.colcon_core.package_identification:_identify(autoinstall_script/config) by extensions ['ignore', 'ignore_ament_install']
[0.357s] Level 1:colcon.colcon_core.package_identification:_identify(autoinstall_script/config) by extension 'ignore'
[0.357s] Level 1:colcon.colcon_core.package_identification:_identify(autoinstall_script/config) by extension 'ignore_ament_install'
[0.357s] Level 1:colcon.colcon_core.package_identification:_identify(autoinstall_script/config) by extensions ['colcon_pkg']
[0.357s] Level 1:colcon.colcon_core.package_identification:_identify(autoinstall_script/config) by extension 'colcon_pkg'
[0.357s] Level 1:colcon.colcon_core.package_identification:_identify(autoinstall_script/config) by extensions ['colcon_meta']
[0.357s] Level 1:colcon.colcon_core.package_identification:_identify(autoinstall_script/config) by extension 'colcon_meta'
[0.357s] Level 1:colcon.colcon_core.package_identification:_identify(autoinstall_script/config) by extensions ['ros']
[0.357s] Level 1:colcon.colcon_core.package_identification:_identify(autoinstall_script/config) by extension 'ros'
[0.357s] Level 1:colcon.colcon_core.package_identification:_identify(autoinstall_script/config) by extensions ['cmake', 'python']
[0.357s] Level 1:colcon.colcon_core.package_identification:_identify(autoinstall_script/config) by extension 'cmake'
[0.357s] Level 1:colcon.colcon_core.package_identification:_identify(autoinstall_script/config) by extension 'python'
[0.357s] Level 1:colcon.colcon_core.package_identification:_identify(autoinstall_script/config) by extensions ['python_setup_py']
[0.357s] Level 1:colcon.colcon_core.package_identification:_identify(autoinstall_script/config) by extension 'python_setup_py'
[0.357s] Level 1:colcon.colcon_core.package_identification:_identify(autoinstall_script/install) by extensions ['ignore', 'ignore_ament_install']
[0.357s] Level 1:colcon.colcon_core.package_identification:_identify(autoinstall_script/install) by extension 'ignore'
[0.357s] Level 1:colcon.colcon_core.package_identification:_identify(autoinstall_script/install) ignored
[0.357s] Level 1:colcon.colcon_core.package_identification:_identify(autoinstall_script/log) by extensions ['ignore', 'ignore_ament_install']
[0.357s] Level 1:colcon.colcon_core.package_identification:_identify(autoinstall_script/log) by extension 'ignore'
[0.357s] Level 1:colcon.colcon_core.package_identification:_identify(autoinstall_script/log) ignored
[0.357s] Level 1:colcon.colcon_core.package_identification:_identify(build) by extensions ['ignore', 'ignore_ament_install']
[0.357s] Level 1:colcon.colcon_core.package_identification:_identify(build) by extension 'ignore'
[0.357s] Level 1:colcon.colcon_core.package_identification:_identify(build) ignored
[0.357s] Level 1:colcon.colcon_core.package_identification:_identify(example) by extensions ['ignore', 'ignore_ament_install']
[0.358s] Level 1:colcon.colcon_core.package_identification:_identify(example) by extension 'ignore'
[0.358s] Level 1:colcon.colcon_core.package_identification:_identify(example) by extension 'ignore_ament_install'
[0.358s] Level 1:colcon.colcon_core.package_identification:_identify(example) by extensions ['colcon_pkg']
[0.358s] Level 1:colcon.colcon_core.package_identification:_identify(example) by extension 'colcon_pkg'
[0.358s] Level 1:colcon.colcon_core.package_identification:_identify(example) by extensions ['colcon_meta']
[0.358s] Level 1:colcon.colcon_core.package_identification:_identify(example) by extension 'colcon_meta'
[0.358s] Level 1:colcon.colcon_core.package_identification:_identify(example) by extensions ['ros']
[0.358s] Level 1:colcon.colcon_core.package_identification:_identify(example) by extension 'ros'
[0.358s] Level 1:colcon.colcon_core.package_identification:_identify(example) by extensions ['cmake', 'python']
[0.358s] Level 1:colcon.colcon_core.package_identification:_identify(example) by extension 'cmake'
[0.358s] Level 1:colcon.colcon_core.package_identification:_identify(example) by extension 'python'
[0.358s] Level 1:colcon.colcon_core.package_identification:_identify(example) by extensions ['python_setup_py']
[0.358s] Level 1:colcon.colcon_core.package_identification:_identify(example) by extension 'python_setup_py'
[0.358s] Level 1:colcon.colcon_core.package_identification:_identify(example/example_cpp) by extensions ['ignore', 'ignore_ament_install']
[0.358s] Level 1:colcon.colcon_core.package_identification:_identify(example/example_cpp) by extension 'ignore'
[0.358s] Level 1:colcon.colcon_core.package_identification:_identify(example/example_cpp) by extension 'ignore_ament_install'
[0.358s] Level 1:colcon.colcon_core.package_identification:_identify(example/example_cpp) by extensions ['colcon_pkg']
[0.358s] Level 1:colcon.colcon_core.package_identification:_identify(example/example_cpp) by extension 'colcon_pkg'
[0.358s] Level 1:colcon.colcon_core.package_identification:_identify(example/example_cpp) by extensions ['colcon_meta']
[0.358s] Level 1:colcon.colcon_core.package_identification:_identify(example/example_cpp) by extension 'colcon_meta'
[0.358s] Level 1:colcon.colcon_core.package_identification:_identify(example/example_cpp) by extensions ['ros']
[0.358s] Level 1:colcon.colcon_core.package_identification:_identify(example/example_cpp) by extension 'ros'
[0.362s] DEBUG:colcon.colcon_core.package_identification:Package 'example/example_cpp' with type 'ros.ament_cmake' and name 'example_cpp'
[0.363s] Level 1:colcon.colcon_core.package_identification:_identify(example/example_py) by extensions ['ignore', 'ignore_ament_install']
[0.363s] Level 1:colcon.colcon_core.package_identification:_identify(example/example_py) by extension 'ignore'
[0.363s] Level 1:colcon.colcon_core.package_identification:_identify(example/example_py) by extension 'ignore_ament_install'
[0.363s] Level 1:colcon.colcon_core.package_identification:_identify(example/example_py) by extensions ['colcon_pkg']
[0.363s] Level 1:colcon.colcon_core.package_identification:_identify(example/example_py) by extension 'colcon_pkg'
[0.363s] Level 1:colcon.colcon_core.package_identification:_identify(example/example_py) by extensions ['colcon_meta']
[0.363s] Level 1:colcon.colcon_core.package_identification:_identify(example/example_py) by extension 'colcon_meta'
[0.363s] Level 1:colcon.colcon_core.package_identification:_identify(example/example_py) by extensions ['ros']
[0.363s] Level 1:colcon.colcon_core.package_identification:_identify(example/example_py) by extension 'ros'
[0.364s] DEBUG:colcon.colcon_core.package_identification:Package 'example/example_py' with type 'ros.ament_python' and name 'example_py'
[0.364s] Level 1:colcon.colcon_core.package_identification:_identify(install) by extensions ['ignore', 'ignore_ament_install']
[0.364s] Level 1:colcon.colcon_core.package_identification:_identify(install) by extension 'ignore'
[0.364s] Level 1:colcon.colcon_core.package_identification:_identify(install) ignored
[0.364s] Level 1:colcon.colcon_core.package_identification:_identify(log) by extensions ['ignore', 'ignore_ament_install']
[0.364s] Level 1:colcon.colcon_core.package_identification:_identify(log) by extension 'ignore'
[0.364s] Level 1:colcon.colcon_core.package_identification:_identify(log) ignored
[0.364s] Level 1:colcon.colcon_core.package_identification:_identify(src) by extensions ['ignore', 'ignore_ament_install']
[0.364s] Level 1:colcon.colcon_core.package_identification:_identify(src) by extension 'ignore'
[0.364s] Level 1:colcon.colcon_core.package_identification:_identify(src) by extension 'ignore_ament_install'
[0.364s] Level 1:colcon.colcon_core.package_identification:_identify(src) by extensions ['colcon_pkg']
[0.364s] Level 1:colcon.colcon_core.package_identification:_identify(src) by extension 'colcon_pkg'
[0.364s] Level 1:colcon.colcon_core.package_identification:_identify(src) by extensions ['colcon_meta']
[0.364s] Level 1:colcon.colcon_core.package_identification:_identify(src) by extension 'colcon_meta'
[0.364s] Level 1:colcon.colcon_core.package_identification:_identify(src) by extensions ['ros']
[0.364s] Level 1:colcon.colcon_core.package_identification:_identify(src) by extension 'ros'
[0.364s] Level 1:colcon.colcon_core.package_identification:_identify(src) by extensions ['cmake', 'python']
[0.365s] Level 1:colcon.colcon_core.package_identification:_identify(src) by extension 'cmake'
[0.365s] Level 1:colcon.colcon_core.package_identification:_identify(src) by extension 'python'
[0.365s] Level 1:colcon.colcon_core.package_identification:_identify(src) by extensions ['python_setup_py']
[0.365s] Level 1:colcon.colcon_core.package_identification:_identify(src) by extension 'python_setup_py'
[0.365s] Level 1:colcon.colcon_core.package_identification:_identify(src/motor_control_logger) by extensions ['ignore', 'ignore_ament_install']
[0.365s] Level 1:colcon.colcon_core.package_identification:_identify(src/motor_control_logger) by extension 'ignore'
[0.365s] Level 1:colcon.colcon_core.package_identification:_identify(src/motor_control_logger) by extension 'ignore_ament_install'
[0.365s] Level 1:colcon.colcon_core.package_identification:_identify(src/motor_control_logger) by extensions ['colcon_pkg']
[0.365s] Level 1:colcon.colcon_core.package_identification:_identify(src/motor_control_logger) by extension 'colcon_pkg'
[0.365s] Level 1:colcon.colcon_core.package_identification:_identify(src/motor_control_logger) by extensions ['colcon_meta']
[0.365s] Level 1:colcon.colcon_core.package_identification:_identify(src/motor_control_logger) by extension 'colcon_meta'
[0.365s] Level 1:colcon.colcon_core.package_identification:_identify(src/motor_control_logger) by extensions ['ros']
[0.365s] Level 1:colcon.colcon_core.package_identification:_identify(src/motor_control_logger) by extension 'ros'
[0.366s] DEBUG:colcon.colcon_core.package_identification:Package 'src/motor_control_logger' with type 'ros.ament_cmake' and name 'motor_control_logger'
[0.366s] Level 1:colcon.colcon_core.package_identification:_identify(src/robot_bringup) by extensions ['ignore', 'ignore_ament_install']
[0.366s] Level 1:colcon.colcon_core.package_identification:_identify(src/robot_bringup) by extension 'ignore'
[0.366s] Level 1:colcon.colcon_core.package_identification:_identify(src/robot_bringup) by extension 'ignore_ament_install'
[0.366s] Level 1:colcon.colcon_core.package_identification:_identify(src/robot_bringup) by extensions ['colcon_pkg']
[0.366s] Level 1:colcon.colcon_core.package_identification:_identify(src/robot_bringup) by extension 'colcon_pkg'
[0.366s] Level 1:colcon.colcon_core.package_identification:_identify(src/robot_bringup) by extensions ['colcon_meta']
[0.366s] Level 1:colcon.colcon_core.package_identification:_identify(src/robot_bringup) by extension 'colcon_meta'
[0.366s] Level 1:colcon.colcon_core.package_identification:_identify(src/robot_bringup) by extensions ['ros']
[0.366s] Level 1:colcon.colcon_core.package_identification:_identify(src/robot_bringup) by extension 'ros'
[0.367s] DEBUG:colcon.colcon_core.package_identification:Package 'src/robot_bringup' with type 'ros.ament_cmake' and name 'robot_bringup'
[0.367s] Level 1:colcon.colcon_core.package_identification:_identify(src/robot_config) by extensions ['ignore', 'ignore_ament_install']
[0.367s] Level 1:colcon.colcon_core.package_identification:_identify(src/robot_config) by extension 'ignore'
[0.367s] Level 1:colcon.colcon_core.package_identification:_identify(src/robot_config) by extension 'ignore_ament_install'
[0.367s] Level 1:colcon.colcon_core.package_identification:_identify(src/robot_config) by extensions ['colcon_pkg']
[0.367s] Level 1:colcon.colcon_core.package_identification:_identify(src/robot_config) by extension 'colcon_pkg'
[0.367s] Level 1:colcon.colcon_core.package_identification:_identify(src/robot_config) by extensions ['colcon_meta']
[0.367s] Level 1:colcon.colcon_core.package_identification:_identify(src/robot_config) by extension 'colcon_meta'
[0.367s] Level 1:colcon.colcon_core.package_identification:_identify(src/robot_config) by extensions ['ros']
[0.367s] Level 1:colcon.colcon_core.package_identification:_identify(src/robot_config) by extension 'ros'
[0.367s] Level 1:colcon.colcon_core.package_identification:_identify(src/robot_config) by extensions ['cmake', 'python']
[0.367s] Level 1:colcon.colcon_core.package_identification:_identify(src/robot_config) by extension 'cmake'
[0.367s] Level 1:colcon.colcon_core.package_identification:_identify(src/robot_config) by extension 'python'
[0.367s] Level 1:colcon.colcon_core.package_identification:_identify(src/robot_config) by extensions ['python_setup_py']
[0.367s] Level 1:colcon.colcon_core.package_identification:_identify(src/robot_config) by extension 'python_setup_py'
[0.367s] Level 1:colcon.colcon_core.package_identification:_identify(src/robot_config/arm380_config) by extensions ['ignore', 'ignore_ament_install']
[0.367s] Level 1:colcon.colcon_core.package_identification:_identify(src/robot_config/arm380_config) by extension 'ignore'
[0.367s] Level 1:colcon.colcon_core.package_identification:_identify(src/robot_config/arm380_config) by extension 'ignore_ament_install'
[0.367s] Level 1:colcon.colcon_core.package_identification:_identify(src/robot_config/arm380_config) by extensions ['colcon_pkg']
[0.367s] Level 1:colcon.colcon_core.package_identification:_identify(src/robot_config/arm380_config) by extension 'colcon_pkg'
[0.368s] Level 1:colcon.colcon_core.package_identification:_identify(src/robot_config/arm380_config) by extensions ['colcon_meta']
[0.368s] Level 1:colcon.colcon_core.package_identification:_identify(src/robot_config/arm380_config) by extension 'colcon_meta'
[0.368s] Level 1:colcon.colcon_core.package_identification:_identify(src/robot_config/arm380_config) by extensions ['ros']
[0.368s] Level 1:colcon.colcon_core.package_identification:_identify(src/robot_config/arm380_config) by extension 'ros'
[0.368s] DEBUG:colcon.colcon_core.package_identification:Package 'src/robot_config/arm380_config' with type 'ros.ament_cmake' and name 'arm380_config'
[0.368s] Level 1:colcon.colcon_core.package_identification:_identify(src/robot_config/arm620_config) by extensions ['ignore', 'ignore_ament_install']
[0.368s] Level 1:colcon.colcon_core.package_identification:_identify(src/robot_config/arm620_config) by extension 'ignore'
[0.368s] Level 1:colcon.colcon_core.package_identification:_identify(src/robot_config/arm620_config) by extension 'ignore_ament_install'
[0.368s] Level 1:colcon.colcon_core.package_identification:_identify(src/robot_config/arm620_config) by extensions ['colcon_pkg']
[0.368s] Level 1:colcon.colcon_core.package_identification:_identify(src/robot_config/arm620_config) by extension 'colcon_pkg'
[0.368s] Level 1:colcon.colcon_core.package_identification:_identify(src/robot_config/arm620_config) by extensions ['colcon_meta']
[0.368s] Level 1:colcon.colcon_core.package_identification:_identify(src/robot_config/arm620_config) by extension 'colcon_meta'
[0.368s] Level 1:colcon.colcon_core.package_identification:_identify(src/robot_config/arm620_config) by extensions ['ros']
[0.368s] Level 1:colcon.colcon_core.package_identification:_identify(src/robot_config/arm620_config) by extension 'ros'
[0.369s] DEBUG:colcon.colcon_core.package_identification:Package 'src/robot_config/arm620_config' with type 'ros.ament_cmake' and name 'arm620_config'
[0.369s] Level 1:colcon.colcon_core.package_identification:_identify(src/robot_control) by extensions ['ignore', 'ignore_ament_install']
[0.369s] Level 1:colcon.colcon_core.package_identification:_identify(src/robot_control) by extension 'ignore'
[0.369s] Level 1:colcon.colcon_core.package_identification:_identify(src/robot_control) by extension 'ignore_ament_install'
[0.369s] Level 1:colcon.colcon_core.package_identification:_identify(src/robot_control) by extensions ['colcon_pkg']
[0.369s] Level 1:colcon.colcon_core.package_identification:_identify(src/robot_control) by extension 'colcon_pkg'
[0.369s] Level 1:colcon.colcon_core.package_identification:_identify(src/robot_control) by extensions ['colcon_meta']
[0.369s] Level 1:colcon.colcon_core.package_identification:_identify(src/robot_control) by extension 'colcon_meta'
[0.369s] Level 1:colcon.colcon_core.package_identification:_identify(src/robot_control) by extensions ['ros']
[0.369s] Level 1:colcon.colcon_core.package_identification:_identify(src/robot_control) by extension 'ros'
[0.370s] DEBUG:colcon.colcon_core.package_identification:Package 'src/robot_control' with type 'ros.ament_cmake' and name 'robot_control'
[0.370s] Level 1:colcon.colcon_core.package_identification:_identify(src/robot_description) by extensions ['ignore', 'ignore_ament_install']
[0.370s] Level 1:colcon.colcon_core.package_identification:_identify(src/robot_description) by extension 'ignore'
[0.370s] Level 1:colcon.colcon_core.package_identification:_identify(src/robot_description) by extension 'ignore_ament_install'
[0.370s] Level 1:colcon.colcon_core.package_identification:_identify(src/robot_description) by extensions ['colcon_pkg']
[0.370s] Level 1:colcon.colcon_core.package_identification:_identify(src/robot_description) by extension 'colcon_pkg'
[0.370s] Level 1:colcon.colcon_core.package_identification:_identify(src/robot_description) by extensions ['colcon_meta']
[0.370s] Level 1:colcon.colcon_core.package_identification:_identify(src/robot_description) by extension 'colcon_meta'
[0.370s] Level 1:colcon.colcon_core.package_identification:_identify(src/robot_description) by extensions ['ros']
[0.370s] Level 1:colcon.colcon_core.package_identification:_identify(src/robot_description) by extension 'ros'
[0.370s] DEBUG:colcon.colcon_core.package_identification:Package 'src/robot_description' with type 'ros.ament_cmake' and name 'robot_description'
[0.371s] Level 1:colcon.colcon_core.package_identification:_identify(src/robot_driver) by extensions ['ignore', 'ignore_ament_install']
[0.371s] Level 1:colcon.colcon_core.package_identification:_identify(src/robot_driver) by extension 'ignore'
[0.371s] Level 1:colcon.colcon_core.package_identification:_identify(src/robot_driver) by extension 'ignore_ament_install'
[0.371s] Level 1:colcon.colcon_core.package_identification:_identify(src/robot_driver) by extensions ['colcon_pkg']
[0.371s] Level 1:colcon.colcon_core.package_identification:_identify(src/robot_driver) by extension 'colcon_pkg'
[0.371s] Level 1:colcon.colcon_core.package_identification:_identify(src/robot_driver) by extensions ['colcon_meta']
[0.371s] Level 1:colcon.colcon_core.package_identification:_identify(src/robot_driver) by extension 'colcon_meta'
[0.371s] Level 1:colcon.colcon_core.package_identification:_identify(src/robot_driver) by extensions ['ros']
[0.371s] Level 1:colcon.colcon_core.package_identification:_identify(src/robot_driver) by extension 'ros'
[0.371s] DEBUG:colcon.colcon_core.package_identification:Package 'src/robot_driver' with type 'ros.ament_cmake' and name 'robot_driver'
[0.371s] Level 1:colcon.colcon_core.package_identification:_identify(src/robot_dynamics) by extensions ['ignore', 'ignore_ament_install']
[0.371s] Level 1:colcon.colcon_core.package_identification:_identify(src/robot_dynamics) by extension 'ignore'
[0.371s] Level 1:colcon.colcon_core.package_identification:_identify(src/robot_dynamics) by extension 'ignore_ament_install'
[0.371s] Level 1:colcon.colcon_core.package_identification:_identify(src/robot_dynamics) by extensions ['colcon_pkg']
[0.371s] Level 1:colcon.colcon_core.package_identification:_identify(src/robot_dynamics) by extension 'colcon_pkg'
[0.371s] Level 1:colcon.colcon_core.package_identification:_identify(src/robot_dynamics) by extensions ['colcon_meta']
[0.371s] Level 1:colcon.colcon_core.package_identification:_identify(src/robot_dynamics) by extension 'colcon_meta'
[0.372s] Level 1:colcon.colcon_core.package_identification:_identify(src/robot_dynamics) by extensions ['ros']
[0.372s] Level 1:colcon.colcon_core.package_identification:_identify(src/robot_dynamics) by extension 'ros'
[0.372s] DEBUG:colcon.colcon_core.package_identification:Package 'src/robot_dynamics' with type 'ros.ament_python' and name 'robot_dynamics'
[0.372s] Level 1:colcon.colcon_core.package_identification:_identify(src/robot_gazebo) by extensions ['ignore', 'ignore_ament_install']
[0.372s] Level 1:colcon.colcon_core.package_identification:_identify(src/robot_gazebo) by extension 'ignore'
[0.372s] Level 1:colcon.colcon_core.package_identification:_identify(src/robot_gazebo) by extension 'ignore_ament_install'
[0.372s] Level 1:colcon.colcon_core.package_identification:_identify(src/robot_gazebo) by extensions ['colcon_pkg']
[0.372s] Level 1:colcon.colcon_core.package_identification:_identify(src/robot_gazebo) by extension 'colcon_pkg'
[0.372s] Level 1:colcon.colcon_core.package_identification:_identify(src/robot_gazebo) by extensions ['colcon_meta']
[0.372s] Level 1:colcon.colcon_core.package_identification:_identify(src/robot_gazebo) by extension 'colcon_meta'
[0.372s] Level 1:colcon.colcon_core.package_identification:_identify(src/robot_gazebo) by extensions ['ros']
[0.372s] Level 1:colcon.colcon_core.package_identification:_identify(src/robot_gazebo) by extension 'ros'
[0.373s] DEBUG:colcon.colcon_core.package_identification:Package 'src/robot_gazebo' with type 'ros.ament_cmake' and name 'robot_gazebo'
[0.373s] Level 1:colcon.colcon_core.package_identification:_identify(src/robot_input) by extensions ['ignore', 'ignore_ament_install']
[0.373s] Level 1:colcon.colcon_core.package_identification:_identify(src/robot_input) by extension 'ignore'
[0.373s] Level 1:colcon.colcon_core.package_identification:_identify(src/robot_input) by extension 'ignore_ament_install'
[0.373s] Level 1:colcon.colcon_core.package_identification:_identify(src/robot_input) by extensions ['colcon_pkg']
[0.373s] Level 1:colcon.colcon_core.package_identification:_identify(src/robot_input) by extension 'colcon_pkg'
[0.373s] Level 1:colcon.colcon_core.package_identification:_identify(src/robot_input) by extensions ['colcon_meta']
[0.373s] Level 1:colcon.colcon_core.package_identification:_identify(src/robot_input) by extension 'colcon_meta'
[0.373s] Level 1:colcon.colcon_core.package_identification:_identify(src/robot_input) by extensions ['ros']
[0.373s] Level 1:colcon.colcon_core.package_identification:_identify(src/robot_input) by extension 'ros'
[0.374s] DEBUG:colcon.colcon_core.package_identification:Package 'src/robot_input' with type 'ros.ament_python' and name 'robot_input'
[0.374s] Level 1:colcon.colcon_core.package_identification:_identify(src/robot_interfaces) by extensions ['ignore', 'ignore_ament_install']
[0.374s] Level 1:colcon.colcon_core.package_identification:_identify(src/robot_interfaces) by extension 'ignore'
[0.374s] Level 1:colcon.colcon_core.package_identification:_identify(src/robot_interfaces) by extension 'ignore_ament_install'
[0.374s] Level 1:colcon.colcon_core.package_identification:_identify(src/robot_interfaces) by extensions ['colcon_pkg']
[0.374s] Level 1:colcon.colcon_core.package_identification:_identify(src/robot_interfaces) by extension 'colcon_pkg'
[0.374s] Level 1:colcon.colcon_core.package_identification:_identify(src/robot_interfaces) by extensions ['colcon_meta']
[0.374s] Level 1:colcon.colcon_core.package_identification:_identify(src/robot_interfaces) by extension 'colcon_meta'
[0.374s] Level 1:colcon.colcon_core.package_identification:_identify(src/robot_interfaces) by extensions ['ros']
[0.374s] Level 1:colcon.colcon_core.package_identification:_identify(src/robot_interfaces) by extension 'ros'
[0.375s] DEBUG:colcon.colcon_core.package_identification:Package 'src/robot_interfaces' with type 'ros.ament_cmake' and name 'robot_interfaces'
[0.375s] Level 1:colcon.colcon_core.package_identification:_identify(src/robot_sdk) by extensions ['ignore', 'ignore_ament_install']
[0.375s] Level 1:colcon.colcon_core.package_identification:_identify(src/robot_sdk) by extension 'ignore'
[0.375s] Level 1:colcon.colcon_core.package_identification:_identify(src/robot_sdk) by extension 'ignore_ament_install'
[0.375s] Level 1:colcon.colcon_core.package_identification:_identify(src/robot_sdk) by extensions ['colcon_pkg']
[0.375s] Level 1:colcon.colcon_core.package_identification:_identify(src/robot_sdk) by extension 'colcon_pkg'
[0.375s] Level 1:colcon.colcon_core.package_identification:_identify(src/robot_sdk) by extensions ['colcon_meta']
[0.375s] Level 1:colcon.colcon_core.package_identification:_identify(src/robot_sdk) by extension 'colcon_meta'
[0.375s] Level 1:colcon.colcon_core.package_identification:_identify(src/robot_sdk) by extensions ['ros']
[0.375s] Level 1:colcon.colcon_core.package_identification:_identify(src/robot_sdk) by extension 'ros'
[0.376s] DEBUG:colcon.colcon_core.package_identification:Package 'src/robot_sdk' with type 'ros.ament_cmake' and name 'robot_sdk'
[0.376s] Level 1:colcon.colcon_core.package_identification:_identify(src/robot_state_machine) by extensions ['ignore', 'ignore_ament_install']
[0.376s] Level 1:colcon.colcon_core.package_identification:_identify(src/robot_state_machine) by extension 'ignore'
[0.376s] Level 1:colcon.colcon_core.package_identification:_identify(src/robot_state_machine) by extension 'ignore_ament_install'
[0.376s] Level 1:colcon.colcon_core.package_identification:_identify(src/robot_state_machine) by extensions ['colcon_pkg']
[0.376s] Level 1:colcon.colcon_core.package_identification:_identify(src/robot_state_machine) by extension 'colcon_pkg'
[0.376s] Level 1:colcon.colcon_core.package_identification:_identify(src/robot_state_machine) by extensions ['colcon_meta']
[0.376s] Level 1:colcon.colcon_core.package_identification:_identify(src/robot_state_machine) by extension 'colcon_meta'
[0.376s] Level 1:colcon.colcon_core.package_identification:_identify(src/robot_state_machine) by extensions ['ros']
[0.376s] Level 1:colcon.colcon_core.package_identification:_identify(src/robot_state_machine) by extension 'ros'
[0.376s] DEBUG:colcon.colcon_core.package_identification:Package 'src/robot_state_machine' with type 'ros.ament_cmake' and name 'robot_state_machine'
[0.377s] Level 1:colcon.colcon_core.package_identification:_identify(src/robot_test_py) by extensions ['ignore', 'ignore_ament_install']
[0.377s] Level 1:colcon.colcon_core.package_identification:_identify(src/robot_test_py) by extension 'ignore'
[0.377s] Level 1:colcon.colcon_core.package_identification:_identify(src/robot_test_py) by extension 'ignore_ament_install'
[0.377s] Level 1:colcon.colcon_core.package_identification:_identify(src/robot_test_py) by extensions ['colcon_pkg']
[0.377s] Level 1:colcon.colcon_core.package_identification:_identify(src/robot_test_py) by extension 'colcon_pkg'
[0.377s] Level 1:colcon.colcon_core.package_identification:_identify(src/robot_test_py) by extensions ['colcon_meta']
[0.377s] Level 1:colcon.colcon_core.package_identification:_identify(src/robot_test_py) by extension 'colcon_meta'
[0.377s] Level 1:colcon.colcon_core.package_identification:_identify(src/robot_test_py) by extensions ['ros']
[0.377s] Level 1:colcon.colcon_core.package_identification:_identify(src/robot_test_py) by extension 'ros'
[0.378s] DEBUG:colcon.colcon_core.package_identification:Package 'src/robot_test_py' with type 'ros.ament_python' and name 'robot_test_py'
[0.378s] Level 1:colcon.colcon_core.package_identification:_identify(src/ros2_socketcan) by extensions ['ignore', 'ignore_ament_install']
[0.378s] Level 1:colcon.colcon_core.package_identification:_identify(src/ros2_socketcan) by extension 'ignore'
[0.378s] Level 1:colcon.colcon_core.package_identification:_identify(src/ros2_socketcan) by extension 'ignore_ament_install'
[0.378s] Level 1:colcon.colcon_core.package_identification:_identify(src/ros2_socketcan) by extensions ['colcon_pkg']
[0.378s] Level 1:colcon.colcon_core.package_identification:_identify(src/ros2_socketcan) by extension 'colcon_pkg'
[0.378s] Level 1:colcon.colcon_core.package_identification:_identify(src/ros2_socketcan) by extensions ['colcon_meta']
[0.378s] Level 1:colcon.colcon_core.package_identification:_identify(src/ros2_socketcan) by extension 'colcon_meta'
[0.378s] Level 1:colcon.colcon_core.package_identification:_identify(src/ros2_socketcan) by extensions ['ros']
[0.378s] Level 1:colcon.colcon_core.package_identification:_identify(src/ros2_socketcan) by extension 'ros'
[0.378s] Level 1:colcon.colcon_core.package_identification:_identify(src/ros2_socketcan) by extensions ['cmake', 'python']
[0.378s] Level 1:colcon.colcon_core.package_identification:_identify(src/ros2_socketcan) by extension 'cmake'
[0.378s] Level 1:colcon.colcon_core.package_identification:_identify(src/ros2_socketcan) by extension 'python'
[0.378s] Level 1:colcon.colcon_core.package_identification:_identify(src/ros2_socketcan) by extensions ['python_setup_py']
[0.378s] Level 1:colcon.colcon_core.package_identification:_identify(src/ros2_socketcan) by extension 'python_setup_py'
[0.378s] Level 1:colcon.colcon_core.package_identification:_identify(src/ros2_socketcan/ros2_socketcan) by extensions ['ignore', 'ignore_ament_install']
[0.378s] Level 1:colcon.colcon_core.package_identification:_identify(src/ros2_socketcan/ros2_socketcan) by extension 'ignore'
[0.378s] Level 1:colcon.colcon_core.package_identification:_identify(src/ros2_socketcan/ros2_socketcan) by extension 'ignore_ament_install'
[0.378s] Level 1:colcon.colcon_core.package_identification:_identify(src/ros2_socketcan/ros2_socketcan) by extensions ['colcon_pkg']
[0.378s] Level 1:colcon.colcon_core.package_identification:_identify(src/ros2_socketcan/ros2_socketcan) by extension 'colcon_pkg'
[0.378s] Level 1:colcon.colcon_core.package_identification:_identify(src/ros2_socketcan/ros2_socketcan) by extensions ['colcon_meta']
[0.379s] Level 1:colcon.colcon_core.package_identification:_identify(src/ros2_socketcan/ros2_socketcan) by extension 'colcon_meta'
[0.379s] Level 1:colcon.colcon_core.package_identification:_identify(src/ros2_socketcan/ros2_socketcan) by extensions ['ros']
[0.379s] Level 1:colcon.colcon_core.package_identification:_identify(src/ros2_socketcan/ros2_socketcan) by extension 'ros'
[0.379s] DEBUG:colcon.colcon_core.package_identification:Package 'src/ros2_socketcan/ros2_socketcan' with type 'ros.ament_cmake' and name 'ros2_socketcan'
[0.379s] Level 1:colcon.colcon_core.package_identification:_identify(src/ros2_socketcan/ros2_socketcan_msgs) by extensions ['ignore', 'ignore_ament_install']
[0.379s] Level 1:colcon.colcon_core.package_identification:_identify(src/ros2_socketcan/ros2_socketcan_msgs) by extension 'ignore'
[0.379s] Level 1:colcon.colcon_core.package_identification:_identify(src/ros2_socketcan/ros2_socketcan_msgs) by extension 'ignore_ament_install'
[0.379s] Level 1:colcon.colcon_core.package_identification:_identify(src/ros2_socketcan/ros2_socketcan_msgs) by extensions ['colcon_pkg']
[0.379s] Level 1:colcon.colcon_core.package_identification:_identify(src/ros2_socketcan/ros2_socketcan_msgs) by extension 'colcon_pkg'
[0.379s] Level 1:colcon.colcon_core.package_identification:_identify(src/ros2_socketcan/ros2_socketcan_msgs) by extensions ['colcon_meta']
[0.379s] Level 1:colcon.colcon_core.package_identification:_identify(src/ros2_socketcan/ros2_socketcan_msgs) by extension 'colcon_meta'
[0.379s] Level 1:colcon.colcon_core.package_identification:_identify(src/ros2_socketcan/ros2_socketcan_msgs) by extensions ['ros']
[0.379s] Level 1:colcon.colcon_core.package_identification:_identify(src/ros2_socketcan/ros2_socketcan_msgs) by extension 'ros'
[0.380s] DEBUG:colcon.colcon_core.package_identification:Package 'src/ros2_socketcan/ros2_socketcan_msgs' with type 'ros.ament_cmake' and name 'ros2_socketcan_msgs'
[0.380s] Level 1:colcon.colcon_core.package_identification:_identify(src/tg_lerobot_bridge) by extensions ['ignore', 'ignore_ament_install']
[0.380s] Level 1:colcon.colcon_core.package_identification:_identify(src/tg_lerobot_bridge) by extension 'ignore'
[0.380s] Level 1:colcon.colcon_core.package_identification:_identify(src/tg_lerobot_bridge) by extension 'ignore_ament_install'
[0.380s] Level 1:colcon.colcon_core.package_identification:_identify(src/tg_lerobot_bridge) by extensions ['colcon_pkg']
[0.380s] Level 1:colcon.colcon_core.package_identification:_identify(src/tg_lerobot_bridge) by extension 'colcon_pkg'
[0.380s] Level 1:colcon.colcon_core.package_identification:_identify(src/tg_lerobot_bridge) by extensions ['colcon_meta']
[0.380s] Level 1:colcon.colcon_core.package_identification:_identify(src/tg_lerobot_bridge) by extension 'colcon_meta'
[0.380s] Level 1:colcon.colcon_core.package_identification:_identify(src/tg_lerobot_bridge) by extensions ['ros']
[0.380s] Level 1:colcon.colcon_core.package_identification:_identify(src/tg_lerobot_bridge) by extension 'ros'
[0.381s] DEBUG:colcon.colcon_core.package_identification:Found ROS schema reference in package manifest in 'src/tg_lerobot_bridge'
[0.381s] WARNING:colcon.colcon_core.package_identification:Failed to parse ROS package manifest in 'src/tg_lerobot_bridge': Error(s) in package 'src/tg_lerobot_bridge/package.xml':
Invalid email "holms@localhost" for person "holms"
[0.381s] Level 1:colcon.colcon_core.package_identification:_identify(src/tg_lerobot_bridge) by extensions ['cmake', 'python']
[0.381s] Level 1:colcon.colcon_core.package_identification:_identify(src/tg_lerobot_bridge) by extension 'cmake'
[0.381s] Level 1:colcon.colcon_core.package_identification:_identify(src/tg_lerobot_bridge) by extension 'python'
[0.381s] DEBUG:colcon.colcon_core.package_identification:Python package in 'src/tg_lerobot_bridge' passes arguments to the setup() function which requires a different identification extension than 'python'
[0.381s] Level 1:colcon.colcon_core.package_identification:_identify(src/tg_lerobot_bridge) by extensions ['python_setup_py']
[0.383s] Level 1:colcon.colcon_core.package_identification:_identify(src/tg_lerobot_bridge) by extension 'python_setup_py'
[0.578s] DEBUG:colcon.colcon_core.package_identification:Package 'src/tg_lerobot_bridge' with type 'python' and name 'tg_lerobot_bridge'
[0.578s] Level 1:colcon.colcon_core.package_identification:_identify(src/traj_smoother_py) by extensions ['ignore', 'ignore_ament_install']
[0.578s] Level 1:colcon.colcon_core.package_identification:_identify(src/traj_smoother_py) by extension 'ignore'
[0.578s] Level 1:colcon.colcon_core.package_identification:_identify(src/traj_smoother_py) by extension 'ignore_ament_install'
[0.578s] Level 1:colcon.colcon_core.package_identification:_identify(src/traj_smoother_py) by extensions ['colcon_pkg']
[0.578s] Level 1:colcon.colcon_core.package_identification:_identify(src/traj_smoother_py) by extension 'colcon_pkg'
[0.578s] Level 1:colcon.colcon_core.package_identification:_identify(src/traj_smoother_py) by extensions ['colcon_meta']
[0.578s] Level 1:colcon.colcon_core.package_identification:_identify(src/traj_smoother_py) by extension 'colcon_meta'
[0.578s] Level 1:colcon.colcon_core.package_identification:_identify(src/traj_smoother_py) by extensions ['ros']
[0.578s] Level 1:colcon.colcon_core.package_identification:_identify(src/traj_smoother_py) by extension 'ros'
[0.579s] DEBUG:colcon.colcon_core.package_identification:Package 'src/traj_smoother_py' with type 'ros.ament_python' and name 'traj_smoother_py'
[0.579s] Level 1:colcon.colcon_core.package_discovery:discover_packages(recursive) using defaults
[0.579s] Level 1:colcon.colcon_core.package_discovery:discover_packages(ignore) discover
[0.579s] Level 1:colcon.colcon_core.package_discovery:discover_packages(ignore) using defaults
[0.579s] Level 1:colcon.colcon_core.package_discovery:discover_packages(path) discover
[0.579s] Level 1:colcon.colcon_core.package_discovery:discover_packages(path) using defaults
[0.610s] INFO:colcon.colcon_core.package_selection:Skipping not selected package 'robot_bringup' in 'src/robot_bringup'
[0.610s] INFO:colcon.colcon_core.package_selection:Skipping not selected package 'robot_description' in 'src/robot_description'
[0.610s] INFO:colcon.colcon_core.package_selection:Skipping not selected package 'robot_dynamics' in 'src/robot_dynamics'
[0.610s] INFO:colcon.colcon_core.package_selection:Skipping not selected package 'robot_gazebo' in 'src/robot_gazebo'
[0.610s] INFO:colcon.colcon_core.package_selection:Skipping not selected package 'robot_interfaces' in 'src/robot_interfaces'
[0.610s] INFO:colcon.colcon_core.package_selection:Skipping not selected package 'ros2_socketcan_msgs' in 'src/ros2_socketcan/ros2_socketcan_msgs'
[0.610s] INFO:colcon.colcon_core.package_selection:Skipping not selected package 'traj_smoother_py' in 'src/traj_smoother_py'
[0.610s] INFO:colcon.colcon_core.package_selection:Skipping not selected package 'arm380_config' in 'src/robot_config/arm380_config'
[0.610s] INFO:colcon.colcon_core.package_selection:Skipping not selected package 'arm620_config' in 'src/robot_config/arm620_config'
[0.610s] INFO:colcon.colcon_core.package_selection:Skipping not selected package 'example_cpp' in 'example/example_cpp'
[0.610s] INFO:colcon.colcon_core.package_selection:Skipping not selected package 'example_py' in 'example/example_py'
[0.610s] INFO:colcon.colcon_core.package_selection:Skipping not selected package 'motor_control_logger' in 'src/motor_control_logger'
[0.610s] INFO:colcon.colcon_core.package_selection:Skipping not selected package 'robot_control' in 'src/robot_control'
[0.610s] INFO:colcon.colcon_core.package_selection:Skipping not selected package 'robot_input' in 'src/robot_input'
[0.610s] INFO:colcon.colcon_core.package_selection:Skipping not selected package 'robot_sdk' in 'src/robot_sdk'
[0.610s] INFO:colcon.colcon_core.package_selection:Skipping not selected package 'robot_test_py' in 'src/robot_test_py'
[0.610s] INFO:colcon.colcon_core.package_selection:Skipping not selected package 'ros2_socketcan' in 'src/ros2_socketcan/ros2_socketcan'
[0.610s] INFO:colcon.colcon_core.package_selection:Skipping not selected package 'robot_driver' in 'src/robot_driver'
[0.610s] INFO:colcon.colcon_core.package_selection:Skipping not selected package 'robot_state_machine' in 'src/robot_state_machine'
[0.610s] Level 1:colcon.colcon_core.package_discovery:discover_packages(prefix_path) check parameters
[0.610s] Level 1:colcon.colcon_core.package_discovery:discover_packages(prefix_path) discover
[0.615s] DEBUG:colcon.colcon_installed_package_information.package_discovery:Found 18 installed packages in /home/holms/Projects/TG_Robot/robot_base_v1.1/install
[0.616s] DEBUG:colcon.colcon_installed_package_information.package_discovery:Found 344 installed packages in /opt/ros/humble
[0.617s] Level 1:colcon.colcon_core.package_discovery:discover_packages(prefix_path) using defaults
[0.647s] Level 5:colcon.colcon_core.verb:set package 'tg_lerobot_bridge' build argument 'cmake_args' from command line to 'None'
[0.647s] Level 5:colcon.colcon_core.verb:set package 'tg_lerobot_bridge' build argument 'cmake_target' from command line to 'None'
[0.647s] Level 5:colcon.colcon_core.verb:set package 'tg_lerobot_bridge' build argument 'cmake_target_skip_unavailable' from command line to 'False'
[0.647s] Level 5:colcon.colcon_core.verb:set package 'tg_lerobot_bridge' build argument 'cmake_clean_cache' from command line to 'False'
[0.647s] Level 5:colcon.colcon_core.verb:set package 'tg_lerobot_bridge' build argument 'cmake_clean_first' from command line to 'False'
[0.647s] Level 5:colcon.colcon_core.verb:set package 'tg_lerobot_bridge' build argument 'cmake_force_configure' from command line to 'False'
[0.647s] Level 5:colcon.colcon_core.verb:set package 'tg_lerobot_bridge' build argument 'ament_cmake_args' from command line to 'None'
[0.647s] Level 5:colcon.colcon_core.verb:set package 'tg_lerobot_bridge' build argument 'catkin_cmake_args' from command line to 'None'
[0.647s] Level 5:colcon.colcon_core.verb:set package 'tg_lerobot_bridge' build argument 'catkin_skip_building_tests' from command line to 'False'
[0.647s] DEBUG:colcon.colcon_core.verb:Building package 'tg_lerobot_bridge' with the following arguments: {'ament_cmake_args': None, 'build_base': '/home/holms/Projects/lerobot/TG_Robot/build/tg_lerobot_bridge', 'catkin_cmake_args': None, 'catkin_skip_building_tests': False, 'cmake_args': None, 'cmake_clean_cache': False, 'cmake_clean_first': False, 'cmake_force_configure': False, 'cmake_target': None, 'cmake_target_skip_unavailable': False, 'install_base': '/home/holms/Projects/lerobot/TG_Robot/install/tg_lerobot_bridge', 'merge_install': False, 'path': '/home/holms/Projects/lerobot/TG_Robot/src/tg_lerobot_bridge', 'symlink_install': False, 'test_result_base': None}
[0.647s] INFO:colcon.colcon_core.executor:Executing jobs using 'parallel' executor
[0.648s] DEBUG:colcon.colcon_parallel_executor.executor.parallel:run_until_complete
[0.649s] INFO:colcon.colcon_core.task.python.build:Building Python package in '/home/holms/Projects/lerobot/TG_Robot/src/tg_lerobot_bridge'
[0.652s] INFO:colcon.colcon_core.plugin_system:Skipping extension 'colcon_core.shell.bat': Not used on non-Windows systems
[0.652s] INFO:colcon.colcon_core.shell:Skip shell extension 'powershell' for command environment: Not usable outside of PowerShell
[0.652s] DEBUG:colcon.colcon_core.shell:Skip shell extension 'dsv' for command environment
[1.211s] DEBUG:colcon.colcon_core.event_handler.log_command:Invoking command in '/home/holms/Projects/lerobot/TG_Robot/src/tg_lerobot_bridge': PYTHONPATH=/home/holms/Projects/lerobot/TG_Robot/build/tg_lerobot_bridge/prefix_override:/usr/lib/python3/dist-packages/colcon_core/task/python/colcon_distutils_commands:/home/holms/Projects/lerobot/TG_Robot/install/tg_lerobot_bridge/lib/python3.10/site-packages:${PYTHONPATH} /usr/bin/python3 -W ignore:setup.py install is deprecated -W ignore:easy_install command is deprecated setup.py egg_info --egg-base ../../build/tg_lerobot_bridge build --build-base /home/holms/Projects/lerobot/TG_Robot/build/tg_lerobot_bridge/build install --record /home/holms/Projects/lerobot/TG_Robot/build/tg_lerobot_bridge/install.log --single-version-externally-managed install_data
[1.458s] DEBUG:colcon.colcon_core.event_handler.log_command:Invoked command in '/home/holms/Projects/lerobot/TG_Robot/src/tg_lerobot_bridge' returned '0': PYTHONPATH=/home/holms/Projects/lerobot/TG_Robot/build/tg_lerobot_bridge/prefix_override:/usr/lib/python3/dist-packages/colcon_core/task/python/colcon_distutils_commands:/home/holms/Projects/lerobot/TG_Robot/install/tg_lerobot_bridge/lib/python3.10/site-packages:${PYTHONPATH} /usr/bin/python3 -W ignore:setup.py install is deprecated -W ignore:easy_install command is deprecated setup.py egg_info --egg-base ../../build/tg_lerobot_bridge build --build-base /home/holms/Projects/lerobot/TG_Robot/build/tg_lerobot_bridge/build install --record /home/holms/Projects/lerobot/TG_Robot/build/tg_lerobot_bridge/install.log --single-version-externally-managed install_data
[1.462s] Level 1:colcon.colcon_core.environment:checking '/home/holms/Projects/lerobot/TG_Robot/install/tg_lerobot_bridge' for CMake module files
[1.463s] Level 1:colcon.colcon_core.environment:checking '/home/holms/Projects/lerobot/TG_Robot/install/tg_lerobot_bridge' for CMake config files
[1.463s] Level 1:colcon.colcon_core.environment:checking '/home/holms/Projects/lerobot/TG_Robot/install/tg_lerobot_bridge/lib'
[1.463s] Level 1:colcon.colcon_core.environment:checking '/home/holms/Projects/lerobot/TG_Robot/install/tg_lerobot_bridge/bin'
[1.463s] Level 1:colcon.colcon_core.environment:checking '/home/holms/Projects/lerobot/TG_Robot/install/tg_lerobot_bridge/lib/pkgconfig/tg_lerobot_bridge.pc'
[1.464s] Level 1:colcon.colcon_core.environment:checking '/home/holms/Projects/lerobot/TG_Robot/install/tg_lerobot_bridge/lib/python3.10/site-packages'
[1.464s] Level 1:colcon.colcon_core.shell:create_environment_hook('tg_lerobot_bridge', 'pythonpath')
[1.464s] INFO:colcon.colcon_core.shell:Creating environment hook '/home/holms/Projects/lerobot/TG_Robot/install/tg_lerobot_bridge/share/tg_lerobot_bridge/hook/pythonpath.ps1'
[1.464s] INFO:colcon.colcon_core.shell:Creating environment descriptor '/home/holms/Projects/lerobot/TG_Robot/install/tg_lerobot_bridge/share/tg_lerobot_bridge/hook/pythonpath.dsv'
[1.465s] INFO:colcon.colcon_core.shell:Creating environment hook '/home/holms/Projects/lerobot/TG_Robot/install/tg_lerobot_bridge/share/tg_lerobot_bridge/hook/pythonpath.sh'
[1.466s] Level 1:colcon.colcon_core.environment:checking '/home/holms/Projects/lerobot/TG_Robot/install/tg_lerobot_bridge/bin'
[1.466s] Level 1:colcon.colcon_core.environment:create_environment_scripts_only(tg_lerobot_bridge)
[1.466s] INFO:colcon.colcon_core.shell:Creating package script '/home/holms/Projects/lerobot/TG_Robot/install/tg_lerobot_bridge/share/tg_lerobot_bridge/package.ps1'
[1.467s] INFO:colcon.colcon_core.shell:Creating package descriptor '/home/holms/Projects/lerobot/TG_Robot/install/tg_lerobot_bridge/share/tg_lerobot_bridge/package.dsv'
[1.467s] INFO:colcon.colcon_core.shell:Creating package script '/home/holms/Projects/lerobot/TG_Robot/install/tg_lerobot_bridge/share/tg_lerobot_bridge/package.sh'
[1.467s] INFO:colcon.colcon_core.shell:Creating package script '/home/holms/Projects/lerobot/TG_Robot/install/tg_lerobot_bridge/share/tg_lerobot_bridge/package.bash'
[1.468s] INFO:colcon.colcon_core.shell:Creating package script '/home/holms/Projects/lerobot/TG_Robot/install/tg_lerobot_bridge/share/tg_lerobot_bridge/package.zsh'
[1.468s] Level 1:colcon.colcon_core.environment:create_file_with_runtime_dependencies(/home/holms/Projects/lerobot/TG_Robot/install/tg_lerobot_bridge/share/colcon-core/packages/tg_lerobot_bridge)
[1.469s] DEBUG:colcon.colcon_parallel_executor.executor.parallel:closing loop
[1.469s] DEBUG:colcon.colcon_parallel_executor.executor.parallel:loop closed
[1.469s] DEBUG:colcon.colcon_parallel_executor.executor.parallel:run_until_complete finished with '0'
[1.469s] DEBUG:colcon.colcon_core.event_reactor:joining thread
[1.479s] INFO:colcon.colcon_core.plugin_system:Skipping extension 'colcon_notification.desktop_notification.terminal_notifier': Not used on non-Darwin systems
[1.479s] INFO:colcon.colcon_core.plugin_system:Skipping extension 'colcon_notification.desktop_notification.win32': Not used on non-Windows systems
[1.479s] INFO:colcon.colcon_notification.desktop_notification:Sending desktop notification using 'notify2'
[1.540s] DEBUG:colcon.colcon_core.event_reactor:joined thread
[1.540s] INFO:colcon.colcon_core.shell:Creating prefix script '/home/holms/Projects/lerobot/TG_Robot/install/local_setup.ps1'
[1.541s] INFO:colcon.colcon_core.shell:Creating prefix util module '/home/holms/Projects/lerobot/TG_Robot/install/_local_setup_util_ps1.py'
[1.542s] INFO:colcon.colcon_core.shell:Creating prefix chain script '/home/holms/Projects/lerobot/TG_Robot/install/setup.ps1'
[1.543s] INFO:colcon.colcon_core.shell:Creating prefix script '/home/holms/Projects/lerobot/TG_Robot/install/local_setup.sh'
[1.544s] INFO:colcon.colcon_core.shell:Creating prefix util module '/home/holms/Projects/lerobot/TG_Robot/install/_local_setup_util_sh.py'
[1.544s] INFO:colcon.colcon_core.shell:Creating prefix chain script '/home/holms/Projects/lerobot/TG_Robot/install/setup.sh'
[1.546s] INFO:colcon.colcon_core.shell:Creating prefix script '/home/holms/Projects/lerobot/TG_Robot/install/local_setup.bash'
[1.546s] INFO:colcon.colcon_core.shell:Creating prefix chain script '/home/holms/Projects/lerobot/TG_Robot/install/setup.bash'
[1.548s] INFO:colcon.colcon_core.shell:Creating prefix script '/home/holms/Projects/lerobot/TG_Robot/install/local_setup.zsh'
[1.549s] INFO:colcon.colcon_core.shell:Creating prefix chain script '/home/holms/Projects/lerobot/TG_Robot/install/setup.zsh'
