running egg_info
creating ../../build/example_py/example_py.egg-info
writing ../../build/example_py/example_py.egg-info/PKG-INFO
writing dependency_links to ../../build/example_py/example_py.egg-info/dependency_links.txt
writing entry points to ../../build/example_py/example_py.egg-info/entry_points.txt
writing requirements to ../../build/example_py/example_py.egg-info/requires.txt
writing top-level names to ../../build/example_py/example_py.egg-info/top_level.txt
writing manifest file '../../build/example_py/example_py.egg-info/SOURCES.txt'
reading manifest file '../../build/example_py/example_py.egg-info/SOURCES.txt'
adding license file 'LICENSE'
writing manifest file '../../build/example_py/example_py.egg-info/SOURCES.txt'
running build
running build_py
creating /home/holms/Projects/lerobot/TG_Robot/build/example_py/build
creating /home/holms/Projects/lerobot/TG_Robot/build/example_py/build/lib
creating /home/holms/Projects/lerobot/TG_Robot/build/example_py/build/lib/example_py
copying example_py/set_friction_parameters380.py -> /home/holms/Projects/lerobot/TG_Robot/build/example_py/build/lib/example_py
copying example_py/Longtime_test.py -> /home/holms/Projects/lerobot/TG_Robot/build/example_py/build/lib/example_py
copying example_py/test.py -> /home/holms/Projects/lerobot/TG_Robot/build/example_py/build/lib/example_py
copying example_py/example.py -> /home/holms/Projects/lerobot/TG_Robot/build/example_py/build/lib/example_py
copying example_py/set_parameters_150.py -> /home/holms/Projects/lerobot/TG_Robot/build/example_py/build/lib/example_py
copying example_py/can_query.py -> /home/holms/Projects/lerobot/TG_Robot/build/example_py/build/lib/example_py
copying example_py/__init__.py -> /home/holms/Projects/lerobot/TG_Robot/build/example_py/build/lib/example_py
copying example_py/motor_pub.py -> /home/holms/Projects/lerobot/TG_Robot/build/example_py/build/lib/example_py
copying example_py/arm.py -> /home/holms/Projects/lerobot/TG_Robot/build/example_py/build/lib/example_py
copying example_py/MoveJJ.py -> /home/holms/Projects/lerobot/TG_Robot/build/example_py/build/lib/example_py
copying example_py/read_joint_sn.py -> /home/holms/Projects/lerobot/TG_Robot/build/example_py/build/lib/example_py
copying example_py/set_parameters .py -> /home/holms/Projects/lerobot/TG_Robot/build/example_py/build/lib/example_py
copying example_py/teach_stop.py -> /home/holms/Projects/lerobot/TG_Robot/build/example_py/build/lib/example_py
copying example_py/set_friction_parameters copy.py -> /home/holms/Projects/lerobot/TG_Robot/build/example_py/build/lib/example_py
running install
running install_lib
creating /home/holms/Projects/lerobot/TG_Robot/install/example_py/lib/python3.10/site-packages/example_py
copying /home/holms/Projects/lerobot/TG_Robot/build/example_py/build/lib/example_py/set_friction_parameters380.py -> /home/holms/Projects/lerobot/TG_Robot/install/example_py/lib/python3.10/site-packages/example_py
copying /home/holms/Projects/lerobot/TG_Robot/build/example_py/build/lib/example_py/Longtime_test.py -> /home/holms/Projects/lerobot/TG_Robot/install/example_py/lib/python3.10/site-packages/example_py
copying /home/holms/Projects/lerobot/TG_Robot/build/example_py/build/lib/example_py/test.py -> /home/holms/Projects/lerobot/TG_Robot/install/example_py/lib/python3.10/site-packages/example_py
copying /home/holms/Projects/lerobot/TG_Robot/build/example_py/build/lib/example_py/example.py -> /home/holms/Projects/lerobot/TG_Robot/install/example_py/lib/python3.10/site-packages/example_py
copying /home/holms/Projects/lerobot/TG_Robot/build/example_py/build/lib/example_py/set_parameters_150.py -> /home/holms/Projects/lerobot/TG_Robot/install/example_py/lib/python3.10/site-packages/example_py
copying /home/holms/Projects/lerobot/TG_Robot/build/example_py/build/lib/example_py/can_query.py -> /home/holms/Projects/lerobot/TG_Robot/install/example_py/lib/python3.10/site-packages/example_py
copying /home/holms/Projects/lerobot/TG_Robot/build/example_py/build/lib/example_py/__init__.py -> /home/holms/Projects/lerobot/TG_Robot/install/example_py/lib/python3.10/site-packages/example_py
copying /home/holms/Projects/lerobot/TG_Robot/build/example_py/build/lib/example_py/motor_pub.py -> /home/holms/Projects/lerobot/TG_Robot/install/example_py/lib/python3.10/site-packages/example_py
copying /home/holms/Projects/lerobot/TG_Robot/build/example_py/build/lib/example_py/arm.py -> /home/holms/Projects/lerobot/TG_Robot/install/example_py/lib/python3.10/site-packages/example_py
copying /home/holms/Projects/lerobot/TG_Robot/build/example_py/build/lib/example_py/MoveJJ.py -> /home/holms/Projects/lerobot/TG_Robot/install/example_py/lib/python3.10/site-packages/example_py
copying /home/holms/Projects/lerobot/TG_Robot/build/example_py/build/lib/example_py/read_joint_sn.py -> /home/holms/Projects/lerobot/TG_Robot/install/example_py/lib/python3.10/site-packages/example_py
copying /home/holms/Projects/lerobot/TG_Robot/build/example_py/build/lib/example_py/set_parameters .py -> /home/holms/Projects/lerobot/TG_Robot/install/example_py/lib/python3.10/site-packages/example_py
copying /home/holms/Projects/lerobot/TG_Robot/build/example_py/build/lib/example_py/teach_stop.py -> /home/holms/Projects/lerobot/TG_Robot/install/example_py/lib/python3.10/site-packages/example_py
copying /home/holms/Projects/lerobot/TG_Robot/build/example_py/build/lib/example_py/set_friction_parameters copy.py -> /home/holms/Projects/lerobot/TG_Robot/install/example_py/lib/python3.10/site-packages/example_py
byte-compiling /home/holms/Projects/lerobot/TG_Robot/install/example_py/lib/python3.10/site-packages/example_py/set_friction_parameters380.py to set_friction_parameters380.cpython-310.pyc
byte-compiling /home/holms/Projects/lerobot/TG_Robot/install/example_py/lib/python3.10/site-packages/example_py/Longtime_test.py to Longtime_test.cpython-310.pyc
byte-compiling /home/holms/Projects/lerobot/TG_Robot/install/example_py/lib/python3.10/site-packages/example_py/test.py to test.cpython-310.pyc
byte-compiling /home/holms/Projects/lerobot/TG_Robot/install/example_py/lib/python3.10/site-packages/example_py/example.py to example.cpython-310.pyc
byte-compiling /home/holms/Projects/lerobot/TG_Robot/install/example_py/lib/python3.10/site-packages/example_py/set_parameters_150.py to set_parameters_150.cpython-310.pyc
byte-compiling /home/holms/Projects/lerobot/TG_Robot/install/example_py/lib/python3.10/site-packages/example_py/can_query.py to can_query.cpython-310.pyc
byte-compiling /home/holms/Projects/lerobot/TG_Robot/install/example_py/lib/python3.10/site-packages/example_py/__init__.py to __init__.cpython-310.pyc
byte-compiling /home/holms/Projects/lerobot/TG_Robot/install/example_py/lib/python3.10/site-packages/example_py/motor_pub.py to motor_pub.cpython-310.pyc
byte-compiling /home/holms/Projects/lerobot/TG_Robot/install/example_py/lib/python3.10/site-packages/example_py/arm.py to arm.cpython-310.pyc
byte-compiling /home/holms/Projects/lerobot/TG_Robot/install/example_py/lib/python3.10/site-packages/example_py/MoveJJ.py to MoveJJ.cpython-310.pyc
byte-compiling /home/holms/Projects/lerobot/TG_Robot/install/example_py/lib/python3.10/site-packages/example_py/read_joint_sn.py to read_joint_sn.cpython-310.pyc
byte-compiling /home/holms/Projects/lerobot/TG_Robot/install/example_py/lib/python3.10/site-packages/example_py/set_parameters .py to set_parameters .cpython-310.pyc
byte-compiling /home/holms/Projects/lerobot/TG_Robot/install/example_py/lib/python3.10/site-packages/example_py/teach_stop.py to teach_stop.cpython-310.pyc
byte-compiling /home/holms/Projects/lerobot/TG_Robot/install/example_py/lib/python3.10/site-packages/example_py/set_friction_parameters copy.py to set_friction_parameters copy.cpython-310.pyc
running install_data
creating /home/holms/Projects/lerobot/TG_Robot/install/example_py/share/ament_index
creating /home/holms/Projects/lerobot/TG_Robot/install/example_py/share/ament_index/resource_index
creating /home/holms/Projects/lerobot/TG_Robot/install/example_py/share/ament_index/resource_index/packages
copying resource/example_py -> /home/holms/Projects/lerobot/TG_Robot/install/example_py/share/ament_index/resource_index/packages
copying package.xml -> /home/holms/Projects/lerobot/TG_Robot/install/example_py/share/example_py
running install_egg_info
Copying ../../build/example_py/example_py.egg-info to /home/holms/Projects/lerobot/TG_Robot/install/example_py/lib/python3.10/site-packages/example_py-0.0.0-py3.10.egg-info
running install_scripts
Installing example script to /home/holms/Projects/lerobot/TG_Robot/install/example_py/lib/example_py
writing list of installed files to '/home/holms/Projects/lerobot/TG_Robot/build/example_py/install.log'
