[1.100s] Invoking command in '/home/holms/Projects/lerobot/TG_Robot/example/example_py': AMENT_PREFIX_PATH=/home/holms/Projects/lerobot/TG_Robot/install/robot_interfaces:${AMENT_PREFIX_PATH} CMAKE_PREFIX_PATH=/home/holms/Projects/lerobot/TG_Robot/install/robot_interfaces:${CMAKE_PREFIX_PATH} LD_LIBRARY_PATH=/home/holms/Projects/lerobot/TG_Robot/install/robot_interfaces/lib:/home/holms/Projects/TG_Robot/robot_base_v1.1/install/robot_driver/lib:/home/holms/Projects/TG_Robot/robot_base_v1.1/install/robot_interfaces/lib:/opt/ros/humble/opt/rviz_ogre_vendor/lib:/opt/ros/humble/lib/x86_64-linux-gnu:/opt/ros/humble/lib:/home/holms/Projects/mujoco/mujoco-3.3.0/bin PYTHONPATH=/home/holms/Projects/lerobot/TG_Robot/build/example_py/prefix_override:/usr/lib/python3/dist-packages/colcon_core/task/python/colcon_distutils_commands:/home/holms/Projects/lerobot/TG_Robot/install/example_py/lib/python3.10/site-packages:/home/holms/Projects/lerobot/TG_Robot/install/robot_interfaces/local/lib/python3.10/dist-packages:${PYTHONPATH} /usr/bin/python3 -W ignore:setup.py install is deprecated -W ignore:easy_install command is deprecated setup.py egg_info --egg-base ../../build/example_py build --build-base /home/holms/Projects/lerobot/TG_Robot/build/example_py/build install --record /home/holms/Projects/lerobot/TG_Robot/build/example_py/install.log --single-version-externally-managed install_data
[1.274s] running egg_info
[1.274s] creating ../../build/example_py/example_py.egg-info
[1.274s] writing ../../build/example_py/example_py.egg-info/PKG-INFO
[1.274s] writing dependency_links to ../../build/example_py/example_py.egg-info/dependency_links.txt
[1.274s] writing entry points to ../../build/example_py/example_py.egg-info/entry_points.txt
[1.274s] writing requirements to ../../build/example_py/example_py.egg-info/requires.txt
[1.277s] writing top-level names to ../../build/example_py/example_py.egg-info/top_level.txt
[1.277s] writing manifest file '../../build/example_py/example_py.egg-info/SOURCES.txt'
[1.277s] reading manifest file '../../build/example_py/example_py.egg-info/SOURCES.txt'
[1.277s] adding license file 'LICENSE'
[1.277s] writing manifest file '../../build/example_py/example_py.egg-info/SOURCES.txt'
[1.277s] running build
[1.277s] running build_py
[1.277s] creating /home/holms/Projects/lerobot/TG_Robot/build/example_py/build
[1.277s] creating /home/holms/Projects/lerobot/TG_Robot/build/example_py/build/lib
[1.277s] creating /home/holms/Projects/lerobot/TG_Robot/build/example_py/build/lib/example_py
[1.277s] copying example_py/set_friction_parameters380.py -> /home/holms/Projects/lerobot/TG_Robot/build/example_py/build/lib/example_py
[1.281s] copying example_py/Longtime_test.py -> /home/holms/Projects/lerobot/TG_Robot/build/example_py/build/lib/example_py
[1.281s] copying example_py/test.py -> /home/holms/Projects/lerobot/TG_Robot/build/example_py/build/lib/example_py
[1.281s] copying example_py/example.py -> /home/holms/Projects/lerobot/TG_Robot/build/example_py/build/lib/example_py
[1.282s] copying example_py/set_parameters_150.py -> /home/holms/Projects/lerobot/TG_Robot/build/example_py/build/lib/example_py
[1.282s] copying example_py/can_query.py -> /home/holms/Projects/lerobot/TG_Robot/build/example_py/build/lib/example_py
[1.283s] copying example_py/__init__.py -> /home/holms/Projects/lerobot/TG_Robot/build/example_py/build/lib/example_py
[1.283s] copying example_py/motor_pub.py -> /home/holms/Projects/lerobot/TG_Robot/build/example_py/build/lib/example_py
[1.284s] copying example_py/arm.py -> /home/holms/Projects/lerobot/TG_Robot/build/example_py/build/lib/example_py
[1.284s] copying example_py/MoveJJ.py -> /home/holms/Projects/lerobot/TG_Robot/build/example_py/build/lib/example_py
[1.284s] copying example_py/read_joint_sn.py -> /home/holms/Projects/lerobot/TG_Robot/build/example_py/build/lib/example_py
[1.285s] copying example_py/set_parameters .py -> /home/holms/Projects/lerobot/TG_Robot/build/example_py/build/lib/example_py
[1.288s] copying example_py/teach_stop.py -> /home/holms/Projects/lerobot/TG_Robot/build/example_py/build/lib/example_py
[1.288s] copying example_py/set_friction_parameters copy.py -> /home/holms/Projects/lerobot/TG_Robot/build/example_py/build/lib/example_py
[1.288s] running install
[1.288s] running install_lib
[1.288s] creating /home/holms/Projects/lerobot/TG_Robot/install/example_py/lib/python3.10/site-packages/example_py
[1.289s] copying /home/holms/Projects/lerobot/TG_Robot/build/example_py/build/lib/example_py/set_friction_parameters380.py -> /home/holms/Projects/lerobot/TG_Robot/install/example_py/lib/python3.10/site-packages/example_py
[1.289s] copying /home/holms/Projects/lerobot/TG_Robot/build/example_py/build/lib/example_py/Longtime_test.py -> /home/holms/Projects/lerobot/TG_Robot/install/example_py/lib/python3.10/site-packages/example_py
[1.289s] copying /home/holms/Projects/lerobot/TG_Robot/build/example_py/build/lib/example_py/test.py -> /home/holms/Projects/lerobot/TG_Robot/install/example_py/lib/python3.10/site-packages/example_py
[1.289s] copying /home/holms/Projects/lerobot/TG_Robot/build/example_py/build/lib/example_py/example.py -> /home/holms/Projects/lerobot/TG_Robot/install/example_py/lib/python3.10/site-packages/example_py
[1.289s] copying /home/holms/Projects/lerobot/TG_Robot/build/example_py/build/lib/example_py/set_parameters_150.py -> /home/holms/Projects/lerobot/TG_Robot/install/example_py/lib/python3.10/site-packages/example_py
[1.289s] copying /home/holms/Projects/lerobot/TG_Robot/build/example_py/build/lib/example_py/can_query.py -> /home/holms/Projects/lerobot/TG_Robot/install/example_py/lib/python3.10/site-packages/example_py
[1.289s] copying /home/holms/Projects/lerobot/TG_Robot/build/example_py/build/lib/example_py/__init__.py -> /home/holms/Projects/lerobot/TG_Robot/install/example_py/lib/python3.10/site-packages/example_py
[1.289s] copying /home/holms/Projects/lerobot/TG_Robot/build/example_py/build/lib/example_py/motor_pub.py -> /home/holms/Projects/lerobot/TG_Robot/install/example_py/lib/python3.10/site-packages/example_py
[1.289s] copying /home/holms/Projects/lerobot/TG_Robot/build/example_py/build/lib/example_py/arm.py -> /home/holms/Projects/lerobot/TG_Robot/install/example_py/lib/python3.10/site-packages/example_py
[1.289s] copying /home/holms/Projects/lerobot/TG_Robot/build/example_py/build/lib/example_py/MoveJJ.py -> /home/holms/Projects/lerobot/TG_Robot/install/example_py/lib/python3.10/site-packages/example_py
[1.289s] copying /home/holms/Projects/lerobot/TG_Robot/build/example_py/build/lib/example_py/read_joint_sn.py -> /home/holms/Projects/lerobot/TG_Robot/install/example_py/lib/python3.10/site-packages/example_py
[1.289s] copying /home/holms/Projects/lerobot/TG_Robot/build/example_py/build/lib/example_py/set_parameters .py -> /home/holms/Projects/lerobot/TG_Robot/install/example_py/lib/python3.10/site-packages/example_py
[1.289s] copying /home/holms/Projects/lerobot/TG_Robot/build/example_py/build/lib/example_py/teach_stop.py -> /home/holms/Projects/lerobot/TG_Robot/install/example_py/lib/python3.10/site-packages/example_py
[1.289s] copying /home/holms/Projects/lerobot/TG_Robot/build/example_py/build/lib/example_py/set_friction_parameters copy.py -> /home/holms/Projects/lerobot/TG_Robot/install/example_py/lib/python3.10/site-packages/example_py
[1.289s] byte-compiling /home/holms/Projects/lerobot/TG_Robot/install/example_py/lib/python3.10/site-packages/example_py/set_friction_parameters380.py to set_friction_parameters380.cpython-310.pyc
[1.290s] byte-compiling /home/holms/Projects/lerobot/TG_Robot/install/example_py/lib/python3.10/site-packages/example_py/Longtime_test.py to Longtime_test.cpython-310.pyc
[1.290s] byte-compiling /home/holms/Projects/lerobot/TG_Robot/install/example_py/lib/python3.10/site-packages/example_py/test.py to test.cpython-310.pyc
[1.291s] byte-compiling /home/holms/Projects/lerobot/TG_Robot/install/example_py/lib/python3.10/site-packages/example_py/example.py to example.cpython-310.pyc
[1.291s] byte-compiling /home/holms/Projects/lerobot/TG_Robot/install/example_py/lib/python3.10/site-packages/example_py/set_parameters_150.py to set_parameters_150.cpython-310.pyc
[1.294s] byte-compiling /home/holms/Projects/lerobot/TG_Robot/install/example_py/lib/python3.10/site-packages/example_py/can_query.py to can_query.cpython-310.pyc
[1.295s] byte-compiling /home/holms/Projects/lerobot/TG_Robot/install/example_py/lib/python3.10/site-packages/example_py/__init__.py to __init__.cpython-310.pyc
[1.295s] byte-compiling /home/holms/Projects/lerobot/TG_Robot/install/example_py/lib/python3.10/site-packages/example_py/motor_pub.py to motor_pub.cpython-310.pyc
[1.296s] byte-compiling /home/holms/Projects/lerobot/TG_Robot/install/example_py/lib/python3.10/site-packages/example_py/arm.py to arm.cpython-310.pyc
[1.297s] byte-compiling /home/holms/Projects/lerobot/TG_Robot/install/example_py/lib/python3.10/site-packages/example_py/MoveJJ.py to MoveJJ.cpython-310.pyc
[1.297s] byte-compiling /home/holms/Projects/lerobot/TG_Robot/install/example_py/lib/python3.10/site-packages/example_py/read_joint_sn.py to read_joint_sn.cpython-310.pyc
[1.299s] byte-compiling /home/holms/Projects/lerobot/TG_Robot/install/example_py/lib/python3.10/site-packages/example_py/set_parameters .py to set_parameters .cpython-310.pyc
[1.303s] byte-compiling /home/holms/Projects/lerobot/TG_Robot/install/example_py/lib/python3.10/site-packages/example_py/teach_stop.py to teach_stop.cpython-310.pyc
[1.303s] byte-compiling /home/holms/Projects/lerobot/TG_Robot/install/example_py/lib/python3.10/site-packages/example_py/set_friction_parameters copy.py to set_friction_parameters copy.cpython-310.pyc
[1.303s] running install_data
[1.303s] creating /home/holms/Projects/lerobot/TG_Robot/install/example_py/share/ament_index
[1.303s] creating /home/holms/Projects/lerobot/TG_Robot/install/example_py/share/ament_index/resource_index
[1.303s] creating /home/holms/Projects/lerobot/TG_Robot/install/example_py/share/ament_index/resource_index/packages
[1.303s] copying resource/example_py -> /home/holms/Projects/lerobot/TG_Robot/install/example_py/share/ament_index/resource_index/packages
[1.303s] copying package.xml -> /home/holms/Projects/lerobot/TG_Robot/install/example_py/share/example_py
[1.303s] running install_egg_info
[1.305s] Copying ../../build/example_py/example_py.egg-info to /home/holms/Projects/lerobot/TG_Robot/install/example_py/lib/python3.10/site-packages/example_py-0.0.0-py3.10.egg-info
[1.306s] running install_scripts
[1.324s] Installing example script to /home/holms/Projects/lerobot/TG_Robot/install/example_py/lib/example_py
[1.324s] writing list of installed files to '/home/holms/Projects/lerobot/TG_Robot/build/example_py/install.log'
[1.344s] Invoked command in '/home/holms/Projects/lerobot/TG_Robot/example/example_py' returned '0': AMENT_PREFIX_PATH=/home/holms/Projects/lerobot/TG_Robot/install/robot_interfaces:${AMENT_PREFIX_PATH} CMAKE_PREFIX_PATH=/home/holms/Projects/lerobot/TG_Robot/install/robot_interfaces:${CMAKE_PREFIX_PATH} LD_LIBRARY_PATH=/home/holms/Projects/lerobot/TG_Robot/install/robot_interfaces/lib:/home/holms/Projects/TG_Robot/robot_base_v1.1/install/robot_driver/lib:/home/holms/Projects/TG_Robot/robot_base_v1.1/install/robot_interfaces/lib:/opt/ros/humble/opt/rviz_ogre_vendor/lib:/opt/ros/humble/lib/x86_64-linux-gnu:/opt/ros/humble/lib:/home/holms/Projects/mujoco/mujoco-3.3.0/bin PYTHONPATH=/home/holms/Projects/lerobot/TG_Robot/build/example_py/prefix_override:/usr/lib/python3/dist-packages/colcon_core/task/python/colcon_distutils_commands:/home/holms/Projects/lerobot/TG_Robot/install/example_py/lib/python3.10/site-packages:/home/holms/Projects/lerobot/TG_Robot/install/robot_interfaces/local/lib/python3.10/dist-packages:${PYTHONPATH} /usr/bin/python3 -W ignore:setup.py install is deprecated -W ignore:easy_install command is deprecated setup.py egg_info --egg-base ../../build/example_py build --build-base /home/holms/Projects/lerobot/TG_Robot/build/example_py/build install --record /home/holms/Projects/lerobot/TG_Robot/build/example_py/install.log --single-version-externally-managed install_data
