[0.059s] Invoking command in '/home/holms/Projects/lerobot/TG_Robot/build/arm620_config': AMENT_PREFIX_PATH=/home/holms/Projects/lerobot/TG_Robot/install/robot_description:${AMENT_PREFIX_PATH} CMAKE_PREFIX_PATH=/home/holms/Projects/lerobot/TG_Robot/install/robot_description:/home/holms/Projects/TG_Robot/robot_base_v1.1/install/robot_virtual_fence:/home/holms/Projects/TG_Robot/robot_base_v1.1/install/robot_state_machine:/home/holms/Projects/TG_Robot/robot_base_v1.1/install/robot_sdk:/home/holms/Projects/TG_Robot/robot_base_v1.1/install/robot_driver:/home/holms/Projects/TG_Robot/robot_base_v1.1/install/robot_control:/home/holms/Projects/TG_Robot/robot_base_v1.1/install/motor_control_logger:/home/holms/Projects/TG_Robot/robot_base_v1.1/install/example_cpp:/home/holms/Projects/TG_Robot/robot_base_v1.1/install/robot_interfaces:/home/holms/Projects/TG_Robot/robot_base_v1.1/install/robot_gazebo:/home/holms/Projects/TG_Robot/robot_base_v1.1/install/arm620_config:/home/holms/Projects/TG_Robot/robot_base_v1.1/install/arm380_config:/home/holms/Projects/TG_Robot/robot_base_v1.1/install/robot_description:/home/holms/Projects/TG_Robot/robot_base_v1.1/install/robot_bringup:/home/holms/Projects/TG_Robot/robot_base_v1.1/install/traj_smoother_py:/home/holms/Projects/TG_Robot/robot_base_v1.1/install/robot_test_py:/home/holms/Projects/TG_Robot/robot_base_v1.1/install/robot_input:/home/holms/Projects/TG_Robot/robot_base_v1.1/install/example_py:/home/holms/Projects/TG_Robot/robot_base_v1.1/install/robot_dynamics:/opt/ros/humble /usr/bin/cmake --build /home/holms/Projects/lerobot/TG_Robot/build/arm620_config -- -j8 -l8
[0.272s] Invoked command in '/home/holms/Projects/lerobot/TG_Robot/build/arm620_config' returned '0': AMENT_PREFIX_PATH=/home/holms/Projects/lerobot/TG_Robot/install/robot_description:${AMENT_PREFIX_PATH} CMAKE_PREFIX_PATH=/home/holms/Projects/lerobot/TG_Robot/install/robot_description:/home/holms/Projects/TG_Robot/robot_base_v1.1/install/robot_virtual_fence:/home/holms/Projects/TG_Robot/robot_base_v1.1/install/robot_state_machine:/home/holms/Projects/TG_Robot/robot_base_v1.1/install/robot_sdk:/home/holms/Projects/TG_Robot/robot_base_v1.1/install/robot_driver:/home/holms/Projects/TG_Robot/robot_base_v1.1/install/robot_control:/home/holms/Projects/TG_Robot/robot_base_v1.1/install/motor_control_logger:/home/holms/Projects/TG_Robot/robot_base_v1.1/install/example_cpp:/home/holms/Projects/TG_Robot/robot_base_v1.1/install/robot_interfaces:/home/holms/Projects/TG_Robot/robot_base_v1.1/install/robot_gazebo:/home/holms/Projects/TG_Robot/robot_base_v1.1/install/arm620_config:/home/holms/Projects/TG_Robot/robot_base_v1.1/install/arm380_config:/home/holms/Projects/TG_Robot/robot_base_v1.1/install/robot_description:/home/holms/Projects/TG_Robot/robot_base_v1.1/install/robot_bringup:/home/holms/Projects/TG_Robot/robot_base_v1.1/install/traj_smoother_py:/home/holms/Projects/TG_Robot/robot_base_v1.1/install/robot_test_py:/home/holms/Projects/TG_Robot/robot_base_v1.1/install/robot_input:/home/holms/Projects/TG_Robot/robot_base_v1.1/install/example_py:/home/holms/Projects/TG_Robot/robot_base_v1.1/install/robot_dynamics:/opt/ros/humble /usr/bin/cmake --build /home/holms/Projects/lerobot/TG_Robot/build/arm620_config -- -j8 -l8
[0.273s] Invoking command in '/home/holms/Projects/lerobot/TG_Robot/build/arm620_config': AMENT_PREFIX_PATH=/home/holms/Projects/lerobot/TG_Robot/install/robot_description:${AMENT_PREFIX_PATH} CMAKE_PREFIX_PATH=/home/holms/Projects/lerobot/TG_Robot/install/robot_description:/home/holms/Projects/TG_Robot/robot_base_v1.1/install/robot_virtual_fence:/home/holms/Projects/TG_Robot/robot_base_v1.1/install/robot_state_machine:/home/holms/Projects/TG_Robot/robot_base_v1.1/install/robot_sdk:/home/holms/Projects/TG_Robot/robot_base_v1.1/install/robot_driver:/home/holms/Projects/TG_Robot/robot_base_v1.1/install/robot_control:/home/holms/Projects/TG_Robot/robot_base_v1.1/install/motor_control_logger:/home/holms/Projects/TG_Robot/robot_base_v1.1/install/example_cpp:/home/holms/Projects/TG_Robot/robot_base_v1.1/install/robot_interfaces:/home/holms/Projects/TG_Robot/robot_base_v1.1/install/robot_gazebo:/home/holms/Projects/TG_Robot/robot_base_v1.1/install/arm620_config:/home/holms/Projects/TG_Robot/robot_base_v1.1/install/arm380_config:/home/holms/Projects/TG_Robot/robot_base_v1.1/install/robot_description:/home/holms/Projects/TG_Robot/robot_base_v1.1/install/robot_bringup:/home/holms/Projects/TG_Robot/robot_base_v1.1/install/traj_smoother_py:/home/holms/Projects/TG_Robot/robot_base_v1.1/install/robot_test_py:/home/holms/Projects/TG_Robot/robot_base_v1.1/install/robot_input:/home/holms/Projects/TG_Robot/robot_base_v1.1/install/example_py:/home/holms/Projects/TG_Robot/robot_base_v1.1/install/robot_dynamics:/opt/ros/humble /usr/bin/cmake --install /home/holms/Projects/lerobot/TG_Robot/build/arm620_config
[0.287s] -- Install configuration: ""
[0.288s] -- Up-to-date: /home/holms/Projects/lerobot/TG_Robot/install/arm620_config/share/ament_index/resource_index/package_run_dependencies/arm620_config
[0.288s] -- Up-to-date: /home/holms/Projects/lerobot/TG_Robot/install/arm620_config/share/ament_index/resource_index/parent_prefix_path/arm620_config
[0.288s] -- Up-to-date: /home/holms/Projects/lerobot/TG_Robot/install/arm620_config/share/arm620_config/environment/ament_prefix_path.sh
[0.288s] -- Up-to-date: /home/holms/Projects/lerobot/TG_Robot/install/arm620_config/share/arm620_config/environment/ament_prefix_path.dsv
[0.288s] -- Up-to-date: /home/holms/Projects/lerobot/TG_Robot/install/arm620_config/share/arm620_config/environment/path.sh
[0.288s] -- Up-to-date: /home/holms/Projects/lerobot/TG_Robot/install/arm620_config/share/arm620_config/environment/path.dsv
[0.288s] -- Up-to-date: /home/holms/Projects/lerobot/TG_Robot/install/arm620_config/share/arm620_config/local_setup.bash
[0.288s] -- Up-to-date: /home/holms/Projects/lerobot/TG_Robot/install/arm620_config/share/arm620_config/local_setup.sh
[0.288s] -- Up-to-date: /home/holms/Projects/lerobot/TG_Robot/install/arm620_config/share/arm620_config/local_setup.zsh
[0.288s] -- Up-to-date: /home/holms/Projects/lerobot/TG_Robot/install/arm620_config/share/arm620_config/local_setup.dsv
[0.289s] -- Up-to-date: /home/holms/Projects/lerobot/TG_Robot/install/arm620_config/share/arm620_config/package.dsv
[0.289s] -- Up-to-date: /home/holms/Projects/lerobot/TG_Robot/install/arm620_config/share/ament_index/resource_index/packages/arm620_config
[0.289s] -- Up-to-date: /home/holms/Projects/lerobot/TG_Robot/install/arm620_config/share/arm620_config/cmake/arm620_configConfig.cmake
[0.289s] -- Up-to-date: /home/holms/Projects/lerobot/TG_Robot/install/arm620_config/share/arm620_config/cmake/arm620_configConfig-version.cmake
[0.289s] -- Up-to-date: /home/holms/Projects/lerobot/TG_Robot/install/arm620_config/share/arm620_config/package.xml
[0.289s] -- Up-to-date: /home/holms/Projects/lerobot/TG_Robot/install/arm620_config/share/arm620_config/launch
[0.289s] -- Up-to-date: /home/holms/Projects/lerobot/TG_Robot/install/arm620_config/share/arm620_config/launch/demo.launch.py
[0.289s] -- Up-to-date: /home/holms/Projects/lerobot/TG_Robot/install/arm620_config/share/arm620_config/launch/gazebo_moveit_demo.launch.py
[0.289s] -- Up-to-date: /home/holms/Projects/lerobot/TG_Robot/install/arm620_config/share/arm620_config/launch/warehouse_db.launch.py
[0.289s] -- Up-to-date: /home/holms/Projects/lerobot/TG_Robot/install/arm620_config/share/arm620_config/launch/setup_assistant.launch.py
[0.289s] -- Up-to-date: /home/holms/Projects/lerobot/TG_Robot/install/arm620_config/share/arm620_config/launch/moveit_rviz.launch.py
[0.289s] -- Up-to-date: /home/holms/Projects/lerobot/TG_Robot/install/arm620_config/share/arm620_config/launch/rsp.launch.py
[0.290s] -- Up-to-date: /home/holms/Projects/lerobot/TG_Robot/install/arm620_config/share/arm620_config/launch/real_moveit_demo.launch.py
[0.290s] -- Up-to-date: /home/holms/Projects/lerobot/TG_Robot/install/arm620_config/share/arm620_config/launch/move_group.launch.py
[0.290s] -- Up-to-date: /home/holms/Projects/lerobot/TG_Robot/install/arm620_config/share/arm620_config/launch/static_virtual_joint_tfs.launch.py
[0.290s] -- Up-to-date: /home/holms/Projects/lerobot/TG_Robot/install/arm620_config/share/arm620_config/launch/spawn_controllers.launch.py
[0.290s] -- Up-to-date: /home/holms/Projects/lerobot/TG_Robot/install/arm620_config/share/arm620_config/config
[0.290s] -- Up-to-date: /home/holms/Projects/lerobot/TG_Robot/install/arm620_config/share/arm620_config/config/pilz_cartesian_limits.yaml
[0.291s] -- Up-to-date: /home/holms/Projects/lerobot/TG_Robot/install/arm620_config/share/arm620_config/config/moveit.rviz
[0.291s] -- Up-to-date: /home/holms/Projects/lerobot/TG_Robot/install/arm620_config/share/arm620_config/config/initial_positions.yaml
[0.291s] -- Up-to-date: /home/holms/Projects/lerobot/TG_Robot/install/arm620_config/share/arm620_config/config/moveit_controllers.yaml
[0.291s] -- Up-to-date: /home/holms/Projects/lerobot/TG_Robot/install/arm620_config/share/arm620_config/config/kinematics.yaml
[0.291s] -- Up-to-date: /home/holms/Projects/lerobot/TG_Robot/install/arm620_config/share/arm620_config/config/arm620.srdf
[0.291s] -- Up-to-date: /home/holms/Projects/lerobot/TG_Robot/install/arm620_config/share/arm620_config/config/joint_limits.yaml
[0.291s] -- Up-to-date: /home/holms/Projects/lerobot/TG_Robot/install/arm620_config/share/arm620_config/config/arm620.ros2_control.xacro
[0.291s] -- Up-to-date: /home/holms/Projects/lerobot/TG_Robot/install/arm620_config/share/arm620_config/config/arm620.urdf.xacro
[0.291s] -- Up-to-date: /home/holms/Projects/lerobot/TG_Robot/install/arm620_config/share/arm620_config/config/ros2_controllers.yaml
[0.291s] -- Up-to-date: /home/holms/Projects/lerobot/TG_Robot/install/arm620_config/share/arm620_config/.setup_assistant
[0.303s] Invoked command in '/home/holms/Projects/lerobot/TG_Robot/build/arm620_config' returned '0': AMENT_PREFIX_PATH=/home/holms/Projects/lerobot/TG_Robot/install/robot_description:${AMENT_PREFIX_PATH} CMAKE_PREFIX_PATH=/home/holms/Projects/lerobot/TG_Robot/install/robot_description:/home/holms/Projects/TG_Robot/robot_base_v1.1/install/robot_virtual_fence:/home/holms/Projects/TG_Robot/robot_base_v1.1/install/robot_state_machine:/home/holms/Projects/TG_Robot/robot_base_v1.1/install/robot_sdk:/home/holms/Projects/TG_Robot/robot_base_v1.1/install/robot_driver:/home/holms/Projects/TG_Robot/robot_base_v1.1/install/robot_control:/home/holms/Projects/TG_Robot/robot_base_v1.1/install/motor_control_logger:/home/holms/Projects/TG_Robot/robot_base_v1.1/install/example_cpp:/home/holms/Projects/TG_Robot/robot_base_v1.1/install/robot_interfaces:/home/holms/Projects/TG_Robot/robot_base_v1.1/install/robot_gazebo:/home/holms/Projects/TG_Robot/robot_base_v1.1/install/arm620_config:/home/holms/Projects/TG_Robot/robot_base_v1.1/install/arm380_config:/home/holms/Projects/TG_Robot/robot_base_v1.1/install/robot_description:/home/holms/Projects/TG_Robot/robot_base_v1.1/install/robot_bringup:/home/holms/Projects/TG_Robot/robot_base_v1.1/install/traj_smoother_py:/home/holms/Projects/TG_Robot/robot_base_v1.1/install/robot_test_py:/home/holms/Projects/TG_Robot/robot_base_v1.1/install/robot_input:/home/holms/Projects/TG_Robot/robot_base_v1.1/install/example_py:/home/holms/Projects/TG_Robot/robot_base_v1.1/install/robot_dynamics:/opt/ros/humble /usr/bin/cmake --install /home/holms/Projects/lerobot/TG_Robot/build/arm620_config
