[0.028s] Invoking command in '/home/holms/Projects/lerobot/TG_Robot/build/robot_gazebo': CMAKE_PREFIX_PATH=${CMAKE_PREFIX_PATH}:/home/holms/Projects/lerobot/TG_Robot/install/traj_smoother_py:/home/holms/Projects/lerobot/TG_Robot/install/tg_lerobot_bridge:/home/holms/Projects/lerobot/TG_Robot/install/robot_test_py:/home/holms/Projects/lerobot/TG_Robot/install/robot_input:/home/holms/Projects/lerobot/TG_Robot/install/example_py:/home/holms/Projects/lerobot/TG_Robot/install/robot_dynamics:/home/holms/Projects/TG_Robot/robot_base_v1.1/install/traj_smoother_py:/home/holms/Projects/TG_Robot/robot_base_v1.1/install/robot_test_py:/home/holms/Projects/TG_Robot/robot_base_v1.1/install/robot_input:/home/holms/Projects/TG_Robot/robot_base_v1.1/install/example_py:/home/holms/Projects/TG_Robot/robot_base_v1.1/install/robot_dynamics:/opt/ros/humble /usr/bin/cmake --build /home/holms/Projects/lerobot/TG_Robot/build/robot_gazebo -- -j8 -l8
[0.147s] Invoked command in '/home/holms/Projects/lerobot/TG_Robot/build/robot_gazebo' returned '0': CMAKE_PREFIX_PATH=${CMAKE_PREFIX_PATH}:/home/holms/Projects/lerobot/TG_Robot/install/traj_smoother_py:/home/holms/Projects/lerobot/TG_Robot/install/tg_lerobot_bridge:/home/holms/Projects/lerobot/TG_Robot/install/robot_test_py:/home/holms/Projects/lerobot/TG_Robot/install/robot_input:/home/holms/Projects/lerobot/TG_Robot/install/example_py:/home/holms/Projects/lerobot/TG_Robot/install/robot_dynamics:/home/holms/Projects/TG_Robot/robot_base_v1.1/install/traj_smoother_py:/home/holms/Projects/TG_Robot/robot_base_v1.1/install/robot_test_py:/home/holms/Projects/TG_Robot/robot_base_v1.1/install/robot_input:/home/holms/Projects/TG_Robot/robot_base_v1.1/install/example_py:/home/holms/Projects/TG_Robot/robot_base_v1.1/install/robot_dynamics:/opt/ros/humble /usr/bin/cmake --build /home/holms/Projects/lerobot/TG_Robot/build/robot_gazebo -- -j8 -l8
[0.156s] Invoking command in '/home/holms/Projects/lerobot/TG_Robot/build/robot_gazebo': CMAKE_PREFIX_PATH=${CMAKE_PREFIX_PATH}:/home/holms/Projects/lerobot/TG_Robot/install/traj_smoother_py:/home/holms/Projects/lerobot/TG_Robot/install/tg_lerobot_bridge:/home/holms/Projects/lerobot/TG_Robot/install/robot_test_py:/home/holms/Projects/lerobot/TG_Robot/install/robot_input:/home/holms/Projects/lerobot/TG_Robot/install/example_py:/home/holms/Projects/lerobot/TG_Robot/install/robot_dynamics:/home/holms/Projects/TG_Robot/robot_base_v1.1/install/traj_smoother_py:/home/holms/Projects/TG_Robot/robot_base_v1.1/install/robot_test_py:/home/holms/Projects/TG_Robot/robot_base_v1.1/install/robot_input:/home/holms/Projects/TG_Robot/robot_base_v1.1/install/example_py:/home/holms/Projects/TG_Robot/robot_base_v1.1/install/robot_dynamics:/opt/ros/humble /usr/bin/cmake --install /home/holms/Projects/lerobot/TG_Robot/build/robot_gazebo
[0.163s] -- Install configuration: ""
[0.165s] -- Execute custom install script
[0.166s] -- Up-to-date symlink: /home/holms/Projects/lerobot/TG_Robot/install/robot_gazebo/share/robot_gazebo/launch/__pycache__/robot_gazebo.launch.cpython-310.pyc
[0.166s] -- Symlinking: /home/holms/Projects/lerobot/TG_Robot/install/robot_gazebo/share/robot_gazebo/launch/__pycache__/robot_gazebo_lerobot.launch.cpython-310.pyc
[0.177s] -- Up-to-date symlink: /home/holms/Projects/lerobot/TG_Robot/install/robot_gazebo/share/robot_gazebo/launch/robot_gazebo.launch.py
[0.177s] -- Up-to-date symlink: /home/holms/Projects/lerobot/TG_Robot/install/robot_gazebo/share/robot_gazebo/launch/robot_gazebo_lerobot.launch.py
[0.177s] -- Up-to-date symlink: /home/holms/Projects/lerobot/TG_Robot/install/robot_gazebo/share/robot_gazebo/config/gazebo_arm380.urdf.xacro
[0.177s] -- Up-to-date symlink: /home/holms/Projects/lerobot/TG_Robot/install/robot_gazebo/share/robot_gazebo/config/gazebo_arm620.urdf.xacro
[0.177s] -- Up-to-date symlink: /home/holms/Projects/lerobot/TG_Robot/install/robot_gazebo/share/robot_gazebo/config/gazebo_arm620_lerobot.urdf.xacro
[0.177s] -- Up-to-date symlink: /home/holms/Projects/lerobot/TG_Robot/install/robot_gazebo/share/ament_index/resource_index/package_run_dependencies/robot_gazebo
[0.177s] -- Up-to-date symlink: /home/holms/Projects/lerobot/TG_Robot/install/robot_gazebo/share/ament_index/resource_index/parent_prefix_path/robot_gazebo
[0.178s] -- Up-to-date symlink: /home/holms/Projects/lerobot/TG_Robot/install/robot_gazebo/share/robot_gazebo/environment/ament_prefix_path.sh
[0.178s] -- Up-to-date symlink: /home/holms/Projects/lerobot/TG_Robot/install/robot_gazebo/share/robot_gazebo/environment/ament_prefix_path.dsv
[0.178s] -- Up-to-date symlink: /home/holms/Projects/lerobot/TG_Robot/install/robot_gazebo/share/robot_gazebo/environment/path.sh
[0.178s] -- Up-to-date symlink: /home/holms/Projects/lerobot/TG_Robot/install/robot_gazebo/share/robot_gazebo/environment/path.dsv
[0.178s] -- Up-to-date symlink: /home/holms/Projects/lerobot/TG_Robot/install/robot_gazebo/share/robot_gazebo/local_setup.bash
[0.178s] -- Up-to-date symlink: /home/holms/Projects/lerobot/TG_Robot/install/robot_gazebo/share/robot_gazebo/local_setup.sh
[0.178s] -- Up-to-date symlink: /home/holms/Projects/lerobot/TG_Robot/install/robot_gazebo/share/robot_gazebo/local_setup.zsh
[0.178s] -- Up-to-date symlink: /home/holms/Projects/lerobot/TG_Robot/install/robot_gazebo/share/robot_gazebo/local_setup.dsv
[0.178s] -- Symlinking: /home/holms/Projects/lerobot/TG_Robot/install/robot_gazebo/share/robot_gazebo/package.dsv
[0.186s] -- Up-to-date symlink: /home/holms/Projects/lerobot/TG_Robot/install/robot_gazebo/share/ament_index/resource_index/packages/robot_gazebo
[0.186s] -- Up-to-date symlink: /home/holms/Projects/lerobot/TG_Robot/install/robot_gazebo/share/robot_gazebo/cmake/robot_gazeboConfig.cmake
[0.186s] -- Up-to-date symlink: /home/holms/Projects/lerobot/TG_Robot/install/robot_gazebo/share/robot_gazebo/cmake/robot_gazeboConfig-version.cmake
[0.186s] -- Up-to-date symlink: /home/holms/Projects/lerobot/TG_Robot/install/robot_gazebo/share/robot_gazebo/package.xml
[0.187s] Invoked command in '/home/holms/Projects/lerobot/TG_Robot/build/robot_gazebo' returned '0': CMAKE_PREFIX_PATH=${CMAKE_PREFIX_PATH}:/home/holms/Projects/lerobot/TG_Robot/install/traj_smoother_py:/home/holms/Projects/lerobot/TG_Robot/install/tg_lerobot_bridge:/home/holms/Projects/lerobot/TG_Robot/install/robot_test_py:/home/holms/Projects/lerobot/TG_Robot/install/robot_input:/home/holms/Projects/lerobot/TG_Robot/install/example_py:/home/holms/Projects/lerobot/TG_Robot/install/robot_dynamics:/home/holms/Projects/TG_Robot/robot_base_v1.1/install/traj_smoother_py:/home/holms/Projects/TG_Robot/robot_base_v1.1/install/robot_test_py:/home/holms/Projects/TG_Robot/robot_base_v1.1/install/robot_input:/home/holms/Projects/TG_Robot/robot_base_v1.1/install/example_py:/home/holms/Projects/TG_Robot/robot_base_v1.1/install/robot_dynamics:/opt/ros/humble /usr/bin/cmake --install /home/holms/Projects/lerobot/TG_Robot/build/robot_gazebo
