[0.025s] Invoking command in '/home/holms/Projects/lerobot/TG_Robot/build/robot_gazebo': CMAKE_PREFIX_PATH=${CMAKE_PREFIX_PATH}:/home/holms/Projects/lerobot/TG_Robot/install/traj_smoother_py:/home/holms/Projects/lerobot/TG_Robot/install/tg_lerobot_bridge:/home/holms/Projects/lerobot/TG_Robot/install/robot_test_py:/home/holms/Projects/lerobot/TG_Robot/install/robot_input:/home/holms/Projects/lerobot/TG_Robot/install/example_py:/home/holms/Projects/lerobot/TG_Robot/install/robot_dynamics:/home/holms/Projects/TG_Robot/robot_base_v1.1/install/traj_smoother_py:/home/holms/Projects/TG_Robot/robot_base_v1.1/install/robot_test_py:/home/holms/Projects/TG_Robot/robot_base_v1.1/install/robot_input:/home/holms/Projects/TG_Robot/robot_base_v1.1/install/example_py:/home/holms/Projects/TG_Robot/robot_base_v1.1/install/robot_dynamics:/opt/ros/humble /usr/bin/cmake /home/holms/Projects/lerobot/TG_Robot/src/robot_gazebo -DCMAKE_INSTALL_PREFIX=/home/holms/Projects/lerobot/TG_Robot/install/robot_gazebo
[0.125s] -- Found ament_cmake: 1.3.14 (/opt/ros/humble/share/ament_cmake/cmake)
[0.266s] -- Override CMake install command with custom implementation using symlinks instead of copying resources
[0.298s] -- Found ament_lint_auto: 0.12.15 (/opt/ros/humble/share/ament_lint_auto/cmake)
[0.382s] -- Added test 'flake8' to check Python code syntax and style conventions
[0.383s] -- Added test 'lint_cmake' to check CMake code style
[0.384s] -- Added test 'pep257' to check Python code against some of the docstring style conventions in PEP 257
[0.386s] -- Added test 'xmllint' to check XML markup files
[0.390s] -- Configuring done
[0.415s] -- Generating done
[0.421s] -- Build files have been written to: /home/holms/Projects/lerobot/TG_Robot/build/robot_gazebo
[0.429s] Invoked command in '/home/holms/Projects/lerobot/TG_Robot/build/robot_gazebo' returned '0': CMAKE_PREFIX_PATH=${CMAKE_PREFIX_PATH}:/home/holms/Projects/lerobot/TG_Robot/install/traj_smoother_py:/home/holms/Projects/lerobot/TG_Robot/install/tg_lerobot_bridge:/home/holms/Projects/lerobot/TG_Robot/install/robot_test_py:/home/holms/Projects/lerobot/TG_Robot/install/robot_input:/home/holms/Projects/lerobot/TG_Robot/install/example_py:/home/holms/Projects/lerobot/TG_Robot/install/robot_dynamics:/home/holms/Projects/TG_Robot/robot_base_v1.1/install/traj_smoother_py:/home/holms/Projects/TG_Robot/robot_base_v1.1/install/robot_test_py:/home/holms/Projects/TG_Robot/robot_base_v1.1/install/robot_input:/home/holms/Projects/TG_Robot/robot_base_v1.1/install/example_py:/home/holms/Projects/TG_Robot/robot_base_v1.1/install/robot_dynamics:/opt/ros/humble /usr/bin/cmake /home/holms/Projects/lerobot/TG_Robot/src/robot_gazebo -DCMAKE_INSTALL_PREFIX=/home/holms/Projects/lerobot/TG_Robot/install/robot_gazebo
[0.431s] Invoking command in '/home/holms/Projects/lerobot/TG_Robot/build/robot_gazebo': CMAKE_PREFIX_PATH=${CMAKE_PREFIX_PATH}:/home/holms/Projects/lerobot/TG_Robot/install/traj_smoother_py:/home/holms/Projects/lerobot/TG_Robot/install/tg_lerobot_bridge:/home/holms/Projects/lerobot/TG_Robot/install/robot_test_py:/home/holms/Projects/lerobot/TG_Robot/install/robot_input:/home/holms/Projects/lerobot/TG_Robot/install/example_py:/home/holms/Projects/lerobot/TG_Robot/install/robot_dynamics:/home/holms/Projects/TG_Robot/robot_base_v1.1/install/traj_smoother_py:/home/holms/Projects/TG_Robot/robot_base_v1.1/install/robot_test_py:/home/holms/Projects/TG_Robot/robot_base_v1.1/install/robot_input:/home/holms/Projects/TG_Robot/robot_base_v1.1/install/example_py:/home/holms/Projects/TG_Robot/robot_base_v1.1/install/robot_dynamics:/opt/ros/humble /usr/bin/cmake --build /home/holms/Projects/lerobot/TG_Robot/build/robot_gazebo -- -j8 -l8
[0.471s] Invoked command in '/home/holms/Projects/lerobot/TG_Robot/build/robot_gazebo' returned '0': CMAKE_PREFIX_PATH=${CMAKE_PREFIX_PATH}:/home/holms/Projects/lerobot/TG_Robot/install/traj_smoother_py:/home/holms/Projects/lerobot/TG_Robot/install/tg_lerobot_bridge:/home/holms/Projects/lerobot/TG_Robot/install/robot_test_py:/home/holms/Projects/lerobot/TG_Robot/install/robot_input:/home/holms/Projects/lerobot/TG_Robot/install/example_py:/home/holms/Projects/lerobot/TG_Robot/install/robot_dynamics:/home/holms/Projects/TG_Robot/robot_base_v1.1/install/traj_smoother_py:/home/holms/Projects/TG_Robot/robot_base_v1.1/install/robot_test_py:/home/holms/Projects/TG_Robot/robot_base_v1.1/install/robot_input:/home/holms/Projects/TG_Robot/robot_base_v1.1/install/example_py:/home/holms/Projects/TG_Robot/robot_base_v1.1/install/robot_dynamics:/opt/ros/humble /usr/bin/cmake --build /home/holms/Projects/lerobot/TG_Robot/build/robot_gazebo -- -j8 -l8
[0.480s] Invoking command in '/home/holms/Projects/lerobot/TG_Robot/build/robot_gazebo': CMAKE_PREFIX_PATH=${CMAKE_PREFIX_PATH}:/home/holms/Projects/lerobot/TG_Robot/install/traj_smoother_py:/home/holms/Projects/lerobot/TG_Robot/install/tg_lerobot_bridge:/home/holms/Projects/lerobot/TG_Robot/install/robot_test_py:/home/holms/Projects/lerobot/TG_Robot/install/robot_input:/home/holms/Projects/lerobot/TG_Robot/install/example_py:/home/holms/Projects/lerobot/TG_Robot/install/robot_dynamics:/home/holms/Projects/TG_Robot/robot_base_v1.1/install/traj_smoother_py:/home/holms/Projects/TG_Robot/robot_base_v1.1/install/robot_test_py:/home/holms/Projects/TG_Robot/robot_base_v1.1/install/robot_input:/home/holms/Projects/TG_Robot/robot_base_v1.1/install/example_py:/home/holms/Projects/TG_Robot/robot_base_v1.1/install/robot_dynamics:/opt/ros/humble /usr/bin/cmake --install /home/holms/Projects/lerobot/TG_Robot/build/robot_gazebo
[0.486s] -- Install configuration: ""
[0.487s] -- Execute custom install script
[0.488s] -- Up-to-date symlink: /home/holms/Projects/lerobot/TG_Robot/install/robot_gazebo/share/robot_gazebo/launch/__pycache__/robot_gazebo.launch.cpython-310.pyc
[0.488s] -- Symlinking: /home/holms/Projects/lerobot/TG_Robot/install/robot_gazebo/share/robot_gazebo/launch/__pycache__/robot_gazebo_lerobot.launch.cpython-310.pyc
[0.495s] -- Up-to-date symlink: /home/holms/Projects/lerobot/TG_Robot/install/robot_gazebo/share/robot_gazebo/launch/robot_gazebo.launch.py
[0.495s] -- Up-to-date symlink: /home/holms/Projects/lerobot/TG_Robot/install/robot_gazebo/share/robot_gazebo/launch/robot_gazebo_lerobot.launch.py
[0.496s] -- Up-to-date symlink: /home/holms/Projects/lerobot/TG_Robot/install/robot_gazebo/share/robot_gazebo/config/gazebo_arm380.urdf.xacro
[0.497s] -- Up-to-date symlink: /home/holms/Projects/lerobot/TG_Robot/install/robot_gazebo/share/robot_gazebo/config/gazebo_arm620.urdf.xacro
[0.497s] -- Up-to-date symlink: /home/holms/Projects/lerobot/TG_Robot/install/robot_gazebo/share/robot_gazebo/config/gazebo_arm620_lerobot.urdf.xacro
[0.497s] -- Up-to-date symlink: /home/holms/Projects/lerobot/TG_Robot/install/robot_gazebo/share/ament_index/resource_index/package_run_dependencies/robot_gazebo
[0.497s] -- Up-to-date symlink: /home/holms/Projects/lerobot/TG_Robot/install/robot_gazebo/share/ament_index/resource_index/parent_prefix_path/robot_gazebo
[0.498s] -- Up-to-date symlink: /home/holms/Projects/lerobot/TG_Robot/install/robot_gazebo/share/robot_gazebo/environment/ament_prefix_path.sh
[0.498s] -- Up-to-date symlink: /home/holms/Projects/lerobot/TG_Robot/install/robot_gazebo/share/robot_gazebo/environment/ament_prefix_path.dsv
[0.498s] -- Up-to-date symlink: /home/holms/Projects/lerobot/TG_Robot/install/robot_gazebo/share/robot_gazebo/environment/path.sh
[0.499s] -- Up-to-date symlink: /home/holms/Projects/lerobot/TG_Robot/install/robot_gazebo/share/robot_gazebo/environment/path.dsv
[0.499s] -- Up-to-date symlink: /home/holms/Projects/lerobot/TG_Robot/install/robot_gazebo/share/robot_gazebo/local_setup.bash
[0.499s] -- Up-to-date symlink: /home/holms/Projects/lerobot/TG_Robot/install/robot_gazebo/share/robot_gazebo/local_setup.sh
[0.500s] -- Up-to-date symlink: /home/holms/Projects/lerobot/TG_Robot/install/robot_gazebo/share/robot_gazebo/local_setup.zsh
[0.500s] -- Up-to-date symlink: /home/holms/Projects/lerobot/TG_Robot/install/robot_gazebo/share/robot_gazebo/local_setup.dsv
[0.500s] -- Symlinking: /home/holms/Projects/lerobot/TG_Robot/install/robot_gazebo/share/robot_gazebo/package.dsv
[0.507s] -- Up-to-date symlink: /home/holms/Projects/lerobot/TG_Robot/install/robot_gazebo/share/ament_index/resource_index/packages/robot_gazebo
[0.508s] -- Up-to-date symlink: /home/holms/Projects/lerobot/TG_Robot/install/robot_gazebo/share/robot_gazebo/cmake/robot_gazeboConfig.cmake
[0.508s] -- Up-to-date symlink: /home/holms/Projects/lerobot/TG_Robot/install/robot_gazebo/share/robot_gazebo/cmake/robot_gazeboConfig-version.cmake
[0.508s] -- Up-to-date symlink: /home/holms/Projects/lerobot/TG_Robot/install/robot_gazebo/share/robot_gazebo/package.xml
[0.510s] Invoked command in '/home/holms/Projects/lerobot/TG_Robot/build/robot_gazebo' returned '0': CMAKE_PREFIX_PATH=${CMAKE_PREFIX_PATH}:/home/holms/Projects/lerobot/TG_Robot/install/traj_smoother_py:/home/holms/Projects/lerobot/TG_Robot/install/tg_lerobot_bridge:/home/holms/Projects/lerobot/TG_Robot/install/robot_test_py:/home/holms/Projects/lerobot/TG_Robot/install/robot_input:/home/holms/Projects/lerobot/TG_Robot/install/example_py:/home/holms/Projects/lerobot/TG_Robot/install/robot_dynamics:/home/holms/Projects/TG_Robot/robot_base_v1.1/install/traj_smoother_py:/home/holms/Projects/TG_Robot/robot_base_v1.1/install/robot_test_py:/home/holms/Projects/TG_Robot/robot_base_v1.1/install/robot_input:/home/holms/Projects/TG_Robot/robot_base_v1.1/install/example_py:/home/holms/Projects/TG_Robot/robot_base_v1.1/install/robot_dynamics:/opt/ros/humble /usr/bin/cmake --install /home/holms/Projects/lerobot/TG_Robot/build/robot_gazebo
