[0.800s] Invoking command in '/home/holms/Projects/lerobot/TG_Robot/build/tg_lerobot_bridge': AMENT_PREFIX_PATH=/home/holms/Projects/lerobot/TG_Robot/install/robot_interfaces:${AMENT_PREFIX_PATH} CMAKE_PREFIX_PATH=/home/holms/Projects/lerobot/TG_Robot/install/robot_interfaces:${CMAKE_PREFIX_PATH} LD_LIBRARY_PATH=/home/holms/Projects/lerobot/TG_Robot/install/robot_interfaces/lib:/usr/lib/x86_64-linux-gnu/gazebo-11/plugins:/home/holms/Projects/TG_Robot/robot_base_v1.1/install/robot_driver/lib:/home/holms/Projects/TG_Robot/robot_base_v1.1/install/robot_interfaces/lib:/opt/ros/humble/opt/rviz_ogre_vendor/lib:/opt/ros/humble/lib/x86_64-linux-gnu:/opt/ros/humble/lib:/home/holms/Projects/mujoco/mujoco-3.3.0/bin PYTHONPATH=/home/holms/Projects/lerobot/TG_Robot/build/tg_lerobot_bridge/prefix_override:/usr/lib/python3/dist-packages/colcon_core/task/python/colcon_distutils_commands:/home/holms/Projects/lerobot/TG_Robot/install/tg_lerobot_bridge/lib/python3.10/site-packages:/home/holms/Projects/lerobot/TG_Robot/install/robot_interfaces/local/lib/python3.10/dist-packages:${PYTHONPATH} /usr/bin/python3 -W ignore:setup.py install is deprecated -W ignore:easy_install command is deprecated setup.py develop --editable --build-directory /home/holms/Projects/lerobot/TG_Robot/build/tg_lerobot_bridge/build --no-deps symlink_data --force
[1.042s] running develop
[1.204s] running egg_info
[1.204s] writing tg_lerobot_bridge.egg-info/PKG-INFO
[1.205s] writing dependency_links to tg_lerobot_bridge.egg-info/dependency_links.txt
[1.205s] writing entry points to tg_lerobot_bridge.egg-info/entry_points.txt
[1.206s] writing requirements to tg_lerobot_bridge.egg-info/requires.txt
[1.206s] writing top-level names to tg_lerobot_bridge.egg-info/top_level.txt
[1.208s] reading manifest file 'tg_lerobot_bridge.egg-info/SOURCES.txt'
[1.209s] writing manifest file 'tg_lerobot_bridge.egg-info/SOURCES.txt'
[1.211s] running build_ext
[1.211s] Creating /home/holms/Projects/lerobot/TG_Robot/install/tg_lerobot_bridge/lib/python3.10/site-packages/tg-lerobot-bridge.egg-link (link to .)
[1.211s] Installing tg_arm620_control_bridge script to /home/holms/Projects/lerobot/TG_Robot/install/tg_lerobot_bridge/lib/tg_lerobot_bridge
[1.212s] Installing tg_arm620_sim_control_bridge script to /home/holms/Projects/lerobot/TG_Robot/install/tg_lerobot_bridge/lib/tg_lerobot_bridge
[1.213s] Installing tg_camera_zmq_bridge script to /home/holms/Projects/lerobot/TG_Robot/install/tg_lerobot_bridge/lib/tg_lerobot_bridge
[1.213s] 
[1.213s] Installed /home/holms/Projects/lerobot/TG_Robot/build/tg_lerobot_bridge
[1.213s] running symlink_data
[1.213s] symbolically linking /home/holms/Projects/lerobot/TG_Robot/build/tg_lerobot_bridge/resource/tg_lerobot_bridge -> /home/holms/Projects/lerobot/TG_Robot/install/tg_lerobot_bridge/share/ament_index/resource_index/packages
[1.213s] symbolically linking /home/holms/Projects/lerobot/TG_Robot/build/tg_lerobot_bridge/package.xml -> /home/holms/Projects/lerobot/TG_Robot/install/tg_lerobot_bridge/share/tg_lerobot_bridge
[1.213s] symbolically linking /home/holms/Projects/lerobot/TG_Robot/build/tg_lerobot_bridge/launch/sim_bridges.launch.py -> /home/holms/Projects/lerobot/TG_Robot/install/tg_lerobot_bridge/share/tg_lerobot_bridge/launch
[1.237s] Invoked command in '/home/holms/Projects/lerobot/TG_Robot/build/tg_lerobot_bridge' returned '0': AMENT_PREFIX_PATH=/home/holms/Projects/lerobot/TG_Robot/install/robot_interfaces:${AMENT_PREFIX_PATH} CMAKE_PREFIX_PATH=/home/holms/Projects/lerobot/TG_Robot/install/robot_interfaces:${CMAKE_PREFIX_PATH} LD_LIBRARY_PATH=/home/holms/Projects/lerobot/TG_Robot/install/robot_interfaces/lib:/usr/lib/x86_64-linux-gnu/gazebo-11/plugins:/home/holms/Projects/TG_Robot/robot_base_v1.1/install/robot_driver/lib:/home/holms/Projects/TG_Robot/robot_base_v1.1/install/robot_interfaces/lib:/opt/ros/humble/opt/rviz_ogre_vendor/lib:/opt/ros/humble/lib/x86_64-linux-gnu:/opt/ros/humble/lib:/home/holms/Projects/mujoco/mujoco-3.3.0/bin PYTHONPATH=/home/holms/Projects/lerobot/TG_Robot/build/tg_lerobot_bridge/prefix_override:/usr/lib/python3/dist-packages/colcon_core/task/python/colcon_distutils_commands:/home/holms/Projects/lerobot/TG_Robot/install/tg_lerobot_bridge/lib/python3.10/site-packages:/home/holms/Projects/lerobot/TG_Robot/install/robot_interfaces/local/lib/python3.10/dist-packages:${PYTHONPATH} /usr/bin/python3 -W ignore:setup.py install is deprecated -W ignore:easy_install command is deprecated setup.py develop --editable --build-directory /home/holms/Projects/lerobot/TG_Robot/build/tg_lerobot_bridge/build --no-deps symlink_data --force
