[0.225s] DEBUG:colcon:Command line arguments: ['/usr/bin/colcon', 'build', '--packages-select', 'robot_description']
[0.225s] DEBUG:colcon:Parsed command line arguments: Namespace(log_base=None, log_level=None, verb_name='build', build_base='build', install_base='install', merge_install=False, symlink_install=False, test_result_base=None, continue_on_error=False, executor='parallel', parallel_workers=8, event_handlers=None, ignore_user_meta=False, metas=['./colcon.meta'], base_paths=['.'], packages_ignore=None, packages_ignore_regex=None, paths=None, packages_up_to=None, packages_up_to_regex=None, packages_above=None, packages_above_and_dependencies=None, packages_above_depth=None, packages_select_by_dep=None, packages_skip_by_dep=None, packages_skip_up_to=None, packages_select_build_failed=False, packages_skip_build_finished=False, packages_select_test_failures=False, packages_skip_test_passed=False, packages_select=['robot_description'], packages_skip=None, packages_select_regex=None, packages_skip_regex=None, packages_start=None, packages_end=None, allow_overriding=[], cmake_args=None, cmake_target=None, cmake_target_skip_unavailable=False, cmake_clean_cache=False, cmake_clean_first=False, cmake_force_configure=False, ament_cmake_args=None, catkin_cmake_args=None, catkin_skip_building_tests=False, verb_parser=<colcon_defaults.argument_parser.defaults.DefaultArgumentsDecorator object at 0x71618e45be50>, verb_extension=<colcon_core.verb.build.BuildVerb object at 0x71618e45b8e0>, main=<bound method BuildVerb.main of <colcon_core.verb.build.BuildVerb object at 0x71618e45b8e0>>)
[0.703s] Level 1:colcon.colcon_core.package_discovery:discover_packages(colcon_meta) check parameters
[0.703s] Level 1:colcon.colcon_core.package_discovery:discover_packages(recursive) check parameters
[0.703s] Level 1:colcon.colcon_core.package_discovery:discover_packages(ignore) check parameters
[0.703s] Level 1:colcon.colcon_core.package_discovery:discover_packages(path) check parameters
[0.703s] Level 1:colcon.colcon_core.package_discovery:discover_packages(colcon_meta) discover
[0.703s] Level 1:colcon.colcon_core.package_discovery:discover_packages(recursive) discover
[0.703s] INFO:colcon.colcon_core.package_discovery:Crawling recursively for packages in '/home/holms/Projects/lerobot/TG_Robot'
[0.703s] Level 1:colcon.colcon_core.package_identification:_identify(.) by extensions ['ignore', 'ignore_ament_install']
[0.703s] Level 1:colcon.colcon_core.package_identification:_identify(.) by extension 'ignore'
[0.703s] Level 1:colcon.colcon_core.package_identification:_identify(.) by extension 'ignore_ament_install'
[0.703s] Level 1:colcon.colcon_core.package_identification:_identify(.) by extensions ['colcon_pkg']
[0.703s] Level 1:colcon.colcon_core.package_identification:_identify(.) by extension 'colcon_pkg'
[0.703s] Level 1:colcon.colcon_core.package_identification:_identify(.) by extensions ['colcon_meta']
[0.703s] Level 1:colcon.colcon_core.package_identification:_identify(.) by extension 'colcon_meta'
[0.704s] Level 1:colcon.colcon_core.package_identification:_identify(.) by extensions ['ros']
[0.704s] Level 1:colcon.colcon_core.package_identification:_identify(.) by extension 'ros'
[0.724s] Level 1:colcon.colcon_core.package_identification:_identify(.) by extensions ['cmake', 'python']
[0.724s] Level 1:colcon.colcon_core.package_identification:_identify(.) by extension 'cmake'
[0.724s] Level 1:colcon.colcon_core.package_identification:_identify(.) by extension 'python'
[0.725s] Level 1:colcon.colcon_core.package_identification:_identify(.) by extensions ['python_setup_py']
[0.725s] Level 1:colcon.colcon_core.package_identification:_identify(.) by extension 'python_setup_py'
[0.725s] Level 1:colcon.colcon_core.package_identification:_identify(autoinstall_script) by extensions ['ignore', 'ignore_ament_install']
[0.725s] Level 1:colcon.colcon_core.package_identification:_identify(autoinstall_script) by extension 'ignore'
[0.725s] Level 1:colcon.colcon_core.package_identification:_identify(autoinstall_script) by extension 'ignore_ament_install'
[0.725s] Level 1:colcon.colcon_core.package_identification:_identify(autoinstall_script) by extensions ['colcon_pkg']
[0.725s] Level 1:colcon.colcon_core.package_identification:_identify(autoinstall_script) by extension 'colcon_pkg'
[0.725s] Level 1:colcon.colcon_core.package_identification:_identify(autoinstall_script) by extensions ['colcon_meta']
[0.725s] Level 1:colcon.colcon_core.package_identification:_identify(autoinstall_script) by extension 'colcon_meta'
[0.725s] Level 1:colcon.colcon_core.package_identification:_identify(autoinstall_script) by extensions ['ros']
[0.725s] Level 1:colcon.colcon_core.package_identification:_identify(autoinstall_script) by extension 'ros'
[0.725s] Level 1:colcon.colcon_core.package_identification:_identify(autoinstall_script) by extensions ['cmake', 'python']
[0.725s] Level 1:colcon.colcon_core.package_identification:_identify(autoinstall_script) by extension 'cmake'
[0.725s] Level 1:colcon.colcon_core.package_identification:_identify(autoinstall_script) by extension 'python'
[0.725s] Level 1:colcon.colcon_core.package_identification:_identify(autoinstall_script) by extensions ['python_setup_py']
[0.725s] Level 1:colcon.colcon_core.package_identification:_identify(autoinstall_script) by extension 'python_setup_py'
[0.726s] Level 1:colcon.colcon_core.package_identification:_identify(autoinstall_script/build) by extensions ['ignore', 'ignore_ament_install']
[0.726s] Level 1:colcon.colcon_core.package_identification:_identify(autoinstall_script/build) by extension 'ignore'
[0.726s] Level 1:colcon.colcon_core.package_identification:_identify(autoinstall_script/build) ignored
[0.726s] Level 1:colcon.colcon_core.package_identification:_identify(autoinstall_script/config) by extensions ['ignore', 'ignore_ament_install']
[0.726s] Level 1:colcon.colcon_core.package_identification:_identify(autoinstall_script/config) by extension 'ignore'
[0.726s] Level 1:colcon.colcon_core.package_identification:_identify(autoinstall_script/config) by extension 'ignore_ament_install'
[0.726s] Level 1:colcon.colcon_core.package_identification:_identify(autoinstall_script/config) by extensions ['colcon_pkg']
[0.726s] Level 1:colcon.colcon_core.package_identification:_identify(autoinstall_script/config) by extension 'colcon_pkg'
[0.726s] Level 1:colcon.colcon_core.package_identification:_identify(autoinstall_script/config) by extensions ['colcon_meta']
[0.726s] Level 1:colcon.colcon_core.package_identification:_identify(autoinstall_script/config) by extension 'colcon_meta'
[0.726s] Level 1:colcon.colcon_core.package_identification:_identify(autoinstall_script/config) by extensions ['ros']
[0.726s] Level 1:colcon.colcon_core.package_identification:_identify(autoinstall_script/config) by extension 'ros'
[0.727s] Level 1:colcon.colcon_core.package_identification:_identify(autoinstall_script/config) by extensions ['cmake', 'python']
[0.727s] Level 1:colcon.colcon_core.package_identification:_identify(autoinstall_script/config) by extension 'cmake'
[0.727s] Level 1:colcon.colcon_core.package_identification:_identify(autoinstall_script/config) by extension 'python'
[0.727s] Level 1:colcon.colcon_core.package_identification:_identify(autoinstall_script/config) by extensions ['python_setup_py']
[0.727s] Level 1:colcon.colcon_core.package_identification:_identify(autoinstall_script/config) by extension 'python_setup_py'
[0.727s] Level 1:colcon.colcon_core.package_identification:_identify(autoinstall_script/install) by extensions ['ignore', 'ignore_ament_install']
[0.727s] Level 1:colcon.colcon_core.package_identification:_identify(autoinstall_script/install) by extension 'ignore'
[0.727s] Level 1:colcon.colcon_core.package_identification:_identify(autoinstall_script/install) ignored
[0.728s] Level 1:colcon.colcon_core.package_identification:_identify(autoinstall_script/log) by extensions ['ignore', 'ignore_ament_install']
[0.728s] Level 1:colcon.colcon_core.package_identification:_identify(autoinstall_script/log) by extension 'ignore'
[0.728s] Level 1:colcon.colcon_core.package_identification:_identify(autoinstall_script/log) ignored
[0.728s] Level 1:colcon.colcon_core.package_identification:_identify(build) by extensions ['ignore', 'ignore_ament_install']
[0.728s] Level 1:colcon.colcon_core.package_identification:_identify(build) by extension 'ignore'
[0.728s] Level 1:colcon.colcon_core.package_identification:_identify(build) ignored
[0.728s] Level 1:colcon.colcon_core.package_identification:_identify(example) by extensions ['ignore', 'ignore_ament_install']
[0.728s] Level 1:colcon.colcon_core.package_identification:_identify(example) by extension 'ignore'
[0.728s] Level 1:colcon.colcon_core.package_identification:_identify(example) by extension 'ignore_ament_install'
[0.728s] Level 1:colcon.colcon_core.package_identification:_identify(example) by extensions ['colcon_pkg']
[0.728s] Level 1:colcon.colcon_core.package_identification:_identify(example) by extension 'colcon_pkg'
[0.729s] Level 1:colcon.colcon_core.package_identification:_identify(example) by extensions ['colcon_meta']
[0.729s] Level 1:colcon.colcon_core.package_identification:_identify(example) by extension 'colcon_meta'
[0.729s] Level 1:colcon.colcon_core.package_identification:_identify(example) by extensions ['ros']
[0.729s] Level 1:colcon.colcon_core.package_identification:_identify(example) by extension 'ros'
[0.729s] Level 1:colcon.colcon_core.package_identification:_identify(example) by extensions ['cmake', 'python']
[0.729s] Level 1:colcon.colcon_core.package_identification:_identify(example) by extension 'cmake'
[0.729s] Level 1:colcon.colcon_core.package_identification:_identify(example) by extension 'python'
[0.729s] Level 1:colcon.colcon_core.package_identification:_identify(example) by extensions ['python_setup_py']
[0.729s] Level 1:colcon.colcon_core.package_identification:_identify(example) by extension 'python_setup_py'
[0.729s] Level 1:colcon.colcon_core.package_identification:_identify(example/example_cpp) by extensions ['ignore', 'ignore_ament_install']
[0.729s] Level 1:colcon.colcon_core.package_identification:_identify(example/example_cpp) by extension 'ignore'
[0.729s] Level 1:colcon.colcon_core.package_identification:_identify(example/example_cpp) by extension 'ignore_ament_install'
[0.729s] Level 1:colcon.colcon_core.package_identification:_identify(example/example_cpp) by extensions ['colcon_pkg']
[0.729s] Level 1:colcon.colcon_core.package_identification:_identify(example/example_cpp) by extension 'colcon_pkg'
[0.729s] Level 1:colcon.colcon_core.package_identification:_identify(example/example_cpp) by extensions ['colcon_meta']
[0.729s] Level 1:colcon.colcon_core.package_identification:_identify(example/example_cpp) by extension 'colcon_meta'
[0.729s] Level 1:colcon.colcon_core.package_identification:_identify(example/example_cpp) by extensions ['ros']
[0.729s] Level 1:colcon.colcon_core.package_identification:_identify(example/example_cpp) by extension 'ros'
[0.731s] DEBUG:colcon.colcon_core.package_identification:Package 'example/example_cpp' with type 'ros.ament_cmake' and name 'example_cpp'
[0.732s] Level 1:colcon.colcon_core.package_identification:_identify(example/example_py) by extensions ['ignore', 'ignore_ament_install']
[0.732s] Level 1:colcon.colcon_core.package_identification:_identify(example/example_py) by extension 'ignore'
[0.732s] Level 1:colcon.colcon_core.package_identification:_identify(example/example_py) by extension 'ignore_ament_install'
[0.732s] Level 1:colcon.colcon_core.package_identification:_identify(example/example_py) by extensions ['colcon_pkg']
[0.732s] Level 1:colcon.colcon_core.package_identification:_identify(example/example_py) by extension 'colcon_pkg'
[0.732s] Level 1:colcon.colcon_core.package_identification:_identify(example/example_py) by extensions ['colcon_meta']
[0.732s] Level 1:colcon.colcon_core.package_identification:_identify(example/example_py) by extension 'colcon_meta'
[0.732s] Level 1:colcon.colcon_core.package_identification:_identify(example/example_py) by extensions ['ros']
[0.732s] Level 1:colcon.colcon_core.package_identification:_identify(example/example_py) by extension 'ros'
[0.733s] DEBUG:colcon.colcon_core.package_identification:Package 'example/example_py' with type 'ros.ament_python' and name 'example_py'
[0.733s] Level 1:colcon.colcon_core.package_identification:_identify(install) by extensions ['ignore', 'ignore_ament_install']
[0.733s] Level 1:colcon.colcon_core.package_identification:_identify(install) by extension 'ignore'
[0.733s] Level 1:colcon.colcon_core.package_identification:_identify(install) ignored
[0.733s] Level 1:colcon.colcon_core.package_identification:_identify(log) by extensions ['ignore', 'ignore_ament_install']
[0.733s] Level 1:colcon.colcon_core.package_identification:_identify(log) by extension 'ignore'
[0.733s] Level 1:colcon.colcon_core.package_identification:_identify(log) ignored
[0.734s] Level 1:colcon.colcon_core.package_identification:_identify(src) by extensions ['ignore', 'ignore_ament_install']
[0.734s] Level 1:colcon.colcon_core.package_identification:_identify(src) by extension 'ignore'
[0.734s] Level 1:colcon.colcon_core.package_identification:_identify(src) by extension 'ignore_ament_install'
[0.734s] Level 1:colcon.colcon_core.package_identification:_identify(src) by extensions ['colcon_pkg']
[0.734s] Level 1:colcon.colcon_core.package_identification:_identify(src) by extension 'colcon_pkg'
[0.734s] Level 1:colcon.colcon_core.package_identification:_identify(src) by extensions ['colcon_meta']
[0.734s] Level 1:colcon.colcon_core.package_identification:_identify(src) by extension 'colcon_meta'
[0.734s] Level 1:colcon.colcon_core.package_identification:_identify(src) by extensions ['ros']
[0.734s] Level 1:colcon.colcon_core.package_identification:_identify(src) by extension 'ros'
[0.734s] Level 1:colcon.colcon_core.package_identification:_identify(src) by extensions ['cmake', 'python']
[0.734s] Level 1:colcon.colcon_core.package_identification:_identify(src) by extension 'cmake'
[0.734s] Level 1:colcon.colcon_core.package_identification:_identify(src) by extension 'python'
[0.734s] Level 1:colcon.colcon_core.package_identification:_identify(src) by extensions ['python_setup_py']
[0.734s] Level 1:colcon.colcon_core.package_identification:_identify(src) by extension 'python_setup_py'
[0.734s] Level 1:colcon.colcon_core.package_identification:_identify(src/motor_control_logger) by extensions ['ignore', 'ignore_ament_install']
[0.734s] Level 1:colcon.colcon_core.package_identification:_identify(src/motor_control_logger) by extension 'ignore'
[0.734s] Level 1:colcon.colcon_core.package_identification:_identify(src/motor_control_logger) by extension 'ignore_ament_install'
[0.734s] Level 1:colcon.colcon_core.package_identification:_identify(src/motor_control_logger) by extensions ['colcon_pkg']
[0.734s] Level 1:colcon.colcon_core.package_identification:_identify(src/motor_control_logger) by extension 'colcon_pkg'
[0.734s] Level 1:colcon.colcon_core.package_identification:_identify(src/motor_control_logger) by extensions ['colcon_meta']
[0.734s] Level 1:colcon.colcon_core.package_identification:_identify(src/motor_control_logger) by extension 'colcon_meta'
[0.734s] Level 1:colcon.colcon_core.package_identification:_identify(src/motor_control_logger) by extensions ['ros']
[0.734s] Level 1:colcon.colcon_core.package_identification:_identify(src/motor_control_logger) by extension 'ros'
[0.735s] DEBUG:colcon.colcon_core.package_identification:Package 'src/motor_control_logger' with type 'ros.ament_cmake' and name 'motor_control_logger'
[0.735s] Level 1:colcon.colcon_core.package_identification:_identify(src/robot_bringup) by extensions ['ignore', 'ignore_ament_install']
[0.735s] Level 1:colcon.colcon_core.package_identification:_identify(src/robot_bringup) by extension 'ignore'
[0.735s] Level 1:colcon.colcon_core.package_identification:_identify(src/robot_bringup) by extension 'ignore_ament_install'
[0.735s] Level 1:colcon.colcon_core.package_identification:_identify(src/robot_bringup) by extensions ['colcon_pkg']
[0.735s] Level 1:colcon.colcon_core.package_identification:_identify(src/robot_bringup) by extension 'colcon_pkg'
[0.735s] Level 1:colcon.colcon_core.package_identification:_identify(src/robot_bringup) by extensions ['colcon_meta']
[0.735s] Level 1:colcon.colcon_core.package_identification:_identify(src/robot_bringup) by extension 'colcon_meta'
[0.735s] Level 1:colcon.colcon_core.package_identification:_identify(src/robot_bringup) by extensions ['ros']
[0.735s] Level 1:colcon.colcon_core.package_identification:_identify(src/robot_bringup) by extension 'ros'
[0.736s] DEBUG:colcon.colcon_core.package_identification:Package 'src/robot_bringup' with type 'ros.ament_cmake' and name 'robot_bringup'
[0.736s] Level 1:colcon.colcon_core.package_identification:_identify(src/robot_config) by extensions ['ignore', 'ignore_ament_install']
[0.736s] Level 1:colcon.colcon_core.package_identification:_identify(src/robot_config) by extension 'ignore'
[0.736s] Level 1:colcon.colcon_core.package_identification:_identify(src/robot_config) by extension 'ignore_ament_install'
[0.736s] Level 1:colcon.colcon_core.package_identification:_identify(src/robot_config) by extensions ['colcon_pkg']
[0.736s] Level 1:colcon.colcon_core.package_identification:_identify(src/robot_config) by extension 'colcon_pkg'
[0.736s] Level 1:colcon.colcon_core.package_identification:_identify(src/robot_config) by extensions ['colcon_meta']
[0.736s] Level 1:colcon.colcon_core.package_identification:_identify(src/robot_config) by extension 'colcon_meta'
[0.736s] Level 1:colcon.colcon_core.package_identification:_identify(src/robot_config) by extensions ['ros']
[0.736s] Level 1:colcon.colcon_core.package_identification:_identify(src/robot_config) by extension 'ros'
[0.736s] Level 1:colcon.colcon_core.package_identification:_identify(src/robot_config) by extensions ['cmake', 'python']
[0.736s] Level 1:colcon.colcon_core.package_identification:_identify(src/robot_config) by extension 'cmake'
[0.736s] Level 1:colcon.colcon_core.package_identification:_identify(src/robot_config) by extension 'python'
[0.736s] Level 1:colcon.colcon_core.package_identification:_identify(src/robot_config) by extensions ['python_setup_py']
[0.736s] Level 1:colcon.colcon_core.package_identification:_identify(src/robot_config) by extension 'python_setup_py'
[0.736s] Level 1:colcon.colcon_core.package_identification:_identify(src/robot_config/arm380_config) by extensions ['ignore', 'ignore_ament_install']
[0.736s] Level 1:colcon.colcon_core.package_identification:_identify(src/robot_config/arm380_config) by extension 'ignore'
[0.736s] Level 1:colcon.colcon_core.package_identification:_identify(src/robot_config/arm380_config) by extension 'ignore_ament_install'
[0.736s] Level 1:colcon.colcon_core.package_identification:_identify(src/robot_config/arm380_config) by extensions ['colcon_pkg']
[0.736s] Level 1:colcon.colcon_core.package_identification:_identify(src/robot_config/arm380_config) by extension 'colcon_pkg'
[0.736s] Level 1:colcon.colcon_core.package_identification:_identify(src/robot_config/arm380_config) by extensions ['colcon_meta']
[0.736s] Level 1:colcon.colcon_core.package_identification:_identify(src/robot_config/arm380_config) by extension 'colcon_meta'
[0.736s] Level 1:colcon.colcon_core.package_identification:_identify(src/robot_config/arm380_config) by extensions ['ros']
[0.736s] Level 1:colcon.colcon_core.package_identification:_identify(src/robot_config/arm380_config) by extension 'ros'
[0.737s] DEBUG:colcon.colcon_core.package_identification:Package 'src/robot_config/arm380_config' with type 'ros.ament_cmake' and name 'arm380_config'
[0.737s] Level 1:colcon.colcon_core.package_identification:_identify(src/robot_config/arm620_config) by extensions ['ignore', 'ignore_ament_install']
[0.737s] Level 1:colcon.colcon_core.package_identification:_identify(src/robot_config/arm620_config) by extension 'ignore'
[0.737s] Level 1:colcon.colcon_core.package_identification:_identify(src/robot_config/arm620_config) by extension 'ignore_ament_install'
[0.737s] Level 1:colcon.colcon_core.package_identification:_identify(src/robot_config/arm620_config) by extensions ['colcon_pkg']
[0.737s] Level 1:colcon.colcon_core.package_identification:_identify(src/robot_config/arm620_config) by extension 'colcon_pkg'
[0.737s] Level 1:colcon.colcon_core.package_identification:_identify(src/robot_config/arm620_config) by extensions ['colcon_meta']
[0.737s] Level 1:colcon.colcon_core.package_identification:_identify(src/robot_config/arm620_config) by extension 'colcon_meta'
[0.737s] Level 1:colcon.colcon_core.package_identification:_identify(src/robot_config/arm620_config) by extensions ['ros']
[0.737s] Level 1:colcon.colcon_core.package_identification:_identify(src/robot_config/arm620_config) by extension 'ros'
[0.738s] DEBUG:colcon.colcon_core.package_identification:Package 'src/robot_config/arm620_config' with type 'ros.ament_cmake' and name 'arm620_config'
[0.738s] Level 1:colcon.colcon_core.package_identification:_identify(src/robot_control) by extensions ['ignore', 'ignore_ament_install']
[0.738s] Level 1:colcon.colcon_core.package_identification:_identify(src/robot_control) by extension 'ignore'
[0.738s] Level 1:colcon.colcon_core.package_identification:_identify(src/robot_control) by extension 'ignore_ament_install'
[0.738s] Level 1:colcon.colcon_core.package_identification:_identify(src/robot_control) by extensions ['colcon_pkg']
[0.738s] Level 1:colcon.colcon_core.package_identification:_identify(src/robot_control) by extension 'colcon_pkg'
[0.738s] Level 1:colcon.colcon_core.package_identification:_identify(src/robot_control) by extensions ['colcon_meta']
[0.738s] Level 1:colcon.colcon_core.package_identification:_identify(src/robot_control) by extension 'colcon_meta'
[0.738s] Level 1:colcon.colcon_core.package_identification:_identify(src/robot_control) by extensions ['ros']
[0.738s] Level 1:colcon.colcon_core.package_identification:_identify(src/robot_control) by extension 'ros'
[0.738s] DEBUG:colcon.colcon_core.package_identification:Package 'src/robot_control' with type 'ros.ament_cmake' and name 'robot_control'
[0.738s] Level 1:colcon.colcon_core.package_identification:_identify(src/robot_description) by extensions ['ignore', 'ignore_ament_install']
[0.738s] Level 1:colcon.colcon_core.package_identification:_identify(src/robot_description) by extension 'ignore'
[0.739s] Level 1:colcon.colcon_core.package_identification:_identify(src/robot_description) by extension 'ignore_ament_install'
[0.739s] Level 1:colcon.colcon_core.package_identification:_identify(src/robot_description) by extensions ['colcon_pkg']
[0.739s] Level 1:colcon.colcon_core.package_identification:_identify(src/robot_description) by extension 'colcon_pkg'
[0.739s] Level 1:colcon.colcon_core.package_identification:_identify(src/robot_description) by extensions ['colcon_meta']
[0.739s] Level 1:colcon.colcon_core.package_identification:_identify(src/robot_description) by extension 'colcon_meta'
[0.739s] Level 1:colcon.colcon_core.package_identification:_identify(src/robot_description) by extensions ['ros']
[0.739s] Level 1:colcon.colcon_core.package_identification:_identify(src/robot_description) by extension 'ros'
[0.739s] DEBUG:colcon.colcon_core.package_identification:Package 'src/robot_description' with type 'ros.ament_cmake' and name 'robot_description'
[0.739s] Level 1:colcon.colcon_core.package_identification:_identify(src/robot_driver) by extensions ['ignore', 'ignore_ament_install']
[0.739s] Level 1:colcon.colcon_core.package_identification:_identify(src/robot_driver) by extension 'ignore'
[0.739s] Level 1:colcon.colcon_core.package_identification:_identify(src/robot_driver) by extension 'ignore_ament_install'
[0.739s] Level 1:colcon.colcon_core.package_identification:_identify(src/robot_driver) by extensions ['colcon_pkg']
[0.739s] Level 1:colcon.colcon_core.package_identification:_identify(src/robot_driver) by extension 'colcon_pkg'
[0.739s] Level 1:colcon.colcon_core.package_identification:_identify(src/robot_driver) by extensions ['colcon_meta']
[0.739s] Level 1:colcon.colcon_core.package_identification:_identify(src/robot_driver) by extension 'colcon_meta'
[0.739s] Level 1:colcon.colcon_core.package_identification:_identify(src/robot_driver) by extensions ['ros']
[0.739s] Level 1:colcon.colcon_core.package_identification:_identify(src/robot_driver) by extension 'ros'
[0.740s] DEBUG:colcon.colcon_core.package_identification:Package 'src/robot_driver' with type 'ros.ament_cmake' and name 'robot_driver'
[0.740s] Level 1:colcon.colcon_core.package_identification:_identify(src/robot_dynamics) by extensions ['ignore', 'ignore_ament_install']
[0.740s] Level 1:colcon.colcon_core.package_identification:_identify(src/robot_dynamics) by extension 'ignore'
[0.740s] Level 1:colcon.colcon_core.package_identification:_identify(src/robot_dynamics) by extension 'ignore_ament_install'
[0.740s] Level 1:colcon.colcon_core.package_identification:_identify(src/robot_dynamics) by extensions ['colcon_pkg']
[0.740s] Level 1:colcon.colcon_core.package_identification:_identify(src/robot_dynamics) by extension 'colcon_pkg'
[0.740s] Level 1:colcon.colcon_core.package_identification:_identify(src/robot_dynamics) by extensions ['colcon_meta']
[0.740s] Level 1:colcon.colcon_core.package_identification:_identify(src/robot_dynamics) by extension 'colcon_meta'
[0.740s] Level 1:colcon.colcon_core.package_identification:_identify(src/robot_dynamics) by extensions ['ros']
[0.740s] Level 1:colcon.colcon_core.package_identification:_identify(src/robot_dynamics) by extension 'ros'
[0.740s] DEBUG:colcon.colcon_core.package_identification:Package 'src/robot_dynamics' with type 'ros.ament_python' and name 'robot_dynamics'
[0.740s] Level 1:colcon.colcon_core.package_identification:_identify(src/robot_gazebo) by extensions ['ignore', 'ignore_ament_install']
[0.740s] Level 1:colcon.colcon_core.package_identification:_identify(src/robot_gazebo) by extension 'ignore'
[0.740s] Level 1:colcon.colcon_core.package_identification:_identify(src/robot_gazebo) by extension 'ignore_ament_install'
[0.740s] Level 1:colcon.colcon_core.package_identification:_identify(src/robot_gazebo) by extensions ['colcon_pkg']
[0.740s] Level 1:colcon.colcon_core.package_identification:_identify(src/robot_gazebo) by extension 'colcon_pkg'
[0.740s] Level 1:colcon.colcon_core.package_identification:_identify(src/robot_gazebo) by extensions ['colcon_meta']
[0.740s] Level 1:colcon.colcon_core.package_identification:_identify(src/robot_gazebo) by extension 'colcon_meta'
[0.741s] Level 1:colcon.colcon_core.package_identification:_identify(src/robot_gazebo) by extensions ['ros']
[0.741s] Level 1:colcon.colcon_core.package_identification:_identify(src/robot_gazebo) by extension 'ros'
[0.741s] DEBUG:colcon.colcon_core.package_identification:Package 'src/robot_gazebo' with type 'ros.ament_cmake' and name 'robot_gazebo'
[0.741s] Level 1:colcon.colcon_core.package_identification:_identify(src/robot_input) by extensions ['ignore', 'ignore_ament_install']
[0.741s] Level 1:colcon.colcon_core.package_identification:_identify(src/robot_input) by extension 'ignore'
[0.741s] Level 1:colcon.colcon_core.package_identification:_identify(src/robot_input) by extension 'ignore_ament_install'
[0.741s] Level 1:colcon.colcon_core.package_identification:_identify(src/robot_input) by extensions ['colcon_pkg']
[0.741s] Level 1:colcon.colcon_core.package_identification:_identify(src/robot_input) by extension 'colcon_pkg'
[0.741s] Level 1:colcon.colcon_core.package_identification:_identify(src/robot_input) by extensions ['colcon_meta']
[0.741s] Level 1:colcon.colcon_core.package_identification:_identify(src/robot_input) by extension 'colcon_meta'
[0.741s] Level 1:colcon.colcon_core.package_identification:_identify(src/robot_input) by extensions ['ros']
[0.741s] Level 1:colcon.colcon_core.package_identification:_identify(src/robot_input) by extension 'ros'
[0.742s] DEBUG:colcon.colcon_core.package_identification:Package 'src/robot_input' with type 'ros.ament_python' and name 'robot_input'
[0.742s] Level 1:colcon.colcon_core.package_identification:_identify(src/robot_interfaces) by extensions ['ignore', 'ignore_ament_install']
[0.742s] Level 1:colcon.colcon_core.package_identification:_identify(src/robot_interfaces) by extension 'ignore'
[0.742s] Level 1:colcon.colcon_core.package_identification:_identify(src/robot_interfaces) by extension 'ignore_ament_install'
[0.742s] Level 1:colcon.colcon_core.package_identification:_identify(src/robot_interfaces) by extensions ['colcon_pkg']
[0.742s] Level 1:colcon.colcon_core.package_identification:_identify(src/robot_interfaces) by extension 'colcon_pkg'
[0.742s] Level 1:colcon.colcon_core.package_identification:_identify(src/robot_interfaces) by extensions ['colcon_meta']
[0.742s] Level 1:colcon.colcon_core.package_identification:_identify(src/robot_interfaces) by extension 'colcon_meta'
[0.742s] Level 1:colcon.colcon_core.package_identification:_identify(src/robot_interfaces) by extensions ['ros']
[0.742s] Level 1:colcon.colcon_core.package_identification:_identify(src/robot_interfaces) by extension 'ros'
[0.742s] DEBUG:colcon.colcon_core.package_identification:Package 'src/robot_interfaces' with type 'ros.ament_cmake' and name 'robot_interfaces'
[0.742s] Level 1:colcon.colcon_core.package_identification:_identify(src/robot_sdk) by extensions ['ignore', 'ignore_ament_install']
[0.743s] Level 1:colcon.colcon_core.package_identification:_identify(src/robot_sdk) by extension 'ignore'
[0.743s] Level 1:colcon.colcon_core.package_identification:_identify(src/robot_sdk) by extension 'ignore_ament_install'
[0.743s] Level 1:colcon.colcon_core.package_identification:_identify(src/robot_sdk) by extensions ['colcon_pkg']
[0.743s] Level 1:colcon.colcon_core.package_identification:_identify(src/robot_sdk) by extension 'colcon_pkg'
[0.743s] Level 1:colcon.colcon_core.package_identification:_identify(src/robot_sdk) by extensions ['colcon_meta']
[0.743s] Level 1:colcon.colcon_core.package_identification:_identify(src/robot_sdk) by extension 'colcon_meta'
[0.743s] Level 1:colcon.colcon_core.package_identification:_identify(src/robot_sdk) by extensions ['ros']
[0.743s] Level 1:colcon.colcon_core.package_identification:_identify(src/robot_sdk) by extension 'ros'
[0.743s] DEBUG:colcon.colcon_core.package_identification:Package 'src/robot_sdk' with type 'ros.ament_cmake' and name 'robot_sdk'
[0.743s] Level 1:colcon.colcon_core.package_identification:_identify(src/robot_state_machine) by extensions ['ignore', 'ignore_ament_install']
[0.743s] Level 1:colcon.colcon_core.package_identification:_identify(src/robot_state_machine) by extension 'ignore'
[0.743s] Level 1:colcon.colcon_core.package_identification:_identify(src/robot_state_machine) by extension 'ignore_ament_install'
[0.743s] Level 1:colcon.colcon_core.package_identification:_identify(src/robot_state_machine) by extensions ['colcon_pkg']
[0.743s] Level 1:colcon.colcon_core.package_identification:_identify(src/robot_state_machine) by extension 'colcon_pkg'
[0.743s] Level 1:colcon.colcon_core.package_identification:_identify(src/robot_state_machine) by extensions ['colcon_meta']
[0.744s] Level 1:colcon.colcon_core.package_identification:_identify(src/robot_state_machine) by extension 'colcon_meta'
[0.744s] Level 1:colcon.colcon_core.package_identification:_identify(src/robot_state_machine) by extensions ['ros']
[0.744s] Level 1:colcon.colcon_core.package_identification:_identify(src/robot_state_machine) by extension 'ros'
[0.744s] DEBUG:colcon.colcon_core.package_identification:Package 'src/robot_state_machine' with type 'ros.ament_cmake' and name 'robot_state_machine'
[0.744s] Level 1:colcon.colcon_core.package_identification:_identify(src/robot_test_py) by extensions ['ignore', 'ignore_ament_install']
[0.744s] Level 1:colcon.colcon_core.package_identification:_identify(src/robot_test_py) by extension 'ignore'
[0.744s] Level 1:colcon.colcon_core.package_identification:_identify(src/robot_test_py) by extension 'ignore_ament_install'
[0.744s] Level 1:colcon.colcon_core.package_identification:_identify(src/robot_test_py) by extensions ['colcon_pkg']
[0.744s] Level 1:colcon.colcon_core.package_identification:_identify(src/robot_test_py) by extension 'colcon_pkg'
[0.744s] Level 1:colcon.colcon_core.package_identification:_identify(src/robot_test_py) by extensions ['colcon_meta']
[0.744s] Level 1:colcon.colcon_core.package_identification:_identify(src/robot_test_py) by extension 'colcon_meta'
[0.744s] Level 1:colcon.colcon_core.package_identification:_identify(src/robot_test_py) by extensions ['ros']
[0.744s] Level 1:colcon.colcon_core.package_identification:_identify(src/robot_test_py) by extension 'ros'
[0.745s] DEBUG:colcon.colcon_core.package_identification:Package 'src/robot_test_py' with type 'ros.ament_python' and name 'robot_test_py'
[0.745s] Level 1:colcon.colcon_core.package_identification:_identify(src/ros2_socketcan) by extensions ['ignore', 'ignore_ament_install']
[0.745s] Level 1:colcon.colcon_core.package_identification:_identify(src/ros2_socketcan) by extension 'ignore'
[0.745s] Level 1:colcon.colcon_core.package_identification:_identify(src/ros2_socketcan) by extension 'ignore_ament_install'
[0.745s] Level 1:colcon.colcon_core.package_identification:_identify(src/ros2_socketcan) by extensions ['colcon_pkg']
[0.745s] Level 1:colcon.colcon_core.package_identification:_identify(src/ros2_socketcan) by extension 'colcon_pkg'
[0.745s] Level 1:colcon.colcon_core.package_identification:_identify(src/ros2_socketcan) by extensions ['colcon_meta']
[0.745s] Level 1:colcon.colcon_core.package_identification:_identify(src/ros2_socketcan) by extension 'colcon_meta'
[0.745s] Level 1:colcon.colcon_core.package_identification:_identify(src/ros2_socketcan) by extensions ['ros']
[0.745s] Level 1:colcon.colcon_core.package_identification:_identify(src/ros2_socketcan) by extension 'ros'
[0.745s] Level 1:colcon.colcon_core.package_identification:_identify(src/ros2_socketcan) by extensions ['cmake', 'python']
[0.745s] Level 1:colcon.colcon_core.package_identification:_identify(src/ros2_socketcan) by extension 'cmake'
[0.745s] Level 1:colcon.colcon_core.package_identification:_identify(src/ros2_socketcan) by extension 'python'
[0.745s] Level 1:colcon.colcon_core.package_identification:_identify(src/ros2_socketcan) by extensions ['python_setup_py']
[0.745s] Level 1:colcon.colcon_core.package_identification:_identify(src/ros2_socketcan) by extension 'python_setup_py'
[0.745s] Level 1:colcon.colcon_core.package_identification:_identify(src/ros2_socketcan/ros2_socketcan) by extensions ['ignore', 'ignore_ament_install']
[0.745s] Level 1:colcon.colcon_core.package_identification:_identify(src/ros2_socketcan/ros2_socketcan) by extension 'ignore'
[0.746s] Level 1:colcon.colcon_core.package_identification:_identify(src/ros2_socketcan/ros2_socketcan) by extension 'ignore_ament_install'
[0.746s] Level 1:colcon.colcon_core.package_identification:_identify(src/ros2_socketcan/ros2_socketcan) by extensions ['colcon_pkg']
[0.746s] Level 1:colcon.colcon_core.package_identification:_identify(src/ros2_socketcan/ros2_socketcan) by extension 'colcon_pkg'
[0.746s] Level 1:colcon.colcon_core.package_identification:_identify(src/ros2_socketcan/ros2_socketcan) by extensions ['colcon_meta']
[0.746s] Level 1:colcon.colcon_core.package_identification:_identify(src/ros2_socketcan/ros2_socketcan) by extension 'colcon_meta'
[0.746s] Level 1:colcon.colcon_core.package_identification:_identify(src/ros2_socketcan/ros2_socketcan) by extensions ['ros']
[0.746s] Level 1:colcon.colcon_core.package_identification:_identify(src/ros2_socketcan/ros2_socketcan) by extension 'ros'
[0.746s] DEBUG:colcon.colcon_core.package_identification:Package 'src/ros2_socketcan/ros2_socketcan' with type 'ros.ament_cmake' and name 'ros2_socketcan'
[0.746s] Level 1:colcon.colcon_core.package_identification:_identify(src/ros2_socketcan/ros2_socketcan_msgs) by extensions ['ignore', 'ignore_ament_install']
[0.746s] Level 1:colcon.colcon_core.package_identification:_identify(src/ros2_socketcan/ros2_socketcan_msgs) by extension 'ignore'
[0.746s] Level 1:colcon.colcon_core.package_identification:_identify(src/ros2_socketcan/ros2_socketcan_msgs) by extension 'ignore_ament_install'
[0.746s] Level 1:colcon.colcon_core.package_identification:_identify(src/ros2_socketcan/ros2_socketcan_msgs) by extensions ['colcon_pkg']
[0.746s] Level 1:colcon.colcon_core.package_identification:_identify(src/ros2_socketcan/ros2_socketcan_msgs) by extension 'colcon_pkg'
[0.746s] Level 1:colcon.colcon_core.package_identification:_identify(src/ros2_socketcan/ros2_socketcan_msgs) by extensions ['colcon_meta']
[0.747s] Level 1:colcon.colcon_core.package_identification:_identify(src/ros2_socketcan/ros2_socketcan_msgs) by extension 'colcon_meta'
[0.747s] Level 1:colcon.colcon_core.package_identification:_identify(src/ros2_socketcan/ros2_socketcan_msgs) by extensions ['ros']
[0.747s] Level 1:colcon.colcon_core.package_identification:_identify(src/ros2_socketcan/ros2_socketcan_msgs) by extension 'ros'
[0.747s] DEBUG:colcon.colcon_core.package_identification:Package 'src/ros2_socketcan/ros2_socketcan_msgs' with type 'ros.ament_cmake' and name 'ros2_socketcan_msgs'
[0.747s] Level 1:colcon.colcon_core.package_identification:_identify(src/tg_lerobot_bridge) by extensions ['ignore', 'ignore_ament_install']
[0.747s] Level 1:colcon.colcon_core.package_identification:_identify(src/tg_lerobot_bridge) by extension 'ignore'
[0.747s] Level 1:colcon.colcon_core.package_identification:_identify(src/tg_lerobot_bridge) by extension 'ignore_ament_install'
[0.747s] Level 1:colcon.colcon_core.package_identification:_identify(src/tg_lerobot_bridge) by extensions ['colcon_pkg']
[0.747s] Level 1:colcon.colcon_core.package_identification:_identify(src/tg_lerobot_bridge) by extension 'colcon_pkg'
[0.747s] Level 1:colcon.colcon_core.package_identification:_identify(src/tg_lerobot_bridge) by extensions ['colcon_meta']
[0.747s] Level 1:colcon.colcon_core.package_identification:_identify(src/tg_lerobot_bridge) by extension 'colcon_meta'
[0.747s] Level 1:colcon.colcon_core.package_identification:_identify(src/tg_lerobot_bridge) by extensions ['ros']
[0.747s] Level 1:colcon.colcon_core.package_identification:_identify(src/tg_lerobot_bridge) by extension 'ros'
[0.748s] DEBUG:colcon.colcon_core.package_identification:Package 'src/tg_lerobot_bridge' with type 'ros.ament_python' and name 'tg_lerobot_bridge'
[0.748s] Level 1:colcon.colcon_core.package_identification:_identify(src/traj_smoother_py) by extensions ['ignore', 'ignore_ament_install']
[0.748s] Level 1:colcon.colcon_core.package_identification:_identify(src/traj_smoother_py) by extension 'ignore'
[0.748s] Level 1:colcon.colcon_core.package_identification:_identify(src/traj_smoother_py) by extension 'ignore_ament_install'
[0.748s] Level 1:colcon.colcon_core.package_identification:_identify(src/traj_smoother_py) by extensions ['colcon_pkg']
[0.748s] Level 1:colcon.colcon_core.package_identification:_identify(src/traj_smoother_py) by extension 'colcon_pkg'
[0.748s] Level 1:colcon.colcon_core.package_identification:_identify(src/traj_smoother_py) by extensions ['colcon_meta']
[0.748s] Level 1:colcon.colcon_core.package_identification:_identify(src/traj_smoother_py) by extension 'colcon_meta'
[0.748s] Level 1:colcon.colcon_core.package_identification:_identify(src/traj_smoother_py) by extensions ['ros']
[0.748s] Level 1:colcon.colcon_core.package_identification:_identify(src/traj_smoother_py) by extension 'ros'
[0.748s] DEBUG:colcon.colcon_core.package_identification:Package 'src/traj_smoother_py' with type 'ros.ament_python' and name 'traj_smoother_py'
[0.749s] Level 1:colcon.colcon_core.package_discovery:discover_packages(recursive) using defaults
[0.749s] Level 1:colcon.colcon_core.package_discovery:discover_packages(ignore) discover
[0.749s] Level 1:colcon.colcon_core.package_discovery:discover_packages(ignore) using defaults
[0.749s] Level 1:colcon.colcon_core.package_discovery:discover_packages(path) discover
[0.749s] Level 1:colcon.colcon_core.package_discovery:discover_packages(path) using defaults
[0.777s] INFO:colcon.colcon_core.package_selection:Skipping not selected package 'robot_dynamics' in 'src/robot_dynamics'
[0.777s] INFO:colcon.colcon_core.package_selection:Skipping not selected package 'robot_gazebo' in 'src/robot_gazebo'
[0.777s] INFO:colcon.colcon_core.package_selection:Skipping not selected package 'robot_interfaces' in 'src/robot_interfaces'
[0.777s] INFO:colcon.colcon_core.package_selection:Skipping not selected package 'ros2_socketcan_msgs' in 'src/ros2_socketcan/ros2_socketcan_msgs'
[0.777s] INFO:colcon.colcon_core.package_selection:Skipping not selected package 'traj_smoother_py' in 'src/traj_smoother_py'
[0.777s] INFO:colcon.colcon_core.package_selection:Skipping not selected package 'arm380_config' in 'src/robot_config/arm380_config'
[0.777s] INFO:colcon.colcon_core.package_selection:Skipping not selected package 'arm620_config' in 'src/robot_config/arm620_config'
[0.777s] INFO:colcon.colcon_core.package_selection:Skipping not selected package 'example_cpp' in 'example/example_cpp'
[0.777s] INFO:colcon.colcon_core.package_selection:Skipping not selected package 'example_py' in 'example/example_py'
[0.777s] INFO:colcon.colcon_core.package_selection:Skipping not selected package 'motor_control_logger' in 'src/motor_control_logger'
[0.777s] INFO:colcon.colcon_core.package_selection:Skipping not selected package 'robot_control' in 'src/robot_control'
[0.778s] INFO:colcon.colcon_core.package_selection:Skipping not selected package 'robot_input' in 'src/robot_input'
[0.778s] INFO:colcon.colcon_core.package_selection:Skipping not selected package 'robot_sdk' in 'src/robot_sdk'
[0.778s] INFO:colcon.colcon_core.package_selection:Skipping not selected package 'robot_test_py' in 'src/robot_test_py'
[0.778s] INFO:colcon.colcon_core.package_selection:Skipping not selected package 'ros2_socketcan' in 'src/ros2_socketcan/ros2_socketcan'
[0.778s] INFO:colcon.colcon_core.package_selection:Skipping not selected package 'tg_lerobot_bridge' in 'src/tg_lerobot_bridge'
[0.778s] INFO:colcon.colcon_core.package_selection:Skipping not selected package 'robot_bringup' in 'src/robot_bringup'
[0.778s] INFO:colcon.colcon_core.package_selection:Skipping not selected package 'robot_driver' in 'src/robot_driver'
[0.778s] INFO:colcon.colcon_core.package_selection:Skipping not selected package 'robot_state_machine' in 'src/robot_state_machine'
[0.778s] Level 1:colcon.colcon_core.package_discovery:discover_packages(prefix_path) check parameters
[0.779s] Level 1:colcon.colcon_core.package_discovery:discover_packages(prefix_path) discover
[0.799s] DEBUG:colcon.colcon_installed_package_information.package_discovery:Found 20 installed packages in /home/holms/Projects/lerobot/TG_Robot/install
[0.801s] DEBUG:colcon.colcon_installed_package_information.package_discovery:Found 18 installed packages in /home/holms/Projects/TG_Robot/robot_base_v1.1/install
[0.803s] DEBUG:colcon.colcon_installed_package_information.package_discovery:Found 378 installed packages in /opt/ros/humble
[0.804s] Level 1:colcon.colcon_core.package_discovery:discover_packages(prefix_path) using defaults
[0.858s] WARNING:colcon.colcon_core.package_selection:Some selected packages are already built in one or more underlay workspaces:
	'robot_description' is in: /home/holms/Projects/lerobot/TG_Robot/install/robot_description, /home/holms/Projects/TG_Robot/robot_base_v1.1/install/robot_description
If a package in a merged underlay workspace is overridden and it installs headers, then all packages in the overlay must sort their include directories by workspace order. Failure to do so may result in build failures or undefined behavior at run time.
If the overridden package is used by another package in any underlay, then the overriding package in the overlay must be API and ABI compatible or undefined behavior at run time may occur.

If you understand the risks and want to override a package anyways, add the following to the command line:
	--allow-overriding robot_description

This may be promoted to an error in a future release of colcon-override-check.
[0.858s] Level 5:colcon.colcon_core.verb:set package 'robot_description' build argument 'cmake_args' from command line to 'None'
[0.858s] Level 5:colcon.colcon_core.verb:set package 'robot_description' build argument 'cmake_target' from command line to 'None'
[0.858s] Level 5:colcon.colcon_core.verb:set package 'robot_description' build argument 'cmake_target_skip_unavailable' from command line to 'False'
[0.858s] Level 5:colcon.colcon_core.verb:set package 'robot_description' build argument 'cmake_clean_cache' from command line to 'False'
[0.858s] Level 5:colcon.colcon_core.verb:set package 'robot_description' build argument 'cmake_clean_first' from command line to 'False'
[0.858s] Level 5:colcon.colcon_core.verb:set package 'robot_description' build argument 'cmake_force_configure' from command line to 'False'
[0.858s] Level 5:colcon.colcon_core.verb:set package 'robot_description' build argument 'ament_cmake_args' from command line to 'None'
[0.858s] Level 5:colcon.colcon_core.verb:set package 'robot_description' build argument 'catkin_cmake_args' from command line to 'None'
[0.858s] Level 5:colcon.colcon_core.verb:set package 'robot_description' build argument 'catkin_skip_building_tests' from command line to 'False'
[0.859s] DEBUG:colcon.colcon_core.verb:Building package 'robot_description' with the following arguments: {'ament_cmake_args': None, 'build_base': '/home/holms/Projects/lerobot/TG_Robot/build/robot_description', 'catkin_cmake_args': None, 'catkin_skip_building_tests': False, 'cmake_args': None, 'cmake_clean_cache': False, 'cmake_clean_first': False, 'cmake_force_configure': False, 'cmake_target': None, 'cmake_target_skip_unavailable': False, 'install_base': '/home/holms/Projects/lerobot/TG_Robot/install/robot_description', 'merge_install': False, 'path': '/home/holms/Projects/lerobot/TG_Robot/src/robot_description', 'symlink_install': False, 'test_result_base': None}
[0.859s] INFO:colcon.colcon_core.executor:Executing jobs using 'parallel' executor
[0.863s] DEBUG:colcon.colcon_parallel_executor.executor.parallel:run_until_complete
[0.863s] INFO:colcon.colcon_ros.task.ament_cmake.build:Building ROS package in '/home/holms/Projects/lerobot/TG_Robot/src/robot_description' with build type 'ament_cmake'
[0.863s] INFO:colcon.colcon_cmake.task.cmake.build:Building CMake package in '/home/holms/Projects/lerobot/TG_Robot/src/robot_description'
[0.875s] INFO:colcon.colcon_core.plugin_system:Skipping extension 'colcon_core.shell.bat': Not used on non-Windows systems
[0.875s] INFO:colcon.colcon_core.shell:Skip shell extension 'powershell' for command environment: Not usable outside of PowerShell
[0.875s] DEBUG:colcon.colcon_core.shell:Skip shell extension 'dsv' for command environment
[0.897s] DEBUG:colcon.colcon_core.event_handler.log_command:Invoking command in '/home/holms/Projects/lerobot/TG_Robot/build/robot_description': CMAKE_PREFIX_PATH=${CMAKE_PREFIX_PATH}:/home/holms/Projects/lerobot/TG_Robot/install/traj_smoother_py:/home/holms/Projects/lerobot/TG_Robot/install/tg_lerobot_bridge:/home/holms/Projects/lerobot/TG_Robot/install/robot_test_py:/home/holms/Projects/lerobot/TG_Robot/install/robot_input:/home/holms/Projects/lerobot/TG_Robot/install/example_py:/home/holms/Projects/lerobot/TG_Robot/install/robot_dynamics:/home/holms/Projects/TG_Robot/robot_base_v1.1/install/traj_smoother_py:/home/holms/Projects/TG_Robot/robot_base_v1.1/install/robot_test_py:/home/holms/Projects/TG_Robot/robot_base_v1.1/install/robot_input:/home/holms/Projects/TG_Robot/robot_base_v1.1/install/example_py:/home/holms/Projects/TG_Robot/robot_base_v1.1/install/robot_dynamics:/opt/ros/humble /usr/bin/cmake --build /home/holms/Projects/lerobot/TG_Robot/build/robot_description -- -j8 -l8
[1.030s] DEBUG:colcon.colcon_core.event_handler.log_command:Invoked command in '/home/holms/Projects/lerobot/TG_Robot/build/robot_description' returned '0': CMAKE_PREFIX_PATH=${CMAKE_PREFIX_PATH}:/home/holms/Projects/lerobot/TG_Robot/install/traj_smoother_py:/home/holms/Projects/lerobot/TG_Robot/install/tg_lerobot_bridge:/home/holms/Projects/lerobot/TG_Robot/install/robot_test_py:/home/holms/Projects/lerobot/TG_Robot/install/robot_input:/home/holms/Projects/lerobot/TG_Robot/install/example_py:/home/holms/Projects/lerobot/TG_Robot/install/robot_dynamics:/home/holms/Projects/TG_Robot/robot_base_v1.1/install/traj_smoother_py:/home/holms/Projects/TG_Robot/robot_base_v1.1/install/robot_test_py:/home/holms/Projects/TG_Robot/robot_base_v1.1/install/robot_input:/home/holms/Projects/TG_Robot/robot_base_v1.1/install/example_py:/home/holms/Projects/TG_Robot/robot_base_v1.1/install/robot_dynamics:/opt/ros/humble /usr/bin/cmake --build /home/holms/Projects/lerobot/TG_Robot/build/robot_description -- -j8 -l8
[1.045s] DEBUG:colcon.colcon_core.event_handler.log_command:Invoking command in '/home/holms/Projects/lerobot/TG_Robot/build/robot_description': CMAKE_PREFIX_PATH=${CMAKE_PREFIX_PATH}:/home/holms/Projects/lerobot/TG_Robot/install/traj_smoother_py:/home/holms/Projects/lerobot/TG_Robot/install/tg_lerobot_bridge:/home/holms/Projects/lerobot/TG_Robot/install/robot_test_py:/home/holms/Projects/lerobot/TG_Robot/install/robot_input:/home/holms/Projects/lerobot/TG_Robot/install/example_py:/home/holms/Projects/lerobot/TG_Robot/install/robot_dynamics:/home/holms/Projects/TG_Robot/robot_base_v1.1/install/traj_smoother_py:/home/holms/Projects/TG_Robot/robot_base_v1.1/install/robot_test_py:/home/holms/Projects/TG_Robot/robot_base_v1.1/install/robot_input:/home/holms/Projects/TG_Robot/robot_base_v1.1/install/example_py:/home/holms/Projects/TG_Robot/robot_base_v1.1/install/robot_dynamics:/opt/ros/humble /usr/bin/cmake --install /home/holms/Projects/lerobot/TG_Robot/build/robot_description
[1.062s] Level 1:colcon.colcon_core.environment:create_environment_scripts_only(robot_description)
[1.062s] DEBUG:colcon.colcon_core.event_handler.log_command:Invoked command in '/home/holms/Projects/lerobot/TG_Robot/build/robot_description' returned '0': CMAKE_PREFIX_PATH=${CMAKE_PREFIX_PATH}:/home/holms/Projects/lerobot/TG_Robot/install/traj_smoother_py:/home/holms/Projects/lerobot/TG_Robot/install/tg_lerobot_bridge:/home/holms/Projects/lerobot/TG_Robot/install/robot_test_py:/home/holms/Projects/lerobot/TG_Robot/install/robot_input:/home/holms/Projects/lerobot/TG_Robot/install/example_py:/home/holms/Projects/lerobot/TG_Robot/install/robot_dynamics:/home/holms/Projects/TG_Robot/robot_base_v1.1/install/traj_smoother_py:/home/holms/Projects/TG_Robot/robot_base_v1.1/install/robot_test_py:/home/holms/Projects/TG_Robot/robot_base_v1.1/install/robot_input:/home/holms/Projects/TG_Robot/robot_base_v1.1/install/example_py:/home/holms/Projects/TG_Robot/robot_base_v1.1/install/robot_dynamics:/opt/ros/humble /usr/bin/cmake --install /home/holms/Projects/lerobot/TG_Robot/build/robot_description
[1.070s] Level 1:colcon.colcon_core.environment:checking '/home/holms/Projects/lerobot/TG_Robot/install/robot_description' for CMake module files
[1.070s] Level 1:colcon.colcon_core.environment:checking '/home/holms/Projects/lerobot/TG_Robot/install/robot_description' for CMake config files
[1.071s] Level 1:colcon.colcon_core.shell:create_environment_hook('robot_description', 'cmake_prefix_path')
[1.071s] INFO:colcon.colcon_core.shell:Creating environment hook '/home/holms/Projects/lerobot/TG_Robot/install/robot_description/share/robot_description/hook/cmake_prefix_path.ps1'
[1.072s] INFO:colcon.colcon_core.shell:Creating environment descriptor '/home/holms/Projects/lerobot/TG_Robot/install/robot_description/share/robot_description/hook/cmake_prefix_path.dsv'
[1.072s] INFO:colcon.colcon_core.shell:Creating environment hook '/home/holms/Projects/lerobot/TG_Robot/install/robot_description/share/robot_description/hook/cmake_prefix_path.sh'
[1.073s] Level 1:colcon.colcon_core.environment:checking '/home/holms/Projects/lerobot/TG_Robot/install/robot_description/bin'
[1.073s] Level 1:colcon.colcon_core.environment:checking '/home/holms/Projects/lerobot/TG_Robot/install/robot_description/lib/pkgconfig/robot_description.pc'
[1.073s] Level 1:colcon.colcon_core.environment:checking '/home/holms/Projects/lerobot/TG_Robot/install/robot_description/lib/python3.10/site-packages'
[1.073s] Level 1:colcon.colcon_core.environment:checking '/home/holms/Projects/lerobot/TG_Robot/install/robot_description/bin'
[1.074s] INFO:colcon.colcon_core.shell:Creating package script '/home/holms/Projects/lerobot/TG_Robot/install/robot_description/share/robot_description/package.ps1'
[1.074s] INFO:colcon.colcon_core.shell:Creating package descriptor '/home/holms/Projects/lerobot/TG_Robot/install/robot_description/share/robot_description/package.dsv'
[1.075s] INFO:colcon.colcon_core.shell:Creating package script '/home/holms/Projects/lerobot/TG_Robot/install/robot_description/share/robot_description/package.sh'
[1.075s] INFO:colcon.colcon_core.shell:Creating package script '/home/holms/Projects/lerobot/TG_Robot/install/robot_description/share/robot_description/package.bash'
[1.076s] INFO:colcon.colcon_core.shell:Creating package script '/home/holms/Projects/lerobot/TG_Robot/install/robot_description/share/robot_description/package.zsh'
[1.076s] Level 1:colcon.colcon_core.environment:create_file_with_runtime_dependencies(/home/holms/Projects/lerobot/TG_Robot/install/robot_description/share/colcon-core/packages/robot_description)
[1.077s] Level 1:colcon.colcon_core.environment:create_environment_scripts_only(robot_description)
[1.077s] Level 1:colcon.colcon_core.environment:checking '/home/holms/Projects/lerobot/TG_Robot/install/robot_description' for CMake module files
[1.077s] Level 1:colcon.colcon_core.environment:checking '/home/holms/Projects/lerobot/TG_Robot/install/robot_description' for CMake config files
[1.077s] Level 1:colcon.colcon_core.shell:create_environment_hook('robot_description', 'cmake_prefix_path')
[1.078s] INFO:colcon.colcon_core.shell:Creating environment hook '/home/holms/Projects/lerobot/TG_Robot/install/robot_description/share/robot_description/hook/cmake_prefix_path.ps1'
[1.078s] INFO:colcon.colcon_core.shell:Creating environment descriptor '/home/holms/Projects/lerobot/TG_Robot/install/robot_description/share/robot_description/hook/cmake_prefix_path.dsv'
[1.078s] INFO:colcon.colcon_core.shell:Creating environment hook '/home/holms/Projects/lerobot/TG_Robot/install/robot_description/share/robot_description/hook/cmake_prefix_path.sh'
[1.079s] Level 1:colcon.colcon_core.environment:checking '/home/holms/Projects/lerobot/TG_Robot/install/robot_description/bin'
[1.079s] Level 1:colcon.colcon_core.environment:checking '/home/holms/Projects/lerobot/TG_Robot/install/robot_description/lib/pkgconfig/robot_description.pc'
[1.079s] Level 1:colcon.colcon_core.environment:checking '/home/holms/Projects/lerobot/TG_Robot/install/robot_description/lib/python3.10/site-packages'
[1.079s] Level 1:colcon.colcon_core.environment:checking '/home/holms/Projects/lerobot/TG_Robot/install/robot_description/bin'
[1.079s] INFO:colcon.colcon_core.shell:Creating package script '/home/holms/Projects/lerobot/TG_Robot/install/robot_description/share/robot_description/package.ps1'
[1.080s] INFO:colcon.colcon_core.shell:Creating package descriptor '/home/holms/Projects/lerobot/TG_Robot/install/robot_description/share/robot_description/package.dsv'
[1.080s] INFO:colcon.colcon_core.shell:Creating package script '/home/holms/Projects/lerobot/TG_Robot/install/robot_description/share/robot_description/package.sh'
[1.081s] INFO:colcon.colcon_core.shell:Creating package script '/home/holms/Projects/lerobot/TG_Robot/install/robot_description/share/robot_description/package.bash'
[1.081s] INFO:colcon.colcon_core.shell:Creating package script '/home/holms/Projects/lerobot/TG_Robot/install/robot_description/share/robot_description/package.zsh'
[1.082s] Level 1:colcon.colcon_core.environment:create_file_with_runtime_dependencies(/home/holms/Projects/lerobot/TG_Robot/install/robot_description/share/colcon-core/packages/robot_description)
[1.082s] DEBUG:colcon.colcon_parallel_executor.executor.parallel:closing loop
[1.082s] DEBUG:colcon.colcon_parallel_executor.executor.parallel:loop closed
[1.082s] DEBUG:colcon.colcon_parallel_executor.executor.parallel:run_until_complete finished with '0'
[1.083s] DEBUG:colcon.colcon_core.event_reactor:joining thread
[1.098s] INFO:colcon.colcon_core.plugin_system:Skipping extension 'colcon_notification.desktop_notification.terminal_notifier': Not used on non-Darwin systems
[1.098s] INFO:colcon.colcon_core.plugin_system:Skipping extension 'colcon_notification.desktop_notification.win32': Not used on non-Windows systems
[1.098s] INFO:colcon.colcon_notification.desktop_notification:Sending desktop notification using 'notify2'
[1.160s] DEBUG:colcon.colcon_core.event_reactor:joined thread
[1.160s] INFO:colcon.colcon_core.shell:Creating prefix script '/home/holms/Projects/lerobot/TG_Robot/install/local_setup.ps1'
[1.162s] INFO:colcon.colcon_core.shell:Creating prefix util module '/home/holms/Projects/lerobot/TG_Robot/install/_local_setup_util_ps1.py'
[1.165s] INFO:colcon.colcon_core.shell:Creating prefix chain script '/home/holms/Projects/lerobot/TG_Robot/install/setup.ps1'
[1.167s] INFO:colcon.colcon_core.shell:Creating prefix script '/home/holms/Projects/lerobot/TG_Robot/install/local_setup.sh'
[1.168s] INFO:colcon.colcon_core.shell:Creating prefix util module '/home/holms/Projects/lerobot/TG_Robot/install/_local_setup_util_sh.py'
[1.168s] INFO:colcon.colcon_core.shell:Creating prefix chain script '/home/holms/Projects/lerobot/TG_Robot/install/setup.sh'
[1.171s] INFO:colcon.colcon_core.shell:Creating prefix script '/home/holms/Projects/lerobot/TG_Robot/install/local_setup.bash'
[1.172s] INFO:colcon.colcon_core.shell:Creating prefix chain script '/home/holms/Projects/lerobot/TG_Robot/install/setup.bash'
[1.174s] INFO:colcon.colcon_core.shell:Creating prefix script '/home/holms/Projects/lerobot/TG_Robot/install/local_setup.zsh'
[1.175s] INFO:colcon.colcon_core.shell:Creating prefix chain script '/home/holms/Projects/lerobot/TG_Robot/install/setup.zsh'
