[0.217s] DEBUG:colcon:Command line arguments: ['/usr/bin/colcon', 'build', '--packages-select', 'robot_gazebo', 'robot_bringup', '--symlink-install']
[0.217s] DEBUG:colcon:Parsed command line arguments: Namespace(log_base=None, log_level=None, verb_name='build', build_base='build', install_base='install', merge_install=False, symlink_install=True, test_result_base=None, continue_on_error=False, executor='parallel', parallel_workers=8, event_handlers=None, ignore_user_meta=False, metas=['./colcon.meta'], base_paths=['.'], packages_ignore=None, packages_ignore_regex=None, paths=None, packages_up_to=None, packages_up_to_regex=None, packages_above=None, packages_above_and_dependencies=None, packages_above_depth=None, packages_select_by_dep=None, packages_skip_by_dep=None, packages_skip_up_to=None, packages_select_build_failed=False, packages_skip_build_finished=False, packages_select_test_failures=False, packages_skip_test_passed=False, packages_select=['robot_gazebo', 'robot_bringup'], packages_skip=None, packages_select_regex=None, packages_skip_regex=None, packages_start=None, packages_end=None, allow_overriding=[], cmake_args=None, cmake_target=None, cmake_target_skip_unavailable=False, cmake_clean_cache=False, cmake_clean_first=False, cmake_force_configure=False, ament_cmake_args=None, catkin_cmake_args=None, catkin_skip_building_tests=False, verb_parser=<colcon_defaults.argument_parser.defaults.DefaultArgumentsDecorator object at 0x7200a0e6c100>, verb_extension=<colcon_core.verb.build.BuildVerb object at 0x7200a0e27b50>, main=<bound method BuildVerb.main of <colcon_core.verb.build.BuildVerb object at 0x7200a0e27b50>>)
[0.716s] Level 1:colcon.colcon_core.package_discovery:discover_packages(colcon_meta) check parameters
[0.716s] Level 1:colcon.colcon_core.package_discovery:discover_packages(recursive) check parameters
[0.716s] Level 1:colcon.colcon_core.package_discovery:discover_packages(ignore) check parameters
[0.716s] Level 1:colcon.colcon_core.package_discovery:discover_packages(path) check parameters
[0.716s] Level 1:colcon.colcon_core.package_discovery:discover_packages(colcon_meta) discover
[0.716s] Level 1:colcon.colcon_core.package_discovery:discover_packages(recursive) discover
[0.716s] INFO:colcon.colcon_core.package_discovery:Crawling recursively for packages in '/home/holms/Projects/lerobot/TG_Robot'
[0.716s] Level 1:colcon.colcon_core.package_identification:_identify(.) by extensions ['ignore', 'ignore_ament_install']
[0.716s] Level 1:colcon.colcon_core.package_identification:_identify(.) by extension 'ignore'
[0.716s] Level 1:colcon.colcon_core.package_identification:_identify(.) by extension 'ignore_ament_install'
[0.716s] Level 1:colcon.colcon_core.package_identification:_identify(.) by extensions ['colcon_pkg']
[0.717s] Level 1:colcon.colcon_core.package_identification:_identify(.) by extension 'colcon_pkg'
[0.717s] Level 1:colcon.colcon_core.package_identification:_identify(.) by extensions ['colcon_meta']
[0.717s] Level 1:colcon.colcon_core.package_identification:_identify(.) by extension 'colcon_meta'
[0.717s] Level 1:colcon.colcon_core.package_identification:_identify(.) by extensions ['ros']
[0.717s] Level 1:colcon.colcon_core.package_identification:_identify(.) by extension 'ros'
[0.735s] Level 1:colcon.colcon_core.package_identification:_identify(.) by extensions ['cmake', 'python']
[0.735s] Level 1:colcon.colcon_core.package_identification:_identify(.) by extension 'cmake'
[0.735s] Level 1:colcon.colcon_core.package_identification:_identify(.) by extension 'python'
[0.735s] Level 1:colcon.colcon_core.package_identification:_identify(.) by extensions ['python_setup_py']
[0.735s] Level 1:colcon.colcon_core.package_identification:_identify(.) by extension 'python_setup_py'
[0.737s] Level 1:colcon.colcon_core.package_identification:_identify(autoinstall_script) by extensions ['ignore', 'ignore_ament_install']
[0.737s] Level 1:colcon.colcon_core.package_identification:_identify(autoinstall_script) by extension 'ignore'
[0.737s] Level 1:colcon.colcon_core.package_identification:_identify(autoinstall_script) by extension 'ignore_ament_install'
[0.737s] Level 1:colcon.colcon_core.package_identification:_identify(autoinstall_script) by extensions ['colcon_pkg']
[0.737s] Level 1:colcon.colcon_core.package_identification:_identify(autoinstall_script) by extension 'colcon_pkg'
[0.737s] Level 1:colcon.colcon_core.package_identification:_identify(autoinstall_script) by extensions ['colcon_meta']
[0.737s] Level 1:colcon.colcon_core.package_identification:_identify(autoinstall_script) by extension 'colcon_meta'
[0.737s] Level 1:colcon.colcon_core.package_identification:_identify(autoinstall_script) by extensions ['ros']
[0.737s] Level 1:colcon.colcon_core.package_identification:_identify(autoinstall_script) by extension 'ros'
[0.737s] Level 1:colcon.colcon_core.package_identification:_identify(autoinstall_script) by extensions ['cmake', 'python']
[0.737s] Level 1:colcon.colcon_core.package_identification:_identify(autoinstall_script) by extension 'cmake'
[0.737s] Level 1:colcon.colcon_core.package_identification:_identify(autoinstall_script) by extension 'python'
[0.737s] Level 1:colcon.colcon_core.package_identification:_identify(autoinstall_script) by extensions ['python_setup_py']
[0.737s] Level 1:colcon.colcon_core.package_identification:_identify(autoinstall_script) by extension 'python_setup_py'
[0.738s] Level 1:colcon.colcon_core.package_identification:_identify(autoinstall_script/build) by extensions ['ignore', 'ignore_ament_install']
[0.738s] Level 1:colcon.colcon_core.package_identification:_identify(autoinstall_script/build) by extension 'ignore'
[0.738s] Level 1:colcon.colcon_core.package_identification:_identify(autoinstall_script/build) ignored
[0.739s] Level 1:colcon.colcon_core.package_identification:_identify(autoinstall_script/config) by extensions ['ignore', 'ignore_ament_install']
[0.739s] Level 1:colcon.colcon_core.package_identification:_identify(autoinstall_script/config) by extension 'ignore'
[0.739s] Level 1:colcon.colcon_core.package_identification:_identify(autoinstall_script/config) by extension 'ignore_ament_install'
[0.739s] Level 1:colcon.colcon_core.package_identification:_identify(autoinstall_script/config) by extensions ['colcon_pkg']
[0.739s] Level 1:colcon.colcon_core.package_identification:_identify(autoinstall_script/config) by extension 'colcon_pkg'
[0.739s] Level 1:colcon.colcon_core.package_identification:_identify(autoinstall_script/config) by extensions ['colcon_meta']
[0.739s] Level 1:colcon.colcon_core.package_identification:_identify(autoinstall_script/config) by extension 'colcon_meta'
[0.739s] Level 1:colcon.colcon_core.package_identification:_identify(autoinstall_script/config) by extensions ['ros']
[0.739s] Level 1:colcon.colcon_core.package_identification:_identify(autoinstall_script/config) by extension 'ros'
[0.739s] Level 1:colcon.colcon_core.package_identification:_identify(autoinstall_script/config) by extensions ['cmake', 'python']
[0.739s] Level 1:colcon.colcon_core.package_identification:_identify(autoinstall_script/config) by extension 'cmake'
[0.739s] Level 1:colcon.colcon_core.package_identification:_identify(autoinstall_script/config) by extension 'python'
[0.739s] Level 1:colcon.colcon_core.package_identification:_identify(autoinstall_script/config) by extensions ['python_setup_py']
[0.739s] Level 1:colcon.colcon_core.package_identification:_identify(autoinstall_script/config) by extension 'python_setup_py'
[0.740s] Level 1:colcon.colcon_core.package_identification:_identify(autoinstall_script/install) by extensions ['ignore', 'ignore_ament_install']
[0.740s] Level 1:colcon.colcon_core.package_identification:_identify(autoinstall_script/install) by extension 'ignore'
[0.740s] Level 1:colcon.colcon_core.package_identification:_identify(autoinstall_script/install) ignored
[0.740s] Level 1:colcon.colcon_core.package_identification:_identify(autoinstall_script/log) by extensions ['ignore', 'ignore_ament_install']
[0.740s] Level 1:colcon.colcon_core.package_identification:_identify(autoinstall_script/log) by extension 'ignore'
[0.740s] Level 1:colcon.colcon_core.package_identification:_identify(autoinstall_script/log) ignored
[0.740s] Level 1:colcon.colcon_core.package_identification:_identify(build) by extensions ['ignore', 'ignore_ament_install']
[0.740s] Level 1:colcon.colcon_core.package_identification:_identify(build) by extension 'ignore'
[0.740s] Level 1:colcon.colcon_core.package_identification:_identify(build) ignored
[0.741s] Level 1:colcon.colcon_core.package_identification:_identify(example) by extensions ['ignore', 'ignore_ament_install']
[0.741s] Level 1:colcon.colcon_core.package_identification:_identify(example) by extension 'ignore'
[0.741s] Level 1:colcon.colcon_core.package_identification:_identify(example) by extension 'ignore_ament_install'
[0.741s] Level 1:colcon.colcon_core.package_identification:_identify(example) by extensions ['colcon_pkg']
[0.741s] Level 1:colcon.colcon_core.package_identification:_identify(example) by extension 'colcon_pkg'
[0.741s] Level 1:colcon.colcon_core.package_identification:_identify(example) by extensions ['colcon_meta']
[0.741s] Level 1:colcon.colcon_core.package_identification:_identify(example) by extension 'colcon_meta'
[0.741s] Level 1:colcon.colcon_core.package_identification:_identify(example) by extensions ['ros']
[0.741s] Level 1:colcon.colcon_core.package_identification:_identify(example) by extension 'ros'
[0.741s] Level 1:colcon.colcon_core.package_identification:_identify(example) by extensions ['cmake', 'python']
[0.741s] Level 1:colcon.colcon_core.package_identification:_identify(example) by extension 'cmake'
[0.741s] Level 1:colcon.colcon_core.package_identification:_identify(example) by extension 'python'
[0.741s] Level 1:colcon.colcon_core.package_identification:_identify(example) by extensions ['python_setup_py']
[0.741s] Level 1:colcon.colcon_core.package_identification:_identify(example) by extension 'python_setup_py'
[0.742s] Level 1:colcon.colcon_core.package_identification:_identify(example/example_cpp) by extensions ['ignore', 'ignore_ament_install']
[0.742s] Level 1:colcon.colcon_core.package_identification:_identify(example/example_cpp) by extension 'ignore'
[0.742s] Level 1:colcon.colcon_core.package_identification:_identify(example/example_cpp) by extension 'ignore_ament_install'
[0.742s] Level 1:colcon.colcon_core.package_identification:_identify(example/example_cpp) by extensions ['colcon_pkg']
[0.742s] Level 1:colcon.colcon_core.package_identification:_identify(example/example_cpp) by extension 'colcon_pkg'
[0.742s] Level 1:colcon.colcon_core.package_identification:_identify(example/example_cpp) by extensions ['colcon_meta']
[0.742s] Level 1:colcon.colcon_core.package_identification:_identify(example/example_cpp) by extension 'colcon_meta'
[0.742s] Level 1:colcon.colcon_core.package_identification:_identify(example/example_cpp) by extensions ['ros']
[0.742s] Level 1:colcon.colcon_core.package_identification:_identify(example/example_cpp) by extension 'ros'
[0.745s] DEBUG:colcon.colcon_core.package_identification:Package 'example/example_cpp' with type 'ros.ament_cmake' and name 'example_cpp'
[0.746s] Level 1:colcon.colcon_core.package_identification:_identify(example/example_py) by extensions ['ignore', 'ignore_ament_install']
[0.746s] Level 1:colcon.colcon_core.package_identification:_identify(example/example_py) by extension 'ignore'
[0.746s] Level 1:colcon.colcon_core.package_identification:_identify(example/example_py) by extension 'ignore_ament_install'
[0.746s] Level 1:colcon.colcon_core.package_identification:_identify(example/example_py) by extensions ['colcon_pkg']
[0.746s] Level 1:colcon.colcon_core.package_identification:_identify(example/example_py) by extension 'colcon_pkg'
[0.746s] Level 1:colcon.colcon_core.package_identification:_identify(example/example_py) by extensions ['colcon_meta']
[0.746s] Level 1:colcon.colcon_core.package_identification:_identify(example/example_py) by extension 'colcon_meta'
[0.746s] Level 1:colcon.colcon_core.package_identification:_identify(example/example_py) by extensions ['ros']
[0.746s] Level 1:colcon.colcon_core.package_identification:_identify(example/example_py) by extension 'ros'
[0.747s] DEBUG:colcon.colcon_core.package_identification:Package 'example/example_py' with type 'ros.ament_python' and name 'example_py'
[0.747s] Level 1:colcon.colcon_core.package_identification:_identify(install) by extensions ['ignore', 'ignore_ament_install']
[0.747s] Level 1:colcon.colcon_core.package_identification:_identify(install) by extension 'ignore'
[0.748s] Level 1:colcon.colcon_core.package_identification:_identify(install) ignored
[0.748s] Level 1:colcon.colcon_core.package_identification:_identify(log) by extensions ['ignore', 'ignore_ament_install']
[0.748s] Level 1:colcon.colcon_core.package_identification:_identify(log) by extension 'ignore'
[0.748s] Level 1:colcon.colcon_core.package_identification:_identify(log) ignored
[0.748s] Level 1:colcon.colcon_core.package_identification:_identify(src) by extensions ['ignore', 'ignore_ament_install']
[0.748s] Level 1:colcon.colcon_core.package_identification:_identify(src) by extension 'ignore'
[0.748s] Level 1:colcon.colcon_core.package_identification:_identify(src) by extension 'ignore_ament_install'
[0.748s] Level 1:colcon.colcon_core.package_identification:_identify(src) by extensions ['colcon_pkg']
[0.748s] Level 1:colcon.colcon_core.package_identification:_identify(src) by extension 'colcon_pkg'
[0.748s] Level 1:colcon.colcon_core.package_identification:_identify(src) by extensions ['colcon_meta']
[0.748s] Level 1:colcon.colcon_core.package_identification:_identify(src) by extension 'colcon_meta'
[0.748s] Level 1:colcon.colcon_core.package_identification:_identify(src) by extensions ['ros']
[0.748s] Level 1:colcon.colcon_core.package_identification:_identify(src) by extension 'ros'
[0.748s] Level 1:colcon.colcon_core.package_identification:_identify(src) by extensions ['cmake', 'python']
[0.748s] Level 1:colcon.colcon_core.package_identification:_identify(src) by extension 'cmake'
[0.749s] Level 1:colcon.colcon_core.package_identification:_identify(src) by extension 'python'
[0.749s] Level 1:colcon.colcon_core.package_identification:_identify(src) by extensions ['python_setup_py']
[0.749s] Level 1:colcon.colcon_core.package_identification:_identify(src) by extension 'python_setup_py'
[0.749s] Level 1:colcon.colcon_core.package_identification:_identify(src/motor_control_logger) by extensions ['ignore', 'ignore_ament_install']
[0.749s] Level 1:colcon.colcon_core.package_identification:_identify(src/motor_control_logger) by extension 'ignore'
[0.749s] Level 1:colcon.colcon_core.package_identification:_identify(src/motor_control_logger) by extension 'ignore_ament_install'
[0.749s] Level 1:colcon.colcon_core.package_identification:_identify(src/motor_control_logger) by extensions ['colcon_pkg']
[0.749s] Level 1:colcon.colcon_core.package_identification:_identify(src/motor_control_logger) by extension 'colcon_pkg'
[0.749s] Level 1:colcon.colcon_core.package_identification:_identify(src/motor_control_logger) by extensions ['colcon_meta']
[0.749s] Level 1:colcon.colcon_core.package_identification:_identify(src/motor_control_logger) by extension 'colcon_meta'
[0.749s] Level 1:colcon.colcon_core.package_identification:_identify(src/motor_control_logger) by extensions ['ros']
[0.749s] Level 1:colcon.colcon_core.package_identification:_identify(src/motor_control_logger) by extension 'ros'
[0.751s] DEBUG:colcon.colcon_core.package_identification:Package 'src/motor_control_logger' with type 'ros.ament_cmake' and name 'motor_control_logger'
[0.752s] Level 1:colcon.colcon_core.package_identification:_identify(src/robot_bringup) by extensions ['ignore', 'ignore_ament_install']
[0.752s] Level 1:colcon.colcon_core.package_identification:_identify(src/robot_bringup) by extension 'ignore'
[0.752s] Level 1:colcon.colcon_core.package_identification:_identify(src/robot_bringup) by extension 'ignore_ament_install'
[0.752s] Level 1:colcon.colcon_core.package_identification:_identify(src/robot_bringup) by extensions ['colcon_pkg']
[0.752s] Level 1:colcon.colcon_core.package_identification:_identify(src/robot_bringup) by extension 'colcon_pkg'
[0.752s] Level 1:colcon.colcon_core.package_identification:_identify(src/robot_bringup) by extensions ['colcon_meta']
[0.752s] Level 1:colcon.colcon_core.package_identification:_identify(src/robot_bringup) by extension 'colcon_meta'
[0.752s] Level 1:colcon.colcon_core.package_identification:_identify(src/robot_bringup) by extensions ['ros']
[0.752s] Level 1:colcon.colcon_core.package_identification:_identify(src/robot_bringup) by extension 'ros'
[0.753s] DEBUG:colcon.colcon_core.package_identification:Package 'src/robot_bringup' with type 'ros.ament_cmake' and name 'robot_bringup'
[0.754s] Level 1:colcon.colcon_core.package_identification:_identify(src/robot_config) by extensions ['ignore', 'ignore_ament_install']
[0.754s] Level 1:colcon.colcon_core.package_identification:_identify(src/robot_config) by extension 'ignore'
[0.754s] Level 1:colcon.colcon_core.package_identification:_identify(src/robot_config) by extension 'ignore_ament_install'
[0.754s] Level 1:colcon.colcon_core.package_identification:_identify(src/robot_config) by extensions ['colcon_pkg']
[0.754s] Level 1:colcon.colcon_core.package_identification:_identify(src/robot_config) by extension 'colcon_pkg'
[0.754s] Level 1:colcon.colcon_core.package_identification:_identify(src/robot_config) by extensions ['colcon_meta']
[0.754s] Level 1:colcon.colcon_core.package_identification:_identify(src/robot_config) by extension 'colcon_meta'
[0.754s] Level 1:colcon.colcon_core.package_identification:_identify(src/robot_config) by extensions ['ros']
[0.754s] Level 1:colcon.colcon_core.package_identification:_identify(src/robot_config) by extension 'ros'
[0.754s] Level 1:colcon.colcon_core.package_identification:_identify(src/robot_config) by extensions ['cmake', 'python']
[0.754s] Level 1:colcon.colcon_core.package_identification:_identify(src/robot_config) by extension 'cmake'
[0.754s] Level 1:colcon.colcon_core.package_identification:_identify(src/robot_config) by extension 'python'
[0.754s] Level 1:colcon.colcon_core.package_identification:_identify(src/robot_config) by extensions ['python_setup_py']
[0.754s] Level 1:colcon.colcon_core.package_identification:_identify(src/robot_config) by extension 'python_setup_py'
[0.754s] Level 1:colcon.colcon_core.package_identification:_identify(src/robot_config/arm380_config) by extensions ['ignore', 'ignore_ament_install']
[0.754s] Level 1:colcon.colcon_core.package_identification:_identify(src/robot_config/arm380_config) by extension 'ignore'
[0.754s] Level 1:colcon.colcon_core.package_identification:_identify(src/robot_config/arm380_config) by extension 'ignore_ament_install'
[0.754s] Level 1:colcon.colcon_core.package_identification:_identify(src/robot_config/arm380_config) by extensions ['colcon_pkg']
[0.755s] Level 1:colcon.colcon_core.package_identification:_identify(src/robot_config/arm380_config) by extension 'colcon_pkg'
[0.755s] Level 1:colcon.colcon_core.package_identification:_identify(src/robot_config/arm380_config) by extensions ['colcon_meta']
[0.755s] Level 1:colcon.colcon_core.package_identification:_identify(src/robot_config/arm380_config) by extension 'colcon_meta'
[0.755s] Level 1:colcon.colcon_core.package_identification:_identify(src/robot_config/arm380_config) by extensions ['ros']
[0.755s] Level 1:colcon.colcon_core.package_identification:_identify(src/robot_config/arm380_config) by extension 'ros'
[0.756s] DEBUG:colcon.colcon_core.package_identification:Package 'src/robot_config/arm380_config' with type 'ros.ament_cmake' and name 'arm380_config'
[0.756s] Level 1:colcon.colcon_core.package_identification:_identify(src/robot_config/arm620_config) by extensions ['ignore', 'ignore_ament_install']
[0.756s] Level 1:colcon.colcon_core.package_identification:_identify(src/robot_config/arm620_config) by extension 'ignore'
[0.756s] Level 1:colcon.colcon_core.package_identification:_identify(src/robot_config/arm620_config) by extension 'ignore_ament_install'
[0.756s] Level 1:colcon.colcon_core.package_identification:_identify(src/robot_config/arm620_config) by extensions ['colcon_pkg']
[0.756s] Level 1:colcon.colcon_core.package_identification:_identify(src/robot_config/arm620_config) by extension 'colcon_pkg'
[0.756s] Level 1:colcon.colcon_core.package_identification:_identify(src/robot_config/arm620_config) by extensions ['colcon_meta']
[0.756s] Level 1:colcon.colcon_core.package_identification:_identify(src/robot_config/arm620_config) by extension 'colcon_meta'
[0.756s] Level 1:colcon.colcon_core.package_identification:_identify(src/robot_config/arm620_config) by extensions ['ros']
[0.756s] Level 1:colcon.colcon_core.package_identification:_identify(src/robot_config/arm620_config) by extension 'ros'
[0.757s] DEBUG:colcon.colcon_core.package_identification:Package 'src/robot_config/arm620_config' with type 'ros.ament_cmake' and name 'arm620_config'
[0.758s] Level 1:colcon.colcon_core.package_identification:_identify(src/robot_control) by extensions ['ignore', 'ignore_ament_install']
[0.758s] Level 1:colcon.colcon_core.package_identification:_identify(src/robot_control) by extension 'ignore'
[0.758s] Level 1:colcon.colcon_core.package_identification:_identify(src/robot_control) by extension 'ignore_ament_install'
[0.758s] Level 1:colcon.colcon_core.package_identification:_identify(src/robot_control) by extensions ['colcon_pkg']
[0.758s] Level 1:colcon.colcon_core.package_identification:_identify(src/robot_control) by extension 'colcon_pkg'
[0.758s] Level 1:colcon.colcon_core.package_identification:_identify(src/robot_control) by extensions ['colcon_meta']
[0.758s] Level 1:colcon.colcon_core.package_identification:_identify(src/robot_control) by extension 'colcon_meta'
[0.758s] Level 1:colcon.colcon_core.package_identification:_identify(src/robot_control) by extensions ['ros']
[0.758s] Level 1:colcon.colcon_core.package_identification:_identify(src/robot_control) by extension 'ros'
[0.759s] DEBUG:colcon.colcon_core.package_identification:Package 'src/robot_control' with type 'ros.ament_cmake' and name 'robot_control'
[0.759s] Level 1:colcon.colcon_core.package_identification:_identify(src/robot_description) by extensions ['ignore', 'ignore_ament_install']
[0.760s] Level 1:colcon.colcon_core.package_identification:_identify(src/robot_description) by extension 'ignore'
[0.760s] Level 1:colcon.colcon_core.package_identification:_identify(src/robot_description) by extension 'ignore_ament_install'
[0.760s] Level 1:colcon.colcon_core.package_identification:_identify(src/robot_description) by extensions ['colcon_pkg']
[0.760s] Level 1:colcon.colcon_core.package_identification:_identify(src/robot_description) by extension 'colcon_pkg'
[0.760s] Level 1:colcon.colcon_core.package_identification:_identify(src/robot_description) by extensions ['colcon_meta']
[0.760s] Level 1:colcon.colcon_core.package_identification:_identify(src/robot_description) by extension 'colcon_meta'
[0.760s] Level 1:colcon.colcon_core.package_identification:_identify(src/robot_description) by extensions ['ros']
[0.760s] Level 1:colcon.colcon_core.package_identification:_identify(src/robot_description) by extension 'ros'
[0.761s] DEBUG:colcon.colcon_core.package_identification:Package 'src/robot_description' with type 'ros.ament_cmake' and name 'robot_description'
[0.762s] Level 1:colcon.colcon_core.package_identification:_identify(src/robot_driver) by extensions ['ignore', 'ignore_ament_install']
[0.762s] Level 1:colcon.colcon_core.package_identification:_identify(src/robot_driver) by extension 'ignore'
[0.762s] Level 1:colcon.colcon_core.package_identification:_identify(src/robot_driver) by extension 'ignore_ament_install'
[0.762s] Level 1:colcon.colcon_core.package_identification:_identify(src/robot_driver) by extensions ['colcon_pkg']
[0.762s] Level 1:colcon.colcon_core.package_identification:_identify(src/robot_driver) by extension 'colcon_pkg'
[0.762s] Level 1:colcon.colcon_core.package_identification:_identify(src/robot_driver) by extensions ['colcon_meta']
[0.762s] Level 1:colcon.colcon_core.package_identification:_identify(src/robot_driver) by extension 'colcon_meta'
[0.762s] Level 1:colcon.colcon_core.package_identification:_identify(src/robot_driver) by extensions ['ros']
[0.762s] Level 1:colcon.colcon_core.package_identification:_identify(src/robot_driver) by extension 'ros'
[0.763s] DEBUG:colcon.colcon_core.package_identification:Package 'src/robot_driver' with type 'ros.ament_cmake' and name 'robot_driver'
[0.764s] Level 1:colcon.colcon_core.package_identification:_identify(src/robot_dynamics) by extensions ['ignore', 'ignore_ament_install']
[0.764s] Level 1:colcon.colcon_core.package_identification:_identify(src/robot_dynamics) by extension 'ignore'
[0.764s] Level 1:colcon.colcon_core.package_identification:_identify(src/robot_dynamics) by extension 'ignore_ament_install'
[0.764s] Level 1:colcon.colcon_core.package_identification:_identify(src/robot_dynamics) by extensions ['colcon_pkg']
[0.764s] Level 1:colcon.colcon_core.package_identification:_identify(src/robot_dynamics) by extension 'colcon_pkg'
[0.764s] Level 1:colcon.colcon_core.package_identification:_identify(src/robot_dynamics) by extensions ['colcon_meta']
[0.764s] Level 1:colcon.colcon_core.package_identification:_identify(src/robot_dynamics) by extension 'colcon_meta'
[0.764s] Level 1:colcon.colcon_core.package_identification:_identify(src/robot_dynamics) by extensions ['ros']
[0.764s] Level 1:colcon.colcon_core.package_identification:_identify(src/robot_dynamics) by extension 'ros'
[0.765s] DEBUG:colcon.colcon_core.package_identification:Package 'src/robot_dynamics' with type 'ros.ament_python' and name 'robot_dynamics'
[0.765s] Level 1:colcon.colcon_core.package_identification:_identify(src/robot_gazebo) by extensions ['ignore', 'ignore_ament_install']
[0.765s] Level 1:colcon.colcon_core.package_identification:_identify(src/robot_gazebo) by extension 'ignore'
[0.765s] Level 1:colcon.colcon_core.package_identification:_identify(src/robot_gazebo) by extension 'ignore_ament_install'
[0.765s] Level 1:colcon.colcon_core.package_identification:_identify(src/robot_gazebo) by extensions ['colcon_pkg']
[0.765s] Level 1:colcon.colcon_core.package_identification:_identify(src/robot_gazebo) by extension 'colcon_pkg'
[0.765s] Level 1:colcon.colcon_core.package_identification:_identify(src/robot_gazebo) by extensions ['colcon_meta']
[0.765s] Level 1:colcon.colcon_core.package_identification:_identify(src/robot_gazebo) by extension 'colcon_meta'
[0.765s] Level 1:colcon.colcon_core.package_identification:_identify(src/robot_gazebo) by extensions ['ros']
[0.765s] Level 1:colcon.colcon_core.package_identification:_identify(src/robot_gazebo) by extension 'ros'
[0.766s] DEBUG:colcon.colcon_core.package_identification:Package 'src/robot_gazebo' with type 'ros.ament_cmake' and name 'robot_gazebo'
[0.766s] Level 1:colcon.colcon_core.package_identification:_identify(src/robot_input) by extensions ['ignore', 'ignore_ament_install']
[0.766s] Level 1:colcon.colcon_core.package_identification:_identify(src/robot_input) by extension 'ignore'
[0.766s] Level 1:colcon.colcon_core.package_identification:_identify(src/robot_input) by extension 'ignore_ament_install'
[0.766s] Level 1:colcon.colcon_core.package_identification:_identify(src/robot_input) by extensions ['colcon_pkg']
[0.766s] Level 1:colcon.colcon_core.package_identification:_identify(src/robot_input) by extension 'colcon_pkg'
[0.766s] Level 1:colcon.colcon_core.package_identification:_identify(src/robot_input) by extensions ['colcon_meta']
[0.767s] Level 1:colcon.colcon_core.package_identification:_identify(src/robot_input) by extension 'colcon_meta'
[0.767s] Level 1:colcon.colcon_core.package_identification:_identify(src/robot_input) by extensions ['ros']
[0.767s] Level 1:colcon.colcon_core.package_identification:_identify(src/robot_input) by extension 'ros'
[0.767s] DEBUG:colcon.colcon_core.package_identification:Package 'src/robot_input' with type 'ros.ament_python' and name 'robot_input'
[0.768s] Level 1:colcon.colcon_core.package_identification:_identify(src/robot_interfaces) by extensions ['ignore', 'ignore_ament_install']
[0.768s] Level 1:colcon.colcon_core.package_identification:_identify(src/robot_interfaces) by extension 'ignore'
[0.768s] Level 1:colcon.colcon_core.package_identification:_identify(src/robot_interfaces) by extension 'ignore_ament_install'
[0.768s] Level 1:colcon.colcon_core.package_identification:_identify(src/robot_interfaces) by extensions ['colcon_pkg']
[0.768s] Level 1:colcon.colcon_core.package_identification:_identify(src/robot_interfaces) by extension 'colcon_pkg'
[0.768s] Level 1:colcon.colcon_core.package_identification:_identify(src/robot_interfaces) by extensions ['colcon_meta']
[0.768s] Level 1:colcon.colcon_core.package_identification:_identify(src/robot_interfaces) by extension 'colcon_meta'
[0.768s] Level 1:colcon.colcon_core.package_identification:_identify(src/robot_interfaces) by extensions ['ros']
[0.768s] Level 1:colcon.colcon_core.package_identification:_identify(src/robot_interfaces) by extension 'ros'
[0.770s] DEBUG:colcon.colcon_core.package_identification:Package 'src/robot_interfaces' with type 'ros.ament_cmake' and name 'robot_interfaces'
[0.770s] Level 1:colcon.colcon_core.package_identification:_identify(src/robot_sdk) by extensions ['ignore', 'ignore_ament_install']
[0.770s] Level 1:colcon.colcon_core.package_identification:_identify(src/robot_sdk) by extension 'ignore'
[0.770s] Level 1:colcon.colcon_core.package_identification:_identify(src/robot_sdk) by extension 'ignore_ament_install'
[0.770s] Level 1:colcon.colcon_core.package_identification:_identify(src/robot_sdk) by extensions ['colcon_pkg']
[0.770s] Level 1:colcon.colcon_core.package_identification:_identify(src/robot_sdk) by extension 'colcon_pkg'
[0.770s] Level 1:colcon.colcon_core.package_identification:_identify(src/robot_sdk) by extensions ['colcon_meta']
[0.770s] Level 1:colcon.colcon_core.package_identification:_identify(src/robot_sdk) by extension 'colcon_meta'
[0.770s] Level 1:colcon.colcon_core.package_identification:_identify(src/robot_sdk) by extensions ['ros']
[0.770s] Level 1:colcon.colcon_core.package_identification:_identify(src/robot_sdk) by extension 'ros'
[0.771s] DEBUG:colcon.colcon_core.package_identification:Package 'src/robot_sdk' with type 'ros.ament_cmake' and name 'robot_sdk'
[0.772s] Level 1:colcon.colcon_core.package_identification:_identify(src/robot_state_machine) by extensions ['ignore', 'ignore_ament_install']
[0.772s] Level 1:colcon.colcon_core.package_identification:_identify(src/robot_state_machine) by extension 'ignore'
[0.772s] Level 1:colcon.colcon_core.package_identification:_identify(src/robot_state_machine) by extension 'ignore_ament_install'
[0.772s] Level 1:colcon.colcon_core.package_identification:_identify(src/robot_state_machine) by extensions ['colcon_pkg']
[0.772s] Level 1:colcon.colcon_core.package_identification:_identify(src/robot_state_machine) by extension 'colcon_pkg'
[0.772s] Level 1:colcon.colcon_core.package_identification:_identify(src/robot_state_machine) by extensions ['colcon_meta']
[0.772s] Level 1:colcon.colcon_core.package_identification:_identify(src/robot_state_machine) by extension 'colcon_meta'
[0.772s] Level 1:colcon.colcon_core.package_identification:_identify(src/robot_state_machine) by extensions ['ros']
[0.773s] Level 1:colcon.colcon_core.package_identification:_identify(src/robot_state_machine) by extension 'ros'
[0.773s] DEBUG:colcon.colcon_core.package_identification:Package 'src/robot_state_machine' with type 'ros.ament_cmake' and name 'robot_state_machine'
[0.774s] Level 1:colcon.colcon_core.package_identification:_identify(src/robot_test_py) by extensions ['ignore', 'ignore_ament_install']
[0.774s] Level 1:colcon.colcon_core.package_identification:_identify(src/robot_test_py) by extension 'ignore'
[0.774s] Level 1:colcon.colcon_core.package_identification:_identify(src/robot_test_py) by extension 'ignore_ament_install'
[0.774s] Level 1:colcon.colcon_core.package_identification:_identify(src/robot_test_py) by extensions ['colcon_pkg']
[0.774s] Level 1:colcon.colcon_core.package_identification:_identify(src/robot_test_py) by extension 'colcon_pkg'
[0.774s] Level 1:colcon.colcon_core.package_identification:_identify(src/robot_test_py) by extensions ['colcon_meta']
[0.774s] Level 1:colcon.colcon_core.package_identification:_identify(src/robot_test_py) by extension 'colcon_meta'
[0.774s] Level 1:colcon.colcon_core.package_identification:_identify(src/robot_test_py) by extensions ['ros']
[0.774s] Level 1:colcon.colcon_core.package_identification:_identify(src/robot_test_py) by extension 'ros'
[0.775s] DEBUG:colcon.colcon_core.package_identification:Package 'src/robot_test_py' with type 'ros.ament_python' and name 'robot_test_py'
[0.776s] Level 1:colcon.colcon_core.package_identification:_identify(src/ros2_socketcan) by extensions ['ignore', 'ignore_ament_install']
[0.776s] Level 1:colcon.colcon_core.package_identification:_identify(src/ros2_socketcan) by extension 'ignore'
[0.776s] Level 1:colcon.colcon_core.package_identification:_identify(src/ros2_socketcan) by extension 'ignore_ament_install'
[0.776s] Level 1:colcon.colcon_core.package_identification:_identify(src/ros2_socketcan) by extensions ['colcon_pkg']
[0.776s] Level 1:colcon.colcon_core.package_identification:_identify(src/ros2_socketcan) by extension 'colcon_pkg'
[0.776s] Level 1:colcon.colcon_core.package_identification:_identify(src/ros2_socketcan) by extensions ['colcon_meta']
[0.776s] Level 1:colcon.colcon_core.package_identification:_identify(src/ros2_socketcan) by extension 'colcon_meta'
[0.776s] Level 1:colcon.colcon_core.package_identification:_identify(src/ros2_socketcan) by extensions ['ros']
[0.776s] Level 1:colcon.colcon_core.package_identification:_identify(src/ros2_socketcan) by extension 'ros'
[0.776s] Level 1:colcon.colcon_core.package_identification:_identify(src/ros2_socketcan) by extensions ['cmake', 'python']
[0.776s] Level 1:colcon.colcon_core.package_identification:_identify(src/ros2_socketcan) by extension 'cmake'
[0.776s] Level 1:colcon.colcon_core.package_identification:_identify(src/ros2_socketcan) by extension 'python'
[0.776s] Level 1:colcon.colcon_core.package_identification:_identify(src/ros2_socketcan) by extensions ['python_setup_py']
[0.776s] Level 1:colcon.colcon_core.package_identification:_identify(src/ros2_socketcan) by extension 'python_setup_py'
[0.777s] Level 1:colcon.colcon_core.package_identification:_identify(src/ros2_socketcan/ros2_socketcan) by extensions ['ignore', 'ignore_ament_install']
[0.777s] Level 1:colcon.colcon_core.package_identification:_identify(src/ros2_socketcan/ros2_socketcan) by extension 'ignore'
[0.777s] Level 1:colcon.colcon_core.package_identification:_identify(src/ros2_socketcan/ros2_socketcan) by extension 'ignore_ament_install'
[0.777s] Level 1:colcon.colcon_core.package_identification:_identify(src/ros2_socketcan/ros2_socketcan) by extensions ['colcon_pkg']
[0.777s] Level 1:colcon.colcon_core.package_identification:_identify(src/ros2_socketcan/ros2_socketcan) by extension 'colcon_pkg'
[0.777s] Level 1:colcon.colcon_core.package_identification:_identify(src/ros2_socketcan/ros2_socketcan) by extensions ['colcon_meta']
[0.777s] Level 1:colcon.colcon_core.package_identification:_identify(src/ros2_socketcan/ros2_socketcan) by extension 'colcon_meta'
[0.777s] Level 1:colcon.colcon_core.package_identification:_identify(src/ros2_socketcan/ros2_socketcan) by extensions ['ros']
[0.777s] Level 1:colcon.colcon_core.package_identification:_identify(src/ros2_socketcan/ros2_socketcan) by extension 'ros'
[0.779s] DEBUG:colcon.colcon_core.package_identification:Package 'src/ros2_socketcan/ros2_socketcan' with type 'ros.ament_cmake' and name 'ros2_socketcan'
[0.779s] Level 1:colcon.colcon_core.package_identification:_identify(src/ros2_socketcan/ros2_socketcan_msgs) by extensions ['ignore', 'ignore_ament_install']
[0.779s] Level 1:colcon.colcon_core.package_identification:_identify(src/ros2_socketcan/ros2_socketcan_msgs) by extension 'ignore'
[0.779s] Level 1:colcon.colcon_core.package_identification:_identify(src/ros2_socketcan/ros2_socketcan_msgs) by extension 'ignore_ament_install'
[0.780s] Level 1:colcon.colcon_core.package_identification:_identify(src/ros2_socketcan/ros2_socketcan_msgs) by extensions ['colcon_pkg']
[0.780s] Level 1:colcon.colcon_core.package_identification:_identify(src/ros2_socketcan/ros2_socketcan_msgs) by extension 'colcon_pkg'
[0.780s] Level 1:colcon.colcon_core.package_identification:_identify(src/ros2_socketcan/ros2_socketcan_msgs) by extensions ['colcon_meta']
[0.780s] Level 1:colcon.colcon_core.package_identification:_identify(src/ros2_socketcan/ros2_socketcan_msgs) by extension 'colcon_meta'
[0.780s] Level 1:colcon.colcon_core.package_identification:_identify(src/ros2_socketcan/ros2_socketcan_msgs) by extensions ['ros']
[0.780s] Level 1:colcon.colcon_core.package_identification:_identify(src/ros2_socketcan/ros2_socketcan_msgs) by extension 'ros'
[0.780s] DEBUG:colcon.colcon_core.package_identification:Package 'src/ros2_socketcan/ros2_socketcan_msgs' with type 'ros.ament_cmake' and name 'ros2_socketcan_msgs'
[0.781s] Level 1:colcon.colcon_core.package_identification:_identify(src/tg_lerobot_bridge) by extensions ['ignore', 'ignore_ament_install']
[0.781s] Level 1:colcon.colcon_core.package_identification:_identify(src/tg_lerobot_bridge) by extension 'ignore'
[0.781s] Level 1:colcon.colcon_core.package_identification:_identify(src/tg_lerobot_bridge) by extension 'ignore_ament_install'
[0.781s] Level 1:colcon.colcon_core.package_identification:_identify(src/tg_lerobot_bridge) by extensions ['colcon_pkg']
[0.781s] Level 1:colcon.colcon_core.package_identification:_identify(src/tg_lerobot_bridge) by extension 'colcon_pkg'
[0.781s] Level 1:colcon.colcon_core.package_identification:_identify(src/tg_lerobot_bridge) by extensions ['colcon_meta']
[0.781s] Level 1:colcon.colcon_core.package_identification:_identify(src/tg_lerobot_bridge) by extension 'colcon_meta'
[0.781s] Level 1:colcon.colcon_core.package_identification:_identify(src/tg_lerobot_bridge) by extensions ['ros']
[0.781s] Level 1:colcon.colcon_core.package_identification:_identify(src/tg_lerobot_bridge) by extension 'ros'
[0.782s] DEBUG:colcon.colcon_core.package_identification:Package 'src/tg_lerobot_bridge' with type 'ros.ament_python' and name 'tg_lerobot_bridge'
[0.783s] Level 1:colcon.colcon_core.package_identification:_identify(src/traj_smoother_py) by extensions ['ignore', 'ignore_ament_install']
[0.783s] Level 1:colcon.colcon_core.package_identification:_identify(src/traj_smoother_py) by extension 'ignore'
[0.783s] Level 1:colcon.colcon_core.package_identification:_identify(src/traj_smoother_py) by extension 'ignore_ament_install'
[0.783s] Level 1:colcon.colcon_core.package_identification:_identify(src/traj_smoother_py) by extensions ['colcon_pkg']
[0.783s] Level 1:colcon.colcon_core.package_identification:_identify(src/traj_smoother_py) by extension 'colcon_pkg'
[0.783s] Level 1:colcon.colcon_core.package_identification:_identify(src/traj_smoother_py) by extensions ['colcon_meta']
[0.783s] Level 1:colcon.colcon_core.package_identification:_identify(src/traj_smoother_py) by extension 'colcon_meta'
[0.783s] Level 1:colcon.colcon_core.package_identification:_identify(src/traj_smoother_py) by extensions ['ros']
[0.783s] Level 1:colcon.colcon_core.package_identification:_identify(src/traj_smoother_py) by extension 'ros'
[0.784s] DEBUG:colcon.colcon_core.package_identification:Package 'src/traj_smoother_py' with type 'ros.ament_python' and name 'traj_smoother_py'
[0.784s] Level 1:colcon.colcon_core.package_discovery:discover_packages(recursive) using defaults
[0.784s] Level 1:colcon.colcon_core.package_discovery:discover_packages(ignore) discover
[0.784s] Level 1:colcon.colcon_core.package_discovery:discover_packages(ignore) using defaults
[0.784s] Level 1:colcon.colcon_core.package_discovery:discover_packages(path) discover
[0.784s] Level 1:colcon.colcon_core.package_discovery:discover_packages(path) using defaults
[0.824s] INFO:colcon.colcon_core.package_selection:Skipping not selected package 'robot_description' in 'src/robot_description'
[0.824s] INFO:colcon.colcon_core.package_selection:Skipping not selected package 'robot_dynamics' in 'src/robot_dynamics'
[0.824s] INFO:colcon.colcon_core.package_selection:Skipping not selected package 'robot_interfaces' in 'src/robot_interfaces'
[0.824s] INFO:colcon.colcon_core.package_selection:Skipping not selected package 'ros2_socketcan_msgs' in 'src/ros2_socketcan/ros2_socketcan_msgs'
[0.824s] INFO:colcon.colcon_core.package_selection:Skipping not selected package 'traj_smoother_py' in 'src/traj_smoother_py'
[0.824s] INFO:colcon.colcon_core.package_selection:Skipping not selected package 'arm380_config' in 'src/robot_config/arm380_config'
[0.824s] INFO:colcon.colcon_core.package_selection:Skipping not selected package 'arm620_config' in 'src/robot_config/arm620_config'
[0.824s] INFO:colcon.colcon_core.package_selection:Skipping not selected package 'example_cpp' in 'example/example_cpp'
[0.824s] INFO:colcon.colcon_core.package_selection:Skipping not selected package 'example_py' in 'example/example_py'
[0.824s] INFO:colcon.colcon_core.package_selection:Skipping not selected package 'motor_control_logger' in 'src/motor_control_logger'
[0.824s] INFO:colcon.colcon_core.package_selection:Skipping not selected package 'robot_control' in 'src/robot_control'
[0.824s] INFO:colcon.colcon_core.package_selection:Skipping not selected package 'robot_input' in 'src/robot_input'
[0.824s] INFO:colcon.colcon_core.package_selection:Skipping not selected package 'robot_sdk' in 'src/robot_sdk'
[0.824s] INFO:colcon.colcon_core.package_selection:Skipping not selected package 'robot_test_py' in 'src/robot_test_py'
[0.824s] INFO:colcon.colcon_core.package_selection:Skipping not selected package 'ros2_socketcan' in 'src/ros2_socketcan/ros2_socketcan'
[0.824s] INFO:colcon.colcon_core.package_selection:Skipping not selected package 'tg_lerobot_bridge' in 'src/tg_lerobot_bridge'
[0.824s] INFO:colcon.colcon_core.package_selection:Skipping not selected package 'robot_driver' in 'src/robot_driver'
[0.824s] INFO:colcon.colcon_core.package_selection:Skipping not selected package 'robot_state_machine' in 'src/robot_state_machine'
[0.825s] Level 1:colcon.colcon_core.package_discovery:discover_packages(prefix_path) check parameters
[0.825s] Level 1:colcon.colcon_core.package_discovery:discover_packages(prefix_path) discover
[0.848s] DEBUG:colcon.colcon_installed_package_information.package_discovery:Found 20 installed packages in /home/holms/Projects/lerobot/TG_Robot/install
[0.849s] DEBUG:colcon.colcon_installed_package_information.package_discovery:Found 18 installed packages in /home/holms/Projects/TG_Robot/robot_base_v1.1/install
[0.851s] DEBUG:colcon.colcon_installed_package_information.package_discovery:Found 378 installed packages in /opt/ros/humble
[0.852s] Level 1:colcon.colcon_core.package_discovery:discover_packages(prefix_path) using defaults
[0.927s] Level 5:colcon.colcon_core.verb:set package 'robot_gazebo' build argument 'cmake_args' from command line to 'None'
[0.927s] Level 5:colcon.colcon_core.verb:set package 'robot_gazebo' build argument 'cmake_target' from command line to 'None'
[0.927s] Level 5:colcon.colcon_core.verb:set package 'robot_gazebo' build argument 'cmake_target_skip_unavailable' from command line to 'False'
[0.927s] Level 5:colcon.colcon_core.verb:set package 'robot_gazebo' build argument 'cmake_clean_cache' from command line to 'False'
[0.927s] Level 5:colcon.colcon_core.verb:set package 'robot_gazebo' build argument 'cmake_clean_first' from command line to 'False'
[0.927s] Level 5:colcon.colcon_core.verb:set package 'robot_gazebo' build argument 'cmake_force_configure' from command line to 'False'
[0.927s] Level 5:colcon.colcon_core.verb:set package 'robot_gazebo' build argument 'ament_cmake_args' from command line to 'None'
[0.927s] Level 5:colcon.colcon_core.verb:set package 'robot_gazebo' build argument 'catkin_cmake_args' from command line to 'None'
[0.927s] Level 5:colcon.colcon_core.verb:set package 'robot_gazebo' build argument 'catkin_skip_building_tests' from command line to 'False'
[0.927s] DEBUG:colcon.colcon_core.verb:Building package 'robot_gazebo' with the following arguments: {'ament_cmake_args': None, 'build_base': '/home/holms/Projects/lerobot/TG_Robot/build/robot_gazebo', 'catkin_cmake_args': None, 'catkin_skip_building_tests': False, 'cmake_args': None, 'cmake_clean_cache': False, 'cmake_clean_first': False, 'cmake_force_configure': False, 'cmake_target': None, 'cmake_target_skip_unavailable': False, 'install_base': '/home/holms/Projects/lerobot/TG_Robot/install/robot_gazebo', 'merge_install': False, 'path': '/home/holms/Projects/lerobot/TG_Robot/src/robot_gazebo', 'symlink_install': True, 'test_result_base': None}
[0.928s] Level 5:colcon.colcon_core.verb:set package 'robot_bringup' build argument 'cmake_args' from command line to 'None'
[0.928s] Level 5:colcon.colcon_core.verb:set package 'robot_bringup' build argument 'cmake_target' from command line to 'None'
[0.928s] Level 5:colcon.colcon_core.verb:set package 'robot_bringup' build argument 'cmake_target_skip_unavailable' from command line to 'False'
[0.928s] Level 5:colcon.colcon_core.verb:set package 'robot_bringup' build argument 'cmake_clean_cache' from command line to 'False'
[0.928s] Level 5:colcon.colcon_core.verb:set package 'robot_bringup' build argument 'cmake_clean_first' from command line to 'False'
[0.928s] Level 5:colcon.colcon_core.verb:set package 'robot_bringup' build argument 'cmake_force_configure' from command line to 'False'
[0.928s] Level 5:colcon.colcon_core.verb:set package 'robot_bringup' build argument 'ament_cmake_args' from command line to 'None'
[0.928s] Level 5:colcon.colcon_core.verb:set package 'robot_bringup' build argument 'catkin_cmake_args' from command line to 'None'
[0.928s] Level 5:colcon.colcon_core.verb:set package 'robot_bringup' build argument 'catkin_skip_building_tests' from command line to 'False'
[0.928s] DEBUG:colcon.colcon_core.verb:Building package 'robot_bringup' with the following arguments: {'ament_cmake_args': None, 'build_base': '/home/holms/Projects/lerobot/TG_Robot/build/robot_bringup', 'catkin_cmake_args': None, 'catkin_skip_building_tests': False, 'cmake_args': None, 'cmake_clean_cache': False, 'cmake_clean_first': False, 'cmake_force_configure': False, 'cmake_target': None, 'cmake_target_skip_unavailable': False, 'install_base': '/home/holms/Projects/lerobot/TG_Robot/install/robot_bringup', 'merge_install': False, 'path': '/home/holms/Projects/lerobot/TG_Robot/src/robot_bringup', 'symlink_install': True, 'test_result_base': None}
[0.928s] INFO:colcon.colcon_core.executor:Executing jobs using 'parallel' executor
[0.929s] DEBUG:colcon.colcon_parallel_executor.executor.parallel:run_until_complete
[0.929s] INFO:colcon.colcon_ros.task.ament_cmake.build:Building ROS package in '/home/holms/Projects/lerobot/TG_Robot/src/robot_gazebo' with build type 'ament_cmake'
[0.929s] INFO:colcon.colcon_cmake.task.cmake.build:Building CMake package in '/home/holms/Projects/lerobot/TG_Robot/src/robot_gazebo'
[0.939s] INFO:colcon.colcon_core.plugin_system:Skipping extension 'colcon_core.shell.bat': Not used on non-Windows systems
[0.939s] INFO:colcon.colcon_core.shell:Skip shell extension 'powershell' for command environment: Not usable outside of PowerShell
[0.939s] DEBUG:colcon.colcon_core.shell:Skip shell extension 'dsv' for command environment
[0.952s] DEBUG:colcon.colcon_core.event_handler.log_command:Invoking command in '/home/holms/Projects/lerobot/TG_Robot/build/robot_gazebo': CMAKE_PREFIX_PATH=${CMAKE_PREFIX_PATH}:/home/holms/Projects/lerobot/TG_Robot/install/traj_smoother_py:/home/holms/Projects/lerobot/TG_Robot/install/tg_lerobot_bridge:/home/holms/Projects/lerobot/TG_Robot/install/robot_test_py:/home/holms/Projects/lerobot/TG_Robot/install/robot_input:/home/holms/Projects/lerobot/TG_Robot/install/example_py:/home/holms/Projects/lerobot/TG_Robot/install/robot_dynamics:/home/holms/Projects/TG_Robot/robot_base_v1.1/install/traj_smoother_py:/home/holms/Projects/TG_Robot/robot_base_v1.1/install/robot_test_py:/home/holms/Projects/TG_Robot/robot_base_v1.1/install/robot_input:/home/holms/Projects/TG_Robot/robot_base_v1.1/install/example_py:/home/holms/Projects/TG_Robot/robot_base_v1.1/install/robot_dynamics:/opt/ros/humble /usr/bin/cmake --build /home/holms/Projects/lerobot/TG_Robot/build/robot_gazebo -- -j8 -l8
[1.097s] DEBUG:colcon.colcon_core.event_handler.log_command:Invoked command in '/home/holms/Projects/lerobot/TG_Robot/build/robot_gazebo' returned '0': CMAKE_PREFIX_PATH=${CMAKE_PREFIX_PATH}:/home/holms/Projects/lerobot/TG_Robot/install/traj_smoother_py:/home/holms/Projects/lerobot/TG_Robot/install/tg_lerobot_bridge:/home/holms/Projects/lerobot/TG_Robot/install/robot_test_py:/home/holms/Projects/lerobot/TG_Robot/install/robot_input:/home/holms/Projects/lerobot/TG_Robot/install/example_py:/home/holms/Projects/lerobot/TG_Robot/install/robot_dynamics:/home/holms/Projects/TG_Robot/robot_base_v1.1/install/traj_smoother_py:/home/holms/Projects/TG_Robot/robot_base_v1.1/install/robot_test_py:/home/holms/Projects/TG_Robot/robot_base_v1.1/install/robot_input:/home/holms/Projects/TG_Robot/robot_base_v1.1/install/example_py:/home/holms/Projects/TG_Robot/robot_base_v1.1/install/robot_dynamics:/opt/ros/humble /usr/bin/cmake --build /home/holms/Projects/lerobot/TG_Robot/build/robot_gazebo -- -j8 -l8
[1.107s] DEBUG:colcon.colcon_core.event_handler.log_command:Invoking command in '/home/holms/Projects/lerobot/TG_Robot/build/robot_gazebo': CMAKE_PREFIX_PATH=${CMAKE_PREFIX_PATH}:/home/holms/Projects/lerobot/TG_Robot/install/traj_smoother_py:/home/holms/Projects/lerobot/TG_Robot/install/tg_lerobot_bridge:/home/holms/Projects/lerobot/TG_Robot/install/robot_test_py:/home/holms/Projects/lerobot/TG_Robot/install/robot_input:/home/holms/Projects/lerobot/TG_Robot/install/example_py:/home/holms/Projects/lerobot/TG_Robot/install/robot_dynamics:/home/holms/Projects/TG_Robot/robot_base_v1.1/install/traj_smoother_py:/home/holms/Projects/TG_Robot/robot_base_v1.1/install/robot_test_py:/home/holms/Projects/TG_Robot/robot_base_v1.1/install/robot_input:/home/holms/Projects/TG_Robot/robot_base_v1.1/install/example_py:/home/holms/Projects/TG_Robot/robot_base_v1.1/install/robot_dynamics:/opt/ros/humble /usr/bin/cmake --install /home/holms/Projects/lerobot/TG_Robot/build/robot_gazebo
[1.143s] Level 1:colcon.colcon_core.environment:create_environment_scripts_only(robot_gazebo)
[1.143s] DEBUG:colcon.colcon_core.event_handler.log_command:Invoked command in '/home/holms/Projects/lerobot/TG_Robot/build/robot_gazebo' returned '0': CMAKE_PREFIX_PATH=${CMAKE_PREFIX_PATH}:/home/holms/Projects/lerobot/TG_Robot/install/traj_smoother_py:/home/holms/Projects/lerobot/TG_Robot/install/tg_lerobot_bridge:/home/holms/Projects/lerobot/TG_Robot/install/robot_test_py:/home/holms/Projects/lerobot/TG_Robot/install/robot_input:/home/holms/Projects/lerobot/TG_Robot/install/example_py:/home/holms/Projects/lerobot/TG_Robot/install/robot_dynamics:/home/holms/Projects/TG_Robot/robot_base_v1.1/install/traj_smoother_py:/home/holms/Projects/TG_Robot/robot_base_v1.1/install/robot_test_py:/home/holms/Projects/TG_Robot/robot_base_v1.1/install/robot_input:/home/holms/Projects/TG_Robot/robot_base_v1.1/install/example_py:/home/holms/Projects/TG_Robot/robot_base_v1.1/install/robot_dynamics:/opt/ros/humble /usr/bin/cmake --install /home/holms/Projects/lerobot/TG_Robot/build/robot_gazebo
[1.152s] Level 1:colcon.colcon_core.environment:checking '/home/holms/Projects/lerobot/TG_Robot/install/robot_gazebo' for CMake module files
[1.153s] Level 1:colcon.colcon_core.environment:checking '/home/holms/Projects/lerobot/TG_Robot/install/robot_gazebo' for CMake config files
[1.157s] Level 1:colcon.colcon_core.shell:create_environment_hook('robot_gazebo', 'cmake_prefix_path')
[1.157s] INFO:colcon.colcon_core.shell:Creating environment hook '/home/holms/Projects/lerobot/TG_Robot/install/robot_gazebo/share/robot_gazebo/hook/cmake_prefix_path.ps1'
[1.163s] INFO:colcon.colcon_core.shell:Creating environment descriptor '/home/holms/Projects/lerobot/TG_Robot/install/robot_gazebo/share/robot_gazebo/hook/cmake_prefix_path.dsv'
[1.164s] INFO:colcon.colcon_core.shell:Creating environment hook '/home/holms/Projects/lerobot/TG_Robot/install/robot_gazebo/share/robot_gazebo/hook/cmake_prefix_path.sh'
[1.165s] Level 1:colcon.colcon_core.environment:checking '/home/holms/Projects/lerobot/TG_Robot/install/robot_gazebo/bin'
[1.165s] Level 1:colcon.colcon_core.environment:checking '/home/holms/Projects/lerobot/TG_Robot/install/robot_gazebo/lib/pkgconfig/robot_gazebo.pc'
[1.165s] Level 1:colcon.colcon_core.environment:checking '/home/holms/Projects/lerobot/TG_Robot/install/robot_gazebo/lib/python3.10/site-packages'
[1.165s] Level 1:colcon.colcon_core.environment:checking '/home/holms/Projects/lerobot/TG_Robot/install/robot_gazebo/bin'
[1.165s] INFO:colcon.colcon_core.shell:Creating package script '/home/holms/Projects/lerobot/TG_Robot/install/robot_gazebo/share/robot_gazebo/package.ps1'
[1.166s] INFO:colcon.colcon_core.shell:Creating package descriptor '/home/holms/Projects/lerobot/TG_Robot/install/robot_gazebo/share/robot_gazebo/package.dsv'
[1.167s] INFO:colcon.colcon_core.shell:Creating package script '/home/holms/Projects/lerobot/TG_Robot/install/robot_gazebo/share/robot_gazebo/package.sh'
[1.168s] INFO:colcon.colcon_core.shell:Creating package script '/home/holms/Projects/lerobot/TG_Robot/install/robot_gazebo/share/robot_gazebo/package.bash'
[1.169s] INFO:colcon.colcon_core.shell:Creating package script '/home/holms/Projects/lerobot/TG_Robot/install/robot_gazebo/share/robot_gazebo/package.zsh'
[1.170s] Level 1:colcon.colcon_core.environment:create_file_with_runtime_dependencies(/home/holms/Projects/lerobot/TG_Robot/install/robot_gazebo/share/colcon-core/packages/robot_gazebo)
[1.170s] Level 1:colcon.colcon_core.environment:create_environment_scripts_only(robot_gazebo)
[1.171s] Level 1:colcon.colcon_core.environment:checking '/home/holms/Projects/lerobot/TG_Robot/install/robot_gazebo' for CMake module files
[1.171s] Level 1:colcon.colcon_core.environment:checking '/home/holms/Projects/lerobot/TG_Robot/install/robot_gazebo' for CMake config files
[1.171s] Level 1:colcon.colcon_core.shell:create_environment_hook('robot_gazebo', 'cmake_prefix_path')
[1.171s] INFO:colcon.colcon_core.shell:Creating environment hook '/home/holms/Projects/lerobot/TG_Robot/install/robot_gazebo/share/robot_gazebo/hook/cmake_prefix_path.ps1'
[1.172s] INFO:colcon.colcon_core.shell:Creating environment descriptor '/home/holms/Projects/lerobot/TG_Robot/install/robot_gazebo/share/robot_gazebo/hook/cmake_prefix_path.dsv'
[1.172s] INFO:colcon.colcon_core.shell:Creating environment hook '/home/holms/Projects/lerobot/TG_Robot/install/robot_gazebo/share/robot_gazebo/hook/cmake_prefix_path.sh'
[1.172s] Level 1:colcon.colcon_core.environment:checking '/home/holms/Projects/lerobot/TG_Robot/install/robot_gazebo/bin'
[1.173s] Level 1:colcon.colcon_core.environment:checking '/home/holms/Projects/lerobot/TG_Robot/install/robot_gazebo/lib/pkgconfig/robot_gazebo.pc'
[1.173s] Level 1:colcon.colcon_core.environment:checking '/home/holms/Projects/lerobot/TG_Robot/install/robot_gazebo/lib/python3.10/site-packages'
[1.173s] Level 1:colcon.colcon_core.environment:checking '/home/holms/Projects/lerobot/TG_Robot/install/robot_gazebo/bin'
[1.173s] INFO:colcon.colcon_core.shell:Creating package script '/home/holms/Projects/lerobot/TG_Robot/install/robot_gazebo/share/robot_gazebo/package.ps1'
[1.173s] INFO:colcon.colcon_core.shell:Creating package descriptor '/home/holms/Projects/lerobot/TG_Robot/install/robot_gazebo/share/robot_gazebo/package.dsv'
[1.174s] INFO:colcon.colcon_core.shell:Creating package script '/home/holms/Projects/lerobot/TG_Robot/install/robot_gazebo/share/robot_gazebo/package.sh'
[1.174s] INFO:colcon.colcon_core.shell:Creating package script '/home/holms/Projects/lerobot/TG_Robot/install/robot_gazebo/share/robot_gazebo/package.bash'
[1.174s] INFO:colcon.colcon_core.shell:Creating package script '/home/holms/Projects/lerobot/TG_Robot/install/robot_gazebo/share/robot_gazebo/package.zsh'
[1.175s] Level 1:colcon.colcon_core.environment:create_file_with_runtime_dependencies(/home/holms/Projects/lerobot/TG_Robot/install/robot_gazebo/share/colcon-core/packages/robot_gazebo)
[1.175s] INFO:colcon.colcon_ros.task.ament_cmake.build:Building ROS package in '/home/holms/Projects/lerobot/TG_Robot/src/robot_bringup' with build type 'ament_cmake'
[1.175s] INFO:colcon.colcon_cmake.task.cmake.build:Building CMake package in '/home/holms/Projects/lerobot/TG_Robot/src/robot_bringup'
[1.175s] INFO:colcon.colcon_core.shell:Skip shell extension 'powershell' for command environment: Not usable outside of PowerShell
[1.175s] DEBUG:colcon.colcon_core.shell:Skip shell extension 'dsv' for command environment
[1.218s] DEBUG:colcon.colcon_core.event_handler.log_command:Invoking command in '/home/holms/Projects/lerobot/TG_Robot/build/robot_bringup': AMENT_PREFIX_PATH=/home/holms/Projects/lerobot/TG_Robot/install/tg_lerobot_bridge:/home/holms/Projects/lerobot/TG_Robot/install/traj_smoother_py:/home/holms/Projects/lerobot/TG_Robot/install/robot_bringup:/home/holms/Projects/lerobot/TG_Robot/install/robot_driver:/home/holms/Projects/lerobot/TG_Robot/install/ros2_socketcan:/home/holms/Projects/lerobot/TG_Robot/install/ros2_socketcan_msgs:/home/holms/Projects/lerobot/TG_Robot/install/robot_test_py:/home/holms/Projects/lerobot/TG_Robot/install/robot_state_machine:/home/holms/Projects/lerobot/TG_Robot/install/robot_sdk:/home/holms/Projects/lerobot/TG_Robot/install/robot_input:/home/holms/Projects/lerobot/TG_Robot/install/robot_control:/home/holms/Projects/lerobot/TG_Robot/install/motor_control_logger:/home/holms/Projects/lerobot/TG_Robot/install/example_py:/home/holms/Projects/lerobot/TG_Robot/install/example_cpp:/home/holms/Projects/lerobot/TG_Robot/install/robot_interfaces:/home/holms/Projects/lerobot/TG_Robot/install/robot_gazebo:/home/holms/Projects/lerobot/TG_Robot/install/robot_dynamics:/home/holms/Projects/lerobot/TG_Robot/install/arm620_config:/home/holms/Projects/lerobot/TG_Robot/install/arm380_config:/home/holms/Projects/lerobot/TG_Robot/install/robot_description:/home/holms/Projects/TG_Robot/robot_base_v1.1/install/traj_smoother_py:/home/holms/Projects/TG_Robot/robot_base_v1.1/install/robot_virtual_fence:/home/holms/Projects/TG_Robot/robot_base_v1.1/install/robot_test_py:/home/holms/Projects/TG_Robot/robot_base_v1.1/install/robot_state_machine:/home/holms/Projects/TG_Robot/robot_base_v1.1/install/robot_sdk:/home/holms/Projects/TG_Robot/robot_base_v1.1/install/robot_input:/home/holms/Projects/TG_Robot/robot_base_v1.1/install/robot_driver:/home/holms/Projects/TG_Robot/robot_base_v1.1/install/robot_control:/home/holms/Projects/TG_Robot/robot_base_v1.1/install/motor_control_logger:/home/holms/Projects/TG_Robot/robot_base_v1.1/install/example_py:/home/holms/Projects/TG_Robot/robot_base_v1.1/install/example_cpp:/home/holms/Projects/TG_Robot/robot_base_v1.1/install/robot_interfaces:/home/holms/Projects/TG_Robot/robot_base_v1.1/install/robot_gazebo:/home/holms/Projects/TG_Robot/robot_base_v1.1/install/robot_dynamics:/home/holms/Projects/TG_Robot/robot_base_v1.1/install/arm620_config:/home/holms/Projects/TG_Robot/robot_base_v1.1/install/arm380_config:/home/holms/Projects/TG_Robot/robot_base_v1.1/install/robot_description:/home/holms/Projects/TG_Robot/robot_base_v1.1/install/robot_bringup:/opt/ros/humble CMAKE_PREFIX_PATH=/home/holms/Projects/lerobot/TG_Robot/install/robot_interfaces:/home/holms/Projects/lerobot/TG_Robot/install/robot_gazebo:/home/holms/Projects/lerobot/TG_Robot/install/robot_bringup:/home/holms/Projects/lerobot/TG_Robot/install/robot_driver:/home/holms/Projects/lerobot/TG_Robot/install/ros2_socketcan:/home/holms/Projects/lerobot/TG_Robot/install/ros2_socketcan_msgs:/home/holms/Projects/lerobot/TG_Robot/install/robot_state_machine:/home/holms/Projects/lerobot/TG_Robot/install/robot_sdk:/home/holms/Projects/lerobot/TG_Robot/install/robot_control:/home/holms/Projects/lerobot/TG_Robot/install/motor_control_logger:/home/holms/Projects/lerobot/TG_Robot/install/example_cpp:/home/holms/Projects/lerobot/TG_Robot/install/arm620_config:/home/holms/Projects/lerobot/TG_Robot/install/arm380_config:/home/holms/Projects/lerobot/TG_Robot/install/robot_description:/home/holms/Projects/TG_Robot/robot_base_v1.1/install/robot_virtual_fence:/home/holms/Projects/TG_Robot/robot_base_v1.1/install/robot_state_machine:/home/holms/Projects/TG_Robot/robot_base_v1.1/install/robot_sdk:/home/holms/Projects/TG_Robot/robot_base_v1.1/install/robot_driver:/home/holms/Projects/TG_Robot/robot_base_v1.1/install/robot_control:/home/holms/Projects/TG_Robot/robot_base_v1.1/install/motor_control_logger:/home/holms/Projects/TG_Robot/robot_base_v1.1/install/example_cpp:/home/holms/Projects/TG_Robot/robot_base_v1.1/install/robot_interfaces:/home/holms/Projects/TG_Robot/robot_base_v1.1/install/robot_gazebo:/home/holms/Projects/TG_Robot/robot_base_v1.1/install/arm620_config:/home/holms/Projects/TG_Robot/robot_base_v1.1/install/arm380_config:/home/holms/Projects/TG_Robot/robot_base_v1.1/install/robot_description:/home/holms/Projects/TG_Robot/robot_base_v1.1/install/robot_bringup:/home/holms/Projects/lerobot/TG_Robot/install/traj_smoother_py:/home/holms/Projects/lerobot/TG_Robot/install/tg_lerobot_bridge:/home/holms/Projects/lerobot/TG_Robot/install/robot_test_py:/home/holms/Projects/lerobot/TG_Robot/install/robot_input:/home/holms/Projects/lerobot/TG_Robot/install/example_py:/home/holms/Projects/lerobot/TG_Robot/install/robot_dynamics:/home/holms/Projects/TG_Robot/robot_base_v1.1/install/traj_smoother_py:/home/holms/Projects/TG_Robot/robot_base_v1.1/install/robot_test_py:/home/holms/Projects/TG_Robot/robot_base_v1.1/install/robot_input:/home/holms/Projects/TG_Robot/robot_base_v1.1/install/example_py:/home/holms/Projects/TG_Robot/robot_base_v1.1/install/robot_dynamics:/opt/ros/humble LD_LIBRARY_PATH=/home/holms/Projects/lerobot/TG_Robot/install/robot_interfaces/lib:/home/holms/Projects/lerobot/TG_Robot/install/robot_driver/lib:/home/holms/Projects/lerobot/TG_Robot/install/ros2_socketcan/lib:/home/holms/Projects/lerobot/TG_Robot/install/ros2_socketcan_msgs/lib:/home/holms/Projects/TG_Robot/robot_base_v1.1/install/robot_driver/lib:/home/holms/Projects/TG_Robot/robot_base_v1.1/install/robot_interfaces/lib:/usr/lib/x86_64-linux-gnu/gazebo-11/plugins:/opt/ros/humble/opt/rviz_ogre_vendor/lib:/opt/ros/humble/lib/x86_64-linux-gnu:/opt/ros/humble/lib:/home/holms/Projects/mujoco/mujoco-3.3.0/bin PYTHONPATH=/home/holms/Projects/lerobot/TG_Robot/build/tg_lerobot_bridge:/home/holms/Projects/lerobot/TG_Robot/install/tg_lerobot_bridge/lib/python3.10/site-packages:/home/holms/Projects/lerobot/TG_Robot/install/traj_smoother_py/lib/python3.10/site-packages:/home/holms/Projects/lerobot/TG_Robot/install/ros2_socketcan_msgs/local/lib/python3.10/dist-packages:/home/holms/Projects/lerobot/TG_Robot/install/robot_test_py/lib/python3.10/site-packages:/home/holms/Projects/lerobot/TG_Robot/install/robot_input/lib/python3.10/site-packages:/home/holms/Projects/lerobot/TG_Robot/install/example_py/lib/python3.10/site-packages:/home/holms/Projects/lerobot/TG_Robot/install/robot_interfaces/local/lib/python3.10/dist-packages:/home/holms/Projects/lerobot/TG_Robot/install/robot_dynamics/lib/python3.10/site-packages:/home/holms/Projects/TG_Robot/robot_base_v1.1/install/traj_smoother_py/lib/python3.10/site-packages:/home/holms/Projects/TG_Robot/robot_base_v1.1/install/robot_test_py/lib/python3.10/site-packages:/home/holms/Projects/TG_Robot/robot_base_v1.1/install/robot_input/lib/python3.10/site-packages:/home/holms/Projects/TG_Robot/robot_base_v1.1/install/example_py/lib/python3.10/site-packages:/home/holms/Projects/TG_Robot/robot_base_v1.1/install/robot_interfaces/local/lib/python3.10/dist-packages:/home/holms/Projects/TG_Robot/robot_base_v1.1/install/robot_dynamics/lib/python3.10/site-packages:/opt/ros/humble/lib/python3.10/site-packages:/opt/ros/humble/local/lib/python3.10/dist-packages /usr/bin/cmake --build /home/holms/Projects/lerobot/TG_Robot/build/robot_bringup -- -j8 -l8
[1.257s] DEBUG:colcon.colcon_core.event_handler.log_command:Invoked command in '/home/holms/Projects/lerobot/TG_Robot/build/robot_bringup' returned '0': AMENT_PREFIX_PATH=/home/holms/Projects/lerobot/TG_Robot/install/tg_lerobot_bridge:/home/holms/Projects/lerobot/TG_Robot/install/traj_smoother_py:/home/holms/Projects/lerobot/TG_Robot/install/robot_bringup:/home/holms/Projects/lerobot/TG_Robot/install/robot_driver:/home/holms/Projects/lerobot/TG_Robot/install/ros2_socketcan:/home/holms/Projects/lerobot/TG_Robot/install/ros2_socketcan_msgs:/home/holms/Projects/lerobot/TG_Robot/install/robot_test_py:/home/holms/Projects/lerobot/TG_Robot/install/robot_state_machine:/home/holms/Projects/lerobot/TG_Robot/install/robot_sdk:/home/holms/Projects/lerobot/TG_Robot/install/robot_input:/home/holms/Projects/lerobot/TG_Robot/install/robot_control:/home/holms/Projects/lerobot/TG_Robot/install/motor_control_logger:/home/holms/Projects/lerobot/TG_Robot/install/example_py:/home/holms/Projects/lerobot/TG_Robot/install/example_cpp:/home/holms/Projects/lerobot/TG_Robot/install/robot_interfaces:/home/holms/Projects/lerobot/TG_Robot/install/robot_gazebo:/home/holms/Projects/lerobot/TG_Robot/install/robot_dynamics:/home/holms/Projects/lerobot/TG_Robot/install/arm620_config:/home/holms/Projects/lerobot/TG_Robot/install/arm380_config:/home/holms/Projects/lerobot/TG_Robot/install/robot_description:/home/holms/Projects/TG_Robot/robot_base_v1.1/install/traj_smoother_py:/home/holms/Projects/TG_Robot/robot_base_v1.1/install/robot_virtual_fence:/home/holms/Projects/TG_Robot/robot_base_v1.1/install/robot_test_py:/home/holms/Projects/TG_Robot/robot_base_v1.1/install/robot_state_machine:/home/holms/Projects/TG_Robot/robot_base_v1.1/install/robot_sdk:/home/holms/Projects/TG_Robot/robot_base_v1.1/install/robot_input:/home/holms/Projects/TG_Robot/robot_base_v1.1/install/robot_driver:/home/holms/Projects/TG_Robot/robot_base_v1.1/install/robot_control:/home/holms/Projects/TG_Robot/robot_base_v1.1/install/motor_control_logger:/home/holms/Projects/TG_Robot/robot_base_v1.1/install/example_py:/home/holms/Projects/TG_Robot/robot_base_v1.1/install/example_cpp:/home/holms/Projects/TG_Robot/robot_base_v1.1/install/robot_interfaces:/home/holms/Projects/TG_Robot/robot_base_v1.1/install/robot_gazebo:/home/holms/Projects/TG_Robot/robot_base_v1.1/install/robot_dynamics:/home/holms/Projects/TG_Robot/robot_base_v1.1/install/arm620_config:/home/holms/Projects/TG_Robot/robot_base_v1.1/install/arm380_config:/home/holms/Projects/TG_Robot/robot_base_v1.1/install/robot_description:/home/holms/Projects/TG_Robot/robot_base_v1.1/install/robot_bringup:/opt/ros/humble CMAKE_PREFIX_PATH=/home/holms/Projects/lerobot/TG_Robot/install/robot_interfaces:/home/holms/Projects/lerobot/TG_Robot/install/robot_gazebo:/home/holms/Projects/lerobot/TG_Robot/install/robot_bringup:/home/holms/Projects/lerobot/TG_Robot/install/robot_driver:/home/holms/Projects/lerobot/TG_Robot/install/ros2_socketcan:/home/holms/Projects/lerobot/TG_Robot/install/ros2_socketcan_msgs:/home/holms/Projects/lerobot/TG_Robot/install/robot_state_machine:/home/holms/Projects/lerobot/TG_Robot/install/robot_sdk:/home/holms/Projects/lerobot/TG_Robot/install/robot_control:/home/holms/Projects/lerobot/TG_Robot/install/motor_control_logger:/home/holms/Projects/lerobot/TG_Robot/install/example_cpp:/home/holms/Projects/lerobot/TG_Robot/install/arm620_config:/home/holms/Projects/lerobot/TG_Robot/install/arm380_config:/home/holms/Projects/lerobot/TG_Robot/install/robot_description:/home/holms/Projects/TG_Robot/robot_base_v1.1/install/robot_virtual_fence:/home/holms/Projects/TG_Robot/robot_base_v1.1/install/robot_state_machine:/home/holms/Projects/TG_Robot/robot_base_v1.1/install/robot_sdk:/home/holms/Projects/TG_Robot/robot_base_v1.1/install/robot_driver:/home/holms/Projects/TG_Robot/robot_base_v1.1/install/robot_control:/home/holms/Projects/TG_Robot/robot_base_v1.1/install/motor_control_logger:/home/holms/Projects/TG_Robot/robot_base_v1.1/install/example_cpp:/home/holms/Projects/TG_Robot/robot_base_v1.1/install/robot_interfaces:/home/holms/Projects/TG_Robot/robot_base_v1.1/install/robot_gazebo:/home/holms/Projects/TG_Robot/robot_base_v1.1/install/arm620_config:/home/holms/Projects/TG_Robot/robot_base_v1.1/install/arm380_config:/home/holms/Projects/TG_Robot/robot_base_v1.1/install/robot_description:/home/holms/Projects/TG_Robot/robot_base_v1.1/install/robot_bringup:/home/holms/Projects/lerobot/TG_Robot/install/traj_smoother_py:/home/holms/Projects/lerobot/TG_Robot/install/tg_lerobot_bridge:/home/holms/Projects/lerobot/TG_Robot/install/robot_test_py:/home/holms/Projects/lerobot/TG_Robot/install/robot_input:/home/holms/Projects/lerobot/TG_Robot/install/example_py:/home/holms/Projects/lerobot/TG_Robot/install/robot_dynamics:/home/holms/Projects/TG_Robot/robot_base_v1.1/install/traj_smoother_py:/home/holms/Projects/TG_Robot/robot_base_v1.1/install/robot_test_py:/home/holms/Projects/TG_Robot/robot_base_v1.1/install/robot_input:/home/holms/Projects/TG_Robot/robot_base_v1.1/install/example_py:/home/holms/Projects/TG_Robot/robot_base_v1.1/install/robot_dynamics:/opt/ros/humble LD_LIBRARY_PATH=/home/holms/Projects/lerobot/TG_Robot/install/robot_interfaces/lib:/home/holms/Projects/lerobot/TG_Robot/install/robot_driver/lib:/home/holms/Projects/lerobot/TG_Robot/install/ros2_socketcan/lib:/home/holms/Projects/lerobot/TG_Robot/install/ros2_socketcan_msgs/lib:/home/holms/Projects/TG_Robot/robot_base_v1.1/install/robot_driver/lib:/home/holms/Projects/TG_Robot/robot_base_v1.1/install/robot_interfaces/lib:/usr/lib/x86_64-linux-gnu/gazebo-11/plugins:/opt/ros/humble/opt/rviz_ogre_vendor/lib:/opt/ros/humble/lib/x86_64-linux-gnu:/opt/ros/humble/lib:/home/holms/Projects/mujoco/mujoco-3.3.0/bin PYTHONPATH=/home/holms/Projects/lerobot/TG_Robot/build/tg_lerobot_bridge:/home/holms/Projects/lerobot/TG_Robot/install/tg_lerobot_bridge/lib/python3.10/site-packages:/home/holms/Projects/lerobot/TG_Robot/install/traj_smoother_py/lib/python3.10/site-packages:/home/holms/Projects/lerobot/TG_Robot/install/ros2_socketcan_msgs/local/lib/python3.10/dist-packages:/home/holms/Projects/lerobot/TG_Robot/install/robot_test_py/lib/python3.10/site-packages:/home/holms/Projects/lerobot/TG_Robot/install/robot_input/lib/python3.10/site-packages:/home/holms/Projects/lerobot/TG_Robot/install/example_py/lib/python3.10/site-packages:/home/holms/Projects/lerobot/TG_Robot/install/robot_interfaces/local/lib/python3.10/dist-packages:/home/holms/Projects/lerobot/TG_Robot/install/robot_dynamics/lib/python3.10/site-packages:/home/holms/Projects/TG_Robot/robot_base_v1.1/install/traj_smoother_py/lib/python3.10/site-packages:/home/holms/Projects/TG_Robot/robot_base_v1.1/install/robot_test_py/lib/python3.10/site-packages:/home/holms/Projects/TG_Robot/robot_base_v1.1/install/robot_input/lib/python3.10/site-packages:/home/holms/Projects/TG_Robot/robot_base_v1.1/install/example_py/lib/python3.10/site-packages:/home/holms/Projects/TG_Robot/robot_base_v1.1/install/robot_interfaces/local/lib/python3.10/dist-packages:/home/holms/Projects/TG_Robot/robot_base_v1.1/install/robot_dynamics/lib/python3.10/site-packages:/opt/ros/humble/lib/python3.10/site-packages:/opt/ros/humble/local/lib/python3.10/dist-packages /usr/bin/cmake --build /home/holms/Projects/lerobot/TG_Robot/build/robot_bringup -- -j8 -l8
[1.261s] DEBUG:colcon.colcon_core.event_handler.log_command:Invoking command in '/home/holms/Projects/lerobot/TG_Robot/build/robot_bringup': AMENT_PREFIX_PATH=/home/holms/Projects/lerobot/TG_Robot/install/tg_lerobot_bridge:/home/holms/Projects/lerobot/TG_Robot/install/traj_smoother_py:/home/holms/Projects/lerobot/TG_Robot/install/robot_bringup:/home/holms/Projects/lerobot/TG_Robot/install/robot_driver:/home/holms/Projects/lerobot/TG_Robot/install/ros2_socketcan:/home/holms/Projects/lerobot/TG_Robot/install/ros2_socketcan_msgs:/home/holms/Projects/lerobot/TG_Robot/install/robot_test_py:/home/holms/Projects/lerobot/TG_Robot/install/robot_state_machine:/home/holms/Projects/lerobot/TG_Robot/install/robot_sdk:/home/holms/Projects/lerobot/TG_Robot/install/robot_input:/home/holms/Projects/lerobot/TG_Robot/install/robot_control:/home/holms/Projects/lerobot/TG_Robot/install/motor_control_logger:/home/holms/Projects/lerobot/TG_Robot/install/example_py:/home/holms/Projects/lerobot/TG_Robot/install/example_cpp:/home/holms/Projects/lerobot/TG_Robot/install/robot_interfaces:/home/holms/Projects/lerobot/TG_Robot/install/robot_gazebo:/home/holms/Projects/lerobot/TG_Robot/install/robot_dynamics:/home/holms/Projects/lerobot/TG_Robot/install/arm620_config:/home/holms/Projects/lerobot/TG_Robot/install/arm380_config:/home/holms/Projects/lerobot/TG_Robot/install/robot_description:/home/holms/Projects/TG_Robot/robot_base_v1.1/install/traj_smoother_py:/home/holms/Projects/TG_Robot/robot_base_v1.1/install/robot_virtual_fence:/home/holms/Projects/TG_Robot/robot_base_v1.1/install/robot_test_py:/home/holms/Projects/TG_Robot/robot_base_v1.1/install/robot_state_machine:/home/holms/Projects/TG_Robot/robot_base_v1.1/install/robot_sdk:/home/holms/Projects/TG_Robot/robot_base_v1.1/install/robot_input:/home/holms/Projects/TG_Robot/robot_base_v1.1/install/robot_driver:/home/holms/Projects/TG_Robot/robot_base_v1.1/install/robot_control:/home/holms/Projects/TG_Robot/robot_base_v1.1/install/motor_control_logger:/home/holms/Projects/TG_Robot/robot_base_v1.1/install/example_py:/home/holms/Projects/TG_Robot/robot_base_v1.1/install/example_cpp:/home/holms/Projects/TG_Robot/robot_base_v1.1/install/robot_interfaces:/home/holms/Projects/TG_Robot/robot_base_v1.1/install/robot_gazebo:/home/holms/Projects/TG_Robot/robot_base_v1.1/install/robot_dynamics:/home/holms/Projects/TG_Robot/robot_base_v1.1/install/arm620_config:/home/holms/Projects/TG_Robot/robot_base_v1.1/install/arm380_config:/home/holms/Projects/TG_Robot/robot_base_v1.1/install/robot_description:/home/holms/Projects/TG_Robot/robot_base_v1.1/install/robot_bringup:/opt/ros/humble CMAKE_PREFIX_PATH=/home/holms/Projects/lerobot/TG_Robot/install/robot_interfaces:/home/holms/Projects/lerobot/TG_Robot/install/robot_gazebo:/home/holms/Projects/lerobot/TG_Robot/install/robot_bringup:/home/holms/Projects/lerobot/TG_Robot/install/robot_driver:/home/holms/Projects/lerobot/TG_Robot/install/ros2_socketcan:/home/holms/Projects/lerobot/TG_Robot/install/ros2_socketcan_msgs:/home/holms/Projects/lerobot/TG_Robot/install/robot_state_machine:/home/holms/Projects/lerobot/TG_Robot/install/robot_sdk:/home/holms/Projects/lerobot/TG_Robot/install/robot_control:/home/holms/Projects/lerobot/TG_Robot/install/motor_control_logger:/home/holms/Projects/lerobot/TG_Robot/install/example_cpp:/home/holms/Projects/lerobot/TG_Robot/install/arm620_config:/home/holms/Projects/lerobot/TG_Robot/install/arm380_config:/home/holms/Projects/lerobot/TG_Robot/install/robot_description:/home/holms/Projects/TG_Robot/robot_base_v1.1/install/robot_virtual_fence:/home/holms/Projects/TG_Robot/robot_base_v1.1/install/robot_state_machine:/home/holms/Projects/TG_Robot/robot_base_v1.1/install/robot_sdk:/home/holms/Projects/TG_Robot/robot_base_v1.1/install/robot_driver:/home/holms/Projects/TG_Robot/robot_base_v1.1/install/robot_control:/home/holms/Projects/TG_Robot/robot_base_v1.1/install/motor_control_logger:/home/holms/Projects/TG_Robot/robot_base_v1.1/install/example_cpp:/home/holms/Projects/TG_Robot/robot_base_v1.1/install/robot_interfaces:/home/holms/Projects/TG_Robot/robot_base_v1.1/install/robot_gazebo:/home/holms/Projects/TG_Robot/robot_base_v1.1/install/arm620_config:/home/holms/Projects/TG_Robot/robot_base_v1.1/install/arm380_config:/home/holms/Projects/TG_Robot/robot_base_v1.1/install/robot_description:/home/holms/Projects/TG_Robot/robot_base_v1.1/install/robot_bringup:/home/holms/Projects/lerobot/TG_Robot/install/traj_smoother_py:/home/holms/Projects/lerobot/TG_Robot/install/tg_lerobot_bridge:/home/holms/Projects/lerobot/TG_Robot/install/robot_test_py:/home/holms/Projects/lerobot/TG_Robot/install/robot_input:/home/holms/Projects/lerobot/TG_Robot/install/example_py:/home/holms/Projects/lerobot/TG_Robot/install/robot_dynamics:/home/holms/Projects/TG_Robot/robot_base_v1.1/install/traj_smoother_py:/home/holms/Projects/TG_Robot/robot_base_v1.1/install/robot_test_py:/home/holms/Projects/TG_Robot/robot_base_v1.1/install/robot_input:/home/holms/Projects/TG_Robot/robot_base_v1.1/install/example_py:/home/holms/Projects/TG_Robot/robot_base_v1.1/install/robot_dynamics:/opt/ros/humble LD_LIBRARY_PATH=/home/holms/Projects/lerobot/TG_Robot/install/robot_interfaces/lib:/home/holms/Projects/lerobot/TG_Robot/install/robot_driver/lib:/home/holms/Projects/lerobot/TG_Robot/install/ros2_socketcan/lib:/home/holms/Projects/lerobot/TG_Robot/install/ros2_socketcan_msgs/lib:/home/holms/Projects/TG_Robot/robot_base_v1.1/install/robot_driver/lib:/home/holms/Projects/TG_Robot/robot_base_v1.1/install/robot_interfaces/lib:/usr/lib/x86_64-linux-gnu/gazebo-11/plugins:/opt/ros/humble/opt/rviz_ogre_vendor/lib:/opt/ros/humble/lib/x86_64-linux-gnu:/opt/ros/humble/lib:/home/holms/Projects/mujoco/mujoco-3.3.0/bin PYTHONPATH=/home/holms/Projects/lerobot/TG_Robot/build/tg_lerobot_bridge:/home/holms/Projects/lerobot/TG_Robot/install/tg_lerobot_bridge/lib/python3.10/site-packages:/home/holms/Projects/lerobot/TG_Robot/install/traj_smoother_py/lib/python3.10/site-packages:/home/holms/Projects/lerobot/TG_Robot/install/ros2_socketcan_msgs/local/lib/python3.10/dist-packages:/home/holms/Projects/lerobot/TG_Robot/install/robot_test_py/lib/python3.10/site-packages:/home/holms/Projects/lerobot/TG_Robot/install/robot_input/lib/python3.10/site-packages:/home/holms/Projects/lerobot/TG_Robot/install/example_py/lib/python3.10/site-packages:/home/holms/Projects/lerobot/TG_Robot/install/robot_interfaces/local/lib/python3.10/dist-packages:/home/holms/Projects/lerobot/TG_Robot/install/robot_dynamics/lib/python3.10/site-packages:/home/holms/Projects/TG_Robot/robot_base_v1.1/install/traj_smoother_py/lib/python3.10/site-packages:/home/holms/Projects/TG_Robot/robot_base_v1.1/install/robot_test_py/lib/python3.10/site-packages:/home/holms/Projects/TG_Robot/robot_base_v1.1/install/robot_input/lib/python3.10/site-packages:/home/holms/Projects/TG_Robot/robot_base_v1.1/install/example_py/lib/python3.10/site-packages:/home/holms/Projects/TG_Robot/robot_base_v1.1/install/robot_interfaces/local/lib/python3.10/dist-packages:/home/holms/Projects/TG_Robot/robot_base_v1.1/install/robot_dynamics/lib/python3.10/site-packages:/opt/ros/humble/lib/python3.10/site-packages:/opt/ros/humble/local/lib/python3.10/dist-packages /usr/bin/cmake --install /home/holms/Projects/lerobot/TG_Robot/build/robot_bringup
[1.301s] Level 1:colcon.colcon_core.environment:create_environment_scripts_only(robot_bringup)
[1.301s] Level 1:colcon.colcon_core.environment:checking '/home/holms/Projects/lerobot/TG_Robot/install/robot_bringup' for CMake module files
[1.301s] DEBUG:colcon.colcon_core.event_handler.log_command:Invoked command in '/home/holms/Projects/lerobot/TG_Robot/build/robot_bringup' returned '0': AMENT_PREFIX_PATH=/home/holms/Projects/lerobot/TG_Robot/install/tg_lerobot_bridge:/home/holms/Projects/lerobot/TG_Robot/install/traj_smoother_py:/home/holms/Projects/lerobot/TG_Robot/install/robot_bringup:/home/holms/Projects/lerobot/TG_Robot/install/robot_driver:/home/holms/Projects/lerobot/TG_Robot/install/ros2_socketcan:/home/holms/Projects/lerobot/TG_Robot/install/ros2_socketcan_msgs:/home/holms/Projects/lerobot/TG_Robot/install/robot_test_py:/home/holms/Projects/lerobot/TG_Robot/install/robot_state_machine:/home/holms/Projects/lerobot/TG_Robot/install/robot_sdk:/home/holms/Projects/lerobot/TG_Robot/install/robot_input:/home/holms/Projects/lerobot/TG_Robot/install/robot_control:/home/holms/Projects/lerobot/TG_Robot/install/motor_control_logger:/home/holms/Projects/lerobot/TG_Robot/install/example_py:/home/holms/Projects/lerobot/TG_Robot/install/example_cpp:/home/holms/Projects/lerobot/TG_Robot/install/robot_interfaces:/home/holms/Projects/lerobot/TG_Robot/install/robot_gazebo:/home/holms/Projects/lerobot/TG_Robot/install/robot_dynamics:/home/holms/Projects/lerobot/TG_Robot/install/arm620_config:/home/holms/Projects/lerobot/TG_Robot/install/arm380_config:/home/holms/Projects/lerobot/TG_Robot/install/robot_description:/home/holms/Projects/TG_Robot/robot_base_v1.1/install/traj_smoother_py:/home/holms/Projects/TG_Robot/robot_base_v1.1/install/robot_virtual_fence:/home/holms/Projects/TG_Robot/robot_base_v1.1/install/robot_test_py:/home/holms/Projects/TG_Robot/robot_base_v1.1/install/robot_state_machine:/home/holms/Projects/TG_Robot/robot_base_v1.1/install/robot_sdk:/home/holms/Projects/TG_Robot/robot_base_v1.1/install/robot_input:/home/holms/Projects/TG_Robot/robot_base_v1.1/install/robot_driver:/home/holms/Projects/TG_Robot/robot_base_v1.1/install/robot_control:/home/holms/Projects/TG_Robot/robot_base_v1.1/install/motor_control_logger:/home/holms/Projects/TG_Robot/robot_base_v1.1/install/example_py:/home/holms/Projects/TG_Robot/robot_base_v1.1/install/example_cpp:/home/holms/Projects/TG_Robot/robot_base_v1.1/install/robot_interfaces:/home/holms/Projects/TG_Robot/robot_base_v1.1/install/robot_gazebo:/home/holms/Projects/TG_Robot/robot_base_v1.1/install/robot_dynamics:/home/holms/Projects/TG_Robot/robot_base_v1.1/install/arm620_config:/home/holms/Projects/TG_Robot/robot_base_v1.1/install/arm380_config:/home/holms/Projects/TG_Robot/robot_base_v1.1/install/robot_description:/home/holms/Projects/TG_Robot/robot_base_v1.1/install/robot_bringup:/opt/ros/humble CMAKE_PREFIX_PATH=/home/holms/Projects/lerobot/TG_Robot/install/robot_interfaces:/home/holms/Projects/lerobot/TG_Robot/install/robot_gazebo:/home/holms/Projects/lerobot/TG_Robot/install/robot_bringup:/home/holms/Projects/lerobot/TG_Robot/install/robot_driver:/home/holms/Projects/lerobot/TG_Robot/install/ros2_socketcan:/home/holms/Projects/lerobot/TG_Robot/install/ros2_socketcan_msgs:/home/holms/Projects/lerobot/TG_Robot/install/robot_state_machine:/home/holms/Projects/lerobot/TG_Robot/install/robot_sdk:/home/holms/Projects/lerobot/TG_Robot/install/robot_control:/home/holms/Projects/lerobot/TG_Robot/install/motor_control_logger:/home/holms/Projects/lerobot/TG_Robot/install/example_cpp:/home/holms/Projects/lerobot/TG_Robot/install/arm620_config:/home/holms/Projects/lerobot/TG_Robot/install/arm380_config:/home/holms/Projects/lerobot/TG_Robot/install/robot_description:/home/holms/Projects/TG_Robot/robot_base_v1.1/install/robot_virtual_fence:/home/holms/Projects/TG_Robot/robot_base_v1.1/install/robot_state_machine:/home/holms/Projects/TG_Robot/robot_base_v1.1/install/robot_sdk:/home/holms/Projects/TG_Robot/robot_base_v1.1/install/robot_driver:/home/holms/Projects/TG_Robot/robot_base_v1.1/install/robot_control:/home/holms/Projects/TG_Robot/robot_base_v1.1/install/motor_control_logger:/home/holms/Projects/TG_Robot/robot_base_v1.1/install/example_cpp:/home/holms/Projects/TG_Robot/robot_base_v1.1/install/robot_interfaces:/home/holms/Projects/TG_Robot/robot_base_v1.1/install/robot_gazebo:/home/holms/Projects/TG_Robot/robot_base_v1.1/install/arm620_config:/home/holms/Projects/TG_Robot/robot_base_v1.1/install/arm380_config:/home/holms/Projects/TG_Robot/robot_base_v1.1/install/robot_description:/home/holms/Projects/TG_Robot/robot_base_v1.1/install/robot_bringup:/home/holms/Projects/lerobot/TG_Robot/install/traj_smoother_py:/home/holms/Projects/lerobot/TG_Robot/install/tg_lerobot_bridge:/home/holms/Projects/lerobot/TG_Robot/install/robot_test_py:/home/holms/Projects/lerobot/TG_Robot/install/robot_input:/home/holms/Projects/lerobot/TG_Robot/install/example_py:/home/holms/Projects/lerobot/TG_Robot/install/robot_dynamics:/home/holms/Projects/TG_Robot/robot_base_v1.1/install/traj_smoother_py:/home/holms/Projects/TG_Robot/robot_base_v1.1/install/robot_test_py:/home/holms/Projects/TG_Robot/robot_base_v1.1/install/robot_input:/home/holms/Projects/TG_Robot/robot_base_v1.1/install/example_py:/home/holms/Projects/TG_Robot/robot_base_v1.1/install/robot_dynamics:/opt/ros/humble LD_LIBRARY_PATH=/home/holms/Projects/lerobot/TG_Robot/install/robot_interfaces/lib:/home/holms/Projects/lerobot/TG_Robot/install/robot_driver/lib:/home/holms/Projects/lerobot/TG_Robot/install/ros2_socketcan/lib:/home/holms/Projects/lerobot/TG_Robot/install/ros2_socketcan_msgs/lib:/home/holms/Projects/TG_Robot/robot_base_v1.1/install/robot_driver/lib:/home/holms/Projects/TG_Robot/robot_base_v1.1/install/robot_interfaces/lib:/usr/lib/x86_64-linux-gnu/gazebo-11/plugins:/opt/ros/humble/opt/rviz_ogre_vendor/lib:/opt/ros/humble/lib/x86_64-linux-gnu:/opt/ros/humble/lib:/home/holms/Projects/mujoco/mujoco-3.3.0/bin PYTHONPATH=/home/holms/Projects/lerobot/TG_Robot/build/tg_lerobot_bridge:/home/holms/Projects/lerobot/TG_Robot/install/tg_lerobot_bridge/lib/python3.10/site-packages:/home/holms/Projects/lerobot/TG_Robot/install/traj_smoother_py/lib/python3.10/site-packages:/home/holms/Projects/lerobot/TG_Robot/install/ros2_socketcan_msgs/local/lib/python3.10/dist-packages:/home/holms/Projects/lerobot/TG_Robot/install/robot_test_py/lib/python3.10/site-packages:/home/holms/Projects/lerobot/TG_Robot/install/robot_input/lib/python3.10/site-packages:/home/holms/Projects/lerobot/TG_Robot/install/example_py/lib/python3.10/site-packages:/home/holms/Projects/lerobot/TG_Robot/install/robot_interfaces/local/lib/python3.10/dist-packages:/home/holms/Projects/lerobot/TG_Robot/install/robot_dynamics/lib/python3.10/site-packages:/home/holms/Projects/TG_Robot/robot_base_v1.1/install/traj_smoother_py/lib/python3.10/site-packages:/home/holms/Projects/TG_Robot/robot_base_v1.1/install/robot_test_py/lib/python3.10/site-packages:/home/holms/Projects/TG_Robot/robot_base_v1.1/install/robot_input/lib/python3.10/site-packages:/home/holms/Projects/TG_Robot/robot_base_v1.1/install/example_py/lib/python3.10/site-packages:/home/holms/Projects/TG_Robot/robot_base_v1.1/install/robot_interfaces/local/lib/python3.10/dist-packages:/home/holms/Projects/TG_Robot/robot_base_v1.1/install/robot_dynamics/lib/python3.10/site-packages:/opt/ros/humble/lib/python3.10/site-packages:/opt/ros/humble/local/lib/python3.10/dist-packages /usr/bin/cmake --install /home/holms/Projects/lerobot/TG_Robot/build/robot_bringup
[1.302s] Level 1:colcon.colcon_core.environment:checking '/home/holms/Projects/lerobot/TG_Robot/install/robot_bringup' for CMake config files
[1.305s] Level 1:colcon.colcon_core.shell:create_environment_hook('robot_bringup', 'cmake_prefix_path')
[1.305s] INFO:colcon.colcon_core.shell:Creating environment hook '/home/holms/Projects/lerobot/TG_Robot/install/robot_bringup/share/robot_bringup/hook/cmake_prefix_path.ps1'
[1.306s] INFO:colcon.colcon_core.shell:Creating environment descriptor '/home/holms/Projects/lerobot/TG_Robot/install/robot_bringup/share/robot_bringup/hook/cmake_prefix_path.dsv'
[1.307s] INFO:colcon.colcon_core.shell:Creating environment hook '/home/holms/Projects/lerobot/TG_Robot/install/robot_bringup/share/robot_bringup/hook/cmake_prefix_path.sh'
[1.307s] Level 1:colcon.colcon_core.environment:checking '/home/holms/Projects/lerobot/TG_Robot/install/robot_bringup/bin'
[1.307s] Level 1:colcon.colcon_core.environment:checking '/home/holms/Projects/lerobot/TG_Robot/install/robot_bringup/lib/pkgconfig/robot_bringup.pc'
[1.307s] Level 1:colcon.colcon_core.environment:checking '/home/holms/Projects/lerobot/TG_Robot/install/robot_bringup/lib/python3.10/site-packages'
[1.308s] Level 1:colcon.colcon_core.environment:checking '/home/holms/Projects/lerobot/TG_Robot/install/robot_bringup/bin'
[1.308s] INFO:colcon.colcon_core.shell:Creating package script '/home/holms/Projects/lerobot/TG_Robot/install/robot_bringup/share/robot_bringup/package.ps1'
[1.308s] INFO:colcon.colcon_core.shell:Creating package descriptor '/home/holms/Projects/lerobot/TG_Robot/install/robot_bringup/share/robot_bringup/package.dsv'
[1.308s] INFO:colcon.colcon_core.shell:Creating package script '/home/holms/Projects/lerobot/TG_Robot/install/robot_bringup/share/robot_bringup/package.sh'
[1.309s] INFO:colcon.colcon_core.shell:Creating package script '/home/holms/Projects/lerobot/TG_Robot/install/robot_bringup/share/robot_bringup/package.bash'
[1.309s] INFO:colcon.colcon_core.shell:Creating package script '/home/holms/Projects/lerobot/TG_Robot/install/robot_bringup/share/robot_bringup/package.zsh'
[1.309s] Level 1:colcon.colcon_core.environment:create_file_with_runtime_dependencies(/home/holms/Projects/lerobot/TG_Robot/install/robot_bringup/share/colcon-core/packages/robot_bringup)
[1.310s] Level 1:colcon.colcon_core.environment:create_environment_scripts_only(robot_bringup)
[1.310s] Level 1:colcon.colcon_core.environment:checking '/home/holms/Projects/lerobot/TG_Robot/install/robot_bringup' for CMake module files
[1.310s] Level 1:colcon.colcon_core.environment:checking '/home/holms/Projects/lerobot/TG_Robot/install/robot_bringup' for CMake config files
[1.311s] Level 1:colcon.colcon_core.shell:create_environment_hook('robot_bringup', 'cmake_prefix_path')
[1.311s] INFO:colcon.colcon_core.shell:Creating environment hook '/home/holms/Projects/lerobot/TG_Robot/install/robot_bringup/share/robot_bringup/hook/cmake_prefix_path.ps1'
[1.311s] INFO:colcon.colcon_core.shell:Creating environment descriptor '/home/holms/Projects/lerobot/TG_Robot/install/robot_bringup/share/robot_bringup/hook/cmake_prefix_path.dsv'
[1.312s] INFO:colcon.colcon_core.shell:Creating environment hook '/home/holms/Projects/lerobot/TG_Robot/install/robot_bringup/share/robot_bringup/hook/cmake_prefix_path.sh'
[1.312s] Level 1:colcon.colcon_core.environment:checking '/home/holms/Projects/lerobot/TG_Robot/install/robot_bringup/bin'
[1.312s] Level 1:colcon.colcon_core.environment:checking '/home/holms/Projects/lerobot/TG_Robot/install/robot_bringup/lib/pkgconfig/robot_bringup.pc'
[1.312s] Level 1:colcon.colcon_core.environment:checking '/home/holms/Projects/lerobot/TG_Robot/install/robot_bringup/lib/python3.10/site-packages'
[1.313s] Level 1:colcon.colcon_core.environment:checking '/home/holms/Projects/lerobot/TG_Robot/install/robot_bringup/bin'
[1.313s] INFO:colcon.colcon_core.shell:Creating package script '/home/holms/Projects/lerobot/TG_Robot/install/robot_bringup/share/robot_bringup/package.ps1'
[1.313s] INFO:colcon.colcon_core.shell:Creating package descriptor '/home/holms/Projects/lerobot/TG_Robot/install/robot_bringup/share/robot_bringup/package.dsv'
[1.314s] INFO:colcon.colcon_core.shell:Creating package script '/home/holms/Projects/lerobot/TG_Robot/install/robot_bringup/share/robot_bringup/package.sh'
[1.314s] INFO:colcon.colcon_core.shell:Creating package script '/home/holms/Projects/lerobot/TG_Robot/install/robot_bringup/share/robot_bringup/package.bash'
[1.314s] INFO:colcon.colcon_core.shell:Creating package script '/home/holms/Projects/lerobot/TG_Robot/install/robot_bringup/share/robot_bringup/package.zsh'
[1.315s] Level 1:colcon.colcon_core.environment:create_file_with_runtime_dependencies(/home/holms/Projects/lerobot/TG_Robot/install/robot_bringup/share/colcon-core/packages/robot_bringup)
[1.315s] DEBUG:colcon.colcon_parallel_executor.executor.parallel:closing loop
[1.315s] DEBUG:colcon.colcon_parallel_executor.executor.parallel:loop closed
[1.316s] DEBUG:colcon.colcon_parallel_executor.executor.parallel:run_until_complete finished with '0'
[1.316s] DEBUG:colcon.colcon_core.event_reactor:joining thread
[1.345s] INFO:colcon.colcon_core.plugin_system:Skipping extension 'colcon_notification.desktop_notification.terminal_notifier': Not used on non-Darwin systems
[1.345s] INFO:colcon.colcon_core.plugin_system:Skipping extension 'colcon_notification.desktop_notification.win32': Not used on non-Windows systems
[1.345s] INFO:colcon.colcon_notification.desktop_notification:Sending desktop notification using 'notify2'
[1.513s] DEBUG:colcon.colcon_core.event_reactor:joined thread
[1.513s] INFO:colcon.colcon_core.shell:Creating prefix script '/home/holms/Projects/lerobot/TG_Robot/install/local_setup.ps1'
[1.517s] INFO:colcon.colcon_core.shell:Creating prefix util module '/home/holms/Projects/lerobot/TG_Robot/install/_local_setup_util_ps1.py'
[1.525s] INFO:colcon.colcon_core.shell:Creating prefix chain script '/home/holms/Projects/lerobot/TG_Robot/install/setup.ps1'
[1.527s] INFO:colcon.colcon_core.shell:Creating prefix script '/home/holms/Projects/lerobot/TG_Robot/install/local_setup.sh'
[1.528s] INFO:colcon.colcon_core.shell:Creating prefix util module '/home/holms/Projects/lerobot/TG_Robot/install/_local_setup_util_sh.py'
[1.529s] INFO:colcon.colcon_core.shell:Creating prefix chain script '/home/holms/Projects/lerobot/TG_Robot/install/setup.sh'
[1.531s] INFO:colcon.colcon_core.shell:Creating prefix script '/home/holms/Projects/lerobot/TG_Robot/install/local_setup.bash'
[1.532s] INFO:colcon.colcon_core.shell:Creating prefix chain script '/home/holms/Projects/lerobot/TG_Robot/install/setup.bash'
[1.534s] INFO:colcon.colcon_core.shell:Creating prefix script '/home/holms/Projects/lerobot/TG_Robot/install/local_setup.zsh'
[1.535s] INFO:colcon.colcon_core.shell:Creating prefix chain script '/home/holms/Projects/lerobot/TG_Robot/install/setup.zsh'
