[0.017s] Invoking command in '/home/holms/Projects/lerobot/TG_Robot/build/robot_state_machine': AMENT_PREFIX_PATH=/home/holms/Projects/lerobot/TG_Robot/install/robot_driver:/home/holms/Projects/lerobot/TG_Robot/install/ros2_socketcan:/home/holms/Projects/lerobot/TG_Robot/install/ros2_socketcan_msgs:/home/holms/Projects/lerobot/TG_Robot/install/robot_interfaces:${AMENT_PREFIX_PATH} CMAKE_PREFIX_PATH=/home/holms/Projects/lerobot/TG_Robot/install/robot_driver:/home/holms/Projects/lerobot/TG_Robot/install/ros2_socketcan:/home/holms/Projects/lerobot/TG_Robot/install/ros2_socketcan_msgs:/home/holms/Projects/lerobot/TG_Robot/install/robot_interfaces:/home/holms/Projects/TG_Robot/robot_base_v1.1/install/robot_virtual_fence:/home/holms/Projects/TG_Robot/robot_base_v1.1/install/robot_state_machine:/home/holms/Projects/TG_Robot/robot_base_v1.1/install/robot_sdk:/home/holms/Projects/TG_Robot/robot_base_v1.1/install/robot_driver:/home/holms/Projects/TG_Robot/robot_base_v1.1/install/robot_control:/home/holms/Projects/TG_Robot/robot_base_v1.1/install/motor_control_logger:/home/holms/Projects/TG_Robot/robot_base_v1.1/install/example_cpp:/home/holms/Projects/TG_Robot/robot_base_v1.1/install/robot_interfaces:/home/holms/Projects/TG_Robot/robot_base_v1.1/install/robot_gazebo:/home/holms/Projects/TG_Robot/robot_base_v1.1/install/arm620_config:/home/holms/Projects/TG_Robot/robot_base_v1.1/install/arm380_config:/home/holms/Projects/TG_Robot/robot_base_v1.1/install/robot_description:/home/holms/Projects/TG_Robot/robot_base_v1.1/install/robot_bringup:/home/holms/Projects/TG_Robot/robot_base_v1.1/install/traj_smoother_py:/home/holms/Projects/TG_Robot/robot_base_v1.1/install/robot_test_py:/home/holms/Projects/TG_Robot/robot_base_v1.1/install/robot_input:/home/holms/Projects/TG_Robot/robot_base_v1.1/install/example_py:/home/holms/Projects/TG_Robot/robot_base_v1.1/install/robot_dynamics:/opt/ros/humble LD_LIBRARY_PATH=/home/holms/Projects/lerobot/TG_Robot/install/robot_driver/lib:/home/holms/Projects/lerobot/TG_Robot/install/ros2_socketcan/lib:/home/holms/Projects/lerobot/TG_Robot/install/ros2_socketcan_msgs/lib:/home/holms/Projects/lerobot/TG_Robot/install/robot_interfaces/lib:/home/holms/Projects/TG_Robot/robot_base_v1.1/install/robot_driver/lib:/home/holms/Projects/TG_Robot/robot_base_v1.1/install/robot_interfaces/lib:/opt/ros/humble/opt/rviz_ogre_vendor/lib:/opt/ros/humble/lib/x86_64-linux-gnu:/opt/ros/humble/lib:/home/holms/Projects/mujoco/mujoco-3.3.0/bin PATH=/home/holms/Projects/lerobot/TG_Robot/install/robot_driver/bin:${PATH} PYTHONPATH=/home/holms/Projects/lerobot/TG_Robot/install/ros2_socketcan_msgs/local/lib/python3.10/dist-packages:/home/holms/Projects/lerobot/TG_Robot/install/robot_interfaces/local/lib/python3.10/dist-packages:${PYTHONPATH} /usr/bin/cmake /home/holms/Projects/lerobot/TG_Robot/src/robot_state_machine -DCMAKE_INSTALL_PREFIX=/home/holms/Projects/lerobot/TG_Robot/install/robot_state_machine
[0.065s] -- The C compiler identification is GNU 11.4.0
[0.106s] -- The CXX compiler identification is GNU 11.4.0
[0.112s] -- Detecting C compiler ABI info
[0.166s] -- Detecting C compiler ABI info - done
[0.169s] -- Check for working C compiler: /usr/bin/cc - skipped
[0.169s] -- Detecting C compile features
[0.170s] -- Detecting C compile features - done
[0.171s] -- Detecting CXX compiler ABI info
[0.235s] -- Detecting CXX compiler ABI info - done
[0.239s] -- Check for working CXX compiler: /usr/bin/c++ - skipped
[0.240s] -- Detecting CXX compile features
[0.240s] -- Detecting CXX compile features - done
[0.243s] -- Found ament_cmake: 1.3.14 (/opt/ros/humble/share/ament_cmake/cmake)
[0.354s] -- Found Python3: /usr/bin/python3 (found version "3.10.12") found components: Interpreter 
[0.443s] -- Found rclcpp: 16.0.18 (/opt/ros/humble/share/rclcpp/cmake)
[0.481s] -- Found rosidl_generator_c: 3.1.8 (/opt/ros/humble/share/rosidl_generator_c/cmake)
[0.487s] -- Found rosidl_adapter: 3.1.8 (/opt/ros/humble/share/rosidl_adapter/cmake)
[0.494s] -- Found rosidl_generator_cpp: 3.1.8 (/opt/ros/humble/share/rosidl_generator_cpp/cmake)
[0.504s] -- Using all available rosidl_typesupport_c: rosidl_typesupport_fastrtps_c;rosidl_typesupport_introspection_c
[0.518s] -- Using all available rosidl_typesupport_cpp: rosidl_typesupport_fastrtps_cpp;rosidl_typesupport_introspection_cpp
[0.557s] -- Found rmw_implementation_cmake: 6.1.2 (/opt/ros/humble/share/rmw_implementation_cmake/cmake)
[0.560s] -- Found rmw_fastrtps_cpp: 6.2.10 (/opt/ros/humble/share/rmw_fastrtps_cpp/cmake)
[0.631s] -- Found OpenSSL: /usr/lib/x86_64-linux-gnu/libcrypto.so (found version "3.0.2")  
[0.650s] -- Found FastRTPS: /opt/ros/humble/include  
[0.678s] -- Using RMW implementation 'rmw_fastrtps_cpp' as default
[0.687s] -- Looking for pthread.h
[0.746s] -- Looking for pthread.h - found
[0.746s] -- Performing Test CMAKE_HAVE_LIBC_PTHREAD
[0.808s] -- Performing Test CMAKE_HAVE_LIBC_PTHREAD - Success
[0.808s] -- Found Threads: TRUE  
[0.846s] -- Found moveit_ros_planning_interface: 2.5.9 (/opt/ros/humble/share/moveit_ros_planning_interface/cmake)
[0.871s] -- Found Boost: /usr/lib/x86_64-linux-gnu/cmake/Boost-1.74.0/BoostConfig.cmake (found version "1.74.0") found components: date_time filesystem program_options system thread 
[0.991s] -- Found Boost: /usr/lib/x86_64-linux-gnu/cmake/Boost-1.74.0/BoostConfig.cmake (found version "1.74.0") found components: chrono date_time filesystem iostreams program_options regex serialization system thread 
[1.029s] -- Found parameter_traits: 0.7.1 (/opt/ros/humble/share/parameter_traits/cmake)
[1.045s] -- Found rclcpp_lifecycle: 16.0.18 (/opt/ros/humble/share/rclcpp_lifecycle/cmake)
[1.063s] -- Found Boost: /usr/lib/x86_64-linux-gnu/cmake/Boost-1.74.0/BoostConfig.cmake (found version "1.74.0") found components: filesystem 
[1.138s] -- library: /usr/lib/x86_64-linux-gnu/libcurl.so
[1.165s] -- Found Eigen3: TRUE (found version "3.4.0") 
[1.165s] -- Ensuring Eigen3 include directory is part of orocos-kdl CMake target
[1.278s] -- Found Boost: /usr/lib/x86_64-linux-gnu/cmake/Boost-1.74.0/BoostConfig.cmake (found version "1.74.0") found components: system filesystem date_time program_options thread chrono 
[1.299s] -- Found Boost: /usr/lib/x86_64-linux-gnu/cmake/Boost-1.74.0/BoostConfig.cmake (found version "1.74.0") found components: thread system filesystem regex date_time program_options 
[1.315s] -- Found Boost: /usr/lib/x86_64-linux-gnu/cmake/Boost-1.74.0/BoostConfig.cmake (found version "1.74.0") found components: system filesystem date_time program_options thread 
[1.334s] -- Found control_msgs: 4.8.0 (/opt/ros/humble/share/control_msgs/cmake)
[1.351s] -- Found rosbag2_cpp: 0.15.16 (/opt/ros/humble/share/rosbag2_cpp/cmake)
[1.363s] -- Found rosbag2_transport: 0.15.16 (/opt/ros/humble/share/rosbag2_transport/cmake)
[1.385s] -- Found robot_interfaces: 0.0.0 (/home/holms/Projects/lerobot/TG_Robot/install/robot_interfaces/share/robot_interfaces/cmake)
[1.398s] -- Found SQLite3: /usr/include (found version "3.37.2") 
[1.400s] -- Found robot_driver: 0.0.0 (/home/holms/Projects/lerobot/TG_Robot/install/robot_driver/share/robot_driver/cmake)
[1.439s] -- Found ament_lint_auto: 0.12.15 (/opt/ros/humble/share/ament_lint_auto/cmake)
[1.441s] -- Found ament_cmake_gtest: 1.3.14 (/opt/ros/humble/share/ament_cmake_gtest/cmake)
[1.445s] -- Found gtest sources under '/opt/ros/humble/src/gtest_vendor': C++ tests using 'Google Test' will be built
[1.517s] -- Added test 'copyright' to check source files copyright and LICENSE
[1.519s] -- Added test 'cppcheck' to perform static code analysis on C / C++ code
[1.520s] -- Configured cppcheck include dirs: /home/holms/Projects/lerobot/TG_Robot/src/robot_state_machine/include;/home/holms/Projects/lerobot/TG_Robot/src/robot_state_machine/include/robot_state_machine;$<BUILD_INTERFACE:/home/holms/Projects/lerobot/TG_Robot/src/robot_state_machine/include>
[1.520s] -- Configured cppcheck exclude dirs and/or files: 
[1.521s] -- Added test 'cpplint' to check C / C++ code against the Google style
[1.522s] -- Configured cpplint exclude dirs and/or files: 
[1.522s] -- Added test 'flake8' to check Python code syntax and style conventions
[1.523s] -- Added test 'lint_cmake' to check CMake code style
[1.523s] -- Added test 'pep257' to check Python code against some of the docstring style conventions in PEP 257
[1.525s] -- Added test 'uncrustify' to check C / C++ code style
[1.525s] -- Configured uncrustify additional arguments: 
[1.525s] -- Added test 'xmllint' to check XML markup files
[1.526s] -- Configuring done
[1.587s] -- Generating done
[1.598s] -- Build files have been written to: /home/holms/Projects/lerobot/TG_Robot/build/robot_state_machine
[1.610s] Invoked command in '/home/holms/Projects/lerobot/TG_Robot/build/robot_state_machine' returned '0': AMENT_PREFIX_PATH=/home/holms/Projects/lerobot/TG_Robot/install/robot_driver:/home/holms/Projects/lerobot/TG_Robot/install/ros2_socketcan:/home/holms/Projects/lerobot/TG_Robot/install/ros2_socketcan_msgs:/home/holms/Projects/lerobot/TG_Robot/install/robot_interfaces:${AMENT_PREFIX_PATH} CMAKE_PREFIX_PATH=/home/holms/Projects/lerobot/TG_Robot/install/robot_driver:/home/holms/Projects/lerobot/TG_Robot/install/ros2_socketcan:/home/holms/Projects/lerobot/TG_Robot/install/ros2_socketcan_msgs:/home/holms/Projects/lerobot/TG_Robot/install/robot_interfaces:/home/holms/Projects/TG_Robot/robot_base_v1.1/install/robot_virtual_fence:/home/holms/Projects/TG_Robot/robot_base_v1.1/install/robot_state_machine:/home/holms/Projects/TG_Robot/robot_base_v1.1/install/robot_sdk:/home/holms/Projects/TG_Robot/robot_base_v1.1/install/robot_driver:/home/holms/Projects/TG_Robot/robot_base_v1.1/install/robot_control:/home/holms/Projects/TG_Robot/robot_base_v1.1/install/motor_control_logger:/home/holms/Projects/TG_Robot/robot_base_v1.1/install/example_cpp:/home/holms/Projects/TG_Robot/robot_base_v1.1/install/robot_interfaces:/home/holms/Projects/TG_Robot/robot_base_v1.1/install/robot_gazebo:/home/holms/Projects/TG_Robot/robot_base_v1.1/install/arm620_config:/home/holms/Projects/TG_Robot/robot_base_v1.1/install/arm380_config:/home/holms/Projects/TG_Robot/robot_base_v1.1/install/robot_description:/home/holms/Projects/TG_Robot/robot_base_v1.1/install/robot_bringup:/home/holms/Projects/TG_Robot/robot_base_v1.1/install/traj_smoother_py:/home/holms/Projects/TG_Robot/robot_base_v1.1/install/robot_test_py:/home/holms/Projects/TG_Robot/robot_base_v1.1/install/robot_input:/home/holms/Projects/TG_Robot/robot_base_v1.1/install/example_py:/home/holms/Projects/TG_Robot/robot_base_v1.1/install/robot_dynamics:/opt/ros/humble LD_LIBRARY_PATH=/home/holms/Projects/lerobot/TG_Robot/install/robot_driver/lib:/home/holms/Projects/lerobot/TG_Robot/install/ros2_socketcan/lib:/home/holms/Projects/lerobot/TG_Robot/install/ros2_socketcan_msgs/lib:/home/holms/Projects/lerobot/TG_Robot/install/robot_interfaces/lib:/home/holms/Projects/TG_Robot/robot_base_v1.1/install/robot_driver/lib:/home/holms/Projects/TG_Robot/robot_base_v1.1/install/robot_interfaces/lib:/opt/ros/humble/opt/rviz_ogre_vendor/lib:/opt/ros/humble/lib/x86_64-linux-gnu:/opt/ros/humble/lib:/home/holms/Projects/mujoco/mujoco-3.3.0/bin PATH=/home/holms/Projects/lerobot/TG_Robot/install/robot_driver/bin:${PATH} PYTHONPATH=/home/holms/Projects/lerobot/TG_Robot/install/ros2_socketcan_msgs/local/lib/python3.10/dist-packages:/home/holms/Projects/lerobot/TG_Robot/install/robot_interfaces/local/lib/python3.10/dist-packages:${PYTHONPATH} /usr/bin/cmake /home/holms/Projects/lerobot/TG_Robot/src/robot_state_machine -DCMAKE_INSTALL_PREFIX=/home/holms/Projects/lerobot/TG_Robot/install/robot_state_machine
[1.611s] Invoking command in '/home/holms/Projects/lerobot/TG_Robot/build/robot_state_machine': AMENT_PREFIX_PATH=/home/holms/Projects/lerobot/TG_Robot/install/robot_driver:/home/holms/Projects/lerobot/TG_Robot/install/ros2_socketcan:/home/holms/Projects/lerobot/TG_Robot/install/ros2_socketcan_msgs:/home/holms/Projects/lerobot/TG_Robot/install/robot_interfaces:${AMENT_PREFIX_PATH} CMAKE_PREFIX_PATH=/home/holms/Projects/lerobot/TG_Robot/install/robot_driver:/home/holms/Projects/lerobot/TG_Robot/install/ros2_socketcan:/home/holms/Projects/lerobot/TG_Robot/install/ros2_socketcan_msgs:/home/holms/Projects/lerobot/TG_Robot/install/robot_interfaces:/home/holms/Projects/TG_Robot/robot_base_v1.1/install/robot_virtual_fence:/home/holms/Projects/TG_Robot/robot_base_v1.1/install/robot_state_machine:/home/holms/Projects/TG_Robot/robot_base_v1.1/install/robot_sdk:/home/holms/Projects/TG_Robot/robot_base_v1.1/install/robot_driver:/home/holms/Projects/TG_Robot/robot_base_v1.1/install/robot_control:/home/holms/Projects/TG_Robot/robot_base_v1.1/install/motor_control_logger:/home/holms/Projects/TG_Robot/robot_base_v1.1/install/example_cpp:/home/holms/Projects/TG_Robot/robot_base_v1.1/install/robot_interfaces:/home/holms/Projects/TG_Robot/robot_base_v1.1/install/robot_gazebo:/home/holms/Projects/TG_Robot/robot_base_v1.1/install/arm620_config:/home/holms/Projects/TG_Robot/robot_base_v1.1/install/arm380_config:/home/holms/Projects/TG_Robot/robot_base_v1.1/install/robot_description:/home/holms/Projects/TG_Robot/robot_base_v1.1/install/robot_bringup:/home/holms/Projects/TG_Robot/robot_base_v1.1/install/traj_smoother_py:/home/holms/Projects/TG_Robot/robot_base_v1.1/install/robot_test_py:/home/holms/Projects/TG_Robot/robot_base_v1.1/install/robot_input:/home/holms/Projects/TG_Robot/robot_base_v1.1/install/example_py:/home/holms/Projects/TG_Robot/robot_base_v1.1/install/robot_dynamics:/opt/ros/humble LD_LIBRARY_PATH=/home/holms/Projects/lerobot/TG_Robot/install/robot_driver/lib:/home/holms/Projects/lerobot/TG_Robot/install/ros2_socketcan/lib:/home/holms/Projects/lerobot/TG_Robot/install/ros2_socketcan_msgs/lib:/home/holms/Projects/lerobot/TG_Robot/install/robot_interfaces/lib:/home/holms/Projects/TG_Robot/robot_base_v1.1/install/robot_driver/lib:/home/holms/Projects/TG_Robot/robot_base_v1.1/install/robot_interfaces/lib:/opt/ros/humble/opt/rviz_ogre_vendor/lib:/opt/ros/humble/lib/x86_64-linux-gnu:/opt/ros/humble/lib:/home/holms/Projects/mujoco/mujoco-3.3.0/bin PATH=/home/holms/Projects/lerobot/TG_Robot/install/robot_driver/bin:${PATH} PYTHONPATH=/home/holms/Projects/lerobot/TG_Robot/install/ros2_socketcan_msgs/local/lib/python3.10/dist-packages:/home/holms/Projects/lerobot/TG_Robot/install/robot_interfaces/local/lib/python3.10/dist-packages:${PYTHONPATH} /usr/bin/cmake --build /home/holms/Projects/lerobot/TG_Robot/build/robot_state_machine -- -j8 -l8
[1.656s] [ 18%] [32mBuilding CXX object gtest/CMakeFiles/gtest_main.dir/src/gtest_main.cc.o[0m
[1.656s] [ 18%] [32mBuilding CXX object gtest/CMakeFiles/gtest.dir/src/gtest-all.cc.o[0m
[1.656s] [ 27%] [32mBuilding CXX object CMakeFiles/robot_kinematics.dir/src/robot_kinematics.cpp.o[0m
[2.141s] [ 36%] [32m[1mLinking CXX static library libgtest_main.a[0m
[2.172s] [ 36%] Built target gtest_main
[3.449s] [ 45%] [32m[1mLinking CXX static library libgtest.a[0m
[3.502s] [ 45%] Built target gtest
[9.768s] [ 54%] [32m[1mLinking CXX static library librobot_kinematics.a[0m
[9.891s] [ 54%] Built target robot_kinematics
[9.910s] [ 81%] [32mBuilding CXX object CMakeFiles/robot_state_machine.dir/src/robot_joint_recorder.cpp.o[0m
[9.910s] [ 81%] [32mBuilding CXX object CMakeFiles/robot_state_machine.dir/src/robot_state_machine.cpp.o[0m
[9.910s] [ 81%] [32mBuilding CXX object CMakeFiles/test_generate_joint_velocity_command.dir/test/test_generate_joint_velocity_command.cpp.o[0m
[15.433s] [ 90%] [32m[1mLinking CXX executable test_generate_joint_velocity_command[0m
[15.985s] [ 90%] Built target test_generate_joint_velocity_command
[33.664s] [100%] [32m[1mLinking CXX executable robot_state_machine[0m
[36.123s] [100%] Built target robot_state_machine
[36.138s] Invoked command in '/home/holms/Projects/lerobot/TG_Robot/build/robot_state_machine' returned '0': AMENT_PREFIX_PATH=/home/holms/Projects/lerobot/TG_Robot/install/robot_driver:/home/holms/Projects/lerobot/TG_Robot/install/ros2_socketcan:/home/holms/Projects/lerobot/TG_Robot/install/ros2_socketcan_msgs:/home/holms/Projects/lerobot/TG_Robot/install/robot_interfaces:${AMENT_PREFIX_PATH} CMAKE_PREFIX_PATH=/home/holms/Projects/lerobot/TG_Robot/install/robot_driver:/home/holms/Projects/lerobot/TG_Robot/install/ros2_socketcan:/home/holms/Projects/lerobot/TG_Robot/install/ros2_socketcan_msgs:/home/holms/Projects/lerobot/TG_Robot/install/robot_interfaces:/home/holms/Projects/TG_Robot/robot_base_v1.1/install/robot_virtual_fence:/home/holms/Projects/TG_Robot/robot_base_v1.1/install/robot_state_machine:/home/holms/Projects/TG_Robot/robot_base_v1.1/install/robot_sdk:/home/holms/Projects/TG_Robot/robot_base_v1.1/install/robot_driver:/home/holms/Projects/TG_Robot/robot_base_v1.1/install/robot_control:/home/holms/Projects/TG_Robot/robot_base_v1.1/install/motor_control_logger:/home/holms/Projects/TG_Robot/robot_base_v1.1/install/example_cpp:/home/holms/Projects/TG_Robot/robot_base_v1.1/install/robot_interfaces:/home/holms/Projects/TG_Robot/robot_base_v1.1/install/robot_gazebo:/home/holms/Projects/TG_Robot/robot_base_v1.1/install/arm620_config:/home/holms/Projects/TG_Robot/robot_base_v1.1/install/arm380_config:/home/holms/Projects/TG_Robot/robot_base_v1.1/install/robot_description:/home/holms/Projects/TG_Robot/robot_base_v1.1/install/robot_bringup:/home/holms/Projects/TG_Robot/robot_base_v1.1/install/traj_smoother_py:/home/holms/Projects/TG_Robot/robot_base_v1.1/install/robot_test_py:/home/holms/Projects/TG_Robot/robot_base_v1.1/install/robot_input:/home/holms/Projects/TG_Robot/robot_base_v1.1/install/example_py:/home/holms/Projects/TG_Robot/robot_base_v1.1/install/robot_dynamics:/opt/ros/humble LD_LIBRARY_PATH=/home/holms/Projects/lerobot/TG_Robot/install/robot_driver/lib:/home/holms/Projects/lerobot/TG_Robot/install/ros2_socketcan/lib:/home/holms/Projects/lerobot/TG_Robot/install/ros2_socketcan_msgs/lib:/home/holms/Projects/lerobot/TG_Robot/install/robot_interfaces/lib:/home/holms/Projects/TG_Robot/robot_base_v1.1/install/robot_driver/lib:/home/holms/Projects/TG_Robot/robot_base_v1.1/install/robot_interfaces/lib:/opt/ros/humble/opt/rviz_ogre_vendor/lib:/opt/ros/humble/lib/x86_64-linux-gnu:/opt/ros/humble/lib:/home/holms/Projects/mujoco/mujoco-3.3.0/bin PATH=/home/holms/Projects/lerobot/TG_Robot/install/robot_driver/bin:${PATH} PYTHONPATH=/home/holms/Projects/lerobot/TG_Robot/install/ros2_socketcan_msgs/local/lib/python3.10/dist-packages:/home/holms/Projects/lerobot/TG_Robot/install/robot_interfaces/local/lib/python3.10/dist-packages:${PYTHONPATH} /usr/bin/cmake --build /home/holms/Projects/lerobot/TG_Robot/build/robot_state_machine -- -j8 -l8
[36.140s] Invoking command in '/home/holms/Projects/lerobot/TG_Robot/build/robot_state_machine': AMENT_PREFIX_PATH=/home/holms/Projects/lerobot/TG_Robot/install/robot_driver:/home/holms/Projects/lerobot/TG_Robot/install/ros2_socketcan:/home/holms/Projects/lerobot/TG_Robot/install/ros2_socketcan_msgs:/home/holms/Projects/lerobot/TG_Robot/install/robot_interfaces:${AMENT_PREFIX_PATH} CMAKE_PREFIX_PATH=/home/holms/Projects/lerobot/TG_Robot/install/robot_driver:/home/holms/Projects/lerobot/TG_Robot/install/ros2_socketcan:/home/holms/Projects/lerobot/TG_Robot/install/ros2_socketcan_msgs:/home/holms/Projects/lerobot/TG_Robot/install/robot_interfaces:/home/holms/Projects/TG_Robot/robot_base_v1.1/install/robot_virtual_fence:/home/holms/Projects/TG_Robot/robot_base_v1.1/install/robot_state_machine:/home/holms/Projects/TG_Robot/robot_base_v1.1/install/robot_sdk:/home/holms/Projects/TG_Robot/robot_base_v1.1/install/robot_driver:/home/holms/Projects/TG_Robot/robot_base_v1.1/install/robot_control:/home/holms/Projects/TG_Robot/robot_base_v1.1/install/motor_control_logger:/home/holms/Projects/TG_Robot/robot_base_v1.1/install/example_cpp:/home/holms/Projects/TG_Robot/robot_base_v1.1/install/robot_interfaces:/home/holms/Projects/TG_Robot/robot_base_v1.1/install/robot_gazebo:/home/holms/Projects/TG_Robot/robot_base_v1.1/install/arm620_config:/home/holms/Projects/TG_Robot/robot_base_v1.1/install/arm380_config:/home/holms/Projects/TG_Robot/robot_base_v1.1/install/robot_description:/home/holms/Projects/TG_Robot/robot_base_v1.1/install/robot_bringup:/home/holms/Projects/TG_Robot/robot_base_v1.1/install/traj_smoother_py:/home/holms/Projects/TG_Robot/robot_base_v1.1/install/robot_test_py:/home/holms/Projects/TG_Robot/robot_base_v1.1/install/robot_input:/home/holms/Projects/TG_Robot/robot_base_v1.1/install/example_py:/home/holms/Projects/TG_Robot/robot_base_v1.1/install/robot_dynamics:/opt/ros/humble LD_LIBRARY_PATH=/home/holms/Projects/lerobot/TG_Robot/install/robot_driver/lib:/home/holms/Projects/lerobot/TG_Robot/install/ros2_socketcan/lib:/home/holms/Projects/lerobot/TG_Robot/install/ros2_socketcan_msgs/lib:/home/holms/Projects/lerobot/TG_Robot/install/robot_interfaces/lib:/home/holms/Projects/TG_Robot/robot_base_v1.1/install/robot_driver/lib:/home/holms/Projects/TG_Robot/robot_base_v1.1/install/robot_interfaces/lib:/opt/ros/humble/opt/rviz_ogre_vendor/lib:/opt/ros/humble/lib/x86_64-linux-gnu:/opt/ros/humble/lib:/home/holms/Projects/mujoco/mujoco-3.3.0/bin PATH=/home/holms/Projects/lerobot/TG_Robot/install/robot_driver/bin:${PATH} PYTHONPATH=/home/holms/Projects/lerobot/TG_Robot/install/ros2_socketcan_msgs/local/lib/python3.10/dist-packages:/home/holms/Projects/lerobot/TG_Robot/install/robot_interfaces/local/lib/python3.10/dist-packages:${PYTHONPATH} /usr/bin/cmake --install /home/holms/Projects/lerobot/TG_Robot/build/robot_state_machine
[36.145s] -- Install configuration: ""
[36.145s] -- Installing: /home/holms/Projects/lerobot/TG_Robot/install/robot_state_machine/lib/robot_state_machine/robot_state_machine
[36.163s] -- Set runtime path of "/home/holms/Projects/lerobot/TG_Robot/install/robot_state_machine/lib/robot_state_machine/robot_state_machine" to ""
[36.163s] -- Installing: /home/holms/Projects/lerobot/TG_Robot/install/robot_state_machine/lib/robot_state_machine/librobot_kinematics.a
[36.170s] -- Installing: /home/holms/Projects/lerobot/TG_Robot/install/robot_state_machine/share/robot_state_machine/launch
[36.171s] -- Installing: /home/holms/Projects/lerobot/TG_Robot/install/robot_state_machine/share/robot_state_machine/launch/robot_state_arm380.launch.py
[36.176s] -- Installing: /home/holms/Projects/lerobot/TG_Robot/install/robot_state_machine/share/robot_state_machine/launch/robot_state_machine.launch.py
[36.176s] -- Installing: /home/holms/Projects/lerobot/TG_Robot/install/robot_state_machine/share/robot_state_machine/launch/robot_state_arm620.launch.py
[36.177s] -- Installing: /home/holms/Projects/lerobot/TG_Robot/install/robot_state_machine/share/ament_index/resource_index/package_run_dependencies/robot_state_machine
[36.177s] -- Installing: /home/holms/Projects/lerobot/TG_Robot/install/robot_state_machine/share/ament_index/resource_index/parent_prefix_path/robot_state_machine
[36.177s] -- Installing: /home/holms/Projects/lerobot/TG_Robot/install/robot_state_machine/share/robot_state_machine/environment/ament_prefix_path.sh
[36.177s] -- Installing: /home/holms/Projects/lerobot/TG_Robot/install/robot_state_machine/share/robot_state_machine/environment/ament_prefix_path.dsv
[36.178s] -- Installing: /home/holms/Projects/lerobot/TG_Robot/install/robot_state_machine/share/robot_state_machine/environment/path.sh
[36.178s] -- Installing: /home/holms/Projects/lerobot/TG_Robot/install/robot_state_machine/share/robot_state_machine/environment/path.dsv
[36.178s] -- Installing: /home/holms/Projects/lerobot/TG_Robot/install/robot_state_machine/share/robot_state_machine/local_setup.bash
[36.178s] -- Installing: /home/holms/Projects/lerobot/TG_Robot/install/robot_state_machine/share/robot_state_machine/local_setup.sh
[36.178s] -- Installing: /home/holms/Projects/lerobot/TG_Robot/install/robot_state_machine/share/robot_state_machine/local_setup.zsh
[36.178s] -- Installing: /home/holms/Projects/lerobot/TG_Robot/install/robot_state_machine/share/robot_state_machine/local_setup.dsv
[36.178s] -- Installing: /home/holms/Projects/lerobot/TG_Robot/install/robot_state_machine/share/robot_state_machine/package.dsv
[36.178s] -- Installing: /home/holms/Projects/lerobot/TG_Robot/install/robot_state_machine/share/ament_index/resource_index/packages/robot_state_machine
[36.178s] -- Installing: /home/holms/Projects/lerobot/TG_Robot/install/robot_state_machine/share/robot_state_machine/cmake/robot_state_machineConfig.cmake
[36.178s] -- Installing: /home/holms/Projects/lerobot/TG_Robot/install/robot_state_machine/share/robot_state_machine/cmake/robot_state_machineConfig-version.cmake
[36.178s] -- Installing: /home/holms/Projects/lerobot/TG_Robot/install/robot_state_machine/share/robot_state_machine/package.xml
[36.180s] Invoked command in '/home/holms/Projects/lerobot/TG_Robot/build/robot_state_machine' returned '0': AMENT_PREFIX_PATH=/home/holms/Projects/lerobot/TG_Robot/install/robot_driver:/home/holms/Projects/lerobot/TG_Robot/install/ros2_socketcan:/home/holms/Projects/lerobot/TG_Robot/install/ros2_socketcan_msgs:/home/holms/Projects/lerobot/TG_Robot/install/robot_interfaces:${AMENT_PREFIX_PATH} CMAKE_PREFIX_PATH=/home/holms/Projects/lerobot/TG_Robot/install/robot_driver:/home/holms/Projects/lerobot/TG_Robot/install/ros2_socketcan:/home/holms/Projects/lerobot/TG_Robot/install/ros2_socketcan_msgs:/home/holms/Projects/lerobot/TG_Robot/install/robot_interfaces:/home/holms/Projects/TG_Robot/robot_base_v1.1/install/robot_virtual_fence:/home/holms/Projects/TG_Robot/robot_base_v1.1/install/robot_state_machine:/home/holms/Projects/TG_Robot/robot_base_v1.1/install/robot_sdk:/home/holms/Projects/TG_Robot/robot_base_v1.1/install/robot_driver:/home/holms/Projects/TG_Robot/robot_base_v1.1/install/robot_control:/home/holms/Projects/TG_Robot/robot_base_v1.1/install/motor_control_logger:/home/holms/Projects/TG_Robot/robot_base_v1.1/install/example_cpp:/home/holms/Projects/TG_Robot/robot_base_v1.1/install/robot_interfaces:/home/holms/Projects/TG_Robot/robot_base_v1.1/install/robot_gazebo:/home/holms/Projects/TG_Robot/robot_base_v1.1/install/arm620_config:/home/holms/Projects/TG_Robot/robot_base_v1.1/install/arm380_config:/home/holms/Projects/TG_Robot/robot_base_v1.1/install/robot_description:/home/holms/Projects/TG_Robot/robot_base_v1.1/install/robot_bringup:/home/holms/Projects/TG_Robot/robot_base_v1.1/install/traj_smoother_py:/home/holms/Projects/TG_Robot/robot_base_v1.1/install/robot_test_py:/home/holms/Projects/TG_Robot/robot_base_v1.1/install/robot_input:/home/holms/Projects/TG_Robot/robot_base_v1.1/install/example_py:/home/holms/Projects/TG_Robot/robot_base_v1.1/install/robot_dynamics:/opt/ros/humble LD_LIBRARY_PATH=/home/holms/Projects/lerobot/TG_Robot/install/robot_driver/lib:/home/holms/Projects/lerobot/TG_Robot/install/ros2_socketcan/lib:/home/holms/Projects/lerobot/TG_Robot/install/ros2_socketcan_msgs/lib:/home/holms/Projects/lerobot/TG_Robot/install/robot_interfaces/lib:/home/holms/Projects/TG_Robot/robot_base_v1.1/install/robot_driver/lib:/home/holms/Projects/TG_Robot/robot_base_v1.1/install/robot_interfaces/lib:/opt/ros/humble/opt/rviz_ogre_vendor/lib:/opt/ros/humble/lib/x86_64-linux-gnu:/opt/ros/humble/lib:/home/holms/Projects/mujoco/mujoco-3.3.0/bin PATH=/home/holms/Projects/lerobot/TG_Robot/install/robot_driver/bin:${PATH} PYTHONPATH=/home/holms/Projects/lerobot/TG_Robot/install/ros2_socketcan_msgs/local/lib/python3.10/dist-packages:/home/holms/Projects/lerobot/TG_Robot/install/robot_interfaces/local/lib/python3.10/dist-packages:${PYTHONPATH} /usr/bin/cmake --install /home/holms/Projects/lerobot/TG_Robot/build/robot_state_machine
