[0.033s] Invoking command in '/home/holms/Projects/lerobot/TG_Robot/build/robot_description': CMAKE_PREFIX_PATH=${CMAKE_PREFIX_PATH}:/home/holms/Projects/lerobot/TG_Robot/install/traj_smoother_py:/home/holms/Projects/lerobot/TG_Robot/install/tg_lerobot_bridge:/home/holms/Projects/lerobot/TG_Robot/install/robot_test_py:/home/holms/Projects/lerobot/TG_Robot/install/robot_input:/home/holms/Projects/lerobot/TG_Robot/install/example_py:/home/holms/Projects/lerobot/TG_Robot/install/robot_dynamics:/home/holms/Projects/TG_Robot/robot_base_v1.1/install/traj_smoother_py:/home/holms/Projects/TG_Robot/robot_base_v1.1/install/robot_test_py:/home/holms/Projects/TG_Robot/robot_base_v1.1/install/robot_input:/home/holms/Projects/TG_Robot/robot_base_v1.1/install/example_py:/home/holms/Projects/TG_Robot/robot_base_v1.1/install/robot_dynamics:/opt/ros/humble /usr/bin/cmake --build /home/holms/Projects/lerobot/TG_Robot/build/robot_description -- -j8 -l8
[0.166s] Invoked command in '/home/holms/Projects/lerobot/TG_Robot/build/robot_description' returned '0': CMAKE_PREFIX_PATH=${CMAKE_PREFIX_PATH}:/home/holms/Projects/lerobot/TG_Robot/install/traj_smoother_py:/home/holms/Projects/lerobot/TG_Robot/install/tg_lerobot_bridge:/home/holms/Projects/lerobot/TG_Robot/install/robot_test_py:/home/holms/Projects/lerobot/TG_Robot/install/robot_input:/home/holms/Projects/lerobot/TG_Robot/install/example_py:/home/holms/Projects/lerobot/TG_Robot/install/robot_dynamics:/home/holms/Projects/TG_Robot/robot_base_v1.1/install/traj_smoother_py:/home/holms/Projects/TG_Robot/robot_base_v1.1/install/robot_test_py:/home/holms/Projects/TG_Robot/robot_base_v1.1/install/robot_input:/home/holms/Projects/TG_Robot/robot_base_v1.1/install/example_py:/home/holms/Projects/TG_Robot/robot_base_v1.1/install/robot_dynamics:/opt/ros/humble /usr/bin/cmake --build /home/holms/Projects/lerobot/TG_Robot/build/robot_description -- -j8 -l8
[0.180s] Invoking command in '/home/holms/Projects/lerobot/TG_Robot/build/robot_description': CMAKE_PREFIX_PATH=${CMAKE_PREFIX_PATH}:/home/holms/Projects/lerobot/TG_Robot/install/traj_smoother_py:/home/holms/Projects/lerobot/TG_Robot/install/tg_lerobot_bridge:/home/holms/Projects/lerobot/TG_Robot/install/robot_test_py:/home/holms/Projects/lerobot/TG_Robot/install/robot_input:/home/holms/Projects/lerobot/TG_Robot/install/example_py:/home/holms/Projects/lerobot/TG_Robot/install/robot_dynamics:/home/holms/Projects/TG_Robot/robot_base_v1.1/install/traj_smoother_py:/home/holms/Projects/TG_Robot/robot_base_v1.1/install/robot_test_py:/home/holms/Projects/TG_Robot/robot_base_v1.1/install/robot_input:/home/holms/Projects/TG_Robot/robot_base_v1.1/install/example_py:/home/holms/Projects/TG_Robot/robot_base_v1.1/install/robot_dynamics:/opt/ros/humble /usr/bin/cmake --install /home/holms/Projects/lerobot/TG_Robot/build/robot_description
[0.189s] -- Install configuration: ""
[0.191s] -- Up-to-date: /home/holms/Projects/lerobot/TG_Robot/install/robot_description/share/robot_description/launch
[0.191s] -- Up-to-date: /home/holms/Projects/lerobot/TG_Robot/install/robot_description/share/robot_description/launch/arm380_display.launch.py
[0.191s] -- Up-to-date: /home/holms/Projects/lerobot/TG_Robot/install/robot_description/share/robot_description/launch/robot_description.launch.py
[0.191s] -- Up-to-date: /home/holms/Projects/lerobot/TG_Robot/install/robot_description/share/robot_description/launch/arm620_display.launch.py
[0.191s] -- Up-to-date: /home/holms/Projects/lerobot/TG_Robot/install/robot_description/share/robot_description/urdf
[0.191s] -- Up-to-date: /home/holms/Projects/lerobot/TG_Robot/install/robot_description/share/robot_description/urdf/arm380_gazebo.urdf
[0.191s] -- Up-to-date: /home/holms/Projects/lerobot/TG_Robot/install/robot_description/share/robot_description/urdf/arm6202.urdf
[0.191s] -- Installing: /home/holms/Projects/lerobot/TG_Robot/install/robot_description/share/robot_description/urdf/arm620_gazebo.urdf
[0.191s] -- Up-to-date: /home/holms/Projects/lerobot/TG_Robot/install/robot_description/share/robot_description/urdf/arm620.urdf
[0.191s] -- Up-to-date: /home/holms/Projects/lerobot/TG_Robot/install/robot_description/share/robot_description/urdf/arm380.urdf
[0.191s] -- Up-to-date: /home/holms/Projects/lerobot/TG_Robot/install/robot_description/share/robot_description/meshes
[0.192s] -- Up-to-date: /home/holms/Projects/lerobot/TG_Robot/install/robot_description/share/robot_description/meshes/arm380
[0.192s] -- Up-to-date: /home/holms/Projects/lerobot/TG_Robot/install/robot_description/share/robot_description/meshes/arm380/Link4.STL
[0.192s] -- Up-to-date: /home/holms/Projects/lerobot/TG_Robot/install/robot_description/share/robot_description/meshes/arm380/Link3.STL
[0.192s] -- Up-to-date: /home/holms/Projects/lerobot/TG_Robot/install/robot_description/share/robot_description/meshes/arm380/Link1.STL
[0.192s] -- Up-to-date: /home/holms/Projects/lerobot/TG_Robot/install/robot_description/share/robot_description/meshes/arm380/Link6.STL
[0.192s] -- Up-to-date: /home/holms/Projects/lerobot/TG_Robot/install/robot_description/share/robot_description/meshes/arm380/base_link.STL
[0.192s] -- Up-to-date: /home/holms/Projects/lerobot/TG_Robot/install/robot_description/share/robot_description/meshes/arm380/Link5.STL
[0.192s] -- Up-to-date: /home/holms/Projects/lerobot/TG_Robot/install/robot_description/share/robot_description/meshes/arm380/Link2.STL
[0.192s] -- Up-to-date: /home/holms/Projects/lerobot/TG_Robot/install/robot_description/share/robot_description/meshes/arm620
[0.192s] -- Up-to-date: /home/holms/Projects/lerobot/TG_Robot/install/robot_description/share/robot_description/meshes/arm620/Link4.STL
[0.192s] -- Up-to-date: /home/holms/Projects/lerobot/TG_Robot/install/robot_description/share/robot_description/meshes/arm620/Link3.STL
[0.193s] -- Up-to-date: /home/holms/Projects/lerobot/TG_Robot/install/robot_description/share/robot_description/meshes/arm620/Link1.STL
[0.193s] -- Up-to-date: /home/holms/Projects/lerobot/TG_Robot/install/robot_description/share/robot_description/meshes/arm620/Link6.STL
[0.193s] -- Up-to-date: /home/holms/Projects/lerobot/TG_Robot/install/robot_description/share/robot_description/meshes/arm620/base_link.STL
[0.193s] -- Up-to-date: /home/holms/Projects/lerobot/TG_Robot/install/robot_description/share/robot_description/meshes/arm620/Link5.STL
[0.193s] -- Up-to-date: /home/holms/Projects/lerobot/TG_Robot/install/robot_description/share/robot_description/meshes/arm620/Link2.STL
[0.193s] -- Up-to-date: /home/holms/Projects/lerobot/TG_Robot/install/robot_description/share/ament_index/resource_index/package_run_dependencies/robot_description
[0.193s] -- Up-to-date: /home/holms/Projects/lerobot/TG_Robot/install/robot_description/share/ament_index/resource_index/parent_prefix_path/robot_description
[0.193s] -- Up-to-date: /home/holms/Projects/lerobot/TG_Robot/install/robot_description/share/robot_description/environment/ament_prefix_path.sh
[0.193s] -- Up-to-date: /home/holms/Projects/lerobot/TG_Robot/install/robot_description/share/robot_description/environment/ament_prefix_path.dsv
[0.193s] -- Up-to-date: /home/holms/Projects/lerobot/TG_Robot/install/robot_description/share/robot_description/environment/path.sh
[0.194s] -- Up-to-date: /home/holms/Projects/lerobot/TG_Robot/install/robot_description/share/robot_description/environment/path.dsv
[0.194s] -- Up-to-date: /home/holms/Projects/lerobot/TG_Robot/install/robot_description/share/robot_description/local_setup.bash
[0.194s] -- Up-to-date: /home/holms/Projects/lerobot/TG_Robot/install/robot_description/share/robot_description/local_setup.sh
[0.194s] -- Up-to-date: /home/holms/Projects/lerobot/TG_Robot/install/robot_description/share/robot_description/local_setup.zsh
[0.194s] -- Up-to-date: /home/holms/Projects/lerobot/TG_Robot/install/robot_description/share/robot_description/local_setup.dsv
[0.194s] -- Installing: /home/holms/Projects/lerobot/TG_Robot/install/robot_description/share/robot_description/package.dsv
[0.194s] -- Up-to-date: /home/holms/Projects/lerobot/TG_Robot/install/robot_description/share/ament_index/resource_index/packages/robot_description
[0.194s] -- Up-to-date: /home/holms/Projects/lerobot/TG_Robot/install/robot_description/share/robot_description/cmake/robot_descriptionConfig.cmake
[0.194s] -- Up-to-date: /home/holms/Projects/lerobot/TG_Robot/install/robot_description/share/robot_description/cmake/robot_descriptionConfig-version.cmake
[0.194s] -- Up-to-date: /home/holms/Projects/lerobot/TG_Robot/install/robot_description/share/robot_description/package.xml
[0.198s] Invoked command in '/home/holms/Projects/lerobot/TG_Robot/build/robot_description' returned '0': CMAKE_PREFIX_PATH=${CMAKE_PREFIX_PATH}:/home/holms/Projects/lerobot/TG_Robot/install/traj_smoother_py:/home/holms/Projects/lerobot/TG_Robot/install/tg_lerobot_bridge:/home/holms/Projects/lerobot/TG_Robot/install/robot_test_py:/home/holms/Projects/lerobot/TG_Robot/install/robot_input:/home/holms/Projects/lerobot/TG_Robot/install/example_py:/home/holms/Projects/lerobot/TG_Robot/install/robot_dynamics:/home/holms/Projects/TG_Robot/robot_base_v1.1/install/traj_smoother_py:/home/holms/Projects/TG_Robot/robot_base_v1.1/install/robot_test_py:/home/holms/Projects/TG_Robot/robot_base_v1.1/install/robot_input:/home/holms/Projects/TG_Robot/robot_base_v1.1/install/example_py:/home/holms/Projects/TG_Robot/robot_base_v1.1/install/robot_dynamics:/opt/ros/humble /usr/bin/cmake --install /home/holms/Projects/lerobot/TG_Robot/build/robot_description
