running egg_info
writing ../../build/tg_lerobot_bridge/tg_lerobot_bridge.egg-info/PKG-INFO
writing dependency_links to ../../build/tg_lerobot_bridge/tg_lerobot_bridge.egg-info/dependency_links.txt
writing entry points to ../../build/tg_lerobot_bridge/tg_lerobot_bridge.egg-info/entry_points.txt
writing requirements to ../../build/tg_lerobot_bridge/tg_lerobot_bridge.egg-info/requires.txt
writing top-level names to ../../build/tg_lerobot_bridge/tg_lerobot_bridge.egg-info/top_level.txt
reading manifest file '../../build/tg_lerobot_bridge/tg_lerobot_bridge.egg-info/SOURCES.txt'
writing manifest file '../../build/tg_lerobot_bridge/tg_lerobot_bridge.egg-info/SOURCES.txt'
running build
running build_py
running install
running install_lib
running install_data
running install_egg_info
removing '/home/holms/Projects/lerobot/TG_Robot/install/tg_lerobot_bridge/lib/python3.10/site-packages/tg_lerobot_bridge-0.0.0-py3.10.egg-info' (and everything under it)
Copying ../../build/tg_lerobot_bridge/tg_lerobot_bridge.egg-info to /home/holms/Projects/lerobot/TG_Robot/install/tg_lerobot_bridge/lib/python3.10/site-packages/tg_lerobot_bridge-0.0.0-py3.10.egg-info
running install_scripts
Installing tg_arm620_control_bridge script to /home/holms/Projects/lerobot/TG_Robot/install/tg_lerobot_bridge/lib/tg_lerobot_bridge
Installing tg_camera_zmq_bridge script to /home/holms/Projects/lerobot/TG_Robot/install/tg_lerobot_bridge/lib/tg_lerobot_bridge
writing list of installed files to '/home/holms/Projects/lerobot/TG_Robot/build/tg_lerobot_bridge/install.log'
