[0.631s] Invoking command in '/home/holms/Projects/lerobot/TG_Robot/src/tg_lerobot_bridge': PYTHONPATH=/home/holms/Projects/lerobot/TG_Robot/build/tg_lerobot_bridge/prefix_override:/usr/lib/python3/dist-packages/colcon_core/task/python/colcon_distutils_commands:/home/holms/Projects/lerobot/TG_Robot/install/tg_lerobot_bridge/lib/python3.10/site-packages:${PYTHONPATH} /usr/bin/python3 -W ignore:setup.py install is deprecated -W ignore:easy_install command is deprecated setup.py egg_info --egg-base ../../build/tg_lerobot_bridge build --build-base /home/holms/Projects/lerobot/TG_Robot/build/tg_lerobot_bridge/build install --record /home/holms/Projects/lerobot/TG_Robot/build/tg_lerobot_bridge/install.log --single-version-externally-managed install_data
[0.814s] running egg_info
[0.814s] writing ../../build/tg_lerobot_bridge/tg_lerobot_bridge.egg-info/PKG-INFO
[0.814s] writing dependency_links to ../../build/tg_lerobot_bridge/tg_lerobot_bridge.egg-info/dependency_links.txt
[0.814s] writing entry points to ../../build/tg_lerobot_bridge/tg_lerobot_bridge.egg-info/entry_points.txt
[0.815s] writing requirements to ../../build/tg_lerobot_bridge/tg_lerobot_bridge.egg-info/requires.txt
[0.815s] writing top-level names to ../../build/tg_lerobot_bridge/tg_lerobot_bridge.egg-info/top_level.txt
[0.818s] reading manifest file '../../build/tg_lerobot_bridge/tg_lerobot_bridge.egg-info/SOURCES.txt'
[0.818s] writing manifest file '../../build/tg_lerobot_bridge/tg_lerobot_bridge.egg-info/SOURCES.txt'
[0.819s] running build
[0.819s] running build_py
[0.819s] running install
[0.819s] running install_lib
[0.820s] running install_data
[0.821s] running install_egg_info
[0.822s] removing '/home/holms/Projects/lerobot/TG_Robot/install/tg_lerobot_bridge/lib/python3.10/site-packages/tg_lerobot_bridge-0.0.0-py3.10.egg-info' (and everything under it)
[0.822s] Copying ../../build/tg_lerobot_bridge/tg_lerobot_bridge.egg-info to /home/holms/Projects/lerobot/TG_Robot/install/tg_lerobot_bridge/lib/python3.10/site-packages/tg_lerobot_bridge-0.0.0-py3.10.egg-info
[0.822s] running install_scripts
[0.836s] Installing tg_arm620_control_bridge script to /home/holms/Projects/lerobot/TG_Robot/install/tg_lerobot_bridge/lib/tg_lerobot_bridge
[0.837s] Installing tg_camera_zmq_bridge script to /home/holms/Projects/lerobot/TG_Robot/install/tg_lerobot_bridge/lib/tg_lerobot_bridge
[0.837s] writing list of installed files to '/home/holms/Projects/lerobot/TG_Robot/build/tg_lerobot_bridge/install.log'
[0.852s] Invoked command in '/home/holms/Projects/lerobot/TG_Robot/src/tg_lerobot_bridge' returned '0': PYTHONPATH=/home/holms/Projects/lerobot/TG_Robot/build/tg_lerobot_bridge/prefix_override:/usr/lib/python3/dist-packages/colcon_core/task/python/colcon_distutils_commands:/home/holms/Projects/lerobot/TG_Robot/install/tg_lerobot_bridge/lib/python3.10/site-packages:${PYTHONPATH} /usr/bin/python3 -W ignore:setup.py install is deprecated -W ignore:easy_install command is deprecated setup.py egg_info --egg-base ../../build/tg_lerobot_bridge build --build-base /home/holms/Projects/lerobot/TG_Robot/build/tg_lerobot_bridge/build install --record /home/holms/Projects/lerobot/TG_Robot/build/tg_lerobot_bridge/install.log --single-version-externally-managed install_data
