[0.485s] Invoking command in '/home/holms/Projects/lerobot/TG_Robot/build/robot_sdk': AMENT_PREFIX_PATH=/home/holms/Projects/lerobot/TG_Robot/install/robot_interfaces:${AMENT_PREFIX_PATH} CMAKE_PREFIX_PATH=/home/holms/Projects/lerobot/TG_Robot/install/robot_interfaces:/home/holms/Projects/TG_Robot/robot_base_v1.1/install/robot_virtual_fence:/home/holms/Projects/TG_Robot/robot_base_v1.1/install/robot_state_machine:/home/holms/Projects/TG_Robot/robot_base_v1.1/install/robot_sdk:/home/holms/Projects/TG_Robot/robot_base_v1.1/install/robot_driver:/home/holms/Projects/TG_Robot/robot_base_v1.1/install/robot_control:/home/holms/Projects/TG_Robot/robot_base_v1.1/install/motor_control_logger:/home/holms/Projects/TG_Robot/robot_base_v1.1/install/example_cpp:/home/holms/Projects/TG_Robot/robot_base_v1.1/install/robot_interfaces:/home/holms/Projects/TG_Robot/robot_base_v1.1/install/robot_gazebo:/home/holms/Projects/TG_Robot/robot_base_v1.1/install/arm620_config:/home/holms/Projects/TG_Robot/robot_base_v1.1/install/arm380_config:/home/holms/Projects/TG_Robot/robot_base_v1.1/install/robot_description:/home/holms/Projects/TG_Robot/robot_base_v1.1/install/robot_bringup:/home/holms/Projects/TG_Robot/robot_base_v1.1/install/traj_smoother_py:/home/holms/Projects/TG_Robot/robot_base_v1.1/install/robot_test_py:/home/holms/Projects/TG_Robot/robot_base_v1.1/install/robot_input:/home/holms/Projects/TG_Robot/robot_base_v1.1/install/example_py:/home/holms/Projects/TG_Robot/robot_base_v1.1/install/robot_dynamics:/opt/ros/humble LD_LIBRARY_PATH=/home/holms/Projects/lerobot/TG_Robot/install/robot_interfaces/lib:/home/holms/Projects/TG_Robot/robot_base_v1.1/install/robot_driver/lib:/home/holms/Projects/TG_Robot/robot_base_v1.1/install/robot_interfaces/lib:/opt/ros/humble/opt/rviz_ogre_vendor/lib:/opt/ros/humble/lib/x86_64-linux-gnu:/opt/ros/humble/lib:/home/holms/Projects/mujoco/mujoco-3.3.0/bin PYTHONPATH=/home/holms/Projects/lerobot/TG_Robot/install/robot_interfaces/local/lib/python3.10/dist-packages:${PYTHONPATH} /usr/bin/cmake /home/holms/Projects/lerobot/TG_Robot/src/robot_sdk -DCMAKE_INSTALL_PREFIX=/home/holms/Projects/lerobot/TG_Robot/install/robot_sdk
[0.529s] -- The C compiler identification is GNU 11.4.0
[0.570s] -- The CXX compiler identification is GNU 11.4.0
[0.579s] -- Detecting C compiler ABI info
[0.632s] -- Detecting C compiler ABI info - done
[0.636s] -- Check for working C compiler: /usr/bin/cc - skipped
[0.636s] -- Detecting C compile features
[0.636s] -- Detecting C compile features - done
[0.638s] -- Detecting CXX compiler ABI info
[0.705s] -- Detecting CXX compiler ABI info - done
[0.709s] -- Check for working CXX compiler: /usr/bin/c++ - skipped
[0.711s] -- Detecting CXX compile features
[0.711s] -- Detecting CXX compile features - done
[0.712s] -- Found ament_cmake: 1.3.14 (/opt/ros/humble/share/ament_cmake/cmake)
[0.851s] -- Found Python3: /usr/bin/python3 (found version "3.10.12") found components: Interpreter 
[0.930s] -- Found rclcpp: 16.0.18 (/opt/ros/humble/share/rclcpp/cmake)
[0.970s] -- Found rosidl_generator_c: 3.1.8 (/opt/ros/humble/share/rosidl_generator_c/cmake)
[0.978s] -- Found rosidl_adapter: 3.1.8 (/opt/ros/humble/share/rosidl_adapter/cmake)
[0.987s] -- Found rosidl_generator_cpp: 3.1.8 (/opt/ros/humble/share/rosidl_generator_cpp/cmake)
[1.000s] -- Using all available rosidl_typesupport_c: rosidl_typesupport_fastrtps_c;rosidl_typesupport_introspection_c
[1.015s] -- Using all available rosidl_typesupport_cpp: rosidl_typesupport_fastrtps_cpp;rosidl_typesupport_introspection_cpp
[1.057s] -- Found rmw_implementation_cmake: 6.1.2 (/opt/ros/humble/share/rmw_implementation_cmake/cmake)
[1.064s] -- Found rmw_fastrtps_cpp: 6.2.10 (/opt/ros/humble/share/rmw_fastrtps_cpp/cmake)
[1.172s] -- Found OpenSSL: /usr/lib/x86_64-linux-gnu/libcrypto.so (found version "3.0.2")  
[1.190s] -- Found FastRTPS: /opt/ros/humble/include  
[1.220s] -- Using RMW implementation 'rmw_fastrtps_cpp' as default
[1.230s] -- Looking for pthread.h
[1.305s] -- Looking for pthread.h - found
[1.306s] -- Performing Test CMAKE_HAVE_LIBC_PTHREAD
[1.382s] -- Performing Test CMAKE_HAVE_LIBC_PTHREAD - Success
[1.383s] -- Found Threads: TRUE  
[1.438s] -- Found moveit_ros_planning_interface: 2.5.9 (/opt/ros/humble/share/moveit_ros_planning_interface/cmake)
[1.492s] -- Found Boost: /usr/lib/x86_64-linux-gnu/cmake/Boost-1.74.0/BoostConfig.cmake (found version "1.74.0") found components: date_time filesystem program_options system thread 
[1.720s] -- Found Boost: /usr/lib/x86_64-linux-gnu/cmake/Boost-1.74.0/BoostConfig.cmake (found version "1.74.0") found components: chrono date_time filesystem iostreams program_options regex serialization system thread 
[1.790s] -- Found parameter_traits: 0.7.1 (/opt/ros/humble/share/parameter_traits/cmake)
[1.821s] -- Found rclcpp_lifecycle: 16.0.18 (/opt/ros/humble/share/rclcpp_lifecycle/cmake)
[1.842s] -- Found Boost: /usr/lib/x86_64-linux-gnu/cmake/Boost-1.74.0/BoostConfig.cmake (found version "1.74.0") found components: filesystem 
[1.963s] -- library: /usr/lib/x86_64-linux-gnu/libcurl.so
[2.006s] -- Found Eigen3: TRUE (found version "3.4.0") 
[2.006s] -- Ensuring Eigen3 include directory is part of orocos-kdl CMake target
[2.156s] -- Found Boost: /usr/lib/x86_64-linux-gnu/cmake/Boost-1.74.0/BoostConfig.cmake (found version "1.74.0") found components: system filesystem date_time program_options thread chrono 
[2.192s] -- Found Boost: /usr/lib/x86_64-linux-gnu/cmake/Boost-1.74.0/BoostConfig.cmake (found version "1.74.0") found components: thread system filesystem regex date_time program_options 
[2.222s] -- Found Boost: /usr/lib/x86_64-linux-gnu/cmake/Boost-1.74.0/BoostConfig.cmake (found version "1.74.0") found components: system filesystem date_time program_options thread 
[2.268s] -- Found rosbag2_cpp: 0.15.16 (/opt/ros/humble/share/rosbag2_cpp/cmake)
[2.294s] -- Found rosbag2_transport: 0.15.16 (/opt/ros/humble/share/rosbag2_transport/cmake)
[2.356s] -- Found actionlib_msgs: 4.9.1 (/opt/ros/humble/share/actionlib_msgs/cmake)
[2.367s] -- Found control_msgs: 4.8.0 (/opt/ros/humble/share/control_msgs/cmake)
[2.383s] -- Found robot_interfaces: 0.0.0 (/home/holms/Projects/lerobot/TG_Robot/install/robot_interfaces/share/robot_interfaces/cmake)
[2.403s] -- Found SQLite3: /usr/include (found version "3.37.2") 
[2.409s] -- Found ament_lint_auto: 0.12.15 (/opt/ros/humble/share/ament_lint_auto/cmake)
[2.475s] -- Added test 'cppcheck' to perform static code analysis on C / C++ code
[2.476s] -- Configured cppcheck include dirs: /home/holms/Projects/lerobot/TG_Robot/src/robot_sdk/include;/home/holms/Projects/lerobot/TG_Robot/src/robot_sdk/include/robot_sdk
[2.476s] -- Configured cppcheck exclude dirs and/or files: 
[2.476s] -- Added test 'flake8' to check Python code syntax and style conventions
[2.477s] -- Added test 'lint_cmake' to check CMake code style
[2.477s] -- Added test 'pep257' to check Python code against some of the docstring style conventions in PEP 257
[2.478s] -- Added test 'uncrustify' to check C / C++ code style
[2.480s] -- Configured uncrustify additional arguments: 
[2.480s] -- Added test 'xmllint' to check XML markup files
[2.484s] -- Configuring done
[2.725s] -- Generating done
[2.754s] -- Build files have been written to: /home/holms/Projects/lerobot/TG_Robot/build/robot_sdk
[2.768s] Invoked command in '/home/holms/Projects/lerobot/TG_Robot/build/robot_sdk' returned '0': AMENT_PREFIX_PATH=/home/holms/Projects/lerobot/TG_Robot/install/robot_interfaces:${AMENT_PREFIX_PATH} CMAKE_PREFIX_PATH=/home/holms/Projects/lerobot/TG_Robot/install/robot_interfaces:/home/holms/Projects/TG_Robot/robot_base_v1.1/install/robot_virtual_fence:/home/holms/Projects/TG_Robot/robot_base_v1.1/install/robot_state_machine:/home/holms/Projects/TG_Robot/robot_base_v1.1/install/robot_sdk:/home/holms/Projects/TG_Robot/robot_base_v1.1/install/robot_driver:/home/holms/Projects/TG_Robot/robot_base_v1.1/install/robot_control:/home/holms/Projects/TG_Robot/robot_base_v1.1/install/motor_control_logger:/home/holms/Projects/TG_Robot/robot_base_v1.1/install/example_cpp:/home/holms/Projects/TG_Robot/robot_base_v1.1/install/robot_interfaces:/home/holms/Projects/TG_Robot/robot_base_v1.1/install/robot_gazebo:/home/holms/Projects/TG_Robot/robot_base_v1.1/install/arm620_config:/home/holms/Projects/TG_Robot/robot_base_v1.1/install/arm380_config:/home/holms/Projects/TG_Robot/robot_base_v1.1/install/robot_description:/home/holms/Projects/TG_Robot/robot_base_v1.1/install/robot_bringup:/home/holms/Projects/TG_Robot/robot_base_v1.1/install/traj_smoother_py:/home/holms/Projects/TG_Robot/robot_base_v1.1/install/robot_test_py:/home/holms/Projects/TG_Robot/robot_base_v1.1/install/robot_input:/home/holms/Projects/TG_Robot/robot_base_v1.1/install/example_py:/home/holms/Projects/TG_Robot/robot_base_v1.1/install/robot_dynamics:/opt/ros/humble LD_LIBRARY_PATH=/home/holms/Projects/lerobot/TG_Robot/install/robot_interfaces/lib:/home/holms/Projects/TG_Robot/robot_base_v1.1/install/robot_driver/lib:/home/holms/Projects/TG_Robot/robot_base_v1.1/install/robot_interfaces/lib:/opt/ros/humble/opt/rviz_ogre_vendor/lib:/opt/ros/humble/lib/x86_64-linux-gnu:/opt/ros/humble/lib:/home/holms/Projects/mujoco/mujoco-3.3.0/bin PYTHONPATH=/home/holms/Projects/lerobot/TG_Robot/install/robot_interfaces/local/lib/python3.10/dist-packages:${PYTHONPATH} /usr/bin/cmake /home/holms/Projects/lerobot/TG_Robot/src/robot_sdk -DCMAKE_INSTALL_PREFIX=/home/holms/Projects/lerobot/TG_Robot/install/robot_sdk
[2.773s] Invoking command in '/home/holms/Projects/lerobot/TG_Robot/build/robot_sdk': AMENT_PREFIX_PATH=/home/holms/Projects/lerobot/TG_Robot/install/robot_interfaces:${AMENT_PREFIX_PATH} CMAKE_PREFIX_PATH=/home/holms/Projects/lerobot/TG_Robot/install/robot_interfaces:/home/holms/Projects/TG_Robot/robot_base_v1.1/install/robot_virtual_fence:/home/holms/Projects/TG_Robot/robot_base_v1.1/install/robot_state_machine:/home/holms/Projects/TG_Robot/robot_base_v1.1/install/robot_sdk:/home/holms/Projects/TG_Robot/robot_base_v1.1/install/robot_driver:/home/holms/Projects/TG_Robot/robot_base_v1.1/install/robot_control:/home/holms/Projects/TG_Robot/robot_base_v1.1/install/motor_control_logger:/home/holms/Projects/TG_Robot/robot_base_v1.1/install/example_cpp:/home/holms/Projects/TG_Robot/robot_base_v1.1/install/robot_interfaces:/home/holms/Projects/TG_Robot/robot_base_v1.1/install/robot_gazebo:/home/holms/Projects/TG_Robot/robot_base_v1.1/install/arm620_config:/home/holms/Projects/TG_Robot/robot_base_v1.1/install/arm380_config:/home/holms/Projects/TG_Robot/robot_base_v1.1/install/robot_description:/home/holms/Projects/TG_Robot/robot_base_v1.1/install/robot_bringup:/home/holms/Projects/TG_Robot/robot_base_v1.1/install/traj_smoother_py:/home/holms/Projects/TG_Robot/robot_base_v1.1/install/robot_test_py:/home/holms/Projects/TG_Robot/robot_base_v1.1/install/robot_input:/home/holms/Projects/TG_Robot/robot_base_v1.1/install/example_py:/home/holms/Projects/TG_Robot/robot_base_v1.1/install/robot_dynamics:/opt/ros/humble LD_LIBRARY_PATH=/home/holms/Projects/lerobot/TG_Robot/install/robot_interfaces/lib:/home/holms/Projects/TG_Robot/robot_base_v1.1/install/robot_driver/lib:/home/holms/Projects/TG_Robot/robot_base_v1.1/install/robot_interfaces/lib:/opt/ros/humble/opt/rviz_ogre_vendor/lib:/opt/ros/humble/lib/x86_64-linux-gnu:/opt/ros/humble/lib:/home/holms/Projects/mujoco/mujoco-3.3.0/bin PYTHONPATH=/home/holms/Projects/lerobot/TG_Robot/install/robot_interfaces/local/lib/python3.10/dist-packages:${PYTHONPATH} /usr/bin/cmake --build /home/holms/Projects/lerobot/TG_Robot/build/robot_sdk -- -j8 -l8
[2.832s] [ 25%] [32mBuilding CXX object CMakeFiles/robot_sdk_lib.dir/src/robot_sdk.cpp.o[0m
[18.425s] [ 50%] [32m[1mLinking CXX shared library librobot_sdk_lib.so[0m
[19.466s] [ 50%] Built target robot_sdk_lib
[19.485s] [ 75%] [32mBuilding CXX object CMakeFiles/robot_sdk.dir/src/robot_sdk.cpp.o[0m
[29.520s] [100%] [32m[1mLinking CXX executable robot_sdk[0m
[30.291s] [100%] Built target robot_sdk
[30.302s] Invoked command in '/home/holms/Projects/lerobot/TG_Robot/build/robot_sdk' returned '0': AMENT_PREFIX_PATH=/home/holms/Projects/lerobot/TG_Robot/install/robot_interfaces:${AMENT_PREFIX_PATH} CMAKE_PREFIX_PATH=/home/holms/Projects/lerobot/TG_Robot/install/robot_interfaces:/home/holms/Projects/TG_Robot/robot_base_v1.1/install/robot_virtual_fence:/home/holms/Projects/TG_Robot/robot_base_v1.1/install/robot_state_machine:/home/holms/Projects/TG_Robot/robot_base_v1.1/install/robot_sdk:/home/holms/Projects/TG_Robot/robot_base_v1.1/install/robot_driver:/home/holms/Projects/TG_Robot/robot_base_v1.1/install/robot_control:/home/holms/Projects/TG_Robot/robot_base_v1.1/install/motor_control_logger:/home/holms/Projects/TG_Robot/robot_base_v1.1/install/example_cpp:/home/holms/Projects/TG_Robot/robot_base_v1.1/install/robot_interfaces:/home/holms/Projects/TG_Robot/robot_base_v1.1/install/robot_gazebo:/home/holms/Projects/TG_Robot/robot_base_v1.1/install/arm620_config:/home/holms/Projects/TG_Robot/robot_base_v1.1/install/arm380_config:/home/holms/Projects/TG_Robot/robot_base_v1.1/install/robot_description:/home/holms/Projects/TG_Robot/robot_base_v1.1/install/robot_bringup:/home/holms/Projects/TG_Robot/robot_base_v1.1/install/traj_smoother_py:/home/holms/Projects/TG_Robot/robot_base_v1.1/install/robot_test_py:/home/holms/Projects/TG_Robot/robot_base_v1.1/install/robot_input:/home/holms/Projects/TG_Robot/robot_base_v1.1/install/example_py:/home/holms/Projects/TG_Robot/robot_base_v1.1/install/robot_dynamics:/opt/ros/humble LD_LIBRARY_PATH=/home/holms/Projects/lerobot/TG_Robot/install/robot_interfaces/lib:/home/holms/Projects/TG_Robot/robot_base_v1.1/install/robot_driver/lib:/home/holms/Projects/TG_Robot/robot_base_v1.1/install/robot_interfaces/lib:/opt/ros/humble/opt/rviz_ogre_vendor/lib:/opt/ros/humble/lib/x86_64-linux-gnu:/opt/ros/humble/lib:/home/holms/Projects/mujoco/mujoco-3.3.0/bin PYTHONPATH=/home/holms/Projects/lerobot/TG_Robot/install/robot_interfaces/local/lib/python3.10/dist-packages:${PYTHONPATH} /usr/bin/cmake --build /home/holms/Projects/lerobot/TG_Robot/build/robot_sdk -- -j8 -l8
[30.304s] Invoking command in '/home/holms/Projects/lerobot/TG_Robot/build/robot_sdk': AMENT_PREFIX_PATH=/home/holms/Projects/lerobot/TG_Robot/install/robot_interfaces:${AMENT_PREFIX_PATH} CMAKE_PREFIX_PATH=/home/holms/Projects/lerobot/TG_Robot/install/robot_interfaces:/home/holms/Projects/TG_Robot/robot_base_v1.1/install/robot_virtual_fence:/home/holms/Projects/TG_Robot/robot_base_v1.1/install/robot_state_machine:/home/holms/Projects/TG_Robot/robot_base_v1.1/install/robot_sdk:/home/holms/Projects/TG_Robot/robot_base_v1.1/install/robot_driver:/home/holms/Projects/TG_Robot/robot_base_v1.1/install/robot_control:/home/holms/Projects/TG_Robot/robot_base_v1.1/install/motor_control_logger:/home/holms/Projects/TG_Robot/robot_base_v1.1/install/example_cpp:/home/holms/Projects/TG_Robot/robot_base_v1.1/install/robot_interfaces:/home/holms/Projects/TG_Robot/robot_base_v1.1/install/robot_gazebo:/home/holms/Projects/TG_Robot/robot_base_v1.1/install/arm620_config:/home/holms/Projects/TG_Robot/robot_base_v1.1/install/arm380_config:/home/holms/Projects/TG_Robot/robot_base_v1.1/install/robot_description:/home/holms/Projects/TG_Robot/robot_base_v1.1/install/robot_bringup:/home/holms/Projects/TG_Robot/robot_base_v1.1/install/traj_smoother_py:/home/holms/Projects/TG_Robot/robot_base_v1.1/install/robot_test_py:/home/holms/Projects/TG_Robot/robot_base_v1.1/install/robot_input:/home/holms/Projects/TG_Robot/robot_base_v1.1/install/example_py:/home/holms/Projects/TG_Robot/robot_base_v1.1/install/robot_dynamics:/opt/ros/humble LD_LIBRARY_PATH=/home/holms/Projects/lerobot/TG_Robot/install/robot_interfaces/lib:/home/holms/Projects/TG_Robot/robot_base_v1.1/install/robot_driver/lib:/home/holms/Projects/TG_Robot/robot_base_v1.1/install/robot_interfaces/lib:/opt/ros/humble/opt/rviz_ogre_vendor/lib:/opt/ros/humble/lib/x86_64-linux-gnu:/opt/ros/humble/lib:/home/holms/Projects/mujoco/mujoco-3.3.0/bin PYTHONPATH=/home/holms/Projects/lerobot/TG_Robot/install/robot_interfaces/local/lib/python3.10/dist-packages:${PYTHONPATH} /usr/bin/cmake --install /home/holms/Projects/lerobot/TG_Robot/build/robot_sdk
[30.309s] -- Install configuration: ""
[30.309s] -- Installing: /home/holms/Projects/lerobot/TG_Robot/install/robot_sdk/lib/robot_sdk/librobot_sdk_lib.so
[30.316s] -- Set runtime path of "/home/holms/Projects/lerobot/TG_Robot/install/robot_sdk/lib/robot_sdk/librobot_sdk_lib.so" to ""
[30.316s] -- Installing: /home/holms/Projects/lerobot/TG_Robot/install/robot_sdk/lib/robot_sdk/robot_sdk
[30.320s] -- Set runtime path of "/home/holms/Projects/lerobot/TG_Robot/install/robot_sdk/lib/robot_sdk/robot_sdk" to ""
[30.320s] -- Installing: /home/holms/Projects/lerobot/TG_Robot/install/robot_sdk/include/
[30.320s] -- Installing: /home/holms/Projects/lerobot/TG_Robot/install/robot_sdk/include//robot_key_controller.h
[30.321s] -- Installing: /home/holms/Projects/lerobot/TG_Robot/install/robot_sdk/include//robot_sdk.h
[30.321s] -- Installing: /home/holms/Projects/lerobot/TG_Robot/install/robot_sdk/share/robot_sdk/launch
[30.321s] -- Installing: /home/holms/Projects/lerobot/TG_Robot/install/robot_sdk/share/robot_sdk/launch/robot_sdk.launch.py
[30.321s] -- Installing: /home/holms/Projects/lerobot/TG_Robot/install/robot_sdk/share/ament_index/resource_index/package_run_dependencies/robot_sdk
[30.321s] -- Installing: /home/holms/Projects/lerobot/TG_Robot/install/robot_sdk/share/ament_index/resource_index/parent_prefix_path/robot_sdk
[30.321s] -- Installing: /home/holms/Projects/lerobot/TG_Robot/install/robot_sdk/share/robot_sdk/environment/ament_prefix_path.sh
[30.321s] -- Installing: /home/holms/Projects/lerobot/TG_Robot/install/robot_sdk/share/robot_sdk/environment/ament_prefix_path.dsv
[30.322s] -- Installing: /home/holms/Projects/lerobot/TG_Robot/install/robot_sdk/share/robot_sdk/environment/path.sh
[30.322s] -- Installing: /home/holms/Projects/lerobot/TG_Robot/install/robot_sdk/share/robot_sdk/environment/path.dsv
[30.322s] -- Installing: /home/holms/Projects/lerobot/TG_Robot/install/robot_sdk/share/robot_sdk/local_setup.bash
[30.322s] -- Installing: /home/holms/Projects/lerobot/TG_Robot/install/robot_sdk/share/robot_sdk/local_setup.sh
[30.322s] -- Installing: /home/holms/Projects/lerobot/TG_Robot/install/robot_sdk/share/robot_sdk/local_setup.zsh
[30.322s] -- Installing: /home/holms/Projects/lerobot/TG_Robot/install/robot_sdk/share/robot_sdk/local_setup.dsv
[30.322s] -- Installing: /home/holms/Projects/lerobot/TG_Robot/install/robot_sdk/share/robot_sdk/package.dsv
[30.322s] -- Installing: /home/holms/Projects/lerobot/TG_Robot/install/robot_sdk/share/ament_index/resource_index/packages/robot_sdk
[30.323s] -- Installing: /home/holms/Projects/lerobot/TG_Robot/install/robot_sdk/share/robot_sdk/cmake/robot_sdkConfig.cmake
[30.323s] -- Installing: /home/holms/Projects/lerobot/TG_Robot/install/robot_sdk/share/robot_sdk/cmake/robot_sdkConfig-version.cmake
[30.323s] -- Installing: /home/holms/Projects/lerobot/TG_Robot/install/robot_sdk/share/robot_sdk/package.xml
[30.324s] Invoked command in '/home/holms/Projects/lerobot/TG_Robot/build/robot_sdk' returned '0': AMENT_PREFIX_PATH=/home/holms/Projects/lerobot/TG_Robot/install/robot_interfaces:${AMENT_PREFIX_PATH} CMAKE_PREFIX_PATH=/home/holms/Projects/lerobot/TG_Robot/install/robot_interfaces:/home/holms/Projects/TG_Robot/robot_base_v1.1/install/robot_virtual_fence:/home/holms/Projects/TG_Robot/robot_base_v1.1/install/robot_state_machine:/home/holms/Projects/TG_Robot/robot_base_v1.1/install/robot_sdk:/home/holms/Projects/TG_Robot/robot_base_v1.1/install/robot_driver:/home/holms/Projects/TG_Robot/robot_base_v1.1/install/robot_control:/home/holms/Projects/TG_Robot/robot_base_v1.1/install/motor_control_logger:/home/holms/Projects/TG_Robot/robot_base_v1.1/install/example_cpp:/home/holms/Projects/TG_Robot/robot_base_v1.1/install/robot_interfaces:/home/holms/Projects/TG_Robot/robot_base_v1.1/install/robot_gazebo:/home/holms/Projects/TG_Robot/robot_base_v1.1/install/arm620_config:/home/holms/Projects/TG_Robot/robot_base_v1.1/install/arm380_config:/home/holms/Projects/TG_Robot/robot_base_v1.1/install/robot_description:/home/holms/Projects/TG_Robot/robot_base_v1.1/install/robot_bringup:/home/holms/Projects/TG_Robot/robot_base_v1.1/install/traj_smoother_py:/home/holms/Projects/TG_Robot/robot_base_v1.1/install/robot_test_py:/home/holms/Projects/TG_Robot/robot_base_v1.1/install/robot_input:/home/holms/Projects/TG_Robot/robot_base_v1.1/install/example_py:/home/holms/Projects/TG_Robot/robot_base_v1.1/install/robot_dynamics:/opt/ros/humble LD_LIBRARY_PATH=/home/holms/Projects/lerobot/TG_Robot/install/robot_interfaces/lib:/home/holms/Projects/TG_Robot/robot_base_v1.1/install/robot_driver/lib:/home/holms/Projects/TG_Robot/robot_base_v1.1/install/robot_interfaces/lib:/opt/ros/humble/opt/rviz_ogre_vendor/lib:/opt/ros/humble/lib/x86_64-linux-gnu:/opt/ros/humble/lib:/home/holms/Projects/mujoco/mujoco-3.3.0/bin PYTHONPATH=/home/holms/Projects/lerobot/TG_Robot/install/robot_interfaces/local/lib/python3.10/dist-packages:${PYTHONPATH} /usr/bin/cmake --install /home/holms/Projects/lerobot/TG_Robot/build/robot_sdk
