[0.013s] Invoking command in '/home/holms/Projects/lerobot/TG_Robot/build/ros2_socketcan': AMENT_PREFIX_PATH=/home/holms/Projects/lerobot/TG_Robot/install/ros2_socketcan_msgs:${AMENT_PREFIX_PATH} CMAKE_PREFIX_PATH=/home/holms/Projects/lerobot/TG_Robot/install/ros2_socketcan_msgs:/home/holms/Projects/TG_Robot/robot_base_v1.1/install/robot_virtual_fence:/home/holms/Projects/TG_Robot/robot_base_v1.1/install/robot_state_machine:/home/holms/Projects/TG_Robot/robot_base_v1.1/install/robot_sdk:/home/holms/Projects/TG_Robot/robot_base_v1.1/install/robot_driver:/home/holms/Projects/TG_Robot/robot_base_v1.1/install/robot_control:/home/holms/Projects/TG_Robot/robot_base_v1.1/install/motor_control_logger:/home/holms/Projects/TG_Robot/robot_base_v1.1/install/example_cpp:/home/holms/Projects/TG_Robot/robot_base_v1.1/install/robot_interfaces:/home/holms/Projects/TG_Robot/robot_base_v1.1/install/robot_gazebo:/home/holms/Projects/TG_Robot/robot_base_v1.1/install/arm620_config:/home/holms/Projects/TG_Robot/robot_base_v1.1/install/arm380_config:/home/holms/Projects/TG_Robot/robot_base_v1.1/install/robot_description:/home/holms/Projects/TG_Robot/robot_base_v1.1/install/robot_bringup:/home/holms/Projects/TG_Robot/robot_base_v1.1/install/traj_smoother_py:/home/holms/Projects/TG_Robot/robot_base_v1.1/install/robot_test_py:/home/holms/Projects/TG_Robot/robot_base_v1.1/install/robot_input:/home/holms/Projects/TG_Robot/robot_base_v1.1/install/example_py:/home/holms/Projects/TG_Robot/robot_base_v1.1/install/robot_dynamics:/opt/ros/humble LD_LIBRARY_PATH=/home/holms/Projects/lerobot/TG_Robot/install/ros2_socketcan_msgs/lib:/home/holms/Projects/TG_Robot/robot_base_v1.1/install/robot_driver/lib:/home/holms/Projects/TG_Robot/robot_base_v1.1/install/robot_interfaces/lib:/opt/ros/humble/opt/rviz_ogre_vendor/lib:/opt/ros/humble/lib/x86_64-linux-gnu:/opt/ros/humble/lib:/home/holms/Projects/mujoco/mujoco-3.3.0/bin PYTHONPATH=/home/holms/Projects/lerobot/TG_Robot/install/ros2_socketcan_msgs/local/lib/python3.10/dist-packages:${PYTHONPATH} /usr/bin/cmake /home/holms/Projects/lerobot/TG_Robot/src/ros2_socketcan/ros2_socketcan -DCMAKE_INSTALL_PREFIX=/home/holms/Projects/lerobot/TG_Robot/install/ros2_socketcan
[0.070s] -- The C compiler identification is GNU 11.4.0
[0.121s] -- The CXX compiler identification is GNU 11.4.0
[0.127s] -- Detecting C compiler ABI info
[0.204s] -- Detecting C compiler ABI info - done
[0.211s] -- Check for working C compiler: /usr/bin/cc - skipped
[0.211s] -- Detecting C compile features
[0.211s] -- Detecting C compile features - done
[0.212s] -- Detecting CXX compiler ABI info
[0.328s] -- Detecting CXX compiler ABI info - done
[0.328s] -- Check for working CXX compiler: /usr/bin/c++ - skipped
[0.328s] -- Detecting CXX compile features
[0.328s] -- Detecting CXX compile features - done
[0.328s] -- Found ament_cmake_auto: 1.3.14 (/opt/ros/humble/share/ament_cmake_auto/cmake)
[0.455s] -- Found Python3: /usr/bin/python3 (found version "3.10.12") found components: Interpreter 
[0.544s] -- Found can_msgs: 2.0.0 (/opt/ros/humble/share/can_msgs/cmake)
[0.582s] -- Found rosidl_generator_c: 3.1.8 (/opt/ros/humble/share/rosidl_generator_c/cmake)
[0.588s] -- Found rosidl_adapter: 3.1.8 (/opt/ros/humble/share/rosidl_adapter/cmake)
[0.596s] -- Found rosidl_generator_cpp: 3.1.8 (/opt/ros/humble/share/rosidl_generator_cpp/cmake)
[0.608s] -- Using all available rosidl_typesupport_c: rosidl_typesupport_fastrtps_c;rosidl_typesupport_introspection_c
[0.623s] -- Using all available rosidl_typesupport_cpp: rosidl_typesupport_fastrtps_cpp;rosidl_typesupport_introspection_cpp
[0.754s] -- Found rmw_implementation_cmake: 6.1.2 (/opt/ros/humble/share/rmw_implementation_cmake/cmake)
[0.757s] -- Found rmw_fastrtps_cpp: 6.2.10 (/opt/ros/humble/share/rmw_fastrtps_cpp/cmake)
[0.893s] -- Found OpenSSL: /usr/lib/x86_64-linux-gnu/libcrypto.so (found version "3.0.2")  
[0.917s] -- Found FastRTPS: /opt/ros/humble/include  
[0.951s] -- Using RMW implementation 'rmw_fastrtps_cpp' as default
[0.961s] -- Looking for pthread.h
[1.049s] -- Looking for pthread.h - found
[1.049s] -- Performing Test CMAKE_HAVE_LIBC_PTHREAD
[1.290s] -- Performing Test CMAKE_HAVE_LIBC_PTHREAD - Success
[1.291s] -- Found Threads: TRUE  
[1.610s] -- Found ament_lint_auto: 0.12.15 (/opt/ros/humble/share/ament_lint_auto/cmake)
[1.646s] -- Found gtest sources under '/opt/ros/humble/src/gtest_vendor': C++ tests using 'Google Test' will be built
[1.653s] [0mIn this package, headers install destination is set to `include` by ament_auto_package. It is recommended to install `include/ros2_socketcan` instead and will be the default behavior of ament_auto_package from ROS 2 Kilted Kaiju. On distributions before Kilted, ament_auto_package behaves the same way when you use USE_SCOPED_HEADER_INSTALL_DIR option.[0m
[1.655s] -- Added test 'copyright' to check source files copyright and LICENSE
[1.657s] -- Added test 'cppcheck' to perform static code analysis on C / C++ code
[1.657s] -- Configured cppcheck include dirs: /home/holms/Projects/lerobot/TG_Robot/src/ros2_socketcan/ros2_socketcan/include
[1.657s] -- Configured cppcheck exclude dirs and/or files: 
[1.658s] -- Added test 'cpplint' to check C / C++ code against the Google style
[1.658s] -- Configured cpplint exclude dirs and/or files: 
[1.659s] -- Added test 'flake8' to check Python code syntax and style conventions
[1.659s] -- Added test 'lint_cmake' to check CMake code style
[1.660s] -- Added test 'pep257' to check Python code against some of the docstring style conventions in PEP 257
[1.661s] -- Added test 'uncrustify' to check C / C++ code style
[1.661s] -- Configured uncrustify additional arguments: 
[1.662s] -- Added test 'xmllint' to check XML markup files
[1.668s] -- Configuring done
[1.704s] -- Generating done
[1.713s] -- Build files have been written to: /home/holms/Projects/lerobot/TG_Robot/build/ros2_socketcan
[1.726s] Invoked command in '/home/holms/Projects/lerobot/TG_Robot/build/ros2_socketcan' returned '0': AMENT_PREFIX_PATH=/home/holms/Projects/lerobot/TG_Robot/install/ros2_socketcan_msgs:${AMENT_PREFIX_PATH} CMAKE_PREFIX_PATH=/home/holms/Projects/lerobot/TG_Robot/install/ros2_socketcan_msgs:/home/holms/Projects/TG_Robot/robot_base_v1.1/install/robot_virtual_fence:/home/holms/Projects/TG_Robot/robot_base_v1.1/install/robot_state_machine:/home/holms/Projects/TG_Robot/robot_base_v1.1/install/robot_sdk:/home/holms/Projects/TG_Robot/robot_base_v1.1/install/robot_driver:/home/holms/Projects/TG_Robot/robot_base_v1.1/install/robot_control:/home/holms/Projects/TG_Robot/robot_base_v1.1/install/motor_control_logger:/home/holms/Projects/TG_Robot/robot_base_v1.1/install/example_cpp:/home/holms/Projects/TG_Robot/robot_base_v1.1/install/robot_interfaces:/home/holms/Projects/TG_Robot/robot_base_v1.1/install/robot_gazebo:/home/holms/Projects/TG_Robot/robot_base_v1.1/install/arm620_config:/home/holms/Projects/TG_Robot/robot_base_v1.1/install/arm380_config:/home/holms/Projects/TG_Robot/robot_base_v1.1/install/robot_description:/home/holms/Projects/TG_Robot/robot_base_v1.1/install/robot_bringup:/home/holms/Projects/TG_Robot/robot_base_v1.1/install/traj_smoother_py:/home/holms/Projects/TG_Robot/robot_base_v1.1/install/robot_test_py:/home/holms/Projects/TG_Robot/robot_base_v1.1/install/robot_input:/home/holms/Projects/TG_Robot/robot_base_v1.1/install/example_py:/home/holms/Projects/TG_Robot/robot_base_v1.1/install/robot_dynamics:/opt/ros/humble LD_LIBRARY_PATH=/home/holms/Projects/lerobot/TG_Robot/install/ros2_socketcan_msgs/lib:/home/holms/Projects/TG_Robot/robot_base_v1.1/install/robot_driver/lib:/home/holms/Projects/TG_Robot/robot_base_v1.1/install/robot_interfaces/lib:/opt/ros/humble/opt/rviz_ogre_vendor/lib:/opt/ros/humble/lib/x86_64-linux-gnu:/opt/ros/humble/lib:/home/holms/Projects/mujoco/mujoco-3.3.0/bin PYTHONPATH=/home/holms/Projects/lerobot/TG_Robot/install/ros2_socketcan_msgs/local/lib/python3.10/dist-packages:${PYTHONPATH} /usr/bin/cmake /home/holms/Projects/lerobot/TG_Robot/src/ros2_socketcan/ros2_socketcan -DCMAKE_INSTALL_PREFIX=/home/holms/Projects/lerobot/TG_Robot/install/ros2_socketcan
[1.726s] Invoking command in '/home/holms/Projects/lerobot/TG_Robot/build/ros2_socketcan': AMENT_PREFIX_PATH=/home/holms/Projects/lerobot/TG_Robot/install/ros2_socketcan_msgs:${AMENT_PREFIX_PATH} CMAKE_PREFIX_PATH=/home/holms/Projects/lerobot/TG_Robot/install/ros2_socketcan_msgs:/home/holms/Projects/TG_Robot/robot_base_v1.1/install/robot_virtual_fence:/home/holms/Projects/TG_Robot/robot_base_v1.1/install/robot_state_machine:/home/holms/Projects/TG_Robot/robot_base_v1.1/install/robot_sdk:/home/holms/Projects/TG_Robot/robot_base_v1.1/install/robot_driver:/home/holms/Projects/TG_Robot/robot_base_v1.1/install/robot_control:/home/holms/Projects/TG_Robot/robot_base_v1.1/install/motor_control_logger:/home/holms/Projects/TG_Robot/robot_base_v1.1/install/example_cpp:/home/holms/Projects/TG_Robot/robot_base_v1.1/install/robot_interfaces:/home/holms/Projects/TG_Robot/robot_base_v1.1/install/robot_gazebo:/home/holms/Projects/TG_Robot/robot_base_v1.1/install/arm620_config:/home/holms/Projects/TG_Robot/robot_base_v1.1/install/arm380_config:/home/holms/Projects/TG_Robot/robot_base_v1.1/install/robot_description:/home/holms/Projects/TG_Robot/robot_base_v1.1/install/robot_bringup:/home/holms/Projects/TG_Robot/robot_base_v1.1/install/traj_smoother_py:/home/holms/Projects/TG_Robot/robot_base_v1.1/install/robot_test_py:/home/holms/Projects/TG_Robot/robot_base_v1.1/install/robot_input:/home/holms/Projects/TG_Robot/robot_base_v1.1/install/example_py:/home/holms/Projects/TG_Robot/robot_base_v1.1/install/robot_dynamics:/opt/ros/humble LD_LIBRARY_PATH=/home/holms/Projects/lerobot/TG_Robot/install/ros2_socketcan_msgs/lib:/home/holms/Projects/TG_Robot/robot_base_v1.1/install/robot_driver/lib:/home/holms/Projects/TG_Robot/robot_base_v1.1/install/robot_interfaces/lib:/opt/ros/humble/opt/rviz_ogre_vendor/lib:/opt/ros/humble/lib/x86_64-linux-gnu:/opt/ros/humble/lib:/home/holms/Projects/mujoco/mujoco-3.3.0/bin PYTHONPATH=/home/holms/Projects/lerobot/TG_Robot/install/ros2_socketcan_msgs/local/lib/python3.10/dist-packages:${PYTHONPATH} /usr/bin/cmake --build /home/holms/Projects/lerobot/TG_Robot/build/ros2_socketcan -- -j8 -l8
[1.948s] [  4%] [32mBuilding CXX object gtest/CMakeFiles/gtest_main.dir/src/gtest_main.cc.o[0m
[1.953s] [  9%] [32mBuilding CXX object CMakeFiles/socket_can_receiver_node_exe.dir/rclcpp_components/node_main_socket_can_receiver_node_exe.cpp.o[0m
[1.966s] [ 14%] [32mBuilding CXX object CMakeFiles/socket_can_sender_node_exe.dir/rclcpp_components/node_main_socket_can_sender_node_exe.cpp.o[0m
[1.976s] [ 19%] [32mBuilding CXX object CMakeFiles/ros2_socketcan.dir/src/socket_can_id.cpp.o[0m
[1.976s] [ 23%] [32mBuilding CXX object gtest/CMakeFiles/gtest.dir/src/gtest-all.cc.o[0m
[1.980s] [ 28%] [32mBuilding CXX object CMakeFiles/ros2_socketcan.dir/src/socket_can_common.cpp.o[0m
[1.989s] [ 33%] [32mBuilding CXX object CMakeFiles/ros2_socketcan.dir/src/socket_can_sender.cpp.o[0m
[1.991s] [ 38%] [32mBuilding CXX object CMakeFiles/ros2_socketcan.dir/src/socket_can_receiver.cpp.o[0m
[4.939s] [ 42%] [32m[1mLinking CXX shared library libros2_socketcan.so[0m
[5.564s] [ 42%] Built target ros2_socketcan
[5.971s] [ 47%] [32mBuilding CXX object CMakeFiles/socket_can_receiver_node.dir/src/socket_can_receiver_node.cpp.o[0m
[7.078s] [ 52%] [32m[1mLinking CXX static library libgtest_main.a[0m
[7.153s] [ 52%] Built target gtest_main
[11.219s] [ 57%] [32m[1mLinking CXX static library libgtest.a[0m
[11.282s] [ 57%] Built target gtest
[11.303s] [ 66%] [32mBuilding CXX object CMakeFiles/ros2_socketcan_test.dir/test/gtest_main.cpp.o[0m
[11.303s] [ 66%] [32mBuilding CXX object CMakeFiles/ros2_socketcan_test.dir/test/receiver.cpp.o[0m
[11.308s] [ 71%] [32mBuilding CXX object CMakeFiles/ros2_socketcan_test.dir/test/sanity_checks.cpp.o[0m
[13.513s] [ 76%] [32m[1mLinking CXX executable socket_can_sender_node_exe[0m
[13.626s] [ 76%] Built target socket_can_sender_node_exe
[13.645s] [ 80%] [32m[1mLinking CXX executable socket_can_receiver_node_exe[0m
[13.740s] [ 80%] Built target socket_can_receiver_node_exe
[13.832s] [ 85%] [32m[1mLinking CXX executable ros2_socketcan_test[0m
[13.995s] [ 85%] Built target ros2_socketcan_test
[15.212s] [ 90%] [32m[1mLinking CXX shared library libsocket_can_receiver_node.so[0m
[15.385s] [ 90%] Built target socket_can_receiver_node
[15.409s] [ 95%] [32mBuilding CXX object CMakeFiles/socket_can_sender_node.dir/src/socket_can_sender_node.cpp.o[0m
[26.976s] [100%] [32m[1mLinking CXX shared library libsocket_can_sender_node.so[0m
[27.351s] [100%] Built target socket_can_sender_node
[27.360s] Invoked command in '/home/holms/Projects/lerobot/TG_Robot/build/ros2_socketcan' returned '0': AMENT_PREFIX_PATH=/home/holms/Projects/lerobot/TG_Robot/install/ros2_socketcan_msgs:${AMENT_PREFIX_PATH} CMAKE_PREFIX_PATH=/home/holms/Projects/lerobot/TG_Robot/install/ros2_socketcan_msgs:/home/holms/Projects/TG_Robot/robot_base_v1.1/install/robot_virtual_fence:/home/holms/Projects/TG_Robot/robot_base_v1.1/install/robot_state_machine:/home/holms/Projects/TG_Robot/robot_base_v1.1/install/robot_sdk:/home/holms/Projects/TG_Robot/robot_base_v1.1/install/robot_driver:/home/holms/Projects/TG_Robot/robot_base_v1.1/install/robot_control:/home/holms/Projects/TG_Robot/robot_base_v1.1/install/motor_control_logger:/home/holms/Projects/TG_Robot/robot_base_v1.1/install/example_cpp:/home/holms/Projects/TG_Robot/robot_base_v1.1/install/robot_interfaces:/home/holms/Projects/TG_Robot/robot_base_v1.1/install/robot_gazebo:/home/holms/Projects/TG_Robot/robot_base_v1.1/install/arm620_config:/home/holms/Projects/TG_Robot/robot_base_v1.1/install/arm380_config:/home/holms/Projects/TG_Robot/robot_base_v1.1/install/robot_description:/home/holms/Projects/TG_Robot/robot_base_v1.1/install/robot_bringup:/home/holms/Projects/TG_Robot/robot_base_v1.1/install/traj_smoother_py:/home/holms/Projects/TG_Robot/robot_base_v1.1/install/robot_test_py:/home/holms/Projects/TG_Robot/robot_base_v1.1/install/robot_input:/home/holms/Projects/TG_Robot/robot_base_v1.1/install/example_py:/home/holms/Projects/TG_Robot/robot_base_v1.1/install/robot_dynamics:/opt/ros/humble LD_LIBRARY_PATH=/home/holms/Projects/lerobot/TG_Robot/install/ros2_socketcan_msgs/lib:/home/holms/Projects/TG_Robot/robot_base_v1.1/install/robot_driver/lib:/home/holms/Projects/TG_Robot/robot_base_v1.1/install/robot_interfaces/lib:/opt/ros/humble/opt/rviz_ogre_vendor/lib:/opt/ros/humble/lib/x86_64-linux-gnu:/opt/ros/humble/lib:/home/holms/Projects/mujoco/mujoco-3.3.0/bin PYTHONPATH=/home/holms/Projects/lerobot/TG_Robot/install/ros2_socketcan_msgs/local/lib/python3.10/dist-packages:${PYTHONPATH} /usr/bin/cmake --build /home/holms/Projects/lerobot/TG_Robot/build/ros2_socketcan -- -j8 -l8
[27.363s] Invoking command in '/home/holms/Projects/lerobot/TG_Robot/build/ros2_socketcan': AMENT_PREFIX_PATH=/home/holms/Projects/lerobot/TG_Robot/install/ros2_socketcan_msgs:${AMENT_PREFIX_PATH} CMAKE_PREFIX_PATH=/home/holms/Projects/lerobot/TG_Robot/install/ros2_socketcan_msgs:/home/holms/Projects/TG_Robot/robot_base_v1.1/install/robot_virtual_fence:/home/holms/Projects/TG_Robot/robot_base_v1.1/install/robot_state_machine:/home/holms/Projects/TG_Robot/robot_base_v1.1/install/robot_sdk:/home/holms/Projects/TG_Robot/robot_base_v1.1/install/robot_driver:/home/holms/Projects/TG_Robot/robot_base_v1.1/install/robot_control:/home/holms/Projects/TG_Robot/robot_base_v1.1/install/motor_control_logger:/home/holms/Projects/TG_Robot/robot_base_v1.1/install/example_cpp:/home/holms/Projects/TG_Robot/robot_base_v1.1/install/robot_interfaces:/home/holms/Projects/TG_Robot/robot_base_v1.1/install/robot_gazebo:/home/holms/Projects/TG_Robot/robot_base_v1.1/install/arm620_config:/home/holms/Projects/TG_Robot/robot_base_v1.1/install/arm380_config:/home/holms/Projects/TG_Robot/robot_base_v1.1/install/robot_description:/home/holms/Projects/TG_Robot/robot_base_v1.1/install/robot_bringup:/home/holms/Projects/TG_Robot/robot_base_v1.1/install/traj_smoother_py:/home/holms/Projects/TG_Robot/robot_base_v1.1/install/robot_test_py:/home/holms/Projects/TG_Robot/robot_base_v1.1/install/robot_input:/home/holms/Projects/TG_Robot/robot_base_v1.1/install/example_py:/home/holms/Projects/TG_Robot/robot_base_v1.1/install/robot_dynamics:/opt/ros/humble LD_LIBRARY_PATH=/home/holms/Projects/lerobot/TG_Robot/install/ros2_socketcan_msgs/lib:/home/holms/Projects/TG_Robot/robot_base_v1.1/install/robot_driver/lib:/home/holms/Projects/TG_Robot/robot_base_v1.1/install/robot_interfaces/lib:/opt/ros/humble/opt/rviz_ogre_vendor/lib:/opt/ros/humble/lib/x86_64-linux-gnu:/opt/ros/humble/lib:/home/holms/Projects/mujoco/mujoco-3.3.0/bin PYTHONPATH=/home/holms/Projects/lerobot/TG_Robot/install/ros2_socketcan_msgs/local/lib/python3.10/dist-packages:${PYTHONPATH} /usr/bin/cmake --install /home/holms/Projects/lerobot/TG_Robot/build/ros2_socketcan
[27.367s] -- Install configuration: ""
[27.367s] -- Installing: /home/holms/Projects/lerobot/TG_Robot/install/ros2_socketcan/lib/ros2_socketcan/socket_can_receiver_node_exe
[27.368s] -- Set runtime path of "/home/holms/Projects/lerobot/TG_Robot/install/ros2_socketcan/lib/ros2_socketcan/socket_can_receiver_node_exe" to ""
[27.368s] -- Installing: /home/holms/Projects/lerobot/TG_Robot/install/ros2_socketcan/lib/ros2_socketcan/socket_can_sender_node_exe
[27.368s] -- Set runtime path of "/home/holms/Projects/lerobot/TG_Robot/install/ros2_socketcan/lib/ros2_socketcan/socket_can_sender_node_exe" to ""
[27.369s] -- Installing: /home/holms/Projects/lerobot/TG_Robot/install/ros2_socketcan/include
[27.369s] -- Installing: /home/holms/Projects/lerobot/TG_Robot/install/ros2_socketcan/include/ros2_socketcan
[27.369s] -- Installing: /home/holms/Projects/lerobot/TG_Robot/install/ros2_socketcan/include/ros2_socketcan/socket_can_id.hpp
[27.369s] -- Installing: /home/holms/Projects/lerobot/TG_Robot/install/ros2_socketcan/include/ros2_socketcan/socket_can_sender.hpp
[27.369s] -- Installing: /home/holms/Projects/lerobot/TG_Robot/install/ros2_socketcan/include/ros2_socketcan/socket_can_sender_node.hpp
[27.369s] -- Installing: /home/holms/Projects/lerobot/TG_Robot/install/ros2_socketcan/include/ros2_socketcan/socket_can_common.hpp
[27.369s] -- Installing: /home/holms/Projects/lerobot/TG_Robot/install/ros2_socketcan/include/ros2_socketcan/visibility_control.hpp
[27.369s] -- Installing: /home/holms/Projects/lerobot/TG_Robot/install/ros2_socketcan/include/ros2_socketcan/socket_can_receiver_node.hpp
[27.371s] -- Installing: /home/holms/Projects/lerobot/TG_Robot/install/ros2_socketcan/include/ros2_socketcan/socket_can_receiver.hpp
[27.371s] -- Installing: /home/holms/Projects/lerobot/TG_Robot/install/ros2_socketcan/share/ros2_socketcan/environment/library_path.sh
[27.372s] -- Installing: /home/holms/Projects/lerobot/TG_Robot/install/ros2_socketcan/share/ros2_socketcan/environment/library_path.dsv
[27.372s] -- Installing: /home/holms/Projects/lerobot/TG_Robot/install/ros2_socketcan/lib/libros2_socketcan.so
[27.372s] -- Set runtime path of "/home/holms/Projects/lerobot/TG_Robot/install/ros2_socketcan/lib/libros2_socketcan.so" to ""
[27.372s] -- Installing: /home/holms/Projects/lerobot/TG_Robot/install/ros2_socketcan/lib/libsocket_can_receiver_node.so
[27.374s] -- Set runtime path of "/home/holms/Projects/lerobot/TG_Robot/install/ros2_socketcan/lib/libsocket_can_receiver_node.so" to ""
[27.374s] -- Installing: /home/holms/Projects/lerobot/TG_Robot/install/ros2_socketcan/lib/libsocket_can_sender_node.so
[27.380s] -- Set runtime path of "/home/holms/Projects/lerobot/TG_Robot/install/ros2_socketcan/lib/libsocket_can_sender_node.so" to ""
[27.381s] -- Installing: /home/holms/Projects/lerobot/TG_Robot/install/ros2_socketcan/share/ros2_socketcan/launch
[27.381s] -- Installing: /home/holms/Projects/lerobot/TG_Robot/install/ros2_socketcan/share/ros2_socketcan/launch/socket_can_sender.launch.py
[27.381s] -- Installing: /home/holms/Projects/lerobot/TG_Robot/install/ros2_socketcan/share/ros2_socketcan/launch/socket_can_bridge.launch.xml
[27.381s] -- Installing: /home/holms/Projects/lerobot/TG_Robot/install/ros2_socketcan/share/ros2_socketcan/launch/socket_can_receiver.launch.py
[27.381s] -- Installing: /home/holms/Projects/lerobot/TG_Robot/install/ros2_socketcan/share/ament_index/resource_index/package_run_dependencies/ros2_socketcan
[27.381s] -- Installing: /home/holms/Projects/lerobot/TG_Robot/install/ros2_socketcan/share/ament_index/resource_index/parent_prefix_path/ros2_socketcan
[27.382s] -- Installing: /home/holms/Projects/lerobot/TG_Robot/install/ros2_socketcan/share/ros2_socketcan/environment/ament_prefix_path.sh
[27.382s] -- Installing: /home/holms/Projects/lerobot/TG_Robot/install/ros2_socketcan/share/ros2_socketcan/environment/ament_prefix_path.dsv
[27.382s] -- Installing: /home/holms/Projects/lerobot/TG_Robot/install/ros2_socketcan/share/ros2_socketcan/environment/path.sh
[27.382s] -- Installing: /home/holms/Projects/lerobot/TG_Robot/install/ros2_socketcan/share/ros2_socketcan/environment/path.dsv
[27.382s] -- Installing: /home/holms/Projects/lerobot/TG_Robot/install/ros2_socketcan/share/ros2_socketcan/local_setup.bash
[27.382s] -- Installing: /home/holms/Projects/lerobot/TG_Robot/install/ros2_socketcan/share/ros2_socketcan/local_setup.sh
[27.382s] -- Installing: /home/holms/Projects/lerobot/TG_Robot/install/ros2_socketcan/share/ros2_socketcan/local_setup.zsh
[27.383s] -- Installing: /home/holms/Projects/lerobot/TG_Robot/install/ros2_socketcan/share/ros2_socketcan/local_setup.dsv
[27.383s] -- Installing: /home/holms/Projects/lerobot/TG_Robot/install/ros2_socketcan/share/ros2_socketcan/package.dsv
[27.383s] -- Installing: /home/holms/Projects/lerobot/TG_Robot/install/ros2_socketcan/share/ament_index/resource_index/packages/ros2_socketcan
[27.383s] -- Installing: /home/holms/Projects/lerobot/TG_Robot/install/ros2_socketcan/share/ament_index/resource_index/rclcpp_components/ros2_socketcan
[27.383s] -- Installing: /home/holms/Projects/lerobot/TG_Robot/install/ros2_socketcan/share/ros2_socketcan/cmake/ament_cmake_export_dependencies-extras.cmake
[27.383s] -- Installing: /home/holms/Projects/lerobot/TG_Robot/install/ros2_socketcan/share/ros2_socketcan/cmake/ament_cmake_export_include_directories-extras.cmake
[27.383s] -- Installing: /home/holms/Projects/lerobot/TG_Robot/install/ros2_socketcan/share/ros2_socketcan/cmake/ament_cmake_export_libraries-extras.cmake
[27.383s] -- Installing: /home/holms/Projects/lerobot/TG_Robot/install/ros2_socketcan/share/ros2_socketcan/cmake/ros2_socketcanConfig.cmake
[27.383s] -- Installing: /home/holms/Projects/lerobot/TG_Robot/install/ros2_socketcan/share/ros2_socketcan/cmake/ros2_socketcanConfig-version.cmake
[27.383s] -- Installing: /home/holms/Projects/lerobot/TG_Robot/install/ros2_socketcan/share/ros2_socketcan/package.xml
[27.385s] Invoked command in '/home/holms/Projects/lerobot/TG_Robot/build/ros2_socketcan' returned '0': AMENT_PREFIX_PATH=/home/holms/Projects/lerobot/TG_Robot/install/ros2_socketcan_msgs:${AMENT_PREFIX_PATH} CMAKE_PREFIX_PATH=/home/holms/Projects/lerobot/TG_Robot/install/ros2_socketcan_msgs:/home/holms/Projects/TG_Robot/robot_base_v1.1/install/robot_virtual_fence:/home/holms/Projects/TG_Robot/robot_base_v1.1/install/robot_state_machine:/home/holms/Projects/TG_Robot/robot_base_v1.1/install/robot_sdk:/home/holms/Projects/TG_Robot/robot_base_v1.1/install/robot_driver:/home/holms/Projects/TG_Robot/robot_base_v1.1/install/robot_control:/home/holms/Projects/TG_Robot/robot_base_v1.1/install/motor_control_logger:/home/holms/Projects/TG_Robot/robot_base_v1.1/install/example_cpp:/home/holms/Projects/TG_Robot/robot_base_v1.1/install/robot_interfaces:/home/holms/Projects/TG_Robot/robot_base_v1.1/install/robot_gazebo:/home/holms/Projects/TG_Robot/robot_base_v1.1/install/arm620_config:/home/holms/Projects/TG_Robot/robot_base_v1.1/install/arm380_config:/home/holms/Projects/TG_Robot/robot_base_v1.1/install/robot_description:/home/holms/Projects/TG_Robot/robot_base_v1.1/install/robot_bringup:/home/holms/Projects/TG_Robot/robot_base_v1.1/install/traj_smoother_py:/home/holms/Projects/TG_Robot/robot_base_v1.1/install/robot_test_py:/home/holms/Projects/TG_Robot/robot_base_v1.1/install/robot_input:/home/holms/Projects/TG_Robot/robot_base_v1.1/install/example_py:/home/holms/Projects/TG_Robot/robot_base_v1.1/install/robot_dynamics:/opt/ros/humble LD_LIBRARY_PATH=/home/holms/Projects/lerobot/TG_Robot/install/ros2_socketcan_msgs/lib:/home/holms/Projects/TG_Robot/robot_base_v1.1/install/robot_driver/lib:/home/holms/Projects/TG_Robot/robot_base_v1.1/install/robot_interfaces/lib:/opt/ros/humble/opt/rviz_ogre_vendor/lib:/opt/ros/humble/lib/x86_64-linux-gnu:/opt/ros/humble/lib:/home/holms/Projects/mujoco/mujoco-3.3.0/bin PYTHONPATH=/home/holms/Projects/lerobot/TG_Robot/install/ros2_socketcan_msgs/local/lib/python3.10/dist-packages:${PYTHONPATH} /usr/bin/cmake --install /home/holms/Projects/lerobot/TG_Robot/build/ros2_socketcan
