-- Install configuration: ""
-- Execute custom install script
-- Up-to-date symlink: /home/holms/Projects/lerobot/TG_Robot/install/robot_gazebo/share/robot_gazebo/launch/__pycache__/robot_gazebo.launch.cpython-310.pyc
-- Symlinking: /home/holms/Projects/lerobot/TG_Robot/install/robot_gazebo/share/robot_gazebo/launch/__pycache__/robot_gazebo_lerobot.launch.cpython-310.pyc
-- Up-to-date symlink: /home/holms/Projects/lerobot/TG_Robot/install/robot_gazebo/share/robot_gazebo/launch/robot_gazebo.launch.py
-- Up-to-date symlink: /home/holms/Projects/lerobot/TG_Robot/install/robot_gazebo/share/robot_gazebo/launch/robot_gazebo_lerobot.launch.py
-- Up-to-date symlink: /home/holms/Projects/lerobot/TG_Robot/install/robot_gazebo/share/robot_gazebo/config/gazebo_arm380.urdf.xacro
-- Up-to-date symlink: /home/holms/Projects/lerobot/TG_Robot/install/robot_gazebo/share/robot_gazebo/config/gazebo_arm620.urdf.xacro
-- Up-to-date symlink: /home/holms/Projects/lerobot/TG_Robot/install/robot_gazebo/share/robot_gazebo/config/gazebo_arm620_lerobot.urdf.xacro
-- Up-to-date symlink: /home/holms/Projects/lerobot/TG_Robot/install/robot_gazebo/share/ament_index/resource_index/package_run_dependencies/robot_gazebo
-- Up-to-date symlink: /home/holms/Projects/lerobot/TG_Robot/install/robot_gazebo/share/ament_index/resource_index/parent_prefix_path/robot_gazebo
-- Up-to-date symlink: /home/holms/Projects/lerobot/TG_Robot/install/robot_gazebo/share/robot_gazebo/environment/ament_prefix_path.sh
-- Up-to-date symlink: /home/holms/Projects/lerobot/TG_Robot/install/robot_gazebo/share/robot_gazebo/environment/ament_prefix_path.dsv
-- Up-to-date symlink: /home/holms/Projects/lerobot/TG_Robot/install/robot_gazebo/share/robot_gazebo/environment/path.sh
-- Up-to-date symlink: /home/holms/Projects/lerobot/TG_Robot/install/robot_gazebo/share/robot_gazebo/environment/path.dsv
-- Up-to-date symlink: /home/holms/Projects/lerobot/TG_Robot/install/robot_gazebo/share/robot_gazebo/local_setup.bash
-- Up-to-date symlink: /home/holms/Projects/lerobot/TG_Robot/install/robot_gazebo/share/robot_gazebo/local_setup.sh
-- Up-to-date symlink: /home/holms/Projects/lerobot/TG_Robot/install/robot_gazebo/share/robot_gazebo/local_setup.zsh
-- Up-to-date symlink: /home/holms/Projects/lerobot/TG_Robot/install/robot_gazebo/share/robot_gazebo/local_setup.dsv
-- Symlinking: /home/holms/Projects/lerobot/TG_Robot/install/robot_gazebo/share/robot_gazebo/package.dsv
-- Up-to-date symlink: /home/holms/Projects/lerobot/TG_Robot/install/robot_gazebo/share/ament_index/resource_index/packages/robot_gazebo
-- Up-to-date symlink: /home/holms/Projects/lerobot/TG_Robot/install/robot_gazebo/share/robot_gazebo/cmake/robot_gazeboConfig.cmake
-- Up-to-date symlink: /home/holms/Projects/lerobot/TG_Robot/install/robot_gazebo/share/robot_gazebo/cmake/robot_gazeboConfig-version.cmake
-- Up-to-date symlink: /home/holms/Projects/lerobot/TG_Robot/install/robot_gazebo/share/robot_gazebo/package.xml
