[0.556s] Invoking command in '/home/holms/Projects/lerobot/TG_Robot/example/example_py': AMENT_PREFIX_PATH=/home/holms/Projects/lerobot/TG_Robot/install/robot_interfaces:${AMENT_PREFIX_PATH} CMAKE_PREFIX_PATH=/home/holms/Projects/lerobot/TG_Robot/install/robot_interfaces:${CMAKE_PREFIX_PATH} LD_LIBRARY_PATH=/home/holms/Projects/lerobot/TG_Robot/install/robot_interfaces/lib:/home/holms/Projects/TG_Robot/robot_base_v1.1/install/robot_driver/lib:/home/holms/Projects/TG_Robot/robot_base_v1.1/install/robot_interfaces/lib:/opt/ros/humble/opt/rviz_ogre_vendor/lib:/opt/ros/humble/lib/x86_64-linux-gnu:/opt/ros/humble/lib:/home/holms/Projects/mujoco/mujoco-3.3.0/bin PYTHONPATH=/home/holms/Projects/lerobot/TG_Robot/build/example_py/prefix_override:/usr/lib/python3/dist-packages/colcon_core/task/python/colcon_distutils_commands:/home/holms/Projects/lerobot/TG_Robot/install/example_py/lib/python3.10/site-packages:/home/holms/Projects/lerobot/TG_Robot/install/robot_interfaces/local/lib/python3.10/dist-packages:${PYTHONPATH} /usr/bin/python3 -W ignore:setup.py install is deprecated -W ignore:easy_install command is deprecated setup.py egg_info --egg-base ../../build/example_py build --build-base /home/holms/Projects/lerobot/TG_Robot/build/example_py/build install --record /home/holms/Projects/lerobot/TG_Robot/build/example_py/install.log --single-version-externally-managed install_data
[0.722s] running egg_info
[0.722s] writing ../../build/example_py/example_py.egg-info/PKG-INFO
[0.723s] writing dependency_links to ../../build/example_py/example_py.egg-info/dependency_links.txt
[0.723s] writing entry points to ../../build/example_py/example_py.egg-info/entry_points.txt
[0.723s] writing requirements to ../../build/example_py/example_py.egg-info/requires.txt
[0.723s] writing top-level names to ../../build/example_py/example_py.egg-info/top_level.txt
[0.724s] reading manifest file '../../build/example_py/example_py.egg-info/SOURCES.txt'
[0.725s] adding license file 'LICENSE'
[0.725s] writing manifest file '../../build/example_py/example_py.egg-info/SOURCES.txt'
[0.725s] running build
[0.725s] running build_py
[0.726s] running install
[0.726s] running install_lib
[0.727s] running install_data
[0.727s] running install_egg_info
[0.728s] removing '/home/holms/Projects/lerobot/TG_Robot/install/example_py/lib/python3.10/site-packages/example_py-0.0.0-py3.10.egg-info' (and everything under it)
[0.728s] Copying ../../build/example_py/example_py.egg-info to /home/holms/Projects/lerobot/TG_Robot/install/example_py/lib/python3.10/site-packages/example_py-0.0.0-py3.10.egg-info
[0.729s] running install_scripts
[0.742s] Installing example script to /home/holms/Projects/lerobot/TG_Robot/install/example_py/lib/example_py
[0.743s] writing list of installed files to '/home/holms/Projects/lerobot/TG_Robot/build/example_py/install.log'
[0.764s] Invoked command in '/home/holms/Projects/lerobot/TG_Robot/example/example_py' returned '0': AMENT_PREFIX_PATH=/home/holms/Projects/lerobot/TG_Robot/install/robot_interfaces:${AMENT_PREFIX_PATH} CMAKE_PREFIX_PATH=/home/holms/Projects/lerobot/TG_Robot/install/robot_interfaces:${CMAKE_PREFIX_PATH} LD_LIBRARY_PATH=/home/holms/Projects/lerobot/TG_Robot/install/robot_interfaces/lib:/home/holms/Projects/TG_Robot/robot_base_v1.1/install/robot_driver/lib:/home/holms/Projects/TG_Robot/robot_base_v1.1/install/robot_interfaces/lib:/opt/ros/humble/opt/rviz_ogre_vendor/lib:/opt/ros/humble/lib/x86_64-linux-gnu:/opt/ros/humble/lib:/home/holms/Projects/mujoco/mujoco-3.3.0/bin PYTHONPATH=/home/holms/Projects/lerobot/TG_Robot/build/example_py/prefix_override:/usr/lib/python3/dist-packages/colcon_core/task/python/colcon_distutils_commands:/home/holms/Projects/lerobot/TG_Robot/install/example_py/lib/python3.10/site-packages:/home/holms/Projects/lerobot/TG_Robot/install/robot_interfaces/local/lib/python3.10/dist-packages:${PYTHONPATH} /usr/bin/python3 -W ignore:setup.py install is deprecated -W ignore:easy_install command is deprecated setup.py egg_info --egg-base ../../build/example_py build --build-base /home/holms/Projects/lerobot/TG_Robot/build/example_py/build install --record /home/holms/Projects/lerobot/TG_Robot/build/example_py/install.log --single-version-externally-managed install_data
