[0.042s] Invoking command in '/home/holms/Projects/lerobot/TG_Robot/build/robot_gazebo': CMAKE_PREFIX_PATH=${CMAKE_PREFIX_PATH}:/home/holms/Projects/TG_Robot/robot_base_v1.1/install/traj_smoother_py:/home/holms/Projects/TG_Robot/robot_base_v1.1/install/robot_test_py:/home/holms/Projects/TG_Robot/robot_base_v1.1/install/robot_input:/home/holms/Projects/TG_Robot/robot_base_v1.1/install/example_py:/home/holms/Projects/TG_Robot/robot_base_v1.1/install/robot_dynamics:/opt/ros/humble /usr/bin/cmake --build /home/holms/Projects/lerobot/TG_Robot/build/robot_gazebo -- -j8 -l8
[0.284s] Invoked command in '/home/holms/Projects/lerobot/TG_Robot/build/robot_gazebo' returned '0': CMAKE_PREFIX_PATH=${CMAKE_PREFIX_PATH}:/home/holms/Projects/TG_Robot/robot_base_v1.1/install/traj_smoother_py:/home/holms/Projects/TG_Robot/robot_base_v1.1/install/robot_test_py:/home/holms/Projects/TG_Robot/robot_base_v1.1/install/robot_input:/home/holms/Projects/TG_Robot/robot_base_v1.1/install/example_py:/home/holms/Projects/TG_Robot/robot_base_v1.1/install/robot_dynamics:/opt/ros/humble /usr/bin/cmake --build /home/holms/Projects/lerobot/TG_Robot/build/robot_gazebo -- -j8 -l8
[0.298s] Invoking command in '/home/holms/Projects/lerobot/TG_Robot/build/robot_gazebo': CMAKE_PREFIX_PATH=${CMAKE_PREFIX_PATH}:/home/holms/Projects/TG_Robot/robot_base_v1.1/install/traj_smoother_py:/home/holms/Projects/TG_Robot/robot_base_v1.1/install/robot_test_py:/home/holms/Projects/TG_Robot/robot_base_v1.1/install/robot_input:/home/holms/Projects/TG_Robot/robot_base_v1.1/install/example_py:/home/holms/Projects/TG_Robot/robot_base_v1.1/install/robot_dynamics:/opt/ros/humble /usr/bin/cmake --install /home/holms/Projects/lerobot/TG_Robot/build/robot_gazebo
[0.309s] -- Install configuration: ""
[0.313s] -- Execute custom install script
[0.323s] -- Symlinking: /home/holms/Projects/lerobot/TG_Robot/install/robot_gazebo/share/robot_gazebo/launch/__pycache__/robot_gazebo.launch.cpython-310.pyc
[0.336s] -- Symlinking: /home/holms/Projects/lerobot/TG_Robot/install/robot_gazebo/share/robot_gazebo/launch/__pycache__/robot_gazebo_lerobot.launch.cpython-310.pyc
[0.344s] -- Up-to-date symlink: /home/holms/Projects/lerobot/TG_Robot/install/robot_gazebo/share/robot_gazebo/launch/robot_gazebo.launch.py
[0.344s] -- Up-to-date symlink: /home/holms/Projects/lerobot/TG_Robot/install/robot_gazebo/share/robot_gazebo/launch/robot_gazebo_lerobot.launch.py
[0.346s] -- Up-to-date symlink: /home/holms/Projects/lerobot/TG_Robot/install/robot_gazebo/share/robot_gazebo/config/gazebo_arm380.urdf.xacro
[0.346s] -- Up-to-date symlink: /home/holms/Projects/lerobot/TG_Robot/install/robot_gazebo/share/robot_gazebo/config/gazebo_arm620.urdf.xacro
[0.346s] -- Up-to-date symlink: /home/holms/Projects/lerobot/TG_Robot/install/robot_gazebo/share/robot_gazebo/config/gazebo_arm620_lerobot.urdf.xacro
[0.347s] -- Up-to-date symlink: /home/holms/Projects/lerobot/TG_Robot/install/robot_gazebo/share/ament_index/resource_index/package_run_dependencies/robot_gazebo
[0.347s] -- Up-to-date symlink: /home/holms/Projects/lerobot/TG_Robot/install/robot_gazebo/share/ament_index/resource_index/parent_prefix_path/robot_gazebo
[0.348s] -- Up-to-date symlink: /home/holms/Projects/lerobot/TG_Robot/install/robot_gazebo/share/robot_gazebo/environment/ament_prefix_path.sh
[0.348s] -- Up-to-date symlink: /home/holms/Projects/lerobot/TG_Robot/install/robot_gazebo/share/robot_gazebo/environment/ament_prefix_path.dsv
[0.348s] -- Up-to-date symlink: /home/holms/Projects/lerobot/TG_Robot/install/robot_gazebo/share/robot_gazebo/environment/path.sh
[0.349s] -- Up-to-date symlink: /home/holms/Projects/lerobot/TG_Robot/install/robot_gazebo/share/robot_gazebo/environment/path.dsv
[0.349s] -- Up-to-date symlink: /home/holms/Projects/lerobot/TG_Robot/install/robot_gazebo/share/robot_gazebo/local_setup.bash
[0.354s] -- Up-to-date symlink: /home/holms/Projects/lerobot/TG_Robot/install/robot_gazebo/share/robot_gazebo/local_setup.sh
[0.354s] -- Up-to-date symlink: /home/holms/Projects/lerobot/TG_Robot/install/robot_gazebo/share/robot_gazebo/local_setup.zsh
[0.354s] -- Up-to-date symlink: /home/holms/Projects/lerobot/TG_Robot/install/robot_gazebo/share/robot_gazebo/local_setup.dsv
[0.354s] -- Symlinking: /home/holms/Projects/lerobot/TG_Robot/install/robot_gazebo/share/robot_gazebo/package.dsv
[0.362s] -- Up-to-date symlink: /home/holms/Projects/lerobot/TG_Robot/install/robot_gazebo/share/ament_index/resource_index/packages/robot_gazebo
[0.363s] -- Up-to-date symlink: /home/holms/Projects/lerobot/TG_Robot/install/robot_gazebo/share/robot_gazebo/cmake/robot_gazeboConfig.cmake
[0.363s] -- Up-to-date symlink: /home/holms/Projects/lerobot/TG_Robot/install/robot_gazebo/share/robot_gazebo/cmake/robot_gazeboConfig-version.cmake
[0.363s] -- Up-to-date symlink: /home/holms/Projects/lerobot/TG_Robot/install/robot_gazebo/share/robot_gazebo/package.xml
[0.366s] Invoked command in '/home/holms/Projects/lerobot/TG_Robot/build/robot_gazebo' returned '0': CMAKE_PREFIX_PATH=${CMAKE_PREFIX_PATH}:/home/holms/Projects/TG_Robot/robot_base_v1.1/install/traj_smoother_py:/home/holms/Projects/TG_Robot/robot_base_v1.1/install/robot_test_py:/home/holms/Projects/TG_Robot/robot_base_v1.1/install/robot_input:/home/holms/Projects/TG_Robot/robot_base_v1.1/install/example_py:/home/holms/Projects/TG_Robot/robot_base_v1.1/install/robot_dynamics:/opt/ros/humble /usr/bin/cmake --install /home/holms/Projects/lerobot/TG_Robot/build/robot_gazebo
