[1.044s] Invoking command in '/home/holms/Projects/lerobot/TG_Robot/src/robot_dynamics': PYTHONPATH=/home/holms/Projects/lerobot/TG_Robot/build/robot_dynamics/prefix_override:/usr/lib/python3/dist-packages/colcon_core/task/python/colcon_distutils_commands:/home/holms/Projects/lerobot/TG_Robot/install/robot_dynamics/lib/python3.10/site-packages:${PYTHONPATH} /usr/bin/python3 -W ignore:setup.py install is deprecated -W ignore:easy_install command is deprecated setup.py egg_info --egg-base ../../build/robot_dynamics build --build-base /home/holms/Projects/lerobot/TG_Robot/build/robot_dynamics/build install --record /home/holms/Projects/lerobot/TG_Robot/build/robot_dynamics/install.log --single-version-externally-managed install_data
[1.209s] running egg_info
[1.210s] creating ../../build/robot_dynamics/robot_dynamics.egg-info
[1.210s] writing ../../build/robot_dynamics/robot_dynamics.egg-info/PKG-INFO
[1.210s] writing dependency_links to ../../build/robot_dynamics/robot_dynamics.egg-info/dependency_links.txt
[1.211s] writing entry points to ../../build/robot_dynamics/robot_dynamics.egg-info/entry_points.txt
[1.211s] writing requirements to ../../build/robot_dynamics/robot_dynamics.egg-info/requires.txt
[1.211s] writing top-level names to ../../build/robot_dynamics/robot_dynamics.egg-info/top_level.txt
[1.211s] writing manifest file '../../build/robot_dynamics/robot_dynamics.egg-info/SOURCES.txt'
[1.212s] reading manifest file '../../build/robot_dynamics/robot_dynamics.egg-info/SOURCES.txt'
[1.213s] writing manifest file '../../build/robot_dynamics/robot_dynamics.egg-info/SOURCES.txt'
[1.213s] running build
[1.213s] running build_py
[1.213s] creating /home/holms/Projects/lerobot/TG_Robot/build/robot_dynamics/build
[1.213s] creating /home/holms/Projects/lerobot/TG_Robot/build/robot_dynamics/build/lib
[1.213s] creating /home/holms/Projects/lerobot/TG_Robot/build/robot_dynamics/build/lib/robot_dynamics
[1.213s] copying robot_dynamics/gravity_compensator.py -> /home/holms/Projects/lerobot/TG_Robot/build/robot_dynamics/build/lib/robot_dynamics
[1.213s] copying robot_dynamics/__init__.py -> /home/holms/Projects/lerobot/TG_Robot/build/robot_dynamics/build/lib/robot_dynamics
[1.214s] running install
[1.214s] running install_lib
[1.214s] creating /home/holms/Projects/lerobot/TG_Robot/install/robot_dynamics/lib/python3.10/site-packages/robot_dynamics
[1.214s] copying /home/holms/Projects/lerobot/TG_Robot/build/robot_dynamics/build/lib/robot_dynamics/gravity_compensator.py -> /home/holms/Projects/lerobot/TG_Robot/install/robot_dynamics/lib/python3.10/site-packages/robot_dynamics
[1.214s] copying /home/holms/Projects/lerobot/TG_Robot/build/robot_dynamics/build/lib/robot_dynamics/__init__.py -> /home/holms/Projects/lerobot/TG_Robot/install/robot_dynamics/lib/python3.10/site-packages/robot_dynamics
[1.218s] byte-compiling /home/holms/Projects/lerobot/TG_Robot/install/robot_dynamics/lib/python3.10/site-packages/robot_dynamics/gravity_compensator.py to gravity_compensator.cpython-310.pyc
[1.218s] byte-compiling /home/holms/Projects/lerobot/TG_Robot/install/robot_dynamics/lib/python3.10/site-packages/robot_dynamics/__init__.py to __init__.cpython-310.pyc
[1.219s] running install_data
[1.219s] creating /home/holms/Projects/lerobot/TG_Robot/install/robot_dynamics/share/ament_index
[1.219s] creating /home/holms/Projects/lerobot/TG_Robot/install/robot_dynamics/share/ament_index/resource_index
[1.219s] creating /home/holms/Projects/lerobot/TG_Robot/install/robot_dynamics/share/ament_index/resource_index/packages
[1.219s] copying resource/robot_dynamics -> /home/holms/Projects/lerobot/TG_Robot/install/robot_dynamics/share/ament_index/resource_index/packages
[1.219s] copying package.xml -> /home/holms/Projects/lerobot/TG_Robot/install/robot_dynamics/share/robot_dynamics
[1.219s] creating /home/holms/Projects/lerobot/TG_Robot/install/robot_dynamics/share/robot_dynamics/launch
[1.219s] copying launch/gravity_arm380.launch.py -> /home/holms/Projects/lerobot/TG_Robot/install/robot_dynamics/share/robot_dynamics/launch
[1.219s] copying launch/gravity_arm620.launch.py -> /home/holms/Projects/lerobot/TG_Robot/install/robot_dynamics/share/robot_dynamics/launch
[1.220s] running install_egg_info
[1.220s] Copying ../../build/robot_dynamics/robot_dynamics.egg-info to /home/holms/Projects/lerobot/TG_Robot/install/robot_dynamics/lib/python3.10/site-packages/robot_dynamics-0.0.0-py3.10.egg-info
[1.220s] running install_scripts
[1.234s] Installing gravity_compensator script to /home/holms/Projects/lerobot/TG_Robot/install/robot_dynamics/lib/robot_dynamics
[1.234s] writing list of installed files to '/home/holms/Projects/lerobot/TG_Robot/build/robot_dynamics/install.log'
[1.250s] Invoked command in '/home/holms/Projects/lerobot/TG_Robot/src/robot_dynamics' returned '0': PYTHONPATH=/home/holms/Projects/lerobot/TG_Robot/build/robot_dynamics/prefix_override:/usr/lib/python3/dist-packages/colcon_core/task/python/colcon_distutils_commands:/home/holms/Projects/lerobot/TG_Robot/install/robot_dynamics/lib/python3.10/site-packages:${PYTHONPATH} /usr/bin/python3 -W ignore:setup.py install is deprecated -W ignore:easy_install command is deprecated setup.py egg_info --egg-base ../../build/robot_dynamics build --build-base /home/holms/Projects/lerobot/TG_Robot/build/robot_dynamics/build install --record /home/holms/Projects/lerobot/TG_Robot/build/robot_dynamics/install.log --single-version-externally-managed install_data
