[0.027s] Invoking command in '/home/holms/Projects/lerobot/TG_Robot/build/ros2_socketcan': AMENT_PREFIX_PATH=/home/holms/Projects/lerobot/TG_Robot/install/ros2_socketcan_msgs:${AMENT_PREFIX_PATH} CMAKE_PREFIX_PATH=/home/holms/Projects/lerobot/TG_Robot/install/ros2_socketcan_msgs:/home/holms/Projects/TG_Robot/robot_base_v1.1/install/robot_virtual_fence:/home/holms/Projects/TG_Robot/robot_base_v1.1/install/robot_state_machine:/home/holms/Projects/TG_Robot/robot_base_v1.1/install/robot_sdk:/home/holms/Projects/TG_Robot/robot_base_v1.1/install/robot_driver:/home/holms/Projects/TG_Robot/robot_base_v1.1/install/robot_control:/home/holms/Projects/TG_Robot/robot_base_v1.1/install/motor_control_logger:/home/holms/Projects/TG_Robot/robot_base_v1.1/install/example_cpp:/home/holms/Projects/TG_Robot/robot_base_v1.1/install/robot_interfaces:/home/holms/Projects/TG_Robot/robot_base_v1.1/install/robot_gazebo:/home/holms/Projects/TG_Robot/robot_base_v1.1/install/arm620_config:/home/holms/Projects/TG_Robot/robot_base_v1.1/install/arm380_config:/home/holms/Projects/TG_Robot/robot_base_v1.1/install/robot_description:/home/holms/Projects/TG_Robot/robot_base_v1.1/install/robot_bringup:/home/holms/Projects/TG_Robot/robot_base_v1.1/install/traj_smoother_py:/home/holms/Projects/TG_Robot/robot_base_v1.1/install/robot_test_py:/home/holms/Projects/TG_Robot/robot_base_v1.1/install/robot_input:/home/holms/Projects/TG_Robot/robot_base_v1.1/install/example_py:/home/holms/Projects/TG_Robot/robot_base_v1.1/install/robot_dynamics:/opt/ros/humble LD_LIBRARY_PATH=/home/holms/Projects/lerobot/TG_Robot/install/ros2_socketcan_msgs/lib:/home/holms/Projects/TG_Robot/robot_base_v1.1/install/robot_driver/lib:/home/holms/Projects/TG_Robot/robot_base_v1.1/install/robot_interfaces/lib:/opt/ros/humble/opt/rviz_ogre_vendor/lib:/opt/ros/humble/lib/x86_64-linux-gnu:/opt/ros/humble/lib:/home/holms/Projects/mujoco/mujoco-3.3.0/bin PYTHONPATH=/home/holms/Projects/lerobot/TG_Robot/install/ros2_socketcan_msgs/local/lib/python3.10/dist-packages:${PYTHONPATH} /usr/bin/cmake --build /home/holms/Projects/lerobot/TG_Robot/build/ros2_socketcan -- -j8 -l8
[0.228s] [35m[1mConsolidate compiler generated dependencies of target ros2_socketcan[0m
[0.228s] [35m[1mConsolidate compiler generated dependencies of target socket_can_receiver_node_exe[0m
[0.228s] [35m[1mConsolidate compiler generated dependencies of target gtest[0m
[0.228s] [35m[1mConsolidate compiler generated dependencies of target socket_can_sender_node_exe[0m
[0.228s] [35m[1mConsolidate compiler generated dependencies of target gtest_main[0m
[0.228s] [ 19%] Built target socket_can_receiver_node_exe
[0.228s] [ 33%] Built target ros2_socketcan
[0.228s] [ 42%] Built target gtest
[0.228s] [ 52%] Built target socket_can_sender_node_exe
[0.228s] [35m[1mConsolidate compiler generated dependencies of target socket_can_receiver_node[0m
[0.229s] [ 61%] Built target gtest_main
[0.229s] [35m[1mConsolidate compiler generated dependencies of target ros2_socketcan_test[0m
[0.229s] [ 71%] Built target socket_can_receiver_node
[0.229s] [35m[1mConsolidate compiler generated dependencies of target socket_can_sender_node[0m
[0.229s] [ 90%] Built target ros2_socketcan_test
[0.229s] [100%] Built target socket_can_sender_node
[0.248s] Invoked command in '/home/holms/Projects/lerobot/TG_Robot/build/ros2_socketcan' returned '0': AMENT_PREFIX_PATH=/home/holms/Projects/lerobot/TG_Robot/install/ros2_socketcan_msgs:${AMENT_PREFIX_PATH} CMAKE_PREFIX_PATH=/home/holms/Projects/lerobot/TG_Robot/install/ros2_socketcan_msgs:/home/holms/Projects/TG_Robot/robot_base_v1.1/install/robot_virtual_fence:/home/holms/Projects/TG_Robot/robot_base_v1.1/install/robot_state_machine:/home/holms/Projects/TG_Robot/robot_base_v1.1/install/robot_sdk:/home/holms/Projects/TG_Robot/robot_base_v1.1/install/robot_driver:/home/holms/Projects/TG_Robot/robot_base_v1.1/install/robot_control:/home/holms/Projects/TG_Robot/robot_base_v1.1/install/motor_control_logger:/home/holms/Projects/TG_Robot/robot_base_v1.1/install/example_cpp:/home/holms/Projects/TG_Robot/robot_base_v1.1/install/robot_interfaces:/home/holms/Projects/TG_Robot/robot_base_v1.1/install/robot_gazebo:/home/holms/Projects/TG_Robot/robot_base_v1.1/install/arm620_config:/home/holms/Projects/TG_Robot/robot_base_v1.1/install/arm380_config:/home/holms/Projects/TG_Robot/robot_base_v1.1/install/robot_description:/home/holms/Projects/TG_Robot/robot_base_v1.1/install/robot_bringup:/home/holms/Projects/TG_Robot/robot_base_v1.1/install/traj_smoother_py:/home/holms/Projects/TG_Robot/robot_base_v1.1/install/robot_test_py:/home/holms/Projects/TG_Robot/robot_base_v1.1/install/robot_input:/home/holms/Projects/TG_Robot/robot_base_v1.1/install/example_py:/home/holms/Projects/TG_Robot/robot_base_v1.1/install/robot_dynamics:/opt/ros/humble LD_LIBRARY_PATH=/home/holms/Projects/lerobot/TG_Robot/install/ros2_socketcan_msgs/lib:/home/holms/Projects/TG_Robot/robot_base_v1.1/install/robot_driver/lib:/home/holms/Projects/TG_Robot/robot_base_v1.1/install/robot_interfaces/lib:/opt/ros/humble/opt/rviz_ogre_vendor/lib:/opt/ros/humble/lib/x86_64-linux-gnu:/opt/ros/humble/lib:/home/holms/Projects/mujoco/mujoco-3.3.0/bin PYTHONPATH=/home/holms/Projects/lerobot/TG_Robot/install/ros2_socketcan_msgs/local/lib/python3.10/dist-packages:${PYTHONPATH} /usr/bin/cmake --build /home/holms/Projects/lerobot/TG_Robot/build/ros2_socketcan -- -j8 -l8
[0.250s] Invoking command in '/home/holms/Projects/lerobot/TG_Robot/build/ros2_socketcan': AMENT_PREFIX_PATH=/home/holms/Projects/lerobot/TG_Robot/install/ros2_socketcan_msgs:${AMENT_PREFIX_PATH} CMAKE_PREFIX_PATH=/home/holms/Projects/lerobot/TG_Robot/install/ros2_socketcan_msgs:/home/holms/Projects/TG_Robot/robot_base_v1.1/install/robot_virtual_fence:/home/holms/Projects/TG_Robot/robot_base_v1.1/install/robot_state_machine:/home/holms/Projects/TG_Robot/robot_base_v1.1/install/robot_sdk:/home/holms/Projects/TG_Robot/robot_base_v1.1/install/robot_driver:/home/holms/Projects/TG_Robot/robot_base_v1.1/install/robot_control:/home/holms/Projects/TG_Robot/robot_base_v1.1/install/motor_control_logger:/home/holms/Projects/TG_Robot/robot_base_v1.1/install/example_cpp:/home/holms/Projects/TG_Robot/robot_base_v1.1/install/robot_interfaces:/home/holms/Projects/TG_Robot/robot_base_v1.1/install/robot_gazebo:/home/holms/Projects/TG_Robot/robot_base_v1.1/install/arm620_config:/home/holms/Projects/TG_Robot/robot_base_v1.1/install/arm380_config:/home/holms/Projects/TG_Robot/robot_base_v1.1/install/robot_description:/home/holms/Projects/TG_Robot/robot_base_v1.1/install/robot_bringup:/home/holms/Projects/TG_Robot/robot_base_v1.1/install/traj_smoother_py:/home/holms/Projects/TG_Robot/robot_base_v1.1/install/robot_test_py:/home/holms/Projects/TG_Robot/robot_base_v1.1/install/robot_input:/home/holms/Projects/TG_Robot/robot_base_v1.1/install/example_py:/home/holms/Projects/TG_Robot/robot_base_v1.1/install/robot_dynamics:/opt/ros/humble LD_LIBRARY_PATH=/home/holms/Projects/lerobot/TG_Robot/install/ros2_socketcan_msgs/lib:/home/holms/Projects/TG_Robot/robot_base_v1.1/install/robot_driver/lib:/home/holms/Projects/TG_Robot/robot_base_v1.1/install/robot_interfaces/lib:/opt/ros/humble/opt/rviz_ogre_vendor/lib:/opt/ros/humble/lib/x86_64-linux-gnu:/opt/ros/humble/lib:/home/holms/Projects/mujoco/mujoco-3.3.0/bin PYTHONPATH=/home/holms/Projects/lerobot/TG_Robot/install/ros2_socketcan_msgs/local/lib/python3.10/dist-packages:${PYTHONPATH} /usr/bin/cmake --install /home/holms/Projects/lerobot/TG_Robot/build/ros2_socketcan
[0.265s] -- Install configuration: ""
[0.265s] -- Up-to-date: /home/holms/Projects/lerobot/TG_Robot/install/ros2_socketcan/lib/ros2_socketcan/socket_can_receiver_node_exe
[0.266s] -- Up-to-date: /home/holms/Projects/lerobot/TG_Robot/install/ros2_socketcan/lib/ros2_socketcan/socket_can_sender_node_exe
[0.266s] -- Up-to-date: /home/holms/Projects/lerobot/TG_Robot/install/ros2_socketcan/include
[0.266s] -- Up-to-date: /home/holms/Projects/lerobot/TG_Robot/install/ros2_socketcan/include/ros2_socketcan
[0.266s] -- Up-to-date: /home/holms/Projects/lerobot/TG_Robot/install/ros2_socketcan/include/ros2_socketcan/socket_can_id.hpp
[0.266s] -- Up-to-date: /home/holms/Projects/lerobot/TG_Robot/install/ros2_socketcan/include/ros2_socketcan/socket_can_sender.hpp
[0.266s] -- Up-to-date: /home/holms/Projects/lerobot/TG_Robot/install/ros2_socketcan/include/ros2_socketcan/socket_can_sender_node.hpp
[0.266s] -- Up-to-date: /home/holms/Projects/lerobot/TG_Robot/install/ros2_socketcan/include/ros2_socketcan/socket_can_common.hpp
[0.266s] -- Up-to-date: /home/holms/Projects/lerobot/TG_Robot/install/ros2_socketcan/include/ros2_socketcan/visibility_control.hpp
[0.266s] -- Up-to-date: /home/holms/Projects/lerobot/TG_Robot/install/ros2_socketcan/include/ros2_socketcan/socket_can_receiver_node.hpp
[0.266s] -- Up-to-date: /home/holms/Projects/lerobot/TG_Robot/install/ros2_socketcan/include/ros2_socketcan/socket_can_receiver.hpp
[0.267s] -- Up-to-date: /home/holms/Projects/lerobot/TG_Robot/install/ros2_socketcan/share/ros2_socketcan/environment/library_path.sh
[0.267s] -- Up-to-date: /home/holms/Projects/lerobot/TG_Robot/install/ros2_socketcan/share/ros2_socketcan/environment/library_path.dsv
[0.267s] -- Up-to-date: /home/holms/Projects/lerobot/TG_Robot/install/ros2_socketcan/lib/libros2_socketcan.so
[0.267s] -- Up-to-date: /home/holms/Projects/lerobot/TG_Robot/install/ros2_socketcan/lib/libsocket_can_receiver_node.so
[0.267s] -- Up-to-date: /home/holms/Projects/lerobot/TG_Robot/install/ros2_socketcan/lib/libsocket_can_sender_node.so
[0.267s] -- Up-to-date: /home/holms/Projects/lerobot/TG_Robot/install/ros2_socketcan/share/ros2_socketcan/launch
[0.267s] -- Up-to-date: /home/holms/Projects/lerobot/TG_Robot/install/ros2_socketcan/share/ros2_socketcan/launch/socket_can_sender.launch.py
[0.267s] -- Up-to-date: /home/holms/Projects/lerobot/TG_Robot/install/ros2_socketcan/share/ros2_socketcan/launch/socket_can_bridge.launch.xml
[0.267s] -- Up-to-date: /home/holms/Projects/lerobot/TG_Robot/install/ros2_socketcan/share/ros2_socketcan/launch/socket_can_receiver.launch.py
[0.267s] -- Up-to-date: /home/holms/Projects/lerobot/TG_Robot/install/ros2_socketcan/share/ament_index/resource_index/package_run_dependencies/ros2_socketcan
[0.267s] -- Up-to-date: /home/holms/Projects/lerobot/TG_Robot/install/ros2_socketcan/share/ament_index/resource_index/parent_prefix_path/ros2_socketcan
[0.267s] -- Up-to-date: /home/holms/Projects/lerobot/TG_Robot/install/ros2_socketcan/share/ros2_socketcan/environment/ament_prefix_path.sh
[0.267s] -- Up-to-date: /home/holms/Projects/lerobot/TG_Robot/install/ros2_socketcan/share/ros2_socketcan/environment/ament_prefix_path.dsv
[0.267s] -- Up-to-date: /home/holms/Projects/lerobot/TG_Robot/install/ros2_socketcan/share/ros2_socketcan/environment/path.sh
[0.267s] -- Up-to-date: /home/holms/Projects/lerobot/TG_Robot/install/ros2_socketcan/share/ros2_socketcan/environment/path.dsv
[0.267s] -- Up-to-date: /home/holms/Projects/lerobot/TG_Robot/install/ros2_socketcan/share/ros2_socketcan/local_setup.bash
[0.267s] -- Up-to-date: /home/holms/Projects/lerobot/TG_Robot/install/ros2_socketcan/share/ros2_socketcan/local_setup.sh
[0.267s] -- Up-to-date: /home/holms/Projects/lerobot/TG_Robot/install/ros2_socketcan/share/ros2_socketcan/local_setup.zsh
[0.267s] -- Up-to-date: /home/holms/Projects/lerobot/TG_Robot/install/ros2_socketcan/share/ros2_socketcan/local_setup.dsv
[0.267s] -- Installing: /home/holms/Projects/lerobot/TG_Robot/install/ros2_socketcan/share/ros2_socketcan/package.dsv
[0.267s] -- Up-to-date: /home/holms/Projects/lerobot/TG_Robot/install/ros2_socketcan/share/ament_index/resource_index/packages/ros2_socketcan
[0.267s] -- Up-to-date: /home/holms/Projects/lerobot/TG_Robot/install/ros2_socketcan/share/ament_index/resource_index/rclcpp_components/ros2_socketcan
[0.268s] -- Up-to-date: /home/holms/Projects/lerobot/TG_Robot/install/ros2_socketcan/share/ros2_socketcan/cmake/ament_cmake_export_dependencies-extras.cmake
[0.268s] -- Up-to-date: /home/holms/Projects/lerobot/TG_Robot/install/ros2_socketcan/share/ros2_socketcan/cmake/ament_cmake_export_include_directories-extras.cmake
[0.268s] -- Up-to-date: /home/holms/Projects/lerobot/TG_Robot/install/ros2_socketcan/share/ros2_socketcan/cmake/ament_cmake_export_libraries-extras.cmake
[0.268s] -- Up-to-date: /home/holms/Projects/lerobot/TG_Robot/install/ros2_socketcan/share/ros2_socketcan/cmake/ros2_socketcanConfig.cmake
[0.268s] -- Up-to-date: /home/holms/Projects/lerobot/TG_Robot/install/ros2_socketcan/share/ros2_socketcan/cmake/ros2_socketcanConfig-version.cmake
[0.268s] -- Up-to-date: /home/holms/Projects/lerobot/TG_Robot/install/ros2_socketcan/share/ros2_socketcan/package.xml
[0.311s] Invoked command in '/home/holms/Projects/lerobot/TG_Robot/build/ros2_socketcan' returned '0': AMENT_PREFIX_PATH=/home/holms/Projects/lerobot/TG_Robot/install/ros2_socketcan_msgs:${AMENT_PREFIX_PATH} CMAKE_PREFIX_PATH=/home/holms/Projects/lerobot/TG_Robot/install/ros2_socketcan_msgs:/home/holms/Projects/TG_Robot/robot_base_v1.1/install/robot_virtual_fence:/home/holms/Projects/TG_Robot/robot_base_v1.1/install/robot_state_machine:/home/holms/Projects/TG_Robot/robot_base_v1.1/install/robot_sdk:/home/holms/Projects/TG_Robot/robot_base_v1.1/install/robot_driver:/home/holms/Projects/TG_Robot/robot_base_v1.1/install/robot_control:/home/holms/Projects/TG_Robot/robot_base_v1.1/install/motor_control_logger:/home/holms/Projects/TG_Robot/robot_base_v1.1/install/example_cpp:/home/holms/Projects/TG_Robot/robot_base_v1.1/install/robot_interfaces:/home/holms/Projects/TG_Robot/robot_base_v1.1/install/robot_gazebo:/home/holms/Projects/TG_Robot/robot_base_v1.1/install/arm620_config:/home/holms/Projects/TG_Robot/robot_base_v1.1/install/arm380_config:/home/holms/Projects/TG_Robot/robot_base_v1.1/install/robot_description:/home/holms/Projects/TG_Robot/robot_base_v1.1/install/robot_bringup:/home/holms/Projects/TG_Robot/robot_base_v1.1/install/traj_smoother_py:/home/holms/Projects/TG_Robot/robot_base_v1.1/install/robot_test_py:/home/holms/Projects/TG_Robot/robot_base_v1.1/install/robot_input:/home/holms/Projects/TG_Robot/robot_base_v1.1/install/example_py:/home/holms/Projects/TG_Robot/robot_base_v1.1/install/robot_dynamics:/opt/ros/humble LD_LIBRARY_PATH=/home/holms/Projects/lerobot/TG_Robot/install/ros2_socketcan_msgs/lib:/home/holms/Projects/TG_Robot/robot_base_v1.1/install/robot_driver/lib:/home/holms/Projects/TG_Robot/robot_base_v1.1/install/robot_interfaces/lib:/opt/ros/humble/opt/rviz_ogre_vendor/lib:/opt/ros/humble/lib/x86_64-linux-gnu:/opt/ros/humble/lib:/home/holms/Projects/mujoco/mujoco-3.3.0/bin PYTHONPATH=/home/holms/Projects/lerobot/TG_Robot/install/ros2_socketcan_msgs/local/lib/python3.10/dist-packages:${PYTHONPATH} /usr/bin/cmake --install /home/holms/Projects/lerobot/TG_Robot/build/ros2_socketcan
