running egg_info
creating ../../build/tg_lerobot_bridge/tg_lerobot_bridge.egg-info
writing ../../build/tg_lerobot_bridge/tg_lerobot_bridge.egg-info/PKG-INFO
writing dependency_links to ../../build/tg_lerobot_bridge/tg_lerobot_bridge.egg-info/dependency_links.txt
writing entry points to ../../build/tg_lerobot_bridge/tg_lerobot_bridge.egg-info/entry_points.txt
writing requirements to ../../build/tg_lerobot_bridge/tg_lerobot_bridge.egg-info/requires.txt
writing top-level names to ../../build/tg_lerobot_bridge/tg_lerobot_bridge.egg-info/top_level.txt
writing manifest file '../../build/tg_lerobot_bridge/tg_lerobot_bridge.egg-info/SOURCES.txt'
reading manifest file '../../build/tg_lerobot_bridge/tg_lerobot_bridge.egg-info/SOURCES.txt'
writing manifest file '../../build/tg_lerobot_bridge/tg_lerobot_bridge.egg-info/SOURCES.txt'
running build
running build_py
creating /home/holms/Projects/lerobot/TG_Robot/build/tg_lerobot_bridge/build
creating /home/holms/Projects/lerobot/TG_Robot/build/tg_lerobot_bridge/build/lib
creating /home/holms/Projects/lerobot/TG_Robot/build/tg_lerobot_bridge/build/lib/tg_lerobot_bridge
copying tg_lerobot_bridge/__init__.py -> /home/holms/Projects/lerobot/TG_Robot/build/tg_lerobot_bridge/build/lib/tg_lerobot_bridge
copying tg_lerobot_bridge/camera_bridge_node.py -> /home/holms/Projects/lerobot/TG_Robot/build/tg_lerobot_bridge/build/lib/tg_lerobot_bridge
copying tg_lerobot_bridge/control_bridge_node.py -> /home/holms/Projects/lerobot/TG_Robot/build/tg_lerobot_bridge/build/lib/tg_lerobot_bridge
running install
running install_lib
creating /home/holms/Projects/lerobot/TG_Robot/install/tg_lerobot_bridge/lib/python3.10/site-packages/tg_lerobot_bridge
copying /home/holms/Projects/lerobot/TG_Robot/build/tg_lerobot_bridge/build/lib/tg_lerobot_bridge/__init__.py -> /home/holms/Projects/lerobot/TG_Robot/install/tg_lerobot_bridge/lib/python3.10/site-packages/tg_lerobot_bridge
copying /home/holms/Projects/lerobot/TG_Robot/build/tg_lerobot_bridge/build/lib/tg_lerobot_bridge/camera_bridge_node.py -> /home/holms/Projects/lerobot/TG_Robot/install/tg_lerobot_bridge/lib/python3.10/site-packages/tg_lerobot_bridge
copying /home/holms/Projects/lerobot/TG_Robot/build/tg_lerobot_bridge/build/lib/tg_lerobot_bridge/control_bridge_node.py -> /home/holms/Projects/lerobot/TG_Robot/install/tg_lerobot_bridge/lib/python3.10/site-packages/tg_lerobot_bridge
byte-compiling /home/holms/Projects/lerobot/TG_Robot/install/tg_lerobot_bridge/lib/python3.10/site-packages/tg_lerobot_bridge/__init__.py to __init__.cpython-310.pyc
byte-compiling /home/holms/Projects/lerobot/TG_Robot/install/tg_lerobot_bridge/lib/python3.10/site-packages/tg_lerobot_bridge/camera_bridge_node.py to camera_bridge_node.cpython-310.pyc
byte-compiling /home/holms/Projects/lerobot/TG_Robot/install/tg_lerobot_bridge/lib/python3.10/site-packages/tg_lerobot_bridge/control_bridge_node.py to control_bridge_node.cpython-310.pyc
running install_data
creating /home/holms/Projects/lerobot/TG_Robot/install/tg_lerobot_bridge/share
creating /home/holms/Projects/lerobot/TG_Robot/install/tg_lerobot_bridge/share/ament_index
creating /home/holms/Projects/lerobot/TG_Robot/install/tg_lerobot_bridge/share/ament_index/resource_index
creating /home/holms/Projects/lerobot/TG_Robot/install/tg_lerobot_bridge/share/ament_index/resource_index/packages
copying resource/tg_lerobot_bridge -> /home/holms/Projects/lerobot/TG_Robot/install/tg_lerobot_bridge/share/ament_index/resource_index/packages
creating /home/holms/Projects/lerobot/TG_Robot/install/tg_lerobot_bridge/share/tg_lerobot_bridge
copying package.xml -> /home/holms/Projects/lerobot/TG_Robot/install/tg_lerobot_bridge/share/tg_lerobot_bridge
running install_egg_info
Copying ../../build/tg_lerobot_bridge/tg_lerobot_bridge.egg-info to /home/holms/Projects/lerobot/TG_Robot/install/tg_lerobot_bridge/lib/python3.10/site-packages/tg_lerobot_bridge-0.0.0-py3.10.egg-info
running install_scripts
Installing tg_arm620_control_bridge script to /home/holms/Projects/lerobot/TG_Robot/install/tg_lerobot_bridge/lib/tg_lerobot_bridge
Installing tg_camera_zmq_bridge script to /home/holms/Projects/lerobot/TG_Robot/install/tg_lerobot_bridge/lib/tg_lerobot_bridge
writing list of installed files to '/home/holms/Projects/lerobot/TG_Robot/build/tg_lerobot_bridge/install.log'
