[0.013s] Invoking command in '/home/holms/Projects/lerobot/TG_Robot/build/arm380_config': AMENT_PREFIX_PATH=/home/holms/Projects/lerobot/TG_Robot/install/robot_description:${AMENT_PREFIX_PATH} CMAKE_PREFIX_PATH=/home/holms/Projects/lerobot/TG_Robot/install/robot_description:/home/holms/Projects/TG_Robot/robot_base_v1.1/install/robot_virtual_fence:/home/holms/Projects/TG_Robot/robot_base_v1.1/install/robot_state_machine:/home/holms/Projects/TG_Robot/robot_base_v1.1/install/robot_sdk:/home/holms/Projects/TG_Robot/robot_base_v1.1/install/robot_driver:/home/holms/Projects/TG_Robot/robot_base_v1.1/install/robot_control:/home/holms/Projects/TG_Robot/robot_base_v1.1/install/motor_control_logger:/home/holms/Projects/TG_Robot/robot_base_v1.1/install/example_cpp:/home/holms/Projects/TG_Robot/robot_base_v1.1/install/robot_interfaces:/home/holms/Projects/TG_Robot/robot_base_v1.1/install/robot_gazebo:/home/holms/Projects/TG_Robot/robot_base_v1.1/install/arm620_config:/home/holms/Projects/TG_Robot/robot_base_v1.1/install/arm380_config:/home/holms/Projects/TG_Robot/robot_base_v1.1/install/robot_description:/home/holms/Projects/TG_Robot/robot_base_v1.1/install/robot_bringup:/home/holms/Projects/TG_Robot/robot_base_v1.1/install/traj_smoother_py:/home/holms/Projects/TG_Robot/robot_base_v1.1/install/robot_test_py:/home/holms/Projects/TG_Robot/robot_base_v1.1/install/robot_input:/home/holms/Projects/TG_Robot/robot_base_v1.1/install/example_py:/home/holms/Projects/TG_Robot/robot_base_v1.1/install/robot_dynamics:/opt/ros/humble /usr/bin/cmake /home/holms/Projects/lerobot/TG_Robot/src/robot_config/arm380_config -DCMAKE_INSTALL_PREFIX=/home/holms/Projects/lerobot/TG_Robot/install/arm380_config
[0.055s] -- The C compiler identification is GNU 11.4.0
[0.103s] -- The CXX compiler identification is GNU 11.4.0
[0.107s] -- Detecting C compiler ABI info
[0.172s] -- Detecting C compiler ABI info - done
[0.177s] -- Check for working C compiler: /usr/bin/cc - skipped
[0.177s] -- Detecting C compile features
[0.177s] -- Detecting C compile features - done
[0.179s] -- Detecting CXX compiler ABI info
[0.243s] -- Detecting CXX compiler ABI info - done
[0.250s] -- Check for working CXX compiler: /usr/bin/c++ - skipped
[0.250s] -- Detecting CXX compile features
[0.250s] -- Detecting CXX compile features - done
[0.251s] -- Found ament_cmake: 1.3.14 (/opt/ros/humble/share/ament_cmake/cmake)
[0.357s] -- Found Python3: /usr/bin/python3 (found version "3.10.12") found components: Interpreter 
[0.493s] -- Configuring done
[0.495s] -- Generating done
[0.497s] -- Build files have been written to: /home/holms/Projects/lerobot/TG_Robot/build/arm380_config
[0.500s] Invoked command in '/home/holms/Projects/lerobot/TG_Robot/build/arm380_config' returned '0': AMENT_PREFIX_PATH=/home/holms/Projects/lerobot/TG_Robot/install/robot_description:${AMENT_PREFIX_PATH} CMAKE_PREFIX_PATH=/home/holms/Projects/lerobot/TG_Robot/install/robot_description:/home/holms/Projects/TG_Robot/robot_base_v1.1/install/robot_virtual_fence:/home/holms/Projects/TG_Robot/robot_base_v1.1/install/robot_state_machine:/home/holms/Projects/TG_Robot/robot_base_v1.1/install/robot_sdk:/home/holms/Projects/TG_Robot/robot_base_v1.1/install/robot_driver:/home/holms/Projects/TG_Robot/robot_base_v1.1/install/robot_control:/home/holms/Projects/TG_Robot/robot_base_v1.1/install/motor_control_logger:/home/holms/Projects/TG_Robot/robot_base_v1.1/install/example_cpp:/home/holms/Projects/TG_Robot/robot_base_v1.1/install/robot_interfaces:/home/holms/Projects/TG_Robot/robot_base_v1.1/install/robot_gazebo:/home/holms/Projects/TG_Robot/robot_base_v1.1/install/arm620_config:/home/holms/Projects/TG_Robot/robot_base_v1.1/install/arm380_config:/home/holms/Projects/TG_Robot/robot_base_v1.1/install/robot_description:/home/holms/Projects/TG_Robot/robot_base_v1.1/install/robot_bringup:/home/holms/Projects/TG_Robot/robot_base_v1.1/install/traj_smoother_py:/home/holms/Projects/TG_Robot/robot_base_v1.1/install/robot_test_py:/home/holms/Projects/TG_Robot/robot_base_v1.1/install/robot_input:/home/holms/Projects/TG_Robot/robot_base_v1.1/install/example_py:/home/holms/Projects/TG_Robot/robot_base_v1.1/install/robot_dynamics:/opt/ros/humble /usr/bin/cmake /home/holms/Projects/lerobot/TG_Robot/src/robot_config/arm380_config -DCMAKE_INSTALL_PREFIX=/home/holms/Projects/lerobot/TG_Robot/install/arm380_config
[0.502s] Invoking command in '/home/holms/Projects/lerobot/TG_Robot/build/arm380_config': AMENT_PREFIX_PATH=/home/holms/Projects/lerobot/TG_Robot/install/robot_description:${AMENT_PREFIX_PATH} CMAKE_PREFIX_PATH=/home/holms/Projects/lerobot/TG_Robot/install/robot_description:/home/holms/Projects/TG_Robot/robot_base_v1.1/install/robot_virtual_fence:/home/holms/Projects/TG_Robot/robot_base_v1.1/install/robot_state_machine:/home/holms/Projects/TG_Robot/robot_base_v1.1/install/robot_sdk:/home/holms/Projects/TG_Robot/robot_base_v1.1/install/robot_driver:/home/holms/Projects/TG_Robot/robot_base_v1.1/install/robot_control:/home/holms/Projects/TG_Robot/robot_base_v1.1/install/motor_control_logger:/home/holms/Projects/TG_Robot/robot_base_v1.1/install/example_cpp:/home/holms/Projects/TG_Robot/robot_base_v1.1/install/robot_interfaces:/home/holms/Projects/TG_Robot/robot_base_v1.1/install/robot_gazebo:/home/holms/Projects/TG_Robot/robot_base_v1.1/install/arm620_config:/home/holms/Projects/TG_Robot/robot_base_v1.1/install/arm380_config:/home/holms/Projects/TG_Robot/robot_base_v1.1/install/robot_description:/home/holms/Projects/TG_Robot/robot_base_v1.1/install/robot_bringup:/home/holms/Projects/TG_Robot/robot_base_v1.1/install/traj_smoother_py:/home/holms/Projects/TG_Robot/robot_base_v1.1/install/robot_test_py:/home/holms/Projects/TG_Robot/robot_base_v1.1/install/robot_input:/home/holms/Projects/TG_Robot/robot_base_v1.1/install/example_py:/home/holms/Projects/TG_Robot/robot_base_v1.1/install/robot_dynamics:/opt/ros/humble /usr/bin/cmake --build /home/holms/Projects/lerobot/TG_Robot/build/arm380_config -- -j8 -l8
[0.532s] Invoked command in '/home/holms/Projects/lerobot/TG_Robot/build/arm380_config' returned '0': AMENT_PREFIX_PATH=/home/holms/Projects/lerobot/TG_Robot/install/robot_description:${AMENT_PREFIX_PATH} CMAKE_PREFIX_PATH=/home/holms/Projects/lerobot/TG_Robot/install/robot_description:/home/holms/Projects/TG_Robot/robot_base_v1.1/install/robot_virtual_fence:/home/holms/Projects/TG_Robot/robot_base_v1.1/install/robot_state_machine:/home/holms/Projects/TG_Robot/robot_base_v1.1/install/robot_sdk:/home/holms/Projects/TG_Robot/robot_base_v1.1/install/robot_driver:/home/holms/Projects/TG_Robot/robot_base_v1.1/install/robot_control:/home/holms/Projects/TG_Robot/robot_base_v1.1/install/motor_control_logger:/home/holms/Projects/TG_Robot/robot_base_v1.1/install/example_cpp:/home/holms/Projects/TG_Robot/robot_base_v1.1/install/robot_interfaces:/home/holms/Projects/TG_Robot/robot_base_v1.1/install/robot_gazebo:/home/holms/Projects/TG_Robot/robot_base_v1.1/install/arm620_config:/home/holms/Projects/TG_Robot/robot_base_v1.1/install/arm380_config:/home/holms/Projects/TG_Robot/robot_base_v1.1/install/robot_description:/home/holms/Projects/TG_Robot/robot_base_v1.1/install/robot_bringup:/home/holms/Projects/TG_Robot/robot_base_v1.1/install/traj_smoother_py:/home/holms/Projects/TG_Robot/robot_base_v1.1/install/robot_test_py:/home/holms/Projects/TG_Robot/robot_base_v1.1/install/robot_input:/home/holms/Projects/TG_Robot/robot_base_v1.1/install/example_py:/home/holms/Projects/TG_Robot/robot_base_v1.1/install/robot_dynamics:/opt/ros/humble /usr/bin/cmake --build /home/holms/Projects/lerobot/TG_Robot/build/arm380_config -- -j8 -l8
[0.534s] Invoking command in '/home/holms/Projects/lerobot/TG_Robot/build/arm380_config': AMENT_PREFIX_PATH=/home/holms/Projects/lerobot/TG_Robot/install/robot_description:${AMENT_PREFIX_PATH} CMAKE_PREFIX_PATH=/home/holms/Projects/lerobot/TG_Robot/install/robot_description:/home/holms/Projects/TG_Robot/robot_base_v1.1/install/robot_virtual_fence:/home/holms/Projects/TG_Robot/robot_base_v1.1/install/robot_state_machine:/home/holms/Projects/TG_Robot/robot_base_v1.1/install/robot_sdk:/home/holms/Projects/TG_Robot/robot_base_v1.1/install/robot_driver:/home/holms/Projects/TG_Robot/robot_base_v1.1/install/robot_control:/home/holms/Projects/TG_Robot/robot_base_v1.1/install/motor_control_logger:/home/holms/Projects/TG_Robot/robot_base_v1.1/install/example_cpp:/home/holms/Projects/TG_Robot/robot_base_v1.1/install/robot_interfaces:/home/holms/Projects/TG_Robot/robot_base_v1.1/install/robot_gazebo:/home/holms/Projects/TG_Robot/robot_base_v1.1/install/arm620_config:/home/holms/Projects/TG_Robot/robot_base_v1.1/install/arm380_config:/home/holms/Projects/TG_Robot/robot_base_v1.1/install/robot_description:/home/holms/Projects/TG_Robot/robot_base_v1.1/install/robot_bringup:/home/holms/Projects/TG_Robot/robot_base_v1.1/install/traj_smoother_py:/home/holms/Projects/TG_Robot/robot_base_v1.1/install/robot_test_py:/home/holms/Projects/TG_Robot/robot_base_v1.1/install/robot_input:/home/holms/Projects/TG_Robot/robot_base_v1.1/install/example_py:/home/holms/Projects/TG_Robot/robot_base_v1.1/install/robot_dynamics:/opt/ros/humble /usr/bin/cmake --install /home/holms/Projects/lerobot/TG_Robot/build/arm380_config
[0.539s] -- Install configuration: ""
[0.540s] -- Installing: /home/holms/Projects/lerobot/TG_Robot/install/arm380_config/share/ament_index/resource_index/package_run_dependencies/arm380_config
[0.540s] -- Installing: /home/holms/Projects/lerobot/TG_Robot/install/arm380_config/share/ament_index/resource_index/parent_prefix_path/arm380_config
[0.540s] -- Installing: /home/holms/Projects/lerobot/TG_Robot/install/arm380_config/share/arm380_config/environment/ament_prefix_path.sh
[0.540s] -- Installing: /home/holms/Projects/lerobot/TG_Robot/install/arm380_config/share/arm380_config/environment/ament_prefix_path.dsv
[0.540s] -- Installing: /home/holms/Projects/lerobot/TG_Robot/install/arm380_config/share/arm380_config/environment/path.sh
[0.541s] -- Installing: /home/holms/Projects/lerobot/TG_Robot/install/arm380_config/share/arm380_config/environment/path.dsv
[0.541s] -- Installing: /home/holms/Projects/lerobot/TG_Robot/install/arm380_config/share/arm380_config/local_setup.bash
[0.541s] -- Installing: /home/holms/Projects/lerobot/TG_Robot/install/arm380_config/share/arm380_config/local_setup.sh
[0.541s] -- Installing: /home/holms/Projects/lerobot/TG_Robot/install/arm380_config/share/arm380_config/local_setup.zsh
[0.542s] -- Installing: /home/holms/Projects/lerobot/TG_Robot/install/arm380_config/share/arm380_config/local_setup.dsv
[0.542s] -- Installing: /home/holms/Projects/lerobot/TG_Robot/install/arm380_config/share/arm380_config/package.dsv
[0.542s] -- Installing: /home/holms/Projects/lerobot/TG_Robot/install/arm380_config/share/ament_index/resource_index/packages/arm380_config
[0.542s] -- Installing: /home/holms/Projects/lerobot/TG_Robot/install/arm380_config/share/arm380_config/cmake/arm380_configConfig.cmake
[0.542s] -- Installing: /home/holms/Projects/lerobot/TG_Robot/install/arm380_config/share/arm380_config/cmake/arm380_configConfig-version.cmake
[0.542s] -- Installing: /home/holms/Projects/lerobot/TG_Robot/install/arm380_config/share/arm380_config/package.xml
[0.543s] -- Installing: /home/holms/Projects/lerobot/TG_Robot/install/arm380_config/share/arm380_config/launch
[0.543s] -- Installing: /home/holms/Projects/lerobot/TG_Robot/install/arm380_config/share/arm380_config/launch/demo.launch.py
[0.543s] -- Installing: /home/holms/Projects/lerobot/TG_Robot/install/arm380_config/share/arm380_config/launch/gazebo_moveit_demo.launch.py
[0.543s] -- Installing: /home/holms/Projects/lerobot/TG_Robot/install/arm380_config/share/arm380_config/launch/warehouse_db.launch.py
[0.543s] -- Installing: /home/holms/Projects/lerobot/TG_Robot/install/arm380_config/share/arm380_config/launch/setup_assistant.launch.py
[0.543s] -- Installing: /home/holms/Projects/lerobot/TG_Robot/install/arm380_config/share/arm380_config/launch/moveit_rviz.launch.py
[0.543s] -- Installing: /home/holms/Projects/lerobot/TG_Robot/install/arm380_config/share/arm380_config/launch/rsp.launch.py
[0.543s] -- Installing: /home/holms/Projects/lerobot/TG_Robot/install/arm380_config/share/arm380_config/launch/real_moveit_demo.launch.py
[0.544s] -- Installing: /home/holms/Projects/lerobot/TG_Robot/install/arm380_config/share/arm380_config/launch/move_group.launch.py
[0.544s] -- Installing: /home/holms/Projects/lerobot/TG_Robot/install/arm380_config/share/arm380_config/launch/static_virtual_joint_tfs.launch.py
[0.544s] -- Installing: /home/holms/Projects/lerobot/TG_Robot/install/arm380_config/share/arm380_config/launch/spawn_controllers.launch.py
[0.544s] -- Installing: /home/holms/Projects/lerobot/TG_Robot/install/arm380_config/share/arm380_config/config
[0.544s] -- Installing: /home/holms/Projects/lerobot/TG_Robot/install/arm380_config/share/arm380_config/config/arm380.srdf
[0.545s] -- Installing: /home/holms/Projects/lerobot/TG_Robot/install/arm380_config/share/arm380_config/config/arm380.ros2_control.xacro
[0.545s] -- Installing: /home/holms/Projects/lerobot/TG_Robot/install/arm380_config/share/arm380_config/config/pilz_cartesian_limits.yaml
[0.545s] -- Installing: /home/holms/Projects/lerobot/TG_Robot/install/arm380_config/share/arm380_config/config/moveit.rviz
[0.545s] -- Installing: /home/holms/Projects/lerobot/TG_Robot/install/arm380_config/share/arm380_config/config/initial_positions.yaml
[0.545s] -- Installing: /home/holms/Projects/lerobot/TG_Robot/install/arm380_config/share/arm380_config/config/moveit_controllers.yaml
[0.545s] -- Installing: /home/holms/Projects/lerobot/TG_Robot/install/arm380_config/share/arm380_config/config/arm380.urdf.xacro
[0.545s] -- Installing: /home/holms/Projects/lerobot/TG_Robot/install/arm380_config/share/arm380_config/config/kinematics.yaml
[0.545s] -- Installing: /home/holms/Projects/lerobot/TG_Robot/install/arm380_config/share/arm380_config/config/joint_limits.yaml
[0.545s] -- Installing: /home/holms/Projects/lerobot/TG_Robot/install/arm380_config/share/arm380_config/config/ros2_controllers.yaml
[0.545s] -- Installing: /home/holms/Projects/lerobot/TG_Robot/install/arm380_config/share/arm380_config/.setup_assistant
[0.549s] Invoked command in '/home/holms/Projects/lerobot/TG_Robot/build/arm380_config' returned '0': AMENT_PREFIX_PATH=/home/holms/Projects/lerobot/TG_Robot/install/robot_description:${AMENT_PREFIX_PATH} CMAKE_PREFIX_PATH=/home/holms/Projects/lerobot/TG_Robot/install/robot_description:/home/holms/Projects/TG_Robot/robot_base_v1.1/install/robot_virtual_fence:/home/holms/Projects/TG_Robot/robot_base_v1.1/install/robot_state_machine:/home/holms/Projects/TG_Robot/robot_base_v1.1/install/robot_sdk:/home/holms/Projects/TG_Robot/robot_base_v1.1/install/robot_driver:/home/holms/Projects/TG_Robot/robot_base_v1.1/install/robot_control:/home/holms/Projects/TG_Robot/robot_base_v1.1/install/motor_control_logger:/home/holms/Projects/TG_Robot/robot_base_v1.1/install/example_cpp:/home/holms/Projects/TG_Robot/robot_base_v1.1/install/robot_interfaces:/home/holms/Projects/TG_Robot/robot_base_v1.1/install/robot_gazebo:/home/holms/Projects/TG_Robot/robot_base_v1.1/install/arm620_config:/home/holms/Projects/TG_Robot/robot_base_v1.1/install/arm380_config:/home/holms/Projects/TG_Robot/robot_base_v1.1/install/robot_description:/home/holms/Projects/TG_Robot/robot_base_v1.1/install/robot_bringup:/home/holms/Projects/TG_Robot/robot_base_v1.1/install/traj_smoother_py:/home/holms/Projects/TG_Robot/robot_base_v1.1/install/robot_test_py:/home/holms/Projects/TG_Robot/robot_base_v1.1/install/robot_input:/home/holms/Projects/TG_Robot/robot_base_v1.1/install/example_py:/home/holms/Projects/TG_Robot/robot_base_v1.1/install/robot_dynamics:/opt/ros/humble /usr/bin/cmake --install /home/holms/Projects/lerobot/TG_Robot/build/arm380_config
