-- The C compiler identification is GNU 11.4.0
-- The CXX compiler identification is GNU 11.4.0
-- Detecting C compiler ABI info
-- Detecting C compiler ABI info - done
-- Check for working C compiler: /usr/bin/cc - skipped
-- Detecting C compile features
-- Detecting C compile features - done
-- Detecting CXX compiler ABI info
-- Detecting CXX compiler ABI info - done
-- Check for working CXX compiler: /usr/bin/c++ - skipped
-- Detecting CXX compile features
-- Detecting CXX compile features - done
-- Found ament_cmake: 1.3.14 (/opt/ros/humble/share/ament_cmake/cmake)
-- Found Python3: /usr/bin/python3 (found version "3.10.12") found components: Interpreter 
-- Found rclcpp: 16.0.18 (/opt/ros/humble/share/rclcpp/cmake)
-- Found rosidl_generator_c: 3.1.8 (/opt/ros/humble/share/rosidl_generator_c/cmake)
-- Found rosidl_adapter: 3.1.8 (/opt/ros/humble/share/rosidl_adapter/cmake)
-- Found rosidl_generator_cpp: 3.1.8 (/opt/ros/humble/share/rosidl_generator_cpp/cmake)
-- Using all available rosidl_typesupport_c: rosidl_typesupport_fastrtps_c;rosidl_typesupport_introspection_c
-- Using all available rosidl_typesupport_cpp: rosidl_typesupport_fastrtps_cpp;rosidl_typesupport_introspection_cpp
-- Found rmw_implementation_cmake: 6.1.2 (/opt/ros/humble/share/rmw_implementation_cmake/cmake)
-- Found rmw_fastrtps_cpp: 6.2.10 (/opt/ros/humble/share/rmw_fastrtps_cpp/cmake)
-- Found OpenSSL: /usr/lib/x86_64-linux-gnu/libcrypto.so (found version "3.0.2")  
-- Found FastRTPS: /opt/ros/humble/include  
-- Using RMW implementation 'rmw_fastrtps_cpp' as default
-- Looking for pthread.h
-- Looking for pthread.h - found
-- Performing Test CMAKE_HAVE_LIBC_PTHREAD
-- Performing Test CMAKE_HAVE_LIBC_PTHREAD - Success
-- Found Threads: TRUE  
-- Found geometry_msgs: 4.9.1 (/opt/ros/humble/share/geometry_msgs/cmake)
-- Found robot_interfaces: 0.0.0 (/home/holms/Projects/lerobot/TG_Robot/install/robot_interfaces/share/robot_interfaces/cmake)
-- Found eigen3_cmake_module: 0.1.1 (/opt/ros/humble/share/eigen3_cmake_module/cmake)
-- Found Eigen3: TRUE (found version "3.4.0") 
-- Ensuring Eigen3 include directory is part of orocos-kdl CMake target
-- Found ament_lint_auto: 0.12.15 (/opt/ros/humble/share/ament_lint_auto/cmake)
-- Added test 'cppcheck' to perform static code analysis on C / C++ code
-- Configured cppcheck include dirs: $<BUILD_INTERFACE:/home/holms/Projects/lerobot/TG_Robot/example/example_cpp/include>
-- Configured cppcheck exclude dirs and/or files: 
-- Added test 'lint_cmake' to check CMake code style
-- Added test 'uncrustify' to check C / C++ code style
-- Configured uncrustify additional arguments: 
-- Added test 'xmllint' to check XML markup files
-- Configuring done
-- Generating done
-- Build files have been written to: /home/holms/Projects/lerobot/TG_Robot/build/example_cpp
[ 25%] [32mBuilding CXX object CMakeFiles/example.dir/src/example.cpp.o[0m
[ 50%] [32mBuilding CXX object CMakeFiles/motor_pub.dir/src/motor_pub.cpp.o[0m
[ 75%] [32m[1mLinking CXX executable example[0m
[ 75%] Built target example
[100%] [32m[1mLinking CXX executable motor_pub[0m
[100%] Built target motor_pub
-- Install configuration: ""
-- Installing: /home/holms/Projects/lerobot/TG_Robot/install/example_cpp/lib/example_cpp/motor_pub
-- Set runtime path of "/home/holms/Projects/lerobot/TG_Robot/install/example_cpp/lib/example_cpp/motor_pub" to ""
-- Installing: /home/holms/Projects/lerobot/TG_Robot/install/example_cpp/lib/example_cpp/example
-- Set runtime path of "/home/holms/Projects/lerobot/TG_Robot/install/example_cpp/lib/example_cpp/example" to ""
-- Installing: /home/holms/Projects/lerobot/TG_Robot/install/example_cpp/share/ament_index/resource_index/package_run_dependencies/example_cpp
-- Installing: /home/holms/Projects/lerobot/TG_Robot/install/example_cpp/share/ament_index/resource_index/parent_prefix_path/example_cpp
-- Installing: /home/holms/Projects/lerobot/TG_Robot/install/example_cpp/share/example_cpp/environment/ament_prefix_path.sh
-- Installing: /home/holms/Projects/lerobot/TG_Robot/install/example_cpp/share/example_cpp/environment/ament_prefix_path.dsv
-- Installing: /home/holms/Projects/lerobot/TG_Robot/install/example_cpp/share/example_cpp/environment/path.sh
-- Installing: /home/holms/Projects/lerobot/TG_Robot/install/example_cpp/share/example_cpp/environment/path.dsv
-- Installing: /home/holms/Projects/lerobot/TG_Robot/install/example_cpp/share/example_cpp/local_setup.bash
-- Installing: /home/holms/Projects/lerobot/TG_Robot/install/example_cpp/share/example_cpp/local_setup.sh
-- Installing: /home/holms/Projects/lerobot/TG_Robot/install/example_cpp/share/example_cpp/local_setup.zsh
-- Installing: /home/holms/Projects/lerobot/TG_Robot/install/example_cpp/share/example_cpp/local_setup.dsv
-- Installing: /home/holms/Projects/lerobot/TG_Robot/install/example_cpp/share/example_cpp/package.dsv
-- Installing: /home/holms/Projects/lerobot/TG_Robot/install/example_cpp/share/ament_index/resource_index/packages/example_cpp
-- Installing: /home/holms/Projects/lerobot/TG_Robot/install/example_cpp/share/example_cpp/cmake/example_cppConfig.cmake
-- Installing: /home/holms/Projects/lerobot/TG_Robot/install/example_cpp/share/example_cpp/cmake/example_cppConfig-version.cmake
-- Installing: /home/holms/Projects/lerobot/TG_Robot/install/example_cpp/share/example_cpp/package.xml
