[0.523s] Invoking command in '/home/holms/Projects/lerobot/TG_Robot/src/robot_input': AMENT_PREFIX_PATH=/home/holms/Projects/lerobot/TG_Robot/install/robot_interfaces:${AMENT_PREFIX_PATH} CMAKE_PREFIX_PATH=/home/holms/Projects/lerobot/TG_Robot/install/robot_interfaces:${CMAKE_PREFIX_PATH} LD_LIBRARY_PATH=/home/holms/Projects/lerobot/TG_Robot/install/robot_interfaces/lib:/home/holms/Projects/TG_Robot/robot_base_v1.1/install/robot_driver/lib:/home/holms/Projects/TG_Robot/robot_base_v1.1/install/robot_interfaces/lib:/opt/ros/humble/opt/rviz_ogre_vendor/lib:/opt/ros/humble/lib/x86_64-linux-gnu:/opt/ros/humble/lib:/home/holms/Projects/mujoco/mujoco-3.3.0/bin PYTHONPATH=/home/holms/Projects/lerobot/TG_Robot/build/robot_input/prefix_override:/usr/lib/python3/dist-packages/colcon_core/task/python/colcon_distutils_commands:/home/holms/Projects/lerobot/TG_Robot/install/robot_input/lib/python3.10/site-packages:/home/holms/Projects/lerobot/TG_Robot/install/robot_interfaces/local/lib/python3.10/dist-packages:${PYTHONPATH} /usr/bin/python3 -W ignore:setup.py install is deprecated -W ignore:easy_install command is deprecated setup.py egg_info --egg-base ../../build/robot_input build --build-base /home/holms/Projects/lerobot/TG_Robot/build/robot_input/build install --record /home/holms/Projects/lerobot/TG_Robot/build/robot_input/install.log --single-version-externally-managed install_data
[0.692s] running egg_info
[0.692s] writing ../../build/robot_input/robot_input.egg-info/PKG-INFO
[0.692s] writing dependency_links to ../../build/robot_input/robot_input.egg-info/dependency_links.txt
[0.692s] writing entry points to ../../build/robot_input/robot_input.egg-info/entry_points.txt
[0.692s] writing requirements to ../../build/robot_input/robot_input.egg-info/requires.txt
[0.692s] writing top-level names to ../../build/robot_input/robot_input.egg-info/top_level.txt
[0.694s] reading manifest file '../../build/robot_input/robot_input.egg-info/SOURCES.txt'
[0.696s] writing manifest file '../../build/robot_input/robot_input.egg-info/SOURCES.txt'
[0.696s] running build
[0.696s] running build_py
[0.697s] running install
[0.697s] running install_lib
[0.698s] running install_data
[0.698s] running install_egg_info
[0.700s] removing '/home/holms/Projects/lerobot/TG_Robot/install/robot_input/lib/python3.10/site-packages/robot_input-0.0.0-py3.10.egg-info' (and everything under it)
[0.700s] Copying ../../build/robot_input/robot_input.egg-info to /home/holms/Projects/lerobot/TG_Robot/install/robot_input/lib/python3.10/site-packages/robot_input-0.0.0-py3.10.egg-info
[0.700s] running install_scripts
[0.714s] Installing robot_input_keyboard script to /home/holms/Projects/lerobot/TG_Robot/install/robot_input/lib/robot_input
[0.715s] Installing robot_input_tcp script to /home/holms/Projects/lerobot/TG_Robot/install/robot_input/lib/robot_input
[0.715s] writing list of installed files to '/home/holms/Projects/lerobot/TG_Robot/build/robot_input/install.log'
[0.729s] Invoked command in '/home/holms/Projects/lerobot/TG_Robot/src/robot_input' returned '0': AMENT_PREFIX_PATH=/home/holms/Projects/lerobot/TG_Robot/install/robot_interfaces:${AMENT_PREFIX_PATH} CMAKE_PREFIX_PATH=/home/holms/Projects/lerobot/TG_Robot/install/robot_interfaces:${CMAKE_PREFIX_PATH} LD_LIBRARY_PATH=/home/holms/Projects/lerobot/TG_Robot/install/robot_interfaces/lib:/home/holms/Projects/TG_Robot/robot_base_v1.1/install/robot_driver/lib:/home/holms/Projects/TG_Robot/robot_base_v1.1/install/robot_interfaces/lib:/opt/ros/humble/opt/rviz_ogre_vendor/lib:/opt/ros/humble/lib/x86_64-linux-gnu:/opt/ros/humble/lib:/home/holms/Projects/mujoco/mujoco-3.3.0/bin PYTHONPATH=/home/holms/Projects/lerobot/TG_Robot/build/robot_input/prefix_override:/usr/lib/python3/dist-packages/colcon_core/task/python/colcon_distutils_commands:/home/holms/Projects/lerobot/TG_Robot/install/robot_input/lib/python3.10/site-packages:/home/holms/Projects/lerobot/TG_Robot/install/robot_interfaces/local/lib/python3.10/dist-packages:${PYTHONPATH} /usr/bin/python3 -W ignore:setup.py install is deprecated -W ignore:easy_install command is deprecated setup.py egg_info --egg-base ../../build/robot_input build --build-base /home/holms/Projects/lerobot/TG_Robot/build/robot_input/build install --record /home/holms/Projects/lerobot/TG_Robot/build/robot_input/install.log --single-version-externally-managed install_data
