[1.037s] Invoking command in '/home/holms/Projects/lerobot/TG_Robot/src/traj_smoother_py': PYTHONPATH=/home/holms/Projects/lerobot/TG_Robot/build/traj_smoother_py/prefix_override:/usr/lib/python3/dist-packages/colcon_core/task/python/colcon_distutils_commands:/home/holms/Projects/lerobot/TG_Robot/install/traj_smoother_py/lib/python3.10/site-packages:${PYTHONPATH} /usr/bin/python3 -W ignore:setup.py install is deprecated -W ignore:easy_install command is deprecated setup.py egg_info --egg-base ../../build/traj_smoother_py build --build-base /home/holms/Projects/lerobot/TG_Robot/build/traj_smoother_py/build install --record /home/holms/Projects/lerobot/TG_Robot/build/traj_smoother_py/install.log --single-version-externally-managed install_data
[1.236s] running egg_info
[1.236s] creating ../../build/traj_smoother_py/traj_smoother_py.egg-info
[1.236s] writing ../../build/traj_smoother_py/traj_smoother_py.egg-info/PKG-INFO
[1.236s] writing dependency_links to ../../build/traj_smoother_py/traj_smoother_py.egg-info/dependency_links.txt
[1.236s] writing entry points to ../../build/traj_smoother_py/traj_smoother_py.egg-info/entry_points.txt
[1.236s] writing requirements to ../../build/traj_smoother_py/traj_smoother_py.egg-info/requires.txt
[1.237s] writing top-level names to ../../build/traj_smoother_py/traj_smoother_py.egg-info/top_level.txt
[1.237s] writing manifest file '../../build/traj_smoother_py/traj_smoother_py.egg-info/SOURCES.txt'
[1.237s] reading manifest file '../../build/traj_smoother_py/traj_smoother_py.egg-info/SOURCES.txt'
[1.237s] writing manifest file '../../build/traj_smoother_py/traj_smoother_py.egg-info/SOURCES.txt'
[1.237s] running build
[1.237s] running build_py
[1.237s] creating /home/holms/Projects/lerobot/TG_Robot/build/traj_smoother_py/build
[1.237s] creating /home/holms/Projects/lerobot/TG_Robot/build/traj_smoother_py/build/lib
[1.237s] creating /home/holms/Projects/lerobot/TG_Robot/build/traj_smoother_py/build/lib/traj_smoother_py
[1.237s] copying traj_smoother_py/smoother_node.py -> /home/holms/Projects/lerobot/TG_Robot/build/traj_smoother_py/build/lib/traj_smoother_py
[1.237s] copying traj_smoother_py/__init__.py -> /home/holms/Projects/lerobot/TG_Robot/build/traj_smoother_py/build/lib/traj_smoother_py
[1.237s] running install
[1.237s] running install_lib
[1.237s] creating /home/holms/Projects/lerobot/TG_Robot/install/traj_smoother_py/lib/python3.10/site-packages/traj_smoother_py
[1.237s] copying /home/holms/Projects/lerobot/TG_Robot/build/traj_smoother_py/build/lib/traj_smoother_py/smoother_node.py -> /home/holms/Projects/lerobot/TG_Robot/install/traj_smoother_py/lib/python3.10/site-packages/traj_smoother_py
[1.237s] copying /home/holms/Projects/lerobot/TG_Robot/build/traj_smoother_py/build/lib/traj_smoother_py/__init__.py -> /home/holms/Projects/lerobot/TG_Robot/install/traj_smoother_py/lib/python3.10/site-packages/traj_smoother_py
[1.237s] byte-compiling /home/holms/Projects/lerobot/TG_Robot/install/traj_smoother_py/lib/python3.10/site-packages/traj_smoother_py/smoother_node.py to smoother_node.cpython-310.pyc
[1.237s] byte-compiling /home/holms/Projects/lerobot/TG_Robot/install/traj_smoother_py/lib/python3.10/site-packages/traj_smoother_py/__init__.py to __init__.cpython-310.pyc
[1.237s] running install_data
[1.237s] creating /home/holms/Projects/lerobot/TG_Robot/install/traj_smoother_py/share/ament_index
[1.237s] creating /home/holms/Projects/lerobot/TG_Robot/install/traj_smoother_py/share/ament_index/resource_index
[1.237s] creating /home/holms/Projects/lerobot/TG_Robot/install/traj_smoother_py/share/ament_index/resource_index/packages
[1.237s] copying resource/traj_smoother_py -> /home/holms/Projects/lerobot/TG_Robot/install/traj_smoother_py/share/ament_index/resource_index/packages
[1.237s] copying package.xml -> /home/holms/Projects/lerobot/TG_Robot/install/traj_smoother_py/share/traj_smoother_py
[1.237s] creating /home/holms/Projects/lerobot/TG_Robot/install/traj_smoother_py/share/traj_smoother_py/launch
[1.237s] copying launch/traj_smoother.launch.py -> /home/holms/Projects/lerobot/TG_Robot/install/traj_smoother_py/share/traj_smoother_py/launch
[1.237s] running install_egg_info
[1.237s] Copying ../../build/traj_smoother_py/traj_smoother_py.egg-info to /home/holms/Projects/lerobot/TG_Robot/install/traj_smoother_py/lib/python3.10/site-packages/traj_smoother_py-0.0.0-py3.10.egg-info
[1.237s] running install_scripts
[1.243s] Installing traj_smoother script to /home/holms/Projects/lerobot/TG_Robot/install/traj_smoother_py/lib/traj_smoother_py
[1.244s] writing list of installed files to '/home/holms/Projects/lerobot/TG_Robot/build/traj_smoother_py/install.log'
[1.262s] Invoked command in '/home/holms/Projects/lerobot/TG_Robot/src/traj_smoother_py' returned '0': PYTHONPATH=/home/holms/Projects/lerobot/TG_Robot/build/traj_smoother_py/prefix_override:/usr/lib/python3/dist-packages/colcon_core/task/python/colcon_distutils_commands:/home/holms/Projects/lerobot/TG_Robot/install/traj_smoother_py/lib/python3.10/site-packages:${PYTHONPATH} /usr/bin/python3 -W ignore:setup.py install is deprecated -W ignore:easy_install command is deprecated setup.py egg_info --egg-base ../../build/traj_smoother_py build --build-base /home/holms/Projects/lerobot/TG_Robot/build/traj_smoother_py/build install --record /home/holms/Projects/lerobot/TG_Robot/build/traj_smoother_py/install.log --single-version-externally-managed install_data
