[35m[1mConsolidate compiler generated dependencies of target motor_pub[0m
[35m[1mConsolidate compiler generated dependencies of target example[0m
[ 50%] Built target motor_pub
[100%] Built target example
-- Install configuration: ""
-- Up-to-date: /home/holms/Projects/lerobot/TG_Robot/install/example_cpp/lib/example_cpp/motor_pub
-- Up-to-date: /home/holms/Projects/lerobot/TG_Robot/install/example_cpp/lib/example_cpp/example
-- Up-to-date: /home/holms/Projects/lerobot/TG_Robot/install/example_cpp/share/ament_index/resource_index/package_run_dependencies/example_cpp
-- Up-to-date: /home/holms/Projects/lerobot/TG_Robot/install/example_cpp/share/ament_index/resource_index/parent_prefix_path/example_cpp
-- Up-to-date: /home/holms/Projects/lerobot/TG_Robot/install/example_cpp/share/example_cpp/environment/ament_prefix_path.sh
-- Up-to-date: /home/holms/Projects/lerobot/TG_Robot/install/example_cpp/share/example_cpp/environment/ament_prefix_path.dsv
-- Up-to-date: /home/holms/Projects/lerobot/TG_Robot/install/example_cpp/share/example_cpp/environment/path.sh
-- Up-to-date: /home/holms/Projects/lerobot/TG_Robot/install/example_cpp/share/example_cpp/environment/path.dsv
-- Up-to-date: /home/holms/Projects/lerobot/TG_Robot/install/example_cpp/share/example_cpp/local_setup.bash
-- Up-to-date: /home/holms/Projects/lerobot/TG_Robot/install/example_cpp/share/example_cpp/local_setup.sh
-- Up-to-date: /home/holms/Projects/lerobot/TG_Robot/install/example_cpp/share/example_cpp/local_setup.zsh
-- Up-to-date: /home/holms/Projects/lerobot/TG_Robot/install/example_cpp/share/example_cpp/local_setup.dsv
-- Installing: /home/holms/Projects/lerobot/TG_Robot/install/example_cpp/share/example_cpp/package.dsv
-- Up-to-date: /home/holms/Projects/lerobot/TG_Robot/install/example_cpp/share/ament_index/resource_index/packages/example_cpp
-- Up-to-date: /home/holms/Projects/lerobot/TG_Robot/install/example_cpp/share/example_cpp/cmake/example_cppConfig.cmake
-- Up-to-date: /home/holms/Projects/lerobot/TG_Robot/install/example_cpp/share/example_cpp/cmake/example_cppConfig-version.cmake
-- Up-to-date: /home/holms/Projects/lerobot/TG_Robot/install/example_cpp/share/example_cpp/package.xml
