[0.842s] Invoking command in '/home/holms/Projects/lerobot/TG_Robot/src/robot_dynamics': PYTHONPATH=/home/holms/Projects/lerobot/TG_Robot/build/robot_dynamics/prefix_override:/usr/lib/python3/dist-packages/colcon_core/task/python/colcon_distutils_commands:/home/holms/Projects/lerobot/TG_Robot/install/robot_dynamics/lib/python3.10/site-packages:${PYTHONPATH} /usr/bin/python3 -W ignore:setup.py install is deprecated -W ignore:easy_install command is deprecated setup.py egg_info --egg-base ../../build/robot_dynamics build --build-base /home/holms/Projects/lerobot/TG_Robot/build/robot_dynamics/build install --record /home/holms/Projects/lerobot/TG_Robot/build/robot_dynamics/install.log --single-version-externally-managed install_data
[1.004s] running egg_info
[1.004s] writing ../../build/robot_dynamics/robot_dynamics.egg-info/PKG-INFO
[1.005s] writing dependency_links to ../../build/robot_dynamics/robot_dynamics.egg-info/dependency_links.txt
[1.005s] writing entry points to ../../build/robot_dynamics/robot_dynamics.egg-info/entry_points.txt
[1.005s] writing requirements to ../../build/robot_dynamics/robot_dynamics.egg-info/requires.txt
[1.006s] writing top-level names to ../../build/robot_dynamics/robot_dynamics.egg-info/top_level.txt
[1.007s] reading manifest file '../../build/robot_dynamics/robot_dynamics.egg-info/SOURCES.txt'
[1.008s] writing manifest file '../../build/robot_dynamics/robot_dynamics.egg-info/SOURCES.txt'
[1.008s] running build
[1.008s] running build_py
[1.009s] running install
[1.009s] running install_lib
[1.011s] running install_data
[1.011s] running install_egg_info
[1.014s] removing '/home/holms/Projects/lerobot/TG_Robot/install/robot_dynamics/lib/python3.10/site-packages/robot_dynamics-0.0.0-py3.10.egg-info' (and everything under it)
[1.014s] Copying ../../build/robot_dynamics/robot_dynamics.egg-info to /home/holms/Projects/lerobot/TG_Robot/install/robot_dynamics/lib/python3.10/site-packages/robot_dynamics-0.0.0-py3.10.egg-info
[1.014s] running install_scripts
[1.027s] Installing gravity_compensator script to /home/holms/Projects/lerobot/TG_Robot/install/robot_dynamics/lib/robot_dynamics
[1.028s] writing list of installed files to '/home/holms/Projects/lerobot/TG_Robot/build/robot_dynamics/install.log'
[1.134s] Invoked command in '/home/holms/Projects/lerobot/TG_Robot/src/robot_dynamics' returned '0': PYTHONPATH=/home/holms/Projects/lerobot/TG_Robot/build/robot_dynamics/prefix_override:/usr/lib/python3/dist-packages/colcon_core/task/python/colcon_distutils_commands:/home/holms/Projects/lerobot/TG_Robot/install/robot_dynamics/lib/python3.10/site-packages:${PYTHONPATH} /usr/bin/python3 -W ignore:setup.py install is deprecated -W ignore:easy_install command is deprecated setup.py egg_info --egg-base ../../build/robot_dynamics build --build-base /home/holms/Projects/lerobot/TG_Robot/build/robot_dynamics/build install --record /home/holms/Projects/lerobot/TG_Robot/build/robot_dynamics/install.log --single-version-externally-managed install_data
