[0.074s] DEBUG:colcon:Command line arguments: ['/usr/bin/colcon', 'build', '--packages-select', 'robot_gazebo', '--symlink-install']
[0.074s] DEBUG:colcon:Parsed command line arguments: Namespace(log_base=None, log_level=None, verb_name='build', build_base='build', install_base='install', merge_install=False, symlink_install=True, test_result_base=None, continue_on_error=False, executor='parallel', parallel_workers=8, event_handlers=None, ignore_user_meta=False, metas=['./colcon.meta'], base_paths=['.'], packages_ignore=None, packages_ignore_regex=None, paths=None, packages_up_to=None, packages_up_to_regex=None, packages_above=None, packages_above_and_dependencies=None, packages_above_depth=None, packages_select_by_dep=None, packages_skip_by_dep=None, packages_skip_up_to=None, packages_select_build_failed=False, packages_skip_build_finished=False, packages_select_test_failures=False, packages_skip_test_passed=False, packages_select=['robot_gazebo'], packages_skip=None, packages_select_regex=None, packages_skip_regex=None, packages_start=None, packages_end=None, allow_overriding=[], cmake_args=None, cmake_target=None, cmake_target_skip_unavailable=False, cmake_clean_cache=False, cmake_clean_first=False, cmake_force_configure=False, ament_cmake_args=None, catkin_cmake_args=None, catkin_skip_building_tests=False, verb_parser=<colcon_defaults.argument_parser.defaults.DefaultArgumentsDecorator object at 0x76d34325afb0>, verb_extension=<colcon_core.verb.build.BuildVerb object at 0x76d34325aa40>, main=<bound method BuildVerb.main of <colcon_core.verb.build.BuildVerb object at 0x76d34325aa40>>)
[0.193s] Level 1:colcon.colcon_core.package_discovery:discover_packages(colcon_meta) check parameters
[0.193s] Level 1:colcon.colcon_core.package_discovery:discover_packages(recursive) check parameters
[0.194s] Level 1:colcon.colcon_core.package_discovery:discover_packages(ignore) check parameters
[0.194s] Level 1:colcon.colcon_core.package_discovery:discover_packages(path) check parameters
[0.194s] Level 1:colcon.colcon_core.package_discovery:discover_packages(colcon_meta) discover
[0.194s] Level 1:colcon.colcon_core.package_discovery:discover_packages(recursive) discover
[0.194s] INFO:colcon.colcon_core.package_discovery:Crawling recursively for packages in '/home/holms/Projects/lerobot/TG_Robot'
[0.194s] Level 1:colcon.colcon_core.package_identification:_identify(.) by extensions ['ignore', 'ignore_ament_install']
[0.194s] Level 1:colcon.colcon_core.package_identification:_identify(.) by extension 'ignore'
[0.194s] Level 1:colcon.colcon_core.package_identification:_identify(.) by extension 'ignore_ament_install'
[0.194s] Level 1:colcon.colcon_core.package_identification:_identify(.) by extensions ['colcon_pkg']
[0.194s] Level 1:colcon.colcon_core.package_identification:_identify(.) by extension 'colcon_pkg'
[0.194s] Level 1:colcon.colcon_core.package_identification:_identify(.) by extensions ['colcon_meta']
[0.194s] Level 1:colcon.colcon_core.package_identification:_identify(.) by extension 'colcon_meta'
[0.194s] Level 1:colcon.colcon_core.package_identification:_identify(.) by extensions ['ros']
[0.194s] Level 1:colcon.colcon_core.package_identification:_identify(.) by extension 'ros'
[0.208s] Level 1:colcon.colcon_core.package_identification:_identify(.) by extensions ['cmake', 'python']
[0.208s] Level 1:colcon.colcon_core.package_identification:_identify(.) by extension 'cmake'
[0.209s] Level 1:colcon.colcon_core.package_identification:_identify(.) by extension 'python'
[0.209s] Level 1:colcon.colcon_core.package_identification:_identify(.) by extensions ['python_setup_py']
[0.209s] Level 1:colcon.colcon_core.package_identification:_identify(.) by extension 'python_setup_py'
[0.209s] Level 1:colcon.colcon_core.package_identification:_identify(autoinstall_script) by extensions ['ignore', 'ignore_ament_install']
[0.209s] Level 1:colcon.colcon_core.package_identification:_identify(autoinstall_script) by extension 'ignore'
[0.209s] Level 1:colcon.colcon_core.package_identification:_identify(autoinstall_script) by extension 'ignore_ament_install'
[0.209s] Level 1:colcon.colcon_core.package_identification:_identify(autoinstall_script) by extensions ['colcon_pkg']
[0.209s] Level 1:colcon.colcon_core.package_identification:_identify(autoinstall_script) by extension 'colcon_pkg'
[0.209s] Level 1:colcon.colcon_core.package_identification:_identify(autoinstall_script) by extensions ['colcon_meta']
[0.209s] Level 1:colcon.colcon_core.package_identification:_identify(autoinstall_script) by extension 'colcon_meta'
[0.209s] Level 1:colcon.colcon_core.package_identification:_identify(autoinstall_script) by extensions ['ros']
[0.209s] Level 1:colcon.colcon_core.package_identification:_identify(autoinstall_script) by extension 'ros'
[0.209s] Level 1:colcon.colcon_core.package_identification:_identify(autoinstall_script) by extensions ['cmake', 'python']
[0.209s] Level 1:colcon.colcon_core.package_identification:_identify(autoinstall_script) by extension 'cmake'
[0.209s] Level 1:colcon.colcon_core.package_identification:_identify(autoinstall_script) by extension 'python'
[0.209s] Level 1:colcon.colcon_core.package_identification:_identify(autoinstall_script) by extensions ['python_setup_py']
[0.209s] Level 1:colcon.colcon_core.package_identification:_identify(autoinstall_script) by extension 'python_setup_py'
[0.209s] Level 1:colcon.colcon_core.package_identification:_identify(autoinstall_script/build) by extensions ['ignore', 'ignore_ament_install']
[0.209s] Level 1:colcon.colcon_core.package_identification:_identify(autoinstall_script/build) by extension 'ignore'
[0.209s] Level 1:colcon.colcon_core.package_identification:_identify(autoinstall_script/build) ignored
[0.209s] Level 1:colcon.colcon_core.package_identification:_identify(autoinstall_script/config) by extensions ['ignore', 'ignore_ament_install']
[0.209s] Level 1:colcon.colcon_core.package_identification:_identify(autoinstall_script/config) by extension 'ignore'
[0.210s] Level 1:colcon.colcon_core.package_identification:_identify(autoinstall_script/config) by extension 'ignore_ament_install'
[0.210s] Level 1:colcon.colcon_core.package_identification:_identify(autoinstall_script/config) by extensions ['colcon_pkg']
[0.210s] Level 1:colcon.colcon_core.package_identification:_identify(autoinstall_script/config) by extension 'colcon_pkg'
[0.210s] Level 1:colcon.colcon_core.package_identification:_identify(autoinstall_script/config) by extensions ['colcon_meta']
[0.210s] Level 1:colcon.colcon_core.package_identification:_identify(autoinstall_script/config) by extension 'colcon_meta'
[0.210s] Level 1:colcon.colcon_core.package_identification:_identify(autoinstall_script/config) by extensions ['ros']
[0.210s] Level 1:colcon.colcon_core.package_identification:_identify(autoinstall_script/config) by extension 'ros'
[0.210s] Level 1:colcon.colcon_core.package_identification:_identify(autoinstall_script/config) by extensions ['cmake', 'python']
[0.210s] Level 1:colcon.colcon_core.package_identification:_identify(autoinstall_script/config) by extension 'cmake'
[0.210s] Level 1:colcon.colcon_core.package_identification:_identify(autoinstall_script/config) by extension 'python'
[0.210s] Level 1:colcon.colcon_core.package_identification:_identify(autoinstall_script/config) by extensions ['python_setup_py']
[0.210s] Level 1:colcon.colcon_core.package_identification:_identify(autoinstall_script/config) by extension 'python_setup_py'
[0.210s] Level 1:colcon.colcon_core.package_identification:_identify(autoinstall_script/install) by extensions ['ignore', 'ignore_ament_install']
[0.210s] Level 1:colcon.colcon_core.package_identification:_identify(autoinstall_script/install) by extension 'ignore'
[0.210s] Level 1:colcon.colcon_core.package_identification:_identify(autoinstall_script/install) ignored
[0.210s] Level 1:colcon.colcon_core.package_identification:_identify(autoinstall_script/log) by extensions ['ignore', 'ignore_ament_install']
[0.210s] Level 1:colcon.colcon_core.package_identification:_identify(autoinstall_script/log) by extension 'ignore'
[0.210s] Level 1:colcon.colcon_core.package_identification:_identify(autoinstall_script/log) ignored
[0.210s] Level 1:colcon.colcon_core.package_identification:_identify(build) by extensions ['ignore', 'ignore_ament_install']
[0.210s] Level 1:colcon.colcon_core.package_identification:_identify(build) by extension 'ignore'
[0.210s] Level 1:colcon.colcon_core.package_identification:_identify(build) ignored
[0.210s] Level 1:colcon.colcon_core.package_identification:_identify(example) by extensions ['ignore', 'ignore_ament_install']
[0.210s] Level 1:colcon.colcon_core.package_identification:_identify(example) by extension 'ignore'
[0.210s] Level 1:colcon.colcon_core.package_identification:_identify(example) by extension 'ignore_ament_install'
[0.210s] Level 1:colcon.colcon_core.package_identification:_identify(example) by extensions ['colcon_pkg']
[0.211s] Level 1:colcon.colcon_core.package_identification:_identify(example) by extension 'colcon_pkg'
[0.211s] Level 1:colcon.colcon_core.package_identification:_identify(example) by extensions ['colcon_meta']
[0.211s] Level 1:colcon.colcon_core.package_identification:_identify(example) by extension 'colcon_meta'
[0.211s] Level 1:colcon.colcon_core.package_identification:_identify(example) by extensions ['ros']
[0.211s] Level 1:colcon.colcon_core.package_identification:_identify(example) by extension 'ros'
[0.211s] Level 1:colcon.colcon_core.package_identification:_identify(example) by extensions ['cmake', 'python']
[0.211s] Level 1:colcon.colcon_core.package_identification:_identify(example) by extension 'cmake'
[0.211s] Level 1:colcon.colcon_core.package_identification:_identify(example) by extension 'python'
[0.211s] Level 1:colcon.colcon_core.package_identification:_identify(example) by extensions ['python_setup_py']
[0.211s] Level 1:colcon.colcon_core.package_identification:_identify(example) by extension 'python_setup_py'
[0.211s] Level 1:colcon.colcon_core.package_identification:_identify(example/example_cpp) by extensions ['ignore', 'ignore_ament_install']
[0.211s] Level 1:colcon.colcon_core.package_identification:_identify(example/example_cpp) by extension 'ignore'
[0.211s] Level 1:colcon.colcon_core.package_identification:_identify(example/example_cpp) by extension 'ignore_ament_install'
[0.211s] Level 1:colcon.colcon_core.package_identification:_identify(example/example_cpp) by extensions ['colcon_pkg']
[0.211s] Level 1:colcon.colcon_core.package_identification:_identify(example/example_cpp) by extension 'colcon_pkg'
[0.211s] Level 1:colcon.colcon_core.package_identification:_identify(example/example_cpp) by extensions ['colcon_meta']
[0.211s] Level 1:colcon.colcon_core.package_identification:_identify(example/example_cpp) by extension 'colcon_meta'
[0.211s] Level 1:colcon.colcon_core.package_identification:_identify(example/example_cpp) by extensions ['ros']
[0.211s] Level 1:colcon.colcon_core.package_identification:_identify(example/example_cpp) by extension 'ros'
[0.213s] DEBUG:colcon.colcon_core.package_identification:Package 'example/example_cpp' with type 'ros.ament_cmake' and name 'example_cpp'
[0.213s] Level 1:colcon.colcon_core.package_identification:_identify(example/example_py) by extensions ['ignore', 'ignore_ament_install']
[0.213s] Level 1:colcon.colcon_core.package_identification:_identify(example/example_py) by extension 'ignore'
[0.213s] Level 1:colcon.colcon_core.package_identification:_identify(example/example_py) by extension 'ignore_ament_install'
[0.213s] Level 1:colcon.colcon_core.package_identification:_identify(example/example_py) by extensions ['colcon_pkg']
[0.213s] Level 1:colcon.colcon_core.package_identification:_identify(example/example_py) by extension 'colcon_pkg'
[0.213s] Level 1:colcon.colcon_core.package_identification:_identify(example/example_py) by extensions ['colcon_meta']
[0.213s] Level 1:colcon.colcon_core.package_identification:_identify(example/example_py) by extension 'colcon_meta'
[0.213s] Level 1:colcon.colcon_core.package_identification:_identify(example/example_py) by extensions ['ros']
[0.213s] Level 1:colcon.colcon_core.package_identification:_identify(example/example_py) by extension 'ros'
[0.214s] DEBUG:colcon.colcon_core.package_identification:Package 'example/example_py' with type 'ros.ament_python' and name 'example_py'
[0.214s] Level 1:colcon.colcon_core.package_identification:_identify(install) by extensions ['ignore', 'ignore_ament_install']
[0.214s] Level 1:colcon.colcon_core.package_identification:_identify(install) by extension 'ignore'
[0.214s] Level 1:colcon.colcon_core.package_identification:_identify(install) ignored
[0.214s] Level 1:colcon.colcon_core.package_identification:_identify(log) by extensions ['ignore', 'ignore_ament_install']
[0.214s] Level 1:colcon.colcon_core.package_identification:_identify(log) by extension 'ignore'
[0.214s] Level 1:colcon.colcon_core.package_identification:_identify(log) ignored
[0.214s] Level 1:colcon.colcon_core.package_identification:_identify(src) by extensions ['ignore', 'ignore_ament_install']
[0.214s] Level 1:colcon.colcon_core.package_identification:_identify(src) by extension 'ignore'
[0.214s] Level 1:colcon.colcon_core.package_identification:_identify(src) by extension 'ignore_ament_install'
[0.214s] Level 1:colcon.colcon_core.package_identification:_identify(src) by extensions ['colcon_pkg']
[0.214s] Level 1:colcon.colcon_core.package_identification:_identify(src) by extension 'colcon_pkg'
[0.214s] Level 1:colcon.colcon_core.package_identification:_identify(src) by extensions ['colcon_meta']
[0.214s] Level 1:colcon.colcon_core.package_identification:_identify(src) by extension 'colcon_meta'
[0.214s] Level 1:colcon.colcon_core.package_identification:_identify(src) by extensions ['ros']
[0.214s] Level 1:colcon.colcon_core.package_identification:_identify(src) by extension 'ros'
[0.214s] Level 1:colcon.colcon_core.package_identification:_identify(src) by extensions ['cmake', 'python']
[0.214s] Level 1:colcon.colcon_core.package_identification:_identify(src) by extension 'cmake'
[0.214s] Level 1:colcon.colcon_core.package_identification:_identify(src) by extension 'python'
[0.214s] Level 1:colcon.colcon_core.package_identification:_identify(src) by extensions ['python_setup_py']
[0.214s] Level 1:colcon.colcon_core.package_identification:_identify(src) by extension 'python_setup_py'
[0.214s] Level 1:colcon.colcon_core.package_identification:_identify(src/motor_control_logger) by extensions ['ignore', 'ignore_ament_install']
[0.215s] Level 1:colcon.colcon_core.package_identification:_identify(src/motor_control_logger) by extension 'ignore'
[0.215s] Level 1:colcon.colcon_core.package_identification:_identify(src/motor_control_logger) by extension 'ignore_ament_install'
[0.215s] Level 1:colcon.colcon_core.package_identification:_identify(src/motor_control_logger) by extensions ['colcon_pkg']
[0.215s] Level 1:colcon.colcon_core.package_identification:_identify(src/motor_control_logger) by extension 'colcon_pkg'
[0.215s] Level 1:colcon.colcon_core.package_identification:_identify(src/motor_control_logger) by extensions ['colcon_meta']
[0.215s] Level 1:colcon.colcon_core.package_identification:_identify(src/motor_control_logger) by extension 'colcon_meta'
[0.215s] Level 1:colcon.colcon_core.package_identification:_identify(src/motor_control_logger) by extensions ['ros']
[0.215s] Level 1:colcon.colcon_core.package_identification:_identify(src/motor_control_logger) by extension 'ros'
[0.215s] DEBUG:colcon.colcon_core.package_identification:Package 'src/motor_control_logger' with type 'ros.ament_cmake' and name 'motor_control_logger'
[0.215s] Level 1:colcon.colcon_core.package_identification:_identify(src/robot_bringup) by extensions ['ignore', 'ignore_ament_install']
[0.215s] Level 1:colcon.colcon_core.package_identification:_identify(src/robot_bringup) by extension 'ignore'
[0.215s] Level 1:colcon.colcon_core.package_identification:_identify(src/robot_bringup) by extension 'ignore_ament_install'
[0.215s] Level 1:colcon.colcon_core.package_identification:_identify(src/robot_bringup) by extensions ['colcon_pkg']
[0.215s] Level 1:colcon.colcon_core.package_identification:_identify(src/robot_bringup) by extension 'colcon_pkg'
[0.215s] Level 1:colcon.colcon_core.package_identification:_identify(src/robot_bringup) by extensions ['colcon_meta']
[0.215s] Level 1:colcon.colcon_core.package_identification:_identify(src/robot_bringup) by extension 'colcon_meta'
[0.215s] Level 1:colcon.colcon_core.package_identification:_identify(src/robot_bringup) by extensions ['ros']
[0.215s] Level 1:colcon.colcon_core.package_identification:_identify(src/robot_bringup) by extension 'ros'
[0.216s] DEBUG:colcon.colcon_core.package_identification:Package 'src/robot_bringup' with type 'ros.ament_cmake' and name 'robot_bringup'
[0.216s] Level 1:colcon.colcon_core.package_identification:_identify(src/robot_config) by extensions ['ignore', 'ignore_ament_install']
[0.216s] Level 1:colcon.colcon_core.package_identification:_identify(src/robot_config) by extension 'ignore'
[0.216s] Level 1:colcon.colcon_core.package_identification:_identify(src/robot_config) by extension 'ignore_ament_install'
[0.216s] Level 1:colcon.colcon_core.package_identification:_identify(src/robot_config) by extensions ['colcon_pkg']
[0.216s] Level 1:colcon.colcon_core.package_identification:_identify(src/robot_config) by extension 'colcon_pkg'
[0.216s] Level 1:colcon.colcon_core.package_identification:_identify(src/robot_config) by extensions ['colcon_meta']
[0.216s] Level 1:colcon.colcon_core.package_identification:_identify(src/robot_config) by extension 'colcon_meta'
[0.216s] Level 1:colcon.colcon_core.package_identification:_identify(src/robot_config) by extensions ['ros']
[0.216s] Level 1:colcon.colcon_core.package_identification:_identify(src/robot_config) by extension 'ros'
[0.216s] Level 1:colcon.colcon_core.package_identification:_identify(src/robot_config) by extensions ['cmake', 'python']
[0.216s] Level 1:colcon.colcon_core.package_identification:_identify(src/robot_config) by extension 'cmake'
[0.216s] Level 1:colcon.colcon_core.package_identification:_identify(src/robot_config) by extension 'python'
[0.216s] Level 1:colcon.colcon_core.package_identification:_identify(src/robot_config) by extensions ['python_setup_py']
[0.216s] Level 1:colcon.colcon_core.package_identification:_identify(src/robot_config) by extension 'python_setup_py'
[0.216s] Level 1:colcon.colcon_core.package_identification:_identify(src/robot_config/arm380_config) by extensions ['ignore', 'ignore_ament_install']
[0.216s] Level 1:colcon.colcon_core.package_identification:_identify(src/robot_config/arm380_config) by extension 'ignore'
[0.217s] Level 1:colcon.colcon_core.package_identification:_identify(src/robot_config/arm380_config) by extension 'ignore_ament_install'
[0.217s] Level 1:colcon.colcon_core.package_identification:_identify(src/robot_config/arm380_config) by extensions ['colcon_pkg']
[0.217s] Level 1:colcon.colcon_core.package_identification:_identify(src/robot_config/arm380_config) by extension 'colcon_pkg'
[0.217s] Level 1:colcon.colcon_core.package_identification:_identify(src/robot_config/arm380_config) by extensions ['colcon_meta']
[0.217s] Level 1:colcon.colcon_core.package_identification:_identify(src/robot_config/arm380_config) by extension 'colcon_meta'
[0.217s] Level 1:colcon.colcon_core.package_identification:_identify(src/robot_config/arm380_config) by extensions ['ros']
[0.217s] Level 1:colcon.colcon_core.package_identification:_identify(src/robot_config/arm380_config) by extension 'ros'
[0.217s] DEBUG:colcon.colcon_core.package_identification:Package 'src/robot_config/arm380_config' with type 'ros.ament_cmake' and name 'arm380_config'
[0.217s] Level 1:colcon.colcon_core.package_identification:_identify(src/robot_config/arm620_config) by extensions ['ignore', 'ignore_ament_install']
[0.217s] Level 1:colcon.colcon_core.package_identification:_identify(src/robot_config/arm620_config) by extension 'ignore'
[0.217s] Level 1:colcon.colcon_core.package_identification:_identify(src/robot_config/arm620_config) by extension 'ignore_ament_install'
[0.217s] Level 1:colcon.colcon_core.package_identification:_identify(src/robot_config/arm620_config) by extensions ['colcon_pkg']
[0.217s] Level 1:colcon.colcon_core.package_identification:_identify(src/robot_config/arm620_config) by extension 'colcon_pkg'
[0.217s] Level 1:colcon.colcon_core.package_identification:_identify(src/robot_config/arm620_config) by extensions ['colcon_meta']
[0.217s] Level 1:colcon.colcon_core.package_identification:_identify(src/robot_config/arm620_config) by extension 'colcon_meta'
[0.217s] Level 1:colcon.colcon_core.package_identification:_identify(src/robot_config/arm620_config) by extensions ['ros']
[0.218s] Level 1:colcon.colcon_core.package_identification:_identify(src/robot_config/arm620_config) by extension 'ros'
[0.218s] DEBUG:colcon.colcon_core.package_identification:Package 'src/robot_config/arm620_config' with type 'ros.ament_cmake' and name 'arm620_config'
[0.218s] Level 1:colcon.colcon_core.package_identification:_identify(src/robot_control) by extensions ['ignore', 'ignore_ament_install']
[0.218s] Level 1:colcon.colcon_core.package_identification:_identify(src/robot_control) by extension 'ignore'
[0.218s] Level 1:colcon.colcon_core.package_identification:_identify(src/robot_control) by extension 'ignore_ament_install'
[0.218s] Level 1:colcon.colcon_core.package_identification:_identify(src/robot_control) by extensions ['colcon_pkg']
[0.218s] Level 1:colcon.colcon_core.package_identification:_identify(src/robot_control) by extension 'colcon_pkg'
[0.218s] Level 1:colcon.colcon_core.package_identification:_identify(src/robot_control) by extensions ['colcon_meta']
[0.218s] Level 1:colcon.colcon_core.package_identification:_identify(src/robot_control) by extension 'colcon_meta'
[0.218s] Level 1:colcon.colcon_core.package_identification:_identify(src/robot_control) by extensions ['ros']
[0.218s] Level 1:colcon.colcon_core.package_identification:_identify(src/robot_control) by extension 'ros'
[0.219s] DEBUG:colcon.colcon_core.package_identification:Package 'src/robot_control' with type 'ros.ament_cmake' and name 'robot_control'
[0.219s] Level 1:colcon.colcon_core.package_identification:_identify(src/robot_description) by extensions ['ignore', 'ignore_ament_install']
[0.219s] Level 1:colcon.colcon_core.package_identification:_identify(src/robot_description) by extension 'ignore'
[0.219s] Level 1:colcon.colcon_core.package_identification:_identify(src/robot_description) by extension 'ignore_ament_install'
[0.219s] Level 1:colcon.colcon_core.package_identification:_identify(src/robot_description) by extensions ['colcon_pkg']
[0.219s] Level 1:colcon.colcon_core.package_identification:_identify(src/robot_description) by extension 'colcon_pkg'
[0.219s] Level 1:colcon.colcon_core.package_identification:_identify(src/robot_description) by extensions ['colcon_meta']
[0.219s] Level 1:colcon.colcon_core.package_identification:_identify(src/robot_description) by extension 'colcon_meta'
[0.219s] Level 1:colcon.colcon_core.package_identification:_identify(src/robot_description) by extensions ['ros']
[0.219s] Level 1:colcon.colcon_core.package_identification:_identify(src/robot_description) by extension 'ros'
[0.219s] DEBUG:colcon.colcon_core.package_identification:Package 'src/robot_description' with type 'ros.ament_cmake' and name 'robot_description'
[0.219s] Level 1:colcon.colcon_core.package_identification:_identify(src/robot_driver) by extensions ['ignore', 'ignore_ament_install']
[0.219s] Level 1:colcon.colcon_core.package_identification:_identify(src/robot_driver) by extension 'ignore'
[0.220s] Level 1:colcon.colcon_core.package_identification:_identify(src/robot_driver) by extension 'ignore_ament_install'
[0.220s] Level 1:colcon.colcon_core.package_identification:_identify(src/robot_driver) by extensions ['colcon_pkg']
[0.220s] Level 1:colcon.colcon_core.package_identification:_identify(src/robot_driver) by extension 'colcon_pkg'
[0.220s] Level 1:colcon.colcon_core.package_identification:_identify(src/robot_driver) by extensions ['colcon_meta']
[0.220s] Level 1:colcon.colcon_core.package_identification:_identify(src/robot_driver) by extension 'colcon_meta'
[0.220s] Level 1:colcon.colcon_core.package_identification:_identify(src/robot_driver) by extensions ['ros']
[0.220s] Level 1:colcon.colcon_core.package_identification:_identify(src/robot_driver) by extension 'ros'
[0.220s] DEBUG:colcon.colcon_core.package_identification:Package 'src/robot_driver' with type 'ros.ament_cmake' and name 'robot_driver'
[0.220s] Level 1:colcon.colcon_core.package_identification:_identify(src/robot_dynamics) by extensions ['ignore', 'ignore_ament_install']
[0.220s] Level 1:colcon.colcon_core.package_identification:_identify(src/robot_dynamics) by extension 'ignore'
[0.220s] Level 1:colcon.colcon_core.package_identification:_identify(src/robot_dynamics) by extension 'ignore_ament_install'
[0.220s] Level 1:colcon.colcon_core.package_identification:_identify(src/robot_dynamics) by extensions ['colcon_pkg']
[0.220s] Level 1:colcon.colcon_core.package_identification:_identify(src/robot_dynamics) by extension 'colcon_pkg'
[0.220s] Level 1:colcon.colcon_core.package_identification:_identify(src/robot_dynamics) by extensions ['colcon_meta']
[0.220s] Level 1:colcon.colcon_core.package_identification:_identify(src/robot_dynamics) by extension 'colcon_meta'
[0.220s] Level 1:colcon.colcon_core.package_identification:_identify(src/robot_dynamics) by extensions ['ros']
[0.220s] Level 1:colcon.colcon_core.package_identification:_identify(src/robot_dynamics) by extension 'ros'
[0.221s] DEBUG:colcon.colcon_core.package_identification:Package 'src/robot_dynamics' with type 'ros.ament_python' and name 'robot_dynamics'
[0.221s] Level 1:colcon.colcon_core.package_identification:_identify(src/robot_gazebo) by extensions ['ignore', 'ignore_ament_install']
[0.221s] Level 1:colcon.colcon_core.package_identification:_identify(src/robot_gazebo) by extension 'ignore'
[0.221s] Level 1:colcon.colcon_core.package_identification:_identify(src/robot_gazebo) by extension 'ignore_ament_install'
[0.221s] Level 1:colcon.colcon_core.package_identification:_identify(src/robot_gazebo) by extensions ['colcon_pkg']
[0.221s] Level 1:colcon.colcon_core.package_identification:_identify(src/robot_gazebo) by extension 'colcon_pkg'
[0.221s] Level 1:colcon.colcon_core.package_identification:_identify(src/robot_gazebo) by extensions ['colcon_meta']
[0.221s] Level 1:colcon.colcon_core.package_identification:_identify(src/robot_gazebo) by extension 'colcon_meta'
[0.221s] Level 1:colcon.colcon_core.package_identification:_identify(src/robot_gazebo) by extensions ['ros']
[0.221s] Level 1:colcon.colcon_core.package_identification:_identify(src/robot_gazebo) by extension 'ros'
[0.221s] DEBUG:colcon.colcon_core.package_identification:Package 'src/robot_gazebo' with type 'ros.ament_cmake' and name 'robot_gazebo'
[0.222s] Level 1:colcon.colcon_core.package_identification:_identify(src/robot_input) by extensions ['ignore', 'ignore_ament_install']
[0.222s] Level 1:colcon.colcon_core.package_identification:_identify(src/robot_input) by extension 'ignore'
[0.222s] Level 1:colcon.colcon_core.package_identification:_identify(src/robot_input) by extension 'ignore_ament_install'
[0.222s] Level 1:colcon.colcon_core.package_identification:_identify(src/robot_input) by extensions ['colcon_pkg']
[0.222s] Level 1:colcon.colcon_core.package_identification:_identify(src/robot_input) by extension 'colcon_pkg'
[0.222s] Level 1:colcon.colcon_core.package_identification:_identify(src/robot_input) by extensions ['colcon_meta']
[0.222s] Level 1:colcon.colcon_core.package_identification:_identify(src/robot_input) by extension 'colcon_meta'
[0.222s] Level 1:colcon.colcon_core.package_identification:_identify(src/robot_input) by extensions ['ros']
[0.222s] Level 1:colcon.colcon_core.package_identification:_identify(src/robot_input) by extension 'ros'
[0.222s] DEBUG:colcon.colcon_core.package_identification:Package 'src/robot_input' with type 'ros.ament_python' and name 'robot_input'
[0.222s] Level 1:colcon.colcon_core.package_identification:_identify(src/robot_interfaces) by extensions ['ignore', 'ignore_ament_install']
[0.222s] Level 1:colcon.colcon_core.package_identification:_identify(src/robot_interfaces) by extension 'ignore'
[0.222s] Level 1:colcon.colcon_core.package_identification:_identify(src/robot_interfaces) by extension 'ignore_ament_install'
[0.222s] Level 1:colcon.colcon_core.package_identification:_identify(src/robot_interfaces) by extensions ['colcon_pkg']
[0.222s] Level 1:colcon.colcon_core.package_identification:_identify(src/robot_interfaces) by extension 'colcon_pkg'
[0.222s] Level 1:colcon.colcon_core.package_identification:_identify(src/robot_interfaces) by extensions ['colcon_meta']
[0.222s] Level 1:colcon.colcon_core.package_identification:_identify(src/robot_interfaces) by extension 'colcon_meta'
[0.222s] Level 1:colcon.colcon_core.package_identification:_identify(src/robot_interfaces) by extensions ['ros']
[0.222s] Level 1:colcon.colcon_core.package_identification:_identify(src/robot_interfaces) by extension 'ros'
[0.223s] DEBUG:colcon.colcon_core.package_identification:Package 'src/robot_interfaces' with type 'ros.ament_cmake' and name 'robot_interfaces'
[0.223s] Level 1:colcon.colcon_core.package_identification:_identify(src/robot_sdk) by extensions ['ignore', 'ignore_ament_install']
[0.223s] Level 1:colcon.colcon_core.package_identification:_identify(src/robot_sdk) by extension 'ignore'
[0.223s] Level 1:colcon.colcon_core.package_identification:_identify(src/robot_sdk) by extension 'ignore_ament_install'
[0.223s] Level 1:colcon.colcon_core.package_identification:_identify(src/robot_sdk) by extensions ['colcon_pkg']
[0.223s] Level 1:colcon.colcon_core.package_identification:_identify(src/robot_sdk) by extension 'colcon_pkg'
[0.223s] Level 1:colcon.colcon_core.package_identification:_identify(src/robot_sdk) by extensions ['colcon_meta']
[0.223s] Level 1:colcon.colcon_core.package_identification:_identify(src/robot_sdk) by extension 'colcon_meta'
[0.223s] Level 1:colcon.colcon_core.package_identification:_identify(src/robot_sdk) by extensions ['ros']
[0.223s] Level 1:colcon.colcon_core.package_identification:_identify(src/robot_sdk) by extension 'ros'
[0.224s] DEBUG:colcon.colcon_core.package_identification:Package 'src/robot_sdk' with type 'ros.ament_cmake' and name 'robot_sdk'
[0.224s] Level 1:colcon.colcon_core.package_identification:_identify(src/robot_state_machine) by extensions ['ignore', 'ignore_ament_install']
[0.224s] Level 1:colcon.colcon_core.package_identification:_identify(src/robot_state_machine) by extension 'ignore'
[0.224s] Level 1:colcon.colcon_core.package_identification:_identify(src/robot_state_machine) by extension 'ignore_ament_install'
[0.224s] Level 1:colcon.colcon_core.package_identification:_identify(src/robot_state_machine) by extensions ['colcon_pkg']
[0.224s] Level 1:colcon.colcon_core.package_identification:_identify(src/robot_state_machine) by extension 'colcon_pkg'
[0.224s] Level 1:colcon.colcon_core.package_identification:_identify(src/robot_state_machine) by extensions ['colcon_meta']
[0.224s] Level 1:colcon.colcon_core.package_identification:_identify(src/robot_state_machine) by extension 'colcon_meta'
[0.224s] Level 1:colcon.colcon_core.package_identification:_identify(src/robot_state_machine) by extensions ['ros']
[0.224s] Level 1:colcon.colcon_core.package_identification:_identify(src/robot_state_machine) by extension 'ros'
[0.225s] DEBUG:colcon.colcon_core.package_identification:Package 'src/robot_state_machine' with type 'ros.ament_cmake' and name 'robot_state_machine'
[0.225s] Level 1:colcon.colcon_core.package_identification:_identify(src/robot_test_py) by extensions ['ignore', 'ignore_ament_install']
[0.225s] Level 1:colcon.colcon_core.package_identification:_identify(src/robot_test_py) by extension 'ignore'
[0.225s] Level 1:colcon.colcon_core.package_identification:_identify(src/robot_test_py) by extension 'ignore_ament_install'
[0.225s] Level 1:colcon.colcon_core.package_identification:_identify(src/robot_test_py) by extensions ['colcon_pkg']
[0.225s] Level 1:colcon.colcon_core.package_identification:_identify(src/robot_test_py) by extension 'colcon_pkg'
[0.225s] Level 1:colcon.colcon_core.package_identification:_identify(src/robot_test_py) by extensions ['colcon_meta']
[0.225s] Level 1:colcon.colcon_core.package_identification:_identify(src/robot_test_py) by extension 'colcon_meta'
[0.225s] Level 1:colcon.colcon_core.package_identification:_identify(src/robot_test_py) by extensions ['ros']
[0.225s] Level 1:colcon.colcon_core.package_identification:_identify(src/robot_test_py) by extension 'ros'
[0.225s] DEBUG:colcon.colcon_core.package_identification:Package 'src/robot_test_py' with type 'ros.ament_python' and name 'robot_test_py'
[0.225s] Level 1:colcon.colcon_core.package_identification:_identify(src/ros2_socketcan) by extensions ['ignore', 'ignore_ament_install']
[0.225s] Level 1:colcon.colcon_core.package_identification:_identify(src/ros2_socketcan) by extension 'ignore'
[0.225s] Level 1:colcon.colcon_core.package_identification:_identify(src/ros2_socketcan) by extension 'ignore_ament_install'
[0.225s] Level 1:colcon.colcon_core.package_identification:_identify(src/ros2_socketcan) by extensions ['colcon_pkg']
[0.225s] Level 1:colcon.colcon_core.package_identification:_identify(src/ros2_socketcan) by extension 'colcon_pkg'
[0.225s] Level 1:colcon.colcon_core.package_identification:_identify(src/ros2_socketcan) by extensions ['colcon_meta']
[0.225s] Level 1:colcon.colcon_core.package_identification:_identify(src/ros2_socketcan) by extension 'colcon_meta'
[0.225s] Level 1:colcon.colcon_core.package_identification:_identify(src/ros2_socketcan) by extensions ['ros']
[0.226s] Level 1:colcon.colcon_core.package_identification:_identify(src/ros2_socketcan) by extension 'ros'
[0.226s] Level 1:colcon.colcon_core.package_identification:_identify(src/ros2_socketcan) by extensions ['cmake', 'python']
[0.226s] Level 1:colcon.colcon_core.package_identification:_identify(src/ros2_socketcan) by extension 'cmake'
[0.226s] Level 1:colcon.colcon_core.package_identification:_identify(src/ros2_socketcan) by extension 'python'
[0.226s] Level 1:colcon.colcon_core.package_identification:_identify(src/ros2_socketcan) by extensions ['python_setup_py']
[0.226s] Level 1:colcon.colcon_core.package_identification:_identify(src/ros2_socketcan) by extension 'python_setup_py'
[0.226s] Level 1:colcon.colcon_core.package_identification:_identify(src/ros2_socketcan/ros2_socketcan) by extensions ['ignore', 'ignore_ament_install']
[0.226s] Level 1:colcon.colcon_core.package_identification:_identify(src/ros2_socketcan/ros2_socketcan) by extension 'ignore'
[0.226s] Level 1:colcon.colcon_core.package_identification:_identify(src/ros2_socketcan/ros2_socketcan) by extension 'ignore_ament_install'
[0.226s] Level 1:colcon.colcon_core.package_identification:_identify(src/ros2_socketcan/ros2_socketcan) by extensions ['colcon_pkg']
[0.226s] Level 1:colcon.colcon_core.package_identification:_identify(src/ros2_socketcan/ros2_socketcan) by extension 'colcon_pkg'
[0.226s] Level 1:colcon.colcon_core.package_identification:_identify(src/ros2_socketcan/ros2_socketcan) by extensions ['colcon_meta']
[0.226s] Level 1:colcon.colcon_core.package_identification:_identify(src/ros2_socketcan/ros2_socketcan) by extension 'colcon_meta'
[0.226s] Level 1:colcon.colcon_core.package_identification:_identify(src/ros2_socketcan/ros2_socketcan) by extensions ['ros']
[0.226s] Level 1:colcon.colcon_core.package_identification:_identify(src/ros2_socketcan/ros2_socketcan) by extension 'ros'
[0.226s] DEBUG:colcon.colcon_core.package_identification:Package 'src/ros2_socketcan/ros2_socketcan' with type 'ros.ament_cmake' and name 'ros2_socketcan'
[0.227s] Level 1:colcon.colcon_core.package_identification:_identify(src/ros2_socketcan/ros2_socketcan_msgs) by extensions ['ignore', 'ignore_ament_install']
[0.227s] Level 1:colcon.colcon_core.package_identification:_identify(src/ros2_socketcan/ros2_socketcan_msgs) by extension 'ignore'
[0.227s] Level 1:colcon.colcon_core.package_identification:_identify(src/ros2_socketcan/ros2_socketcan_msgs) by extension 'ignore_ament_install'
[0.227s] Level 1:colcon.colcon_core.package_identification:_identify(src/ros2_socketcan/ros2_socketcan_msgs) by extensions ['colcon_pkg']
[0.227s] Level 1:colcon.colcon_core.package_identification:_identify(src/ros2_socketcan/ros2_socketcan_msgs) by extension 'colcon_pkg'
[0.227s] Level 1:colcon.colcon_core.package_identification:_identify(src/ros2_socketcan/ros2_socketcan_msgs) by extensions ['colcon_meta']
[0.227s] Level 1:colcon.colcon_core.package_identification:_identify(src/ros2_socketcan/ros2_socketcan_msgs) by extension 'colcon_meta'
[0.227s] Level 1:colcon.colcon_core.package_identification:_identify(src/ros2_socketcan/ros2_socketcan_msgs) by extensions ['ros']
[0.227s] Level 1:colcon.colcon_core.package_identification:_identify(src/ros2_socketcan/ros2_socketcan_msgs) by extension 'ros'
[0.227s] DEBUG:colcon.colcon_core.package_identification:Package 'src/ros2_socketcan/ros2_socketcan_msgs' with type 'ros.ament_cmake' and name 'ros2_socketcan_msgs'
[0.227s] Level 1:colcon.colcon_core.package_identification:_identify(src/tg_lerobot_bridge) by extensions ['ignore', 'ignore_ament_install']
[0.228s] Level 1:colcon.colcon_core.package_identification:_identify(src/tg_lerobot_bridge) by extension 'ignore'
[0.228s] Level 1:colcon.colcon_core.package_identification:_identify(src/tg_lerobot_bridge) by extension 'ignore_ament_install'
[0.228s] Level 1:colcon.colcon_core.package_identification:_identify(src/tg_lerobot_bridge) by extensions ['colcon_pkg']
[0.228s] Level 1:colcon.colcon_core.package_identification:_identify(src/tg_lerobot_bridge) by extension 'colcon_pkg'
[0.228s] Level 1:colcon.colcon_core.package_identification:_identify(src/tg_lerobot_bridge) by extensions ['colcon_meta']
[0.228s] Level 1:colcon.colcon_core.package_identification:_identify(src/tg_lerobot_bridge) by extension 'colcon_meta'
[0.228s] Level 1:colcon.colcon_core.package_identification:_identify(src/tg_lerobot_bridge) by extensions ['ros']
[0.228s] Level 1:colcon.colcon_core.package_identification:_identify(src/tg_lerobot_bridge) by extension 'ros'
[0.228s] DEBUG:colcon.colcon_core.package_identification:Package 'src/tg_lerobot_bridge' with type 'ros.ament_python' and name 'tg_lerobot_bridge'
[0.228s] Level 1:colcon.colcon_core.package_identification:_identify(src/traj_smoother_py) by extensions ['ignore', 'ignore_ament_install']
[0.228s] Level 1:colcon.colcon_core.package_identification:_identify(src/traj_smoother_py) by extension 'ignore'
[0.228s] Level 1:colcon.colcon_core.package_identification:_identify(src/traj_smoother_py) by extension 'ignore_ament_install'
[0.228s] Level 1:colcon.colcon_core.package_identification:_identify(src/traj_smoother_py) by extensions ['colcon_pkg']
[0.228s] Level 1:colcon.colcon_core.package_identification:_identify(src/traj_smoother_py) by extension 'colcon_pkg'
[0.228s] Level 1:colcon.colcon_core.package_identification:_identify(src/traj_smoother_py) by extensions ['colcon_meta']
[0.228s] Level 1:colcon.colcon_core.package_identification:_identify(src/traj_smoother_py) by extension 'colcon_meta'
[0.228s] Level 1:colcon.colcon_core.package_identification:_identify(src/traj_smoother_py) by extensions ['ros']
[0.229s] Level 1:colcon.colcon_core.package_identification:_identify(src/traj_smoother_py) by extension 'ros'
[0.229s] DEBUG:colcon.colcon_core.package_identification:Package 'src/traj_smoother_py' with type 'ros.ament_python' and name 'traj_smoother_py'
[0.229s] Level 1:colcon.colcon_core.package_discovery:discover_packages(recursive) using defaults
[0.229s] Level 1:colcon.colcon_core.package_discovery:discover_packages(ignore) discover
[0.229s] Level 1:colcon.colcon_core.package_discovery:discover_packages(ignore) using defaults
[0.229s] Level 1:colcon.colcon_core.package_discovery:discover_packages(path) discover
[0.229s] Level 1:colcon.colcon_core.package_discovery:discover_packages(path) using defaults
[0.245s] INFO:colcon.colcon_core.package_selection:Skipping not selected package 'robot_description' in 'src/robot_description'
[0.245s] INFO:colcon.colcon_core.package_selection:Skipping not selected package 'robot_dynamics' in 'src/robot_dynamics'
[0.245s] INFO:colcon.colcon_core.package_selection:Skipping not selected package 'robot_interfaces' in 'src/robot_interfaces'
[0.245s] INFO:colcon.colcon_core.package_selection:Skipping not selected package 'ros2_socketcan_msgs' in 'src/ros2_socketcan/ros2_socketcan_msgs'
[0.245s] INFO:colcon.colcon_core.package_selection:Skipping not selected package 'traj_smoother_py' in 'src/traj_smoother_py'
[0.245s] INFO:colcon.colcon_core.package_selection:Skipping not selected package 'arm380_config' in 'src/robot_config/arm380_config'
[0.245s] INFO:colcon.colcon_core.package_selection:Skipping not selected package 'arm620_config' in 'src/robot_config/arm620_config'
[0.245s] INFO:colcon.colcon_core.package_selection:Skipping not selected package 'example_cpp' in 'example/example_cpp'
[0.245s] INFO:colcon.colcon_core.package_selection:Skipping not selected package 'example_py' in 'example/example_py'
[0.245s] INFO:colcon.colcon_core.package_selection:Skipping not selected package 'motor_control_logger' in 'src/motor_control_logger'
[0.245s] INFO:colcon.colcon_core.package_selection:Skipping not selected package 'robot_control' in 'src/robot_control'
[0.245s] INFO:colcon.colcon_core.package_selection:Skipping not selected package 'robot_input' in 'src/robot_input'
[0.245s] INFO:colcon.colcon_core.package_selection:Skipping not selected package 'robot_sdk' in 'src/robot_sdk'
[0.245s] INFO:colcon.colcon_core.package_selection:Skipping not selected package 'robot_test_py' in 'src/robot_test_py'
[0.245s] INFO:colcon.colcon_core.package_selection:Skipping not selected package 'ros2_socketcan' in 'src/ros2_socketcan/ros2_socketcan'
[0.245s] INFO:colcon.colcon_core.package_selection:Skipping not selected package 'tg_lerobot_bridge' in 'src/tg_lerobot_bridge'
[0.245s] INFO:colcon.colcon_core.package_selection:Skipping not selected package 'robot_bringup' in 'src/robot_bringup'
[0.245s] INFO:colcon.colcon_core.package_selection:Skipping not selected package 'robot_driver' in 'src/robot_driver'
[0.245s] INFO:colcon.colcon_core.package_selection:Skipping not selected package 'robot_state_machine' in 'src/robot_state_machine'
[0.245s] Level 1:colcon.colcon_core.package_discovery:discover_packages(prefix_path) check parameters
[0.245s] Level 1:colcon.colcon_core.package_discovery:discover_packages(prefix_path) discover
[0.247s] DEBUG:colcon.colcon_installed_package_information.package_discovery:Found 18 installed packages in /home/holms/Projects/TG_Robot/robot_base_v1.1/install
[0.248s] DEBUG:colcon.colcon_installed_package_information.package_discovery:Found 378 installed packages in /opt/ros/humble
[0.249s] Level 1:colcon.colcon_core.package_discovery:discover_packages(prefix_path) using defaults
[0.279s] Level 5:colcon.colcon_core.verb:set package 'robot_gazebo' build argument 'cmake_args' from command line to 'None'
[0.279s] Level 5:colcon.colcon_core.verb:set package 'robot_gazebo' build argument 'cmake_target' from command line to 'None'
[0.279s] Level 5:colcon.colcon_core.verb:set package 'robot_gazebo' build argument 'cmake_target_skip_unavailable' from command line to 'False'
[0.279s] Level 5:colcon.colcon_core.verb:set package 'robot_gazebo' build argument 'cmake_clean_cache' from command line to 'False'
[0.279s] Level 5:colcon.colcon_core.verb:set package 'robot_gazebo' build argument 'cmake_clean_first' from command line to 'False'
[0.279s] Level 5:colcon.colcon_core.verb:set package 'robot_gazebo' build argument 'cmake_force_configure' from command line to 'False'
[0.279s] Level 5:colcon.colcon_core.verb:set package 'robot_gazebo' build argument 'ament_cmake_args' from command line to 'None'
[0.279s] Level 5:colcon.colcon_core.verb:set package 'robot_gazebo' build argument 'catkin_cmake_args' from command line to 'None'
[0.279s] Level 5:colcon.colcon_core.verb:set package 'robot_gazebo' build argument 'catkin_skip_building_tests' from command line to 'False'
[0.279s] DEBUG:colcon.colcon_core.verb:Building package 'robot_gazebo' with the following arguments: {'ament_cmake_args': None, 'build_base': '/home/holms/Projects/lerobot/TG_Robot/build/robot_gazebo', 'catkin_cmake_args': None, 'catkin_skip_building_tests': False, 'cmake_args': None, 'cmake_clean_cache': False, 'cmake_clean_first': False, 'cmake_force_configure': False, 'cmake_target': None, 'cmake_target_skip_unavailable': False, 'install_base': '/home/holms/Projects/lerobot/TG_Robot/install/robot_gazebo', 'merge_install': False, 'path': '/home/holms/Projects/lerobot/TG_Robot/src/robot_gazebo', 'symlink_install': True, 'test_result_base': None}
[0.279s] INFO:colcon.colcon_core.executor:Executing jobs using 'parallel' executor
[0.280s] DEBUG:colcon.colcon_parallel_executor.executor.parallel:run_until_complete
[0.280s] INFO:colcon.colcon_ros.task.ament_cmake.build:Building ROS package in '/home/holms/Projects/lerobot/TG_Robot/src/robot_gazebo' with build type 'ament_cmake'
[0.280s] INFO:colcon.colcon_cmake.task.cmake.build:Building CMake package in '/home/holms/Projects/lerobot/TG_Robot/src/robot_gazebo'
[0.282s] INFO:colcon.colcon_core.plugin_system:Skipping extension 'colcon_core.shell.bat': Not used on non-Windows systems
[0.283s] INFO:colcon.colcon_core.shell:Skip shell extension 'powershell' for command environment: Not usable outside of PowerShell
[0.283s] DEBUG:colcon.colcon_core.shell:Skip shell extension 'dsv' for command environment
[0.292s] DEBUG:colcon.colcon_core.event_handler.log_command:Invoking command in '/home/holms/Projects/lerobot/TG_Robot/build/robot_gazebo': CMAKE_PREFIX_PATH=${CMAKE_PREFIX_PATH}:/home/holms/Projects/TG_Robot/robot_base_v1.1/install/traj_smoother_py:/home/holms/Projects/TG_Robot/robot_base_v1.1/install/robot_test_py:/home/holms/Projects/TG_Robot/robot_base_v1.1/install/robot_input:/home/holms/Projects/TG_Robot/robot_base_v1.1/install/example_py:/home/holms/Projects/TG_Robot/robot_base_v1.1/install/robot_dynamics:/opt/ros/humble /usr/bin/cmake --build /home/holms/Projects/lerobot/TG_Robot/build/robot_gazebo -- -j8 -l8
[0.332s] DEBUG:colcon.colcon_core.event_handler.log_command:Invoked command in '/home/holms/Projects/lerobot/TG_Robot/build/robot_gazebo' returned '0': CMAKE_PREFIX_PATH=${CMAKE_PREFIX_PATH}:/home/holms/Projects/TG_Robot/robot_base_v1.1/install/traj_smoother_py:/home/holms/Projects/TG_Robot/robot_base_v1.1/install/robot_test_py:/home/holms/Projects/TG_Robot/robot_base_v1.1/install/robot_input:/home/holms/Projects/TG_Robot/robot_base_v1.1/install/example_py:/home/holms/Projects/TG_Robot/robot_base_v1.1/install/robot_dynamics:/opt/ros/humble /usr/bin/cmake --build /home/holms/Projects/lerobot/TG_Robot/build/robot_gazebo -- -j8 -l8
[0.343s] DEBUG:colcon.colcon_core.event_handler.log_command:Invoking command in '/home/holms/Projects/lerobot/TG_Robot/build/robot_gazebo': CMAKE_PREFIX_PATH=${CMAKE_PREFIX_PATH}:/home/holms/Projects/TG_Robot/robot_base_v1.1/install/traj_smoother_py:/home/holms/Projects/TG_Robot/robot_base_v1.1/install/robot_test_py:/home/holms/Projects/TG_Robot/robot_base_v1.1/install/robot_input:/home/holms/Projects/TG_Robot/robot_base_v1.1/install/example_py:/home/holms/Projects/TG_Robot/robot_base_v1.1/install/robot_dynamics:/opt/ros/humble /usr/bin/cmake --install /home/holms/Projects/lerobot/TG_Robot/build/robot_gazebo
[0.373s] Level 1:colcon.colcon_core.environment:create_environment_scripts_only(robot_gazebo)
[0.375s] Level 1:colcon.colcon_core.environment:checking '/home/holms/Projects/lerobot/TG_Robot/install/robot_gazebo' for CMake module files
[0.375s] Level 1:colcon.colcon_core.environment:checking '/home/holms/Projects/lerobot/TG_Robot/install/robot_gazebo' for CMake config files
[0.376s] Level 1:colcon.colcon_core.shell:create_environment_hook('robot_gazebo', 'cmake_prefix_path')
[0.376s] INFO:colcon.colcon_core.shell:Creating environment hook '/home/holms/Projects/lerobot/TG_Robot/install/robot_gazebo/share/robot_gazebo/hook/cmake_prefix_path.ps1'
[0.377s] INFO:colcon.colcon_core.shell:Creating environment descriptor '/home/holms/Projects/lerobot/TG_Robot/install/robot_gazebo/share/robot_gazebo/hook/cmake_prefix_path.dsv'
[0.377s] DEBUG:colcon.colcon_core.event_handler.log_command:Invoked command in '/home/holms/Projects/lerobot/TG_Robot/build/robot_gazebo' returned '0': CMAKE_PREFIX_PATH=${CMAKE_PREFIX_PATH}:/home/holms/Projects/TG_Robot/robot_base_v1.1/install/traj_smoother_py:/home/holms/Projects/TG_Robot/robot_base_v1.1/install/robot_test_py:/home/holms/Projects/TG_Robot/robot_base_v1.1/install/robot_input:/home/holms/Projects/TG_Robot/robot_base_v1.1/install/example_py:/home/holms/Projects/TG_Robot/robot_base_v1.1/install/robot_dynamics:/opt/ros/humble /usr/bin/cmake --install /home/holms/Projects/lerobot/TG_Robot/build/robot_gazebo
[0.378s] INFO:colcon.colcon_core.shell:Creating environment hook '/home/holms/Projects/lerobot/TG_Robot/install/robot_gazebo/share/robot_gazebo/hook/cmake_prefix_path.sh'
[0.379s] Level 1:colcon.colcon_core.environment:checking '/home/holms/Projects/lerobot/TG_Robot/install/robot_gazebo/bin'
[0.379s] Level 1:colcon.colcon_core.environment:checking '/home/holms/Projects/lerobot/TG_Robot/install/robot_gazebo/lib/pkgconfig/robot_gazebo.pc'
[0.379s] Level 1:colcon.colcon_core.environment:checking '/home/holms/Projects/lerobot/TG_Robot/install/robot_gazebo/lib/python3.10/site-packages'
[0.379s] Level 1:colcon.colcon_core.environment:checking '/home/holms/Projects/lerobot/TG_Robot/install/robot_gazebo/bin'
[0.379s] INFO:colcon.colcon_core.shell:Creating package script '/home/holms/Projects/lerobot/TG_Robot/install/robot_gazebo/share/robot_gazebo/package.ps1'
[0.380s] INFO:colcon.colcon_core.shell:Creating package descriptor '/home/holms/Projects/lerobot/TG_Robot/install/robot_gazebo/share/robot_gazebo/package.dsv'
[0.380s] INFO:colcon.colcon_core.shell:Creating package script '/home/holms/Projects/lerobot/TG_Robot/install/robot_gazebo/share/robot_gazebo/package.sh'
[0.381s] INFO:colcon.colcon_core.shell:Creating package script '/home/holms/Projects/lerobot/TG_Robot/install/robot_gazebo/share/robot_gazebo/package.bash'
[0.382s] INFO:colcon.colcon_core.shell:Creating package script '/home/holms/Projects/lerobot/TG_Robot/install/robot_gazebo/share/robot_gazebo/package.zsh'
[0.382s] Level 1:colcon.colcon_core.environment:create_file_with_runtime_dependencies(/home/holms/Projects/lerobot/TG_Robot/install/robot_gazebo/share/colcon-core/packages/robot_gazebo)
[0.383s] Level 1:colcon.colcon_core.environment:create_environment_scripts_only(robot_gazebo)
[0.383s] Level 1:colcon.colcon_core.environment:checking '/home/holms/Projects/lerobot/TG_Robot/install/robot_gazebo' for CMake module files
[0.383s] Level 1:colcon.colcon_core.environment:checking '/home/holms/Projects/lerobot/TG_Robot/install/robot_gazebo' for CMake config files
[0.383s] Level 1:colcon.colcon_core.shell:create_environment_hook('robot_gazebo', 'cmake_prefix_path')
[0.384s] INFO:colcon.colcon_core.shell:Creating environment hook '/home/holms/Projects/lerobot/TG_Robot/install/robot_gazebo/share/robot_gazebo/hook/cmake_prefix_path.ps1'
[0.384s] INFO:colcon.colcon_core.shell:Creating environment descriptor '/home/holms/Projects/lerobot/TG_Robot/install/robot_gazebo/share/robot_gazebo/hook/cmake_prefix_path.dsv'
[0.385s] INFO:colcon.colcon_core.shell:Creating environment hook '/home/holms/Projects/lerobot/TG_Robot/install/robot_gazebo/share/robot_gazebo/hook/cmake_prefix_path.sh'
[0.385s] Level 1:colcon.colcon_core.environment:checking '/home/holms/Projects/lerobot/TG_Robot/install/robot_gazebo/bin'
[0.385s] Level 1:colcon.colcon_core.environment:checking '/home/holms/Projects/lerobot/TG_Robot/install/robot_gazebo/lib/pkgconfig/robot_gazebo.pc'
[0.385s] Level 1:colcon.colcon_core.environment:checking '/home/holms/Projects/lerobot/TG_Robot/install/robot_gazebo/lib/python3.10/site-packages'
[0.386s] Level 1:colcon.colcon_core.environment:checking '/home/holms/Projects/lerobot/TG_Robot/install/robot_gazebo/bin'
[0.386s] INFO:colcon.colcon_core.shell:Creating package script '/home/holms/Projects/lerobot/TG_Robot/install/robot_gazebo/share/robot_gazebo/package.ps1'
[0.387s] INFO:colcon.colcon_core.shell:Creating package descriptor '/home/holms/Projects/lerobot/TG_Robot/install/robot_gazebo/share/robot_gazebo/package.dsv'
[0.388s] INFO:colcon.colcon_core.shell:Creating package script '/home/holms/Projects/lerobot/TG_Robot/install/robot_gazebo/share/robot_gazebo/package.sh'
[0.389s] INFO:colcon.colcon_core.shell:Creating package script '/home/holms/Projects/lerobot/TG_Robot/install/robot_gazebo/share/robot_gazebo/package.bash'
[0.389s] INFO:colcon.colcon_core.shell:Creating package script '/home/holms/Projects/lerobot/TG_Robot/install/robot_gazebo/share/robot_gazebo/package.zsh'
[0.390s] Level 1:colcon.colcon_core.environment:create_file_with_runtime_dependencies(/home/holms/Projects/lerobot/TG_Robot/install/robot_gazebo/share/colcon-core/packages/robot_gazebo)
[0.391s] DEBUG:colcon.colcon_parallel_executor.executor.parallel:closing loop
[0.391s] DEBUG:colcon.colcon_parallel_executor.executor.parallel:loop closed
[0.391s] DEBUG:colcon.colcon_parallel_executor.executor.parallel:run_until_complete finished with '0'
[0.391s] DEBUG:colcon.colcon_core.event_reactor:joining thread
[0.396s] INFO:colcon.colcon_core.plugin_system:Skipping extension 'colcon_notification.desktop_notification.terminal_notifier': Not used on non-Darwin systems
[0.396s] INFO:colcon.colcon_core.plugin_system:Skipping extension 'colcon_notification.desktop_notification.win32': Not used on non-Windows systems
[0.396s] INFO:colcon.colcon_notification.desktop_notification:Sending desktop notification using 'notify2'
[0.416s] DEBUG:colcon.colcon_core.event_reactor:joined thread
[0.416s] INFO:colcon.colcon_core.shell:Creating prefix script '/home/holms/Projects/lerobot/TG_Robot/install/local_setup.ps1'
[0.417s] INFO:colcon.colcon_core.shell:Creating prefix util module '/home/holms/Projects/lerobot/TG_Robot/install/_local_setup_util_ps1.py'
[0.418s] INFO:colcon.colcon_core.shell:Creating prefix chain script '/home/holms/Projects/lerobot/TG_Robot/install/setup.ps1'
[0.419s] INFO:colcon.colcon_core.shell:Creating prefix script '/home/holms/Projects/lerobot/TG_Robot/install/local_setup.sh'
[0.420s] INFO:colcon.colcon_core.shell:Creating prefix util module '/home/holms/Projects/lerobot/TG_Robot/install/_local_setup_util_sh.py'
[0.420s] INFO:colcon.colcon_core.shell:Creating prefix chain script '/home/holms/Projects/lerobot/TG_Robot/install/setup.sh'
[0.421s] INFO:colcon.colcon_core.shell:Creating prefix script '/home/holms/Projects/lerobot/TG_Robot/install/local_setup.bash'
[0.422s] INFO:colcon.colcon_core.shell:Creating prefix chain script '/home/holms/Projects/lerobot/TG_Robot/install/setup.bash'
[0.423s] INFO:colcon.colcon_core.shell:Creating prefix script '/home/holms/Projects/lerobot/TG_Robot/install/local_setup.zsh'
[0.423s] INFO:colcon.colcon_core.shell:Creating prefix chain script '/home/holms/Projects/lerobot/TG_Robot/install/setup.zsh'
