[0.042s] Invoking command in '/home/holms/Projects/lerobot/TG_Robot/build/ros2_socketcan_msgs': CMAKE_PREFIX_PATH=${CMAKE_PREFIX_PATH}:/home/holms/Projects/TG_Robot/robot_base_v1.1/install/traj_smoother_py:/home/holms/Projects/TG_Robot/robot_base_v1.1/install/robot_test_py:/home/holms/Projects/TG_Robot/robot_base_v1.1/install/robot_input:/home/holms/Projects/TG_Robot/robot_base_v1.1/install/example_py:/home/holms/Projects/TG_Robot/robot_base_v1.1/install/robot_dynamics:/opt/ros/humble /usr/bin/cmake /home/holms/Projects/lerobot/TG_Robot/src/ros2_socketcan/ros2_socketcan_msgs -DCMAKE_INSTALL_PREFIX=/home/holms/Projects/lerobot/TG_Robot/install/ros2_socketcan_msgs
[0.370s] -- The C compiler identification is GNU 11.4.0
[0.778s] -- The CXX compiler identification is GNU 11.4.0
[0.784s] -- Detecting C compiler ABI info
[1.033s] -- Detecting C compiler ABI info - done
[1.040s] -- Check for working C compiler: /usr/bin/cc - skipped
[1.041s] -- Detecting C compile features
[1.041s] -- Detecting C compile features - done
[1.041s] -- Detecting CXX compiler ABI info
[1.122s] -- Detecting CXX compiler ABI info - done
[1.126s] -- Check for working CXX compiler: /usr/bin/c++ - skipped
[1.126s] -- Detecting CXX compile features
[1.129s] -- Detecting CXX compile features - done
[1.146s] -- Found ament_cmake_auto: 1.3.14 (/opt/ros/humble/share/ament_cmake_auto/cmake)
[1.295s] -- Found Python3: /usr/bin/python3 (found version "3.10.12") found components: Interpreter 
[1.465s] -- Using all available rosidl_typesupport_c: rosidl_typesupport_fastrtps_c;rosidl_typesupport_introspection_c
[1.473s] -- Found rosidl_adapter: 3.1.8 (/opt/ros/humble/share/rosidl_adapter/cmake)
[1.547s] -- Using all available rosidl_typesupport_cpp: rosidl_typesupport_fastrtps_cpp;rosidl_typesupport_introspection_cpp
[1.828s] -- Found ament_cmake_cppcheck: 0.12.15 (/opt/ros/humble/share/ament_cmake_cppcheck/cmake)
[1.831s] -- Found ament_cmake_cpplint: 0.12.15 (/opt/ros/humble/share/ament_cmake_cpplint/cmake)
[1.834s] -- Found ament_cmake_uncrustify: 0.12.15 (/opt/ros/humble/share/ament_cmake_uncrustify/cmake)
[1.840s] -- Found ament_cmake_ros: 0.10.0 (/opt/ros/humble/share/ament_cmake_ros/cmake)
[2.010s] -- Using all available rosidl_typesupport_c: rosidl_typesupport_fastrtps_c;rosidl_typesupport_introspection_c
[2.221s] -- Using all available rosidl_typesupport_cpp: rosidl_typesupport_fastrtps_cpp;rosidl_typesupport_introspection_cpp
[2.241s] -- Found PythonInterp: /usr/bin/python3 (found suitable version "3.10.12", minimum required is "3.6") 
[2.244s] -- Found python_cmake_module: 0.10.0 (/opt/ros/humble/share/python_cmake_module/cmake)
[2.266s] -- Found PythonLibs: /usr/lib/x86_64-linux-gnu/libpython3.10.so (found suitable version "3.10.12", minimum required is "3.5") 
[2.266s] -- Using PYTHON_EXECUTABLE: /usr/bin/python3
[2.266s] -- Using PYTHON_INCLUDE_DIRS: /usr/include/python3.10
[2.266s] -- Using PYTHON_LIBRARIES: /usr/lib/x86_64-linux-gnu/libpython3.10.so
[2.282s] -- Found PythonExtra: .so  
[2.324s] -- Found ament_cmake_flake8: 0.12.15 (/opt/ros/humble/share/ament_cmake_flake8/cmake)
[2.327s] -- Found ament_cmake_pep257: 0.12.15 (/opt/ros/humble/share/ament_cmake_pep257/cmake)
[2.382s] -- Found ament_lint_auto: 0.12.15 (/opt/ros/humble/share/ament_lint_auto/cmake)
[2.401s] -- Added test 'copyright' to check source files copyright and LICENSE
[2.402s] -- Added test 'lint_cmake' to check CMake code style
[2.402s] -- Added test 'xmllint' to check XML markup files
[2.404s] -- Configuring done
[2.445s] -- Generating done
[2.453s] -- Build files have been written to: /home/holms/Projects/lerobot/TG_Robot/build/ros2_socketcan_msgs
[2.460s] Invoked command in '/home/holms/Projects/lerobot/TG_Robot/build/ros2_socketcan_msgs' returned '0': CMAKE_PREFIX_PATH=${CMAKE_PREFIX_PATH}:/home/holms/Projects/TG_Robot/robot_base_v1.1/install/traj_smoother_py:/home/holms/Projects/TG_Robot/robot_base_v1.1/install/robot_test_py:/home/holms/Projects/TG_Robot/robot_base_v1.1/install/robot_input:/home/holms/Projects/TG_Robot/robot_base_v1.1/install/example_py:/home/holms/Projects/TG_Robot/robot_base_v1.1/install/robot_dynamics:/opt/ros/humble /usr/bin/cmake /home/holms/Projects/lerobot/TG_Robot/src/ros2_socketcan/ros2_socketcan_msgs -DCMAKE_INSTALL_PREFIX=/home/holms/Projects/lerobot/TG_Robot/install/ros2_socketcan_msgs
[2.461s] Invoking command in '/home/holms/Projects/lerobot/TG_Robot/build/ros2_socketcan_msgs': CMAKE_PREFIX_PATH=${CMAKE_PREFIX_PATH}:/home/holms/Projects/TG_Robot/robot_base_v1.1/install/traj_smoother_py:/home/holms/Projects/TG_Robot/robot_base_v1.1/install/robot_test_py:/home/holms/Projects/TG_Robot/robot_base_v1.1/install/robot_input:/home/holms/Projects/TG_Robot/robot_base_v1.1/install/example_py:/home/holms/Projects/TG_Robot/robot_base_v1.1/install/robot_dynamics:/opt/ros/humble /usr/bin/cmake --build /home/holms/Projects/lerobot/TG_Robot/build/ros2_socketcan_msgs -- -j8 -l8
[2.496s] [  3%] [34m[1mGenerating C code for ROS interfaces[0m
[2.503s] [  6%] [34m[1mGenerating Rust code for ROS interfaces[0m
[2.504s] [  9%] [34m[1mGenerating C++ code for ROS interfaces[0m
[2.518s] [  9%] Built target ament_cmake_python_copy_ros2_socketcan_msgs
[2.685s] running egg_info
[2.685s] creating ros2_socketcan_msgs.egg-info
[2.685s] writing ros2_socketcan_msgs.egg-info/PKG-INFO
[2.685s] writing dependency_links to ros2_socketcan_msgs.egg-info/dependency_links.txt
[2.685s] writing top-level names to ros2_socketcan_msgs.egg-info/top_level.txt
[2.686s] writing manifest file 'ros2_socketcan_msgs.egg-info/SOURCES.txt'
[2.688s] reading manifest file 'ros2_socketcan_msgs.egg-info/SOURCES.txt'
[2.688s] writing manifest file 'ros2_socketcan_msgs.egg-info/SOURCES.txt'
[2.709s] [  9%] Built target ros2_socketcan_msgs__rs
[2.709s] [  9%] Built target ament_cmake_python_build_ros2_socketcan_msgs_egg
[2.710s] [  9%] Built target ros2_socketcan_msgs__cpp
[2.719s] [ 12%] [34m[1mGenerating C++ introspection for ROS interfaces[0m
[2.720s] [ 15%] [34m[1mGenerating C++ type support dispatch for ROS interfaces[0m
[2.720s] [ 18%] [34m[1mGenerating C++ type support for eProsima Fast-RTPS[0m
[2.732s] [ 21%] [32mBuilding C object CMakeFiles/ros2_socketcan_msgs__rosidl_generator_c.dir/rosidl_generator_c/ros2_socketcan_msgs/msg/detail/fd_frame__functions.c.o[0m
[2.821s] [ 25%] [32m[1mLinking C shared library libros2_socketcan_msgs__rosidl_generator_c.so[0m
[2.862s] [ 28%] [32mBuilding CXX object CMakeFiles/ros2_socketcan_msgs__rosidl_typesupport_cpp.dir/rosidl_typesupport_cpp/ros2_socketcan_msgs/msg/fd_frame__type_support.cpp.o[0m
[2.884s] [ 31%] [32mBuilding CXX object CMakeFiles/ros2_socketcan_msgs__rosidl_typesupport_fastrtps_cpp.dir/rosidl_typesupport_fastrtps_cpp/ros2_socketcan_msgs/msg/detail/dds_fastrtps/fd_frame__type_support.cpp.o[0m
[2.893s] [ 34%] [32mBuilding CXX object CMakeFiles/ros2_socketcan_msgs__rosidl_typesupport_introspection_cpp.dir/rosidl_typesupport_introspection_cpp/ros2_socketcan_msgs/msg/detail/fd_frame__type_support.cpp.o[0m
[2.906s] [ 34%] Built target ros2_socketcan_msgs__rosidl_generator_c
[2.916s] [ 37%] [34m[1mGenerating C type support for eProsima Fast-RTPS[0m
[2.917s] [ 40%] [34m[1mGenerating C type support dispatch for ROS interfaces[0m
[2.942s] [ 43%] [34m[1mGenerating C introspection for ROS interfaces[0m
[3.167s] [ 46%] [32mBuilding CXX object CMakeFiles/ros2_socketcan_msgs__rosidl_typesupport_c.dir/rosidl_typesupport_c/ros2_socketcan_msgs/msg/fd_frame__type_support.cpp.o[0m
[3.190s] [ 50%] [32mBuilding CXX object CMakeFiles/ros2_socketcan_msgs__rosidl_typesupport_fastrtps_c.dir/rosidl_typesupport_fastrtps_c/ros2_socketcan_msgs/msg/detail/fd_frame__type_support_c.cpp.o[0m
[3.217s] [ 53%] [32m[1mLinking CXX shared library libros2_socketcan_msgs__rosidl_typesupport_c.so[0m
[3.292s] [ 56%] [32mBuilding C object CMakeFiles/ros2_socketcan_msgs__rosidl_typesupport_introspection_c.dir/rosidl_typesupport_introspection_c/ros2_socketcan_msgs/msg/detail/fd_frame__type_support.c.o[0m
[3.402s] [ 56%] Built target ros2_socketcan_msgs__rosidl_typesupport_c
[3.407s] [ 59%] [32m[1mLinking C shared library libros2_socketcan_msgs__rosidl_typesupport_introspection_c.so[0m
[3.571s] [ 62%] [32m[1mLinking CXX shared library libros2_socketcan_msgs__rosidl_typesupport_cpp.so[0m
[3.580s] [ 62%] Built target ros2_socketcan_msgs__rosidl_typesupport_introspection_c
[3.865s] [ 62%] Built target ros2_socketcan_msgs__rosidl_typesupport_cpp
[3.883s] [ 68%] [32m[1mLinking CXX shared library libros2_socketcan_msgs__rosidl_typesupport_fastrtps_cpp.so[0m
[3.883s] [ 68%] [32m[1mLinking CXX shared library libros2_socketcan_msgs__rosidl_typesupport_introspection_cpp.so[0m
[3.943s] [ 68%] Built target ros2_socketcan_msgs__rosidl_typesupport_introspection_cpp
[3.969s] [ 71%] [32m[1mLinking CXX shared library libros2_socketcan_msgs__rosidl_typesupport_fastrtps_c.so[0m
[3.975s] [ 71%] Built target ros2_socketcan_msgs__rosidl_typesupport_fastrtps_cpp
[4.028s] [ 71%] Built target ros2_socketcan_msgs__rosidl_typesupport_fastrtps_c
[4.046s] [ 71%] Built target ros2_socketcan_msgs
[4.065s] [ 75%] [34m[1mGenerating Python code for ROS interfaces[0m
[4.264s] [ 75%] Built target ros2_socketcan_msgs__py
[4.286s] [ 78%] [32mBuilding C object CMakeFiles/ros2_socketcan_msgs__rosidl_generator_py.dir/rosidl_generator_py/ros2_socketcan_msgs/msg/_fd_frame_s.c.o[0m
[4.477s] [ 81%] [32m[1mLinking C shared library rosidl_generator_py/ros2_socketcan_msgs/libros2_socketcan_msgs__rosidl_generator_py.so[0m
[4.531s] [ 81%] Built target ros2_socketcan_msgs__rosidl_generator_py
[4.552s] [ 84%] [32mBuilding C object CMakeFiles/ros2_socketcan_msgs__rosidl_typesupport_introspection_c__pyext.dir/rosidl_generator_py/ros2_socketcan_msgs/_ros2_socketcan_msgs_s.ep.rosidl_typesupport_introspection_c.c.o[0m
[4.556s] [ 87%] [32mBuilding C object CMakeFiles/ros2_socketcan_msgs__rosidl_typesupport_fastrtps_c__pyext.dir/rosidl_generator_py/ros2_socketcan_msgs/_ros2_socketcan_msgs_s.ep.rosidl_typesupport_fastrtps_c.c.o[0m
[4.559s] [ 90%] [32mBuilding C object CMakeFiles/ros2_socketcan_msgs__rosidl_typesupport_c__pyext.dir/rosidl_generator_py/ros2_socketcan_msgs/_ros2_socketcan_msgs_s.ep.rosidl_typesupport_c.c.o[0m
[4.623s] [ 93%] [32m[1mLinking C shared library rosidl_generator_py/ros2_socketcan_msgs/ros2_socketcan_msgs_s__rosidl_typesupport_introspection_c.cpython-310-x86_64-linux-gnu.so[0m
[4.634s] [ 96%] [32m[1mLinking C shared library rosidl_generator_py/ros2_socketcan_msgs/ros2_socketcan_msgs_s__rosidl_typesupport_fastrtps_c.cpython-310-x86_64-linux-gnu.so[0m
[4.642s] [100%] [32m[1mLinking C shared library rosidl_generator_py/ros2_socketcan_msgs/ros2_socketcan_msgs_s__rosidl_typesupport_c.cpython-310-x86_64-linux-gnu.so[0m
[4.653s] [100%] Built target ros2_socketcan_msgs__rosidl_typesupport_introspection_c__pyext
[4.672s] [100%] Built target ros2_socketcan_msgs__rosidl_typesupport_c__pyext
[4.677s] [100%] Built target ros2_socketcan_msgs__rosidl_typesupport_fastrtps_c__pyext
[4.685s] Invoked command in '/home/holms/Projects/lerobot/TG_Robot/build/ros2_socketcan_msgs' returned '0': CMAKE_PREFIX_PATH=${CMAKE_PREFIX_PATH}:/home/holms/Projects/TG_Robot/robot_base_v1.1/install/traj_smoother_py:/home/holms/Projects/TG_Robot/robot_base_v1.1/install/robot_test_py:/home/holms/Projects/TG_Robot/robot_base_v1.1/install/robot_input:/home/holms/Projects/TG_Robot/robot_base_v1.1/install/example_py:/home/holms/Projects/TG_Robot/robot_base_v1.1/install/robot_dynamics:/opt/ros/humble /usr/bin/cmake --build /home/holms/Projects/lerobot/TG_Robot/build/ros2_socketcan_msgs -- -j8 -l8
[4.687s] Invoking command in '/home/holms/Projects/lerobot/TG_Robot/build/ros2_socketcan_msgs': CMAKE_PREFIX_PATH=${CMAKE_PREFIX_PATH}:/home/holms/Projects/TG_Robot/robot_base_v1.1/install/traj_smoother_py:/home/holms/Projects/TG_Robot/robot_base_v1.1/install/robot_test_py:/home/holms/Projects/TG_Robot/robot_base_v1.1/install/robot_input:/home/holms/Projects/TG_Robot/robot_base_v1.1/install/example_py:/home/holms/Projects/TG_Robot/robot_base_v1.1/install/robot_dynamics:/opt/ros/humble /usr/bin/cmake --install /home/holms/Projects/lerobot/TG_Robot/build/ros2_socketcan_msgs
[4.693s] -- Install configuration: ""
[4.694s] -- Installing: /home/holms/Projects/lerobot/TG_Robot/install/ros2_socketcan_msgs/share/ament_index/resource_index/rosidl_interfaces/ros2_socketcan_msgs
[4.695s] -- Installing: /home/holms/Projects/lerobot/TG_Robot/install/ros2_socketcan_msgs/include/ros2_socketcan_msgs/ros2_socketcan_msgs
[4.695s] -- Installing: /home/holms/Projects/lerobot/TG_Robot/install/ros2_socketcan_msgs/include/ros2_socketcan_msgs/ros2_socketcan_msgs/msg
[4.695s] -- Installing: /home/holms/Projects/lerobot/TG_Robot/install/ros2_socketcan_msgs/include/ros2_socketcan_msgs/ros2_socketcan_msgs/msg/fd_frame.h
[4.695s] -- Installing: /home/holms/Projects/lerobot/TG_Robot/install/ros2_socketcan_msgs/include/ros2_socketcan_msgs/ros2_socketcan_msgs/msg/rosidl_generator_c__visibility_control.h
[4.695s] -- Installing: /home/holms/Projects/lerobot/TG_Robot/install/ros2_socketcan_msgs/include/ros2_socketcan_msgs/ros2_socketcan_msgs/msg/detail
[4.695s] -- Installing: /home/holms/Projects/lerobot/TG_Robot/install/ros2_socketcan_msgs/include/ros2_socketcan_msgs/ros2_socketcan_msgs/msg/detail/fd_frame__functions.h
[4.695s] -- Installing: /home/holms/Projects/lerobot/TG_Robot/install/ros2_socketcan_msgs/include/ros2_socketcan_msgs/ros2_socketcan_msgs/msg/detail/fd_frame__functions.c
[4.695s] -- Installing: /home/holms/Projects/lerobot/TG_Robot/install/ros2_socketcan_msgs/include/ros2_socketcan_msgs/ros2_socketcan_msgs/msg/detail/fd_frame__type_support.h
[4.695s] -- Installing: /home/holms/Projects/lerobot/TG_Robot/install/ros2_socketcan_msgs/include/ros2_socketcan_msgs/ros2_socketcan_msgs/msg/detail/fd_frame__struct.h
[4.695s] -- Installing: /home/holms/Projects/lerobot/TG_Robot/install/ros2_socketcan_msgs/share/ros2_socketcan_msgs/environment/library_path.sh
[4.695s] -- Installing: /home/holms/Projects/lerobot/TG_Robot/install/ros2_socketcan_msgs/share/ros2_socketcan_msgs/environment/library_path.dsv
[4.696s] -- Installing: /home/holms/Projects/lerobot/TG_Robot/install/ros2_socketcan_msgs/lib/libros2_socketcan_msgs__rosidl_generator_c.so
[4.696s] -- Set runtime path of "/home/holms/Projects/lerobot/TG_Robot/install/ros2_socketcan_msgs/lib/libros2_socketcan_msgs__rosidl_generator_c.so" to ""
[4.696s] -- Up-to-date: /home/holms/Projects/lerobot/TG_Robot/install/ros2_socketcan_msgs/include/ros2_socketcan_msgs/ros2_socketcan_msgs
[4.696s] -- Up-to-date: /home/holms/Projects/lerobot/TG_Robot/install/ros2_socketcan_msgs/include/ros2_socketcan_msgs/ros2_socketcan_msgs/msg
[4.696s] -- Installing: /home/holms/Projects/lerobot/TG_Robot/install/ros2_socketcan_msgs/include/ros2_socketcan_msgs/ros2_socketcan_msgs/msg/rosidl_typesupport_fastrtps_c__visibility_control.h
[4.696s] -- Up-to-date: /home/holms/Projects/lerobot/TG_Robot/install/ros2_socketcan_msgs/include/ros2_socketcan_msgs/ros2_socketcan_msgs/msg/detail
[4.696s] -- Installing: /home/holms/Projects/lerobot/TG_Robot/install/ros2_socketcan_msgs/include/ros2_socketcan_msgs/ros2_socketcan_msgs/msg/detail/fd_frame__rosidl_typesupport_fastrtps_c.h
[4.696s] -- Installing: /home/holms/Projects/lerobot/TG_Robot/install/ros2_socketcan_msgs/lib/libros2_socketcan_msgs__rosidl_typesupport_fastrtps_c.so
[4.696s] -- Set runtime path of "/home/holms/Projects/lerobot/TG_Robot/install/ros2_socketcan_msgs/lib/libros2_socketcan_msgs__rosidl_typesupport_fastrtps_c.so" to ""
[4.697s] -- Up-to-date: /home/holms/Projects/lerobot/TG_Robot/install/ros2_socketcan_msgs/include/ros2_socketcan_msgs/ros2_socketcan_msgs
[4.697s] -- Up-to-date: /home/holms/Projects/lerobot/TG_Robot/install/ros2_socketcan_msgs/include/ros2_socketcan_msgs/ros2_socketcan_msgs/msg
[4.697s] -- Installing: /home/holms/Projects/lerobot/TG_Robot/install/ros2_socketcan_msgs/include/ros2_socketcan_msgs/ros2_socketcan_msgs/msg/rosidl_typesupport_introspection_c__visibility_control.h
[4.697s] -- Up-to-date: /home/holms/Projects/lerobot/TG_Robot/install/ros2_socketcan_msgs/include/ros2_socketcan_msgs/ros2_socketcan_msgs/msg/detail
[4.697s] -- Installing: /home/holms/Projects/lerobot/TG_Robot/install/ros2_socketcan_msgs/include/ros2_socketcan_msgs/ros2_socketcan_msgs/msg/detail/fd_frame__type_support.c
[4.697s] -- Installing: /home/holms/Projects/lerobot/TG_Robot/install/ros2_socketcan_msgs/include/ros2_socketcan_msgs/ros2_socketcan_msgs/msg/detail/fd_frame__rosidl_typesupport_introspection_c.h
[4.697s] -- Installing: /home/holms/Projects/lerobot/TG_Robot/install/ros2_socketcan_msgs/lib/libros2_socketcan_msgs__rosidl_typesupport_introspection_c.so
[4.698s] -- Set runtime path of "/home/holms/Projects/lerobot/TG_Robot/install/ros2_socketcan_msgs/lib/libros2_socketcan_msgs__rosidl_typesupport_introspection_c.so" to ""
[4.698s] -- Installing: /home/holms/Projects/lerobot/TG_Robot/install/ros2_socketcan_msgs/lib/libros2_socketcan_msgs__rosidl_typesupport_c.so
[4.698s] -- Set runtime path of "/home/holms/Projects/lerobot/TG_Robot/install/ros2_socketcan_msgs/lib/libros2_socketcan_msgs__rosidl_typesupport_c.so" to ""
[4.698s] -- Up-to-date: /home/holms/Projects/lerobot/TG_Robot/install/ros2_socketcan_msgs/include/ros2_socketcan_msgs/ros2_socketcan_msgs
[4.698s] -- Up-to-date: /home/holms/Projects/lerobot/TG_Robot/install/ros2_socketcan_msgs/include/ros2_socketcan_msgs/ros2_socketcan_msgs/msg
[4.698s] -- Installing: /home/holms/Projects/lerobot/TG_Robot/install/ros2_socketcan_msgs/include/ros2_socketcan_msgs/ros2_socketcan_msgs/msg/rosidl_generator_cpp__visibility_control.hpp
[4.698s] -- Installing: /home/holms/Projects/lerobot/TG_Robot/install/ros2_socketcan_msgs/include/ros2_socketcan_msgs/ros2_socketcan_msgs/msg/fd_frame.hpp
[4.698s] -- Up-to-date: /home/holms/Projects/lerobot/TG_Robot/install/ros2_socketcan_msgs/include/ros2_socketcan_msgs/ros2_socketcan_msgs/msg/detail
[4.698s] -- Installing: /home/holms/Projects/lerobot/TG_Robot/install/ros2_socketcan_msgs/include/ros2_socketcan_msgs/ros2_socketcan_msgs/msg/detail/fd_frame__struct.hpp
[4.698s] -- Installing: /home/holms/Projects/lerobot/TG_Robot/install/ros2_socketcan_msgs/include/ros2_socketcan_msgs/ros2_socketcan_msgs/msg/detail/fd_frame__traits.hpp
[4.698s] -- Installing: /home/holms/Projects/lerobot/TG_Robot/install/ros2_socketcan_msgs/include/ros2_socketcan_msgs/ros2_socketcan_msgs/msg/detail/fd_frame__type_support.hpp
[4.699s] -- Installing: /home/holms/Projects/lerobot/TG_Robot/install/ros2_socketcan_msgs/include/ros2_socketcan_msgs/ros2_socketcan_msgs/msg/detail/fd_frame__builder.hpp
[4.699s] -- Up-to-date: /home/holms/Projects/lerobot/TG_Robot/install/ros2_socketcan_msgs/include/ros2_socketcan_msgs/ros2_socketcan_msgs
[4.699s] -- Up-to-date: /home/holms/Projects/lerobot/TG_Robot/install/ros2_socketcan_msgs/include/ros2_socketcan_msgs/ros2_socketcan_msgs/msg
[4.699s] -- Up-to-date: /home/holms/Projects/lerobot/TG_Robot/install/ros2_socketcan_msgs/include/ros2_socketcan_msgs/ros2_socketcan_msgs/msg/detail
[4.699s] -- Installing: /home/holms/Projects/lerobot/TG_Robot/install/ros2_socketcan_msgs/include/ros2_socketcan_msgs/ros2_socketcan_msgs/msg/detail/fd_frame__rosidl_typesupport_fastrtps_cpp.hpp
[4.699s] -- Installing: /home/holms/Projects/lerobot/TG_Robot/install/ros2_socketcan_msgs/include/ros2_socketcan_msgs/ros2_socketcan_msgs/msg/detail/dds_fastrtps
[4.699s] -- Installing: /home/holms/Projects/lerobot/TG_Robot/install/ros2_socketcan_msgs/include/ros2_socketcan_msgs/ros2_socketcan_msgs/msg/rosidl_typesupport_fastrtps_cpp__visibility_control.h
[4.699s] -- Installing: /home/holms/Projects/lerobot/TG_Robot/install/ros2_socketcan_msgs/lib/libros2_socketcan_msgs__rosidl_typesupport_fastrtps_cpp.so
[4.701s] -- Set runtime path of "/home/holms/Projects/lerobot/TG_Robot/install/ros2_socketcan_msgs/lib/libros2_socketcan_msgs__rosidl_typesupport_fastrtps_cpp.so" to ""
[4.701s] -- Up-to-date: /home/holms/Projects/lerobot/TG_Robot/install/ros2_socketcan_msgs/include/ros2_socketcan_msgs/ros2_socketcan_msgs
[4.701s] -- Up-to-date: /home/holms/Projects/lerobot/TG_Robot/install/ros2_socketcan_msgs/include/ros2_socketcan_msgs/ros2_socketcan_msgs/msg
[4.701s] -- Up-to-date: /home/holms/Projects/lerobot/TG_Robot/install/ros2_socketcan_msgs/include/ros2_socketcan_msgs/ros2_socketcan_msgs/msg/detail
[4.701s] -- Installing: /home/holms/Projects/lerobot/TG_Robot/install/ros2_socketcan_msgs/include/ros2_socketcan_msgs/ros2_socketcan_msgs/msg/detail/fd_frame__rosidl_typesupport_introspection_cpp.hpp
[4.701s] -- Installing: /home/holms/Projects/lerobot/TG_Robot/install/ros2_socketcan_msgs/include/ros2_socketcan_msgs/ros2_socketcan_msgs/msg/detail/fd_frame__type_support.cpp
[4.701s] -- Installing: /home/holms/Projects/lerobot/TG_Robot/install/ros2_socketcan_msgs/lib/libros2_socketcan_msgs__rosidl_typesupport_introspection_cpp.so
[4.701s] -- Set runtime path of "/home/holms/Projects/lerobot/TG_Robot/install/ros2_socketcan_msgs/lib/libros2_socketcan_msgs__rosidl_typesupport_introspection_cpp.so" to ""
[4.701s] -- Installing: /home/holms/Projects/lerobot/TG_Robot/install/ros2_socketcan_msgs/lib/libros2_socketcan_msgs__rosidl_typesupport_cpp.so
[4.701s] -- Set runtime path of "/home/holms/Projects/lerobot/TG_Robot/install/ros2_socketcan_msgs/lib/libros2_socketcan_msgs__rosidl_typesupport_cpp.so" to ""
[4.701s] -- Installing: /home/holms/Projects/lerobot/TG_Robot/install/ros2_socketcan_msgs/share/ros2_socketcan_msgs/environment/pythonpath.sh
[4.701s] -- Installing: /home/holms/Projects/lerobot/TG_Robot/install/ros2_socketcan_msgs/share/ros2_socketcan_msgs/environment/pythonpath.dsv
[4.701s] -- Installing: /home/holms/Projects/lerobot/TG_Robot/install/ros2_socketcan_msgs/local/lib/python3.10/dist-packages/ros2_socketcan_msgs-1.3.0-py3.10.egg-info
[4.701s] -- Installing: /home/holms/Projects/lerobot/TG_Robot/install/ros2_socketcan_msgs/local/lib/python3.10/dist-packages/ros2_socketcan_msgs-1.3.0-py3.10.egg-info/PKG-INFO
[4.701s] -- Installing: /home/holms/Projects/lerobot/TG_Robot/install/ros2_socketcan_msgs/local/lib/python3.10/dist-packages/ros2_socketcan_msgs-1.3.0-py3.10.egg-info/top_level.txt
[4.701s] -- Installing: /home/holms/Projects/lerobot/TG_Robot/install/ros2_socketcan_msgs/local/lib/python3.10/dist-packages/ros2_socketcan_msgs-1.3.0-py3.10.egg-info/SOURCES.txt
[4.702s] -- Installing: /home/holms/Projects/lerobot/TG_Robot/install/ros2_socketcan_msgs/local/lib/python3.10/dist-packages/ros2_socketcan_msgs-1.3.0-py3.10.egg-info/dependency_links.txt
[4.702s] -- Installing: /home/holms/Projects/lerobot/TG_Robot/install/ros2_socketcan_msgs/local/lib/python3.10/dist-packages/ros2_socketcan_msgs
[4.702s] -- Installing: /home/holms/Projects/lerobot/TG_Robot/install/ros2_socketcan_msgs/local/lib/python3.10/dist-packages/ros2_socketcan_msgs/ros2_socketcan_msgs_s__rosidl_typesupport_introspection_c.cpython-310-x86_64-linux-gnu.so
[4.702s] -- Installing: /home/holms/Projects/lerobot/TG_Robot/install/ros2_socketcan_msgs/local/lib/python3.10/dist-packages/ros2_socketcan_msgs/_ros2_socketcan_msgs_s.ep.rosidl_typesupport_introspection_c.c
[4.704s] -- Installing: /home/holms/Projects/lerobot/TG_Robot/install/ros2_socketcan_msgs/local/lib/python3.10/dist-packages/ros2_socketcan_msgs/libros2_socketcan_msgs__rosidl_generator_py.so
[4.704s] -- Installing: /home/holms/Projects/lerobot/TG_Robot/install/ros2_socketcan_msgs/local/lib/python3.10/dist-packages/ros2_socketcan_msgs/_ros2_socketcan_msgs_s.ep.rosidl_typesupport_fastrtps_c.c
[4.704s] -- Installing: /home/holms/Projects/lerobot/TG_Robot/install/ros2_socketcan_msgs/local/lib/python3.10/dist-packages/ros2_socketcan_msgs/__init__.py
[4.704s] -- Installing: /home/holms/Projects/lerobot/TG_Robot/install/ros2_socketcan_msgs/local/lib/python3.10/dist-packages/ros2_socketcan_msgs/msg
[4.704s] -- Installing: /home/holms/Projects/lerobot/TG_Robot/install/ros2_socketcan_msgs/local/lib/python3.10/dist-packages/ros2_socketcan_msgs/msg/__init__.py
[4.704s] -- Installing: /home/holms/Projects/lerobot/TG_Robot/install/ros2_socketcan_msgs/local/lib/python3.10/dist-packages/ros2_socketcan_msgs/msg/_fd_frame_s.c
[4.704s] -- Installing: /home/holms/Projects/lerobot/TG_Robot/install/ros2_socketcan_msgs/local/lib/python3.10/dist-packages/ros2_socketcan_msgs/msg/_fd_frame.py
[4.704s] -- Installing: /home/holms/Projects/lerobot/TG_Robot/install/ros2_socketcan_msgs/local/lib/python3.10/dist-packages/ros2_socketcan_msgs/ros2_socketcan_msgs_s__rosidl_typesupport_fastrtps_c.cpython-310-x86_64-linux-gnu.so
[4.704s] -- Installing: /home/holms/Projects/lerobot/TG_Robot/install/ros2_socketcan_msgs/local/lib/python3.10/dist-packages/ros2_socketcan_msgs/ros2_socketcan_msgs_s__rosidl_typesupport_c.cpython-310-x86_64-linux-gnu.so
[4.704s] -- Installing: /home/holms/Projects/lerobot/TG_Robot/install/ros2_socketcan_msgs/local/lib/python3.10/dist-packages/ros2_socketcan_msgs/_ros2_socketcan_msgs_s.ep.rosidl_typesupport_c.c
[4.729s] Listing '/home/holms/Projects/lerobot/TG_Robot/install/ros2_socketcan_msgs/local/lib/python3.10/dist-packages/ros2_socketcan_msgs'...
[4.729s] Compiling '/home/holms/Projects/lerobot/TG_Robot/install/ros2_socketcan_msgs/local/lib/python3.10/dist-packages/ros2_socketcan_msgs/__init__.py'...
[4.729s] Listing '/home/holms/Projects/lerobot/TG_Robot/install/ros2_socketcan_msgs/local/lib/python3.10/dist-packages/ros2_socketcan_msgs/msg'...
[4.729s] Compiling '/home/holms/Projects/lerobot/TG_Robot/install/ros2_socketcan_msgs/local/lib/python3.10/dist-packages/ros2_socketcan_msgs/msg/__init__.py'...
[4.729s] Compiling '/home/holms/Projects/lerobot/TG_Robot/install/ros2_socketcan_msgs/local/lib/python3.10/dist-packages/ros2_socketcan_msgs/msg/_fd_frame.py'...
[4.731s] -- Installing: /home/holms/Projects/lerobot/TG_Robot/install/ros2_socketcan_msgs/local/lib/python3.10/dist-packages/ros2_socketcan_msgs/ros2_socketcan_msgs_s__rosidl_typesupport_fastrtps_c.cpython-310-x86_64-linux-gnu.so
[4.732s] -- Set runtime path of "/home/holms/Projects/lerobot/TG_Robot/install/ros2_socketcan_msgs/local/lib/python3.10/dist-packages/ros2_socketcan_msgs/ros2_socketcan_msgs_s__rosidl_typesupport_fastrtps_c.cpython-310-x86_64-linux-gnu.so" to ""
[4.732s] -- Installing: /home/holms/Projects/lerobot/TG_Robot/install/ros2_socketcan_msgs/local/lib/python3.10/dist-packages/ros2_socketcan_msgs/ros2_socketcan_msgs_s__rosidl_typesupport_introspection_c.cpython-310-x86_64-linux-gnu.so
[4.732s] -- Set runtime path of "/home/holms/Projects/lerobot/TG_Robot/install/ros2_socketcan_msgs/local/lib/python3.10/dist-packages/ros2_socketcan_msgs/ros2_socketcan_msgs_s__rosidl_typesupport_introspection_c.cpython-310-x86_64-linux-gnu.so" to ""
[4.733s] -- Installing: /home/holms/Projects/lerobot/TG_Robot/install/ros2_socketcan_msgs/local/lib/python3.10/dist-packages/ros2_socketcan_msgs/ros2_socketcan_msgs_s__rosidl_typesupport_c.cpython-310-x86_64-linux-gnu.so
[4.733s] -- Set runtime path of "/home/holms/Projects/lerobot/TG_Robot/install/ros2_socketcan_msgs/local/lib/python3.10/dist-packages/ros2_socketcan_msgs/ros2_socketcan_msgs_s__rosidl_typesupport_c.cpython-310-x86_64-linux-gnu.so" to ""
[4.733s] -- Installing: /home/holms/Projects/lerobot/TG_Robot/install/ros2_socketcan_msgs/lib/libros2_socketcan_msgs__rosidl_generator_py.so
[4.733s] -- Set runtime path of "/home/holms/Projects/lerobot/TG_Robot/install/ros2_socketcan_msgs/lib/libros2_socketcan_msgs__rosidl_generator_py.so" to ""
[4.733s] -- Installing: /home/holms/Projects/lerobot/TG_Robot/install/ros2_socketcan_msgs/share/ament_index/resource_index/rust_packages/ros2_socketcan_msgs
[4.734s] -- Installing: /home/holms/Projects/lerobot/TG_Robot/install/ros2_socketcan_msgs/share/ros2_socketcan_msgs/rust
[4.734s] -- Installing: /home/holms/Projects/lerobot/TG_Robot/install/ros2_socketcan_msgs/share/ros2_socketcan_msgs/rust/build.rs
[4.734s] -- Installing: /home/holms/Projects/lerobot/TG_Robot/install/ros2_socketcan_msgs/share/ros2_socketcan_msgs/rust/Cargo.toml
[4.734s] -- Installing: /home/holms/Projects/lerobot/TG_Robot/install/ros2_socketcan_msgs/share/ros2_socketcan_msgs/rust/src
[4.734s] -- Installing: /home/holms/Projects/lerobot/TG_Robot/install/ros2_socketcan_msgs/share/ros2_socketcan_msgs/rust/src/lib.rs
[4.734s] -- Installing: /home/holms/Projects/lerobot/TG_Robot/install/ros2_socketcan_msgs/share/ros2_socketcan_msgs/rust/src/msg.rs
[4.734s] -- Installing: /home/holms/Projects/lerobot/TG_Robot/install/ros2_socketcan_msgs/share/ros2_socketcan_msgs/rust/src/msg
[4.734s] -- Installing: /home/holms/Projects/lerobot/TG_Robot/install/ros2_socketcan_msgs/share/ros2_socketcan_msgs/rust/src/msg/rmw.rs
[4.734s] -- Installing: /home/holms/Projects/lerobot/TG_Robot/install/ros2_socketcan_msgs/share/ros2_socketcan_msgs/msg/FdFrame.idl
[4.735s] -- Installing: /home/holms/Projects/lerobot/TG_Robot/install/ros2_socketcan_msgs/share/ros2_socketcan_msgs/msg/FdFrame.msg
[4.735s] -- Installing: /home/holms/Projects/lerobot/TG_Robot/install/ros2_socketcan_msgs/share/ament_index/resource_index/package_run_dependencies/ros2_socketcan_msgs
[4.735s] -- Installing: /home/holms/Projects/lerobot/TG_Robot/install/ros2_socketcan_msgs/share/ament_index/resource_index/parent_prefix_path/ros2_socketcan_msgs
[4.735s] -- Installing: /home/holms/Projects/lerobot/TG_Robot/install/ros2_socketcan_msgs/share/ros2_socketcan_msgs/environment/ament_prefix_path.sh
[4.735s] -- Installing: /home/holms/Projects/lerobot/TG_Robot/install/ros2_socketcan_msgs/share/ros2_socketcan_msgs/environment/ament_prefix_path.dsv
[4.735s] -- Installing: /home/holms/Projects/lerobot/TG_Robot/install/ros2_socketcan_msgs/share/ros2_socketcan_msgs/environment/path.sh
[4.735s] -- Installing: /home/holms/Projects/lerobot/TG_Robot/install/ros2_socketcan_msgs/share/ros2_socketcan_msgs/environment/path.dsv
[4.735s] -- Installing: /home/holms/Projects/lerobot/TG_Robot/install/ros2_socketcan_msgs/share/ros2_socketcan_msgs/local_setup.bash
[4.735s] -- Installing: /home/holms/Projects/lerobot/TG_Robot/install/ros2_socketcan_msgs/share/ros2_socketcan_msgs/local_setup.sh
[4.735s] -- Installing: /home/holms/Projects/lerobot/TG_Robot/install/ros2_socketcan_msgs/share/ros2_socketcan_msgs/local_setup.zsh
[4.735s] -- Installing: /home/holms/Projects/lerobot/TG_Robot/install/ros2_socketcan_msgs/share/ros2_socketcan_msgs/local_setup.dsv
[4.735s] -- Installing: /home/holms/Projects/lerobot/TG_Robot/install/ros2_socketcan_msgs/share/ros2_socketcan_msgs/package.dsv
[4.735s] -- Installing: /home/holms/Projects/lerobot/TG_Robot/install/ros2_socketcan_msgs/share/ament_index/resource_index/packages/ros2_socketcan_msgs
[4.736s] -- Installing: /home/holms/Projects/lerobot/TG_Robot/install/ros2_socketcan_msgs/share/ros2_socketcan_msgs/cmake/export_ros2_socketcan_msgs__rosidl_generator_cExport.cmake
[4.736s] -- Installing: /home/holms/Projects/lerobot/TG_Robot/install/ros2_socketcan_msgs/share/ros2_socketcan_msgs/cmake/export_ros2_socketcan_msgs__rosidl_generator_cExport-noconfig.cmake
[4.736s] -- Installing: /home/holms/Projects/lerobot/TG_Robot/install/ros2_socketcan_msgs/share/ros2_socketcan_msgs/cmake/export_ros2_socketcan_msgs__rosidl_typesupport_fastrtps_cExport.cmake
[4.736s] -- Installing: /home/holms/Projects/lerobot/TG_Robot/install/ros2_socketcan_msgs/share/ros2_socketcan_msgs/cmake/export_ros2_socketcan_msgs__rosidl_typesupport_fastrtps_cExport-noconfig.cmake
[4.737s] -- Installing: /home/holms/Projects/lerobot/TG_Robot/install/ros2_socketcan_msgs/share/ros2_socketcan_msgs/cmake/ros2_socketcan_msgs__rosidl_typesupport_introspection_cExport.cmake
[4.737s] -- Installing: /home/holms/Projects/lerobot/TG_Robot/install/ros2_socketcan_msgs/share/ros2_socketcan_msgs/cmake/ros2_socketcan_msgs__rosidl_typesupport_introspection_cExport-noconfig.cmake
[4.737s] -- Installing: /home/holms/Projects/lerobot/TG_Robot/install/ros2_socketcan_msgs/share/ros2_socketcan_msgs/cmake/ros2_socketcan_msgs__rosidl_typesupport_cExport.cmake
[4.737s] -- Installing: /home/holms/Projects/lerobot/TG_Robot/install/ros2_socketcan_msgs/share/ros2_socketcan_msgs/cmake/ros2_socketcan_msgs__rosidl_typesupport_cExport-noconfig.cmake
[4.737s] -- Installing: /home/holms/Projects/lerobot/TG_Robot/install/ros2_socketcan_msgs/share/ros2_socketcan_msgs/cmake/export_ros2_socketcan_msgs__rosidl_generator_cppExport.cmake
[4.738s] -- Installing: /home/holms/Projects/lerobot/TG_Robot/install/ros2_socketcan_msgs/share/ros2_socketcan_msgs/cmake/export_ros2_socketcan_msgs__rosidl_typesupport_fastrtps_cppExport.cmake
[4.738s] -- Installing: /home/holms/Projects/lerobot/TG_Robot/install/ros2_socketcan_msgs/share/ros2_socketcan_msgs/cmake/export_ros2_socketcan_msgs__rosidl_typesupport_fastrtps_cppExport-noconfig.cmake
[4.738s] -- Installing: /home/holms/Projects/lerobot/TG_Robot/install/ros2_socketcan_msgs/share/ros2_socketcan_msgs/cmake/ros2_socketcan_msgs__rosidl_typesupport_introspection_cppExport.cmake
[4.738s] -- Installing: /home/holms/Projects/lerobot/TG_Robot/install/ros2_socketcan_msgs/share/ros2_socketcan_msgs/cmake/ros2_socketcan_msgs__rosidl_typesupport_introspection_cppExport-noconfig.cmake
[4.738s] -- Installing: /home/holms/Projects/lerobot/TG_Robot/install/ros2_socketcan_msgs/share/ros2_socketcan_msgs/cmake/ros2_socketcan_msgs__rosidl_typesupport_cppExport.cmake
[4.738s] -- Installing: /home/holms/Projects/lerobot/TG_Robot/install/ros2_socketcan_msgs/share/ros2_socketcan_msgs/cmake/ros2_socketcan_msgs__rosidl_typesupport_cppExport-noconfig.cmake
[4.738s] -- Installing: /home/holms/Projects/lerobot/TG_Robot/install/ros2_socketcan_msgs/share/ros2_socketcan_msgs/cmake/export_ros2_socketcan_msgs__rosidl_generator_pyExport.cmake
[4.739s] -- Installing: /home/holms/Projects/lerobot/TG_Robot/install/ros2_socketcan_msgs/share/ros2_socketcan_msgs/cmake/export_ros2_socketcan_msgs__rosidl_generator_pyExport-noconfig.cmake
[4.739s] -- Installing: /home/holms/Projects/lerobot/TG_Robot/install/ros2_socketcan_msgs/share/ros2_socketcan_msgs/cmake/rosidl_cmake-extras.cmake
[4.739s] -- Installing: /home/holms/Projects/lerobot/TG_Robot/install/ros2_socketcan_msgs/share/ros2_socketcan_msgs/cmake/ament_cmake_export_dependencies-extras.cmake
[4.739s] -- Installing: /home/holms/Projects/lerobot/TG_Robot/install/ros2_socketcan_msgs/share/ros2_socketcan_msgs/cmake/ament_cmake_export_include_directories-extras.cmake
[4.739s] -- Installing: /home/holms/Projects/lerobot/TG_Robot/install/ros2_socketcan_msgs/share/ros2_socketcan_msgs/cmake/ament_cmake_export_libraries-extras.cmake
[4.739s] -- Installing: /home/holms/Projects/lerobot/TG_Robot/install/ros2_socketcan_msgs/share/ros2_socketcan_msgs/cmake/ament_cmake_export_targets-extras.cmake
[4.740s] -- Installing: /home/holms/Projects/lerobot/TG_Robot/install/ros2_socketcan_msgs/share/ros2_socketcan_msgs/cmake/rosidl_cmake_export_typesupport_targets-extras.cmake
[4.740s] -- Installing: /home/holms/Projects/lerobot/TG_Robot/install/ros2_socketcan_msgs/share/ros2_socketcan_msgs/cmake/rosidl_cmake_export_typesupport_libraries-extras.cmake
[4.740s] -- Installing: /home/holms/Projects/lerobot/TG_Robot/install/ros2_socketcan_msgs/share/ros2_socketcan_msgs/cmake/ros2_socketcan_msgsConfig.cmake
[4.740s] -- Installing: /home/holms/Projects/lerobot/TG_Robot/install/ros2_socketcan_msgs/share/ros2_socketcan_msgs/cmake/ros2_socketcan_msgsConfig-version.cmake
[4.740s] -- Installing: /home/holms/Projects/lerobot/TG_Robot/install/ros2_socketcan_msgs/share/ros2_socketcan_msgs/package.xml
[4.742s] Invoked command in '/home/holms/Projects/lerobot/TG_Robot/build/ros2_socketcan_msgs' returned '0': CMAKE_PREFIX_PATH=${CMAKE_PREFIX_PATH}:/home/holms/Projects/TG_Robot/robot_base_v1.1/install/traj_smoother_py:/home/holms/Projects/TG_Robot/robot_base_v1.1/install/robot_test_py:/home/holms/Projects/TG_Robot/robot_base_v1.1/install/robot_input:/home/holms/Projects/TG_Robot/robot_base_v1.1/install/example_py:/home/holms/Projects/TG_Robot/robot_base_v1.1/install/robot_dynamics:/opt/ros/humble /usr/bin/cmake --install /home/holms/Projects/lerobot/TG_Robot/build/ros2_socketcan_msgs
