[0.020s] Invoking command in '/home/holms/Projects/lerobot/TG_Robot/build/robot_description': CMAKE_PREFIX_PATH=${CMAKE_PREFIX_PATH}:/home/holms/Projects/TG_Robot/robot_base_v1.1/install/traj_smoother_py:/home/holms/Projects/TG_Robot/robot_base_v1.1/install/robot_test_py:/home/holms/Projects/TG_Robot/robot_base_v1.1/install/robot_input:/home/holms/Projects/TG_Robot/robot_base_v1.1/install/example_py:/home/holms/Projects/TG_Robot/robot_base_v1.1/install/robot_dynamics:/opt/ros/humble /usr/bin/cmake /home/holms/Projects/lerobot/TG_Robot/src/robot_description -DAMENT_CMAKE_SYMLINK_INSTALL=1 -DCMAKE_INSTALL_PREFIX=/home/holms/Projects/lerobot/TG_Robot/install/robot_description
[0.050s] -- Found ament_cmake: 1.3.14 (/opt/ros/humble/share/ament_cmake/cmake)
[0.193s] -- Override CMake install command with custom implementation using symlinks instead of copying resources
[0.231s] -- Found ament_lint_auto: 0.12.15 (/opt/ros/humble/share/ament_lint_auto/cmake)
[0.299s] -- Added test 'copyright' to check source files copyright and LICENSE
[0.302s] -- Added test 'flake8' to check Python code syntax and style conventions
[0.303s] -- Added test 'lint_cmake' to check CMake code style
[0.303s] -- Added test 'pep257' to check Python code against some of the docstring style conventions in PEP 257
[0.305s] -- Added test 'xmllint' to check XML markup files
[0.309s] -- Configuring done
[0.337s] -- Generating done
[0.343s] -- Build files have been written to: /home/holms/Projects/lerobot/TG_Robot/build/robot_description
[0.347s] Invoked command in '/home/holms/Projects/lerobot/TG_Robot/build/robot_description' returned '0': CMAKE_PREFIX_PATH=${CMAKE_PREFIX_PATH}:/home/holms/Projects/TG_Robot/robot_base_v1.1/install/traj_smoother_py:/home/holms/Projects/TG_Robot/robot_base_v1.1/install/robot_test_py:/home/holms/Projects/TG_Robot/robot_base_v1.1/install/robot_input:/home/holms/Projects/TG_Robot/robot_base_v1.1/install/example_py:/home/holms/Projects/TG_Robot/robot_base_v1.1/install/robot_dynamics:/opt/ros/humble /usr/bin/cmake /home/holms/Projects/lerobot/TG_Robot/src/robot_description -DAMENT_CMAKE_SYMLINK_INSTALL=1 -DCMAKE_INSTALL_PREFIX=/home/holms/Projects/lerobot/TG_Robot/install/robot_description
[0.348s] Invoking command in '/home/holms/Projects/lerobot/TG_Robot/build/robot_description': CMAKE_PREFIX_PATH=${CMAKE_PREFIX_PATH}:/home/holms/Projects/TG_Robot/robot_base_v1.1/install/traj_smoother_py:/home/holms/Projects/TG_Robot/robot_base_v1.1/install/robot_test_py:/home/holms/Projects/TG_Robot/robot_base_v1.1/install/robot_input:/home/holms/Projects/TG_Robot/robot_base_v1.1/install/example_py:/home/holms/Projects/TG_Robot/robot_base_v1.1/install/robot_dynamics:/opt/ros/humble /usr/bin/cmake --build /home/holms/Projects/lerobot/TG_Robot/build/robot_description -- -j8 -l8
[0.379s] Invoked command in '/home/holms/Projects/lerobot/TG_Robot/build/robot_description' returned '0': CMAKE_PREFIX_PATH=${CMAKE_PREFIX_PATH}:/home/holms/Projects/TG_Robot/robot_base_v1.1/install/traj_smoother_py:/home/holms/Projects/TG_Robot/robot_base_v1.1/install/robot_test_py:/home/holms/Projects/TG_Robot/robot_base_v1.1/install/robot_input:/home/holms/Projects/TG_Robot/robot_base_v1.1/install/example_py:/home/holms/Projects/TG_Robot/robot_base_v1.1/install/robot_dynamics:/opt/ros/humble /usr/bin/cmake --build /home/holms/Projects/lerobot/TG_Robot/build/robot_description -- -j8 -l8
[0.387s] Invoking command in '/home/holms/Projects/lerobot/TG_Robot/build/robot_description': CMAKE_PREFIX_PATH=${CMAKE_PREFIX_PATH}:/home/holms/Projects/TG_Robot/robot_base_v1.1/install/traj_smoother_py:/home/holms/Projects/TG_Robot/robot_base_v1.1/install/robot_test_py:/home/holms/Projects/TG_Robot/robot_base_v1.1/install/robot_input:/home/holms/Projects/TG_Robot/robot_base_v1.1/install/example_py:/home/holms/Projects/TG_Robot/robot_base_v1.1/install/robot_dynamics:/opt/ros/humble /usr/bin/cmake --install /home/holms/Projects/lerobot/TG_Robot/build/robot_description
[0.393s] -- Install configuration: ""
[0.393s] -- Execute custom install script
[0.393s] -- Symlinking: /home/holms/Projects/lerobot/TG_Robot/install/robot_description/share/robot_description/launch/arm380_display.launch.py
[0.401s] -- Symlinking: /home/holms/Projects/lerobot/TG_Robot/install/robot_description/share/robot_description/launch/arm620_display.launch.py
[0.408s] -- Symlinking: /home/holms/Projects/lerobot/TG_Robot/install/robot_description/share/robot_description/launch/robot_description.launch.py
[0.415s] -- Symlinking: /home/holms/Projects/lerobot/TG_Robot/install/robot_description/share/robot_description/urdf/arm380.urdf
[0.422s] -- Symlinking: /home/holms/Projects/lerobot/TG_Robot/install/robot_description/share/robot_description/urdf/arm380_gazebo.urdf
[0.429s] -- Symlinking: /home/holms/Projects/lerobot/TG_Robot/install/robot_description/share/robot_description/urdf/arm620.urdf
[0.436s] -- Symlinking: /home/holms/Projects/lerobot/TG_Robot/install/robot_description/share/robot_description/urdf/arm6202.urdf
[0.444s] -- Symlinking: /home/holms/Projects/lerobot/TG_Robot/install/robot_description/share/robot_description/urdf/arm620_gazebo.urdf
[0.453s] -- Symlinking: /home/holms/Projects/lerobot/TG_Robot/install/robot_description/share/robot_description/meshes/arm380/Link1.STL
[0.464s] -- Symlinking: /home/holms/Projects/lerobot/TG_Robot/install/robot_description/share/robot_description/meshes/arm380/Link2.STL
[0.475s] -- Symlinking: /home/holms/Projects/lerobot/TG_Robot/install/robot_description/share/robot_description/meshes/arm380/Link3.STL
[0.486s] -- Symlinking: /home/holms/Projects/lerobot/TG_Robot/install/robot_description/share/robot_description/meshes/arm380/Link4.STL
[0.493s] -- Symlinking: /home/holms/Projects/lerobot/TG_Robot/install/robot_description/share/robot_description/meshes/arm380/Link5.STL
[0.500s] -- Symlinking: /home/holms/Projects/lerobot/TG_Robot/install/robot_description/share/robot_description/meshes/arm380/Link6.STL
[0.509s] -- Symlinking: /home/holms/Projects/lerobot/TG_Robot/install/robot_description/share/robot_description/meshes/arm380/base_link.STL
[0.520s] -- Symlinking: /home/holms/Projects/lerobot/TG_Robot/install/robot_description/share/robot_description/meshes/arm620/Link1.STL
[0.527s] -- Symlinking: /home/holms/Projects/lerobot/TG_Robot/install/robot_description/share/robot_description/meshes/arm620/Link2.STL
[0.534s] -- Symlinking: /home/holms/Projects/lerobot/TG_Robot/install/robot_description/share/robot_description/meshes/arm620/Link3.STL
[0.544s] -- Symlinking: /home/holms/Projects/lerobot/TG_Robot/install/robot_description/share/robot_description/meshes/arm620/Link4.STL
[0.560s] -- Symlinking: /home/holms/Projects/lerobot/TG_Robot/install/robot_description/share/robot_description/meshes/arm620/Link5.STL
[0.573s] -- Symlinking: /home/holms/Projects/lerobot/TG_Robot/install/robot_description/share/robot_description/meshes/arm620/Link6.STL
[0.586s] -- Symlinking: /home/holms/Projects/lerobot/TG_Robot/install/robot_description/share/robot_description/meshes/arm620/base_link.STL
[0.586s] -- Symlinking: /home/holms/Projects/lerobot/TG_Robot/install/robot_description/share/robot_description/arm620/arm620.urdf.xacro
[0.593s] -- Symlinking: /home/holms/Projects/lerobot/TG_Robot/install/robot_description/share/robot_description/arm620/meshes/arm620/Link1.STL
[0.600s] -- Symlinking: /home/holms/Projects/lerobot/TG_Robot/install/robot_description/share/robot_description/arm620/meshes/arm620/Link2.STL
[0.607s] -- Symlinking: /home/holms/Projects/lerobot/TG_Robot/install/robot_description/share/robot_description/arm620/meshes/arm620/Link3.STL
[0.614s] -- Symlinking: /home/holms/Projects/lerobot/TG_Robot/install/robot_description/share/robot_description/arm620/meshes/arm620/Link4.STL
[0.622s] -- Symlinking: /home/holms/Projects/lerobot/TG_Robot/install/robot_description/share/robot_description/arm620/meshes/arm620/Link5.STL
[0.628s] -- Symlinking: /home/holms/Projects/lerobot/TG_Robot/install/robot_description/share/robot_description/arm620/meshes/arm620/Link6.STL
[0.639s] -- Symlinking: /home/holms/Projects/lerobot/TG_Robot/install/robot_description/share/robot_description/arm620/meshes/arm620/base_link.STL
[0.646s] -- Symlinking: /home/holms/Projects/lerobot/TG_Robot/install/robot_description/share/ament_index/resource_index/package_run_dependencies/robot_description
[0.653s] -- Symlinking: /home/holms/Projects/lerobot/TG_Robot/install/robot_description/share/ament_index/resource_index/parent_prefix_path/robot_description
[0.662s] -- Symlinking: /home/holms/Projects/lerobot/TG_Robot/install/robot_description/share/robot_description/environment/ament_prefix_path.sh
[0.669s] -- Symlinking: /home/holms/Projects/lerobot/TG_Robot/install/robot_description/share/robot_description/environment/ament_prefix_path.dsv
[0.677s] -- Symlinking: /home/holms/Projects/lerobot/TG_Robot/install/robot_description/share/robot_description/environment/path.sh
[0.684s] -- Symlinking: /home/holms/Projects/lerobot/TG_Robot/install/robot_description/share/robot_description/environment/path.dsv
[0.691s] -- Symlinking: /home/holms/Projects/lerobot/TG_Robot/install/robot_description/share/robot_description/local_setup.bash
[0.697s] -- Symlinking: /home/holms/Projects/lerobot/TG_Robot/install/robot_description/share/robot_description/local_setup.sh
[0.704s] -- Symlinking: /home/holms/Projects/lerobot/TG_Robot/install/robot_description/share/robot_description/local_setup.zsh
[0.714s] -- Symlinking: /home/holms/Projects/lerobot/TG_Robot/install/robot_description/share/robot_description/local_setup.dsv
[0.721s] -- Symlinking: /home/holms/Projects/lerobot/TG_Robot/install/robot_description/share/robot_description/package.dsv
[0.728s] -- Symlinking: /home/holms/Projects/lerobot/TG_Robot/install/robot_description/share/ament_index/resource_index/packages/robot_description
[0.735s] -- Symlinking: /home/holms/Projects/lerobot/TG_Robot/install/robot_description/share/robot_description/cmake/robot_descriptionConfig.cmake
[0.742s] -- Symlinking: /home/holms/Projects/lerobot/TG_Robot/install/robot_description/share/robot_description/cmake/robot_descriptionConfig-version.cmake
[0.749s] -- Symlinking: /home/holms/Projects/lerobot/TG_Robot/install/robot_description/share/robot_description/package.xml
[0.762s] Invoked command in '/home/holms/Projects/lerobot/TG_Robot/build/robot_description' returned '0': CMAKE_PREFIX_PATH=${CMAKE_PREFIX_PATH}:/home/holms/Projects/TG_Robot/robot_base_v1.1/install/traj_smoother_py:/home/holms/Projects/TG_Robot/robot_base_v1.1/install/robot_test_py:/home/holms/Projects/TG_Robot/robot_base_v1.1/install/robot_input:/home/holms/Projects/TG_Robot/robot_base_v1.1/install/example_py:/home/holms/Projects/TG_Robot/robot_base_v1.1/install/robot_dynamics:/opt/ros/humble /usr/bin/cmake --install /home/holms/Projects/lerobot/TG_Robot/build/robot_description
