/home/holms/Projects/lerobot/TG_Robot/install/example_py/lib/python3.10/site-packages/example_py/set_friction_parameters380.py
/home/holms/Projects/lerobot/TG_Robot/install/example_py/lib/python3.10/site-packages/example_py/Longtime_test.py
/home/holms/Projects/lerobot/TG_Robot/install/example_py/lib/python3.10/site-packages/example_py/test.py
/home/holms/Projects/lerobot/TG_Robot/install/example_py/lib/python3.10/site-packages/example_py/example.py
/home/holms/Projects/lerobot/TG_Robot/install/example_py/lib/python3.10/site-packages/example_py/set_parameters_150.py
/home/holms/Projects/lerobot/TG_Robot/install/example_py/lib/python3.10/site-packages/example_py/can_query.py
/home/holms/Projects/lerobot/TG_Robot/install/example_py/lib/python3.10/site-packages/example_py/__init__.py
/home/holms/Projects/lerobot/TG_Robot/install/example_py/lib/python3.10/site-packages/example_py/motor_pub.py
/home/holms/Projects/lerobot/TG_Robot/install/example_py/lib/python3.10/site-packages/example_py/arm.py
/home/holms/Projects/lerobot/TG_Robot/install/example_py/lib/python3.10/site-packages/example_py/MoveJJ.py
/home/holms/Projects/lerobot/TG_Robot/install/example_py/lib/python3.10/site-packages/example_py/read_joint_sn.py
/home/holms/Projects/lerobot/TG_Robot/install/example_py/lib/python3.10/site-packages/example_py/set_parameters .py
/home/holms/Projects/lerobot/TG_Robot/install/example_py/lib/python3.10/site-packages/example_py/teach_stop.py
/home/holms/Projects/lerobot/TG_Robot/install/example_py/lib/python3.10/site-packages/example_py/set_friction_parameters copy.py
/home/holms/Projects/lerobot/TG_Robot/install/example_py/lib/python3.10/site-packages/example_py/__pycache__/set_friction_parameters380.cpython-310.pyc
/home/holms/Projects/lerobot/TG_Robot/install/example_py/lib/python3.10/site-packages/example_py/__pycache__/Longtime_test.cpython-310.pyc
/home/holms/Projects/lerobot/TG_Robot/install/example_py/lib/python3.10/site-packages/example_py/__pycache__/test.cpython-310.pyc
/home/holms/Projects/lerobot/TG_Robot/install/example_py/lib/python3.10/site-packages/example_py/__pycache__/example.cpython-310.pyc
/home/holms/Projects/lerobot/TG_Robot/install/example_py/lib/python3.10/site-packages/example_py/__pycache__/set_parameters_150.cpython-310.pyc
/home/holms/Projects/lerobot/TG_Robot/install/example_py/lib/python3.10/site-packages/example_py/__pycache__/can_query.cpython-310.pyc
/home/holms/Projects/lerobot/TG_Robot/install/example_py/lib/python3.10/site-packages/example_py/__pycache__/__init__.cpython-310.pyc
/home/holms/Projects/lerobot/TG_Robot/install/example_py/lib/python3.10/site-packages/example_py/__pycache__/motor_pub.cpython-310.pyc
/home/holms/Projects/lerobot/TG_Robot/install/example_py/lib/python3.10/site-packages/example_py/__pycache__/arm.cpython-310.pyc
/home/holms/Projects/lerobot/TG_Robot/install/example_py/lib/python3.10/site-packages/example_py/__pycache__/MoveJJ.cpython-310.pyc
/home/holms/Projects/lerobot/TG_Robot/install/example_py/lib/python3.10/site-packages/example_py/__pycache__/read_joint_sn.cpython-310.pyc
/home/holms/Projects/lerobot/TG_Robot/install/example_py/lib/python3.10/site-packages/example_py/__pycache__/set_parameters .cpython-310.pyc
/home/holms/Projects/lerobot/TG_Robot/install/example_py/lib/python3.10/site-packages/example_py/__pycache__/teach_stop.cpython-310.pyc
/home/holms/Projects/lerobot/TG_Robot/install/example_py/lib/python3.10/site-packages/example_py/__pycache__/set_friction_parameters copy.cpython-310.pyc
/home/holms/Projects/lerobot/TG_Robot/install/example_py/share/ament_index/resource_index/packages/example_py
/home/holms/Projects/lerobot/TG_Robot/install/example_py/share/example_py/package.xml
/home/holms/Projects/lerobot/TG_Robot/install/example_py/lib/python3.10/site-packages/example_py-0.0.0-py3.10.egg-info/requires.txt
/home/holms/Projects/lerobot/TG_Robot/install/example_py/lib/python3.10/site-packages/example_py-0.0.0-py3.10.egg-info/entry_points.txt
/home/holms/Projects/lerobot/TG_Robot/install/example_py/lib/python3.10/site-packages/example_py-0.0.0-py3.10.egg-info/zip-safe
/home/holms/Projects/lerobot/TG_Robot/install/example_py/lib/python3.10/site-packages/example_py-0.0.0-py3.10.egg-info/PKG-INFO
/home/holms/Projects/lerobot/TG_Robot/install/example_py/lib/python3.10/site-packages/example_py-0.0.0-py3.10.egg-info/top_level.txt
/home/holms/Projects/lerobot/TG_Robot/install/example_py/lib/python3.10/site-packages/example_py-0.0.0-py3.10.egg-info/SOURCES.txt
/home/holms/Projects/lerobot/TG_Robot/install/example_py/lib/python3.10/site-packages/example_py-0.0.0-py3.10.egg-info/dependency_links.txt
/home/holms/Projects/lerobot/TG_Robot/install/example_py/lib/example_py/example
