[0.035s] Invoking command in '/home/holms/Projects/lerobot/TG_Robot/build/robot_bringup': CMAKE_PREFIX_PATH=${CMAKE_PREFIX_PATH}:/home/holms/Projects/TG_Robot/robot_base_v1.1/install/traj_smoother_py:/home/holms/Projects/TG_Robot/robot_base_v1.1/install/robot_test_py:/home/holms/Projects/TG_Robot/robot_base_v1.1/install/robot_input:/home/holms/Projects/TG_Robot/robot_base_v1.1/install/example_py:/home/holms/Projects/TG_Robot/robot_base_v1.1/install/robot_dynamics:/opt/ros/humble /usr/bin/cmake --build /home/holms/Projects/lerobot/TG_Robot/build/robot_bringup -- -j8 -l8
[0.443s] Invoked command in '/home/holms/Projects/lerobot/TG_Robot/build/robot_bringup' returned '0': CMAKE_PREFIX_PATH=${CMAKE_PREFIX_PATH}:/home/holms/Projects/TG_Robot/robot_base_v1.1/install/traj_smoother_py:/home/holms/Projects/TG_Robot/robot_base_v1.1/install/robot_test_py:/home/holms/Projects/TG_Robot/robot_base_v1.1/install/robot_input:/home/holms/Projects/TG_Robot/robot_base_v1.1/install/example_py:/home/holms/Projects/TG_Robot/robot_base_v1.1/install/robot_dynamics:/opt/ros/humble /usr/bin/cmake --build /home/holms/Projects/lerobot/TG_Robot/build/robot_bringup -- -j8 -l8
[0.453s] Invoking command in '/home/holms/Projects/lerobot/TG_Robot/build/robot_bringup': CMAKE_PREFIX_PATH=${CMAKE_PREFIX_PATH}:/home/holms/Projects/TG_Robot/robot_base_v1.1/install/traj_smoother_py:/home/holms/Projects/TG_Robot/robot_base_v1.1/install/robot_test_py:/home/holms/Projects/TG_Robot/robot_base_v1.1/install/robot_input:/home/holms/Projects/TG_Robot/robot_base_v1.1/install/example_py:/home/holms/Projects/TG_Robot/robot_base_v1.1/install/robot_dynamics:/opt/ros/humble /usr/bin/cmake --install /home/holms/Projects/lerobot/TG_Robot/build/robot_bringup
[0.460s] -- Install configuration: ""
[0.461s] -- Up-to-date: /home/holms/Projects/lerobot/TG_Robot/install/robot_bringup/share/robot_bringup/launch
[0.461s] -- Up-to-date: /home/holms/Projects/lerobot/TG_Robot/install/robot_bringup/share/robot_bringup/launch/arm620_real.launch.py
[0.461s] -- Up-to-date: /home/holms/Projects/lerobot/TG_Robot/install/robot_bringup/share/robot_bringup/launch/arm380_real.launch.py
[0.461s] -- Up-to-date: /home/holms/Projects/lerobot/TG_Robot/install/robot_bringup/share/robot_bringup/launch/robot_gazebo.launch.py
[0.462s] -- Up-to-date: /home/holms/Projects/lerobot/TG_Robot/install/robot_bringup/share/robot_bringup/launch/robot_real.launch.py
[0.462s] -- Up-to-date: /home/holms/Projects/lerobot/TG_Robot/install/robot_bringup/share/ament_index/resource_index/package_run_dependencies/robot_bringup
[0.462s] -- Up-to-date: /home/holms/Projects/lerobot/TG_Robot/install/robot_bringup/share/ament_index/resource_index/parent_prefix_path/robot_bringup
[0.462s] -- Up-to-date: /home/holms/Projects/lerobot/TG_Robot/install/robot_bringup/share/robot_bringup/environment/ament_prefix_path.sh
[0.462s] -- Up-to-date: /home/holms/Projects/lerobot/TG_Robot/install/robot_bringup/share/robot_bringup/environment/ament_prefix_path.dsv
[0.463s] -- Up-to-date: /home/holms/Projects/lerobot/TG_Robot/install/robot_bringup/share/robot_bringup/environment/path.sh
[0.463s] -- Up-to-date: /home/holms/Projects/lerobot/TG_Robot/install/robot_bringup/share/robot_bringup/environment/path.dsv
[0.463s] -- Up-to-date: /home/holms/Projects/lerobot/TG_Robot/install/robot_bringup/share/robot_bringup/local_setup.bash
[0.463s] -- Up-to-date: /home/holms/Projects/lerobot/TG_Robot/install/robot_bringup/share/robot_bringup/local_setup.sh
[0.463s] -- Up-to-date: /home/holms/Projects/lerobot/TG_Robot/install/robot_bringup/share/robot_bringup/local_setup.zsh
[0.463s] -- Up-to-date: /home/holms/Projects/lerobot/TG_Robot/install/robot_bringup/share/robot_bringup/local_setup.dsv
[0.463s] -- Up-to-date: /home/holms/Projects/lerobot/TG_Robot/install/robot_bringup/share/robot_bringup/package.dsv
[0.463s] -- Up-to-date: /home/holms/Projects/lerobot/TG_Robot/install/robot_bringup/share/ament_index/resource_index/packages/robot_bringup
[0.464s] -- Up-to-date: /home/holms/Projects/lerobot/TG_Robot/install/robot_bringup/share/robot_bringup/cmake/robot_bringupConfig.cmake
[0.464s] -- Up-to-date: /home/holms/Projects/lerobot/TG_Robot/install/robot_bringup/share/robot_bringup/cmake/robot_bringupConfig-version.cmake
[0.464s] -- Up-to-date: /home/holms/Projects/lerobot/TG_Robot/install/robot_bringup/share/robot_bringup/package.xml
[0.485s] Invoked command in '/home/holms/Projects/lerobot/TG_Robot/build/robot_bringup' returned '0': CMAKE_PREFIX_PATH=${CMAKE_PREFIX_PATH}:/home/holms/Projects/TG_Robot/robot_base_v1.1/install/traj_smoother_py:/home/holms/Projects/TG_Robot/robot_base_v1.1/install/robot_test_py:/home/holms/Projects/TG_Robot/robot_base_v1.1/install/robot_input:/home/holms/Projects/TG_Robot/robot_base_v1.1/install/example_py:/home/holms/Projects/TG_Robot/robot_base_v1.1/install/robot_dynamics:/opt/ros/humble /usr/bin/cmake --install /home/holms/Projects/lerobot/TG_Robot/build/robot_bringup
