[0.638s] Invoking command in '/home/holms/Projects/lerobot/TG_Robot/src/tg_lerobot_bridge': AMENT_PREFIX_PATH=/home/holms/Projects/lerobot/TG_Robot/install/robot_interfaces:${AMENT_PREFIX_PATH} CMAKE_PREFIX_PATH=/home/holms/Projects/lerobot/TG_Robot/install/robot_interfaces:${CMAKE_PREFIX_PATH} LD_LIBRARY_PATH=/home/holms/Projects/lerobot/TG_Robot/install/robot_interfaces/lib:/usr/lib/x86_64-linux-gnu/gazebo-11/plugins:/home/holms/Projects/TG_Robot/robot_base_v1.1/install/robot_driver/lib:/home/holms/Projects/TG_Robot/robot_base_v1.1/install/robot_interfaces/lib:/opt/ros/humble/opt/rviz_ogre_vendor/lib:/opt/ros/humble/lib/x86_64-linux-gnu:/opt/ros/humble/lib:/home/holms/Projects/mujoco/mujoco-3.3.0/bin PYTHONPATH=/home/holms/Projects/lerobot/TG_Robot/build/tg_lerobot_bridge/prefix_override:/usr/lib/python3/dist-packages/colcon_core/task/python/colcon_distutils_commands:/home/holms/Projects/lerobot/TG_Robot/install/tg_lerobot_bridge/lib/python3.10/site-packages:/home/holms/Projects/lerobot/TG_Robot/install/robot_interfaces/local/lib/python3.10/dist-packages:${PYTHONPATH} /usr/bin/python3 -W ignore:setup.py install is deprecated -W ignore:easy_install command is deprecated setup.py egg_info --egg-base ../../build/tg_lerobot_bridge build --build-base /home/holms/Projects/lerobot/TG_Robot/build/tg_lerobot_bridge/build install --record /home/holms/Projects/lerobot/TG_Robot/build/tg_lerobot_bridge/install.log --single-version-externally-managed install_data
[0.801s] running egg_info
[0.802s] writing ../../build/tg_lerobot_bridge/tg_lerobot_bridge.egg-info/PKG-INFO
[0.802s] writing dependency_links to ../../build/tg_lerobot_bridge/tg_lerobot_bridge.egg-info/dependency_links.txt
[0.802s] writing entry points to ../../build/tg_lerobot_bridge/tg_lerobot_bridge.egg-info/entry_points.txt
[0.803s] writing requirements to ../../build/tg_lerobot_bridge/tg_lerobot_bridge.egg-info/requires.txt
[0.803s] writing top-level names to ../../build/tg_lerobot_bridge/tg_lerobot_bridge.egg-info/top_level.txt
[0.806s] reading manifest file '../../build/tg_lerobot_bridge/tg_lerobot_bridge.egg-info/SOURCES.txt'
[0.808s] writing manifest file '../../build/tg_lerobot_bridge/tg_lerobot_bridge.egg-info/SOURCES.txt'
[0.808s] running build
[0.808s] running build_py
[0.808s] running install
[0.808s] running install_lib
[0.808s] running install_data
[0.809s] copying launch/sim_bridges.launch.py -> /home/holms/Projects/lerobot/TG_Robot/install/tg_lerobot_bridge/share/tg_lerobot_bridge/launch
[0.809s] running install_egg_info
[0.811s] removing '/home/holms/Projects/lerobot/TG_Robot/install/tg_lerobot_bridge/lib/python3.10/site-packages/tg_lerobot_bridge-0.0.0-py3.10.egg-info' (and everything under it)
[0.811s] Copying ../../build/tg_lerobot_bridge/tg_lerobot_bridge.egg-info to /home/holms/Projects/lerobot/TG_Robot/install/tg_lerobot_bridge/lib/python3.10/site-packages/tg_lerobot_bridge-0.0.0-py3.10.egg-info
[0.814s] running install_scripts
[0.828s] Installing tg_arm620_control_bridge script to /home/holms/Projects/lerobot/TG_Robot/install/tg_lerobot_bridge/lib/tg_lerobot_bridge
[0.828s] Installing tg_arm620_sim_control_bridge script to /home/holms/Projects/lerobot/TG_Robot/install/tg_lerobot_bridge/lib/tg_lerobot_bridge
[0.828s] Installing tg_camera_zmq_bridge script to /home/holms/Projects/lerobot/TG_Robot/install/tg_lerobot_bridge/lib/tg_lerobot_bridge
[0.829s] writing list of installed files to '/home/holms/Projects/lerobot/TG_Robot/build/tg_lerobot_bridge/install.log'
[0.844s] Invoked command in '/home/holms/Projects/lerobot/TG_Robot/src/tg_lerobot_bridge' returned '0': AMENT_PREFIX_PATH=/home/holms/Projects/lerobot/TG_Robot/install/robot_interfaces:${AMENT_PREFIX_PATH} CMAKE_PREFIX_PATH=/home/holms/Projects/lerobot/TG_Robot/install/robot_interfaces:${CMAKE_PREFIX_PATH} LD_LIBRARY_PATH=/home/holms/Projects/lerobot/TG_Robot/install/robot_interfaces/lib:/usr/lib/x86_64-linux-gnu/gazebo-11/plugins:/home/holms/Projects/TG_Robot/robot_base_v1.1/install/robot_driver/lib:/home/holms/Projects/TG_Robot/robot_base_v1.1/install/robot_interfaces/lib:/opt/ros/humble/opt/rviz_ogre_vendor/lib:/opt/ros/humble/lib/x86_64-linux-gnu:/opt/ros/humble/lib:/home/holms/Projects/mujoco/mujoco-3.3.0/bin PYTHONPATH=/home/holms/Projects/lerobot/TG_Robot/build/tg_lerobot_bridge/prefix_override:/usr/lib/python3/dist-packages/colcon_core/task/python/colcon_distutils_commands:/home/holms/Projects/lerobot/TG_Robot/install/tg_lerobot_bridge/lib/python3.10/site-packages:/home/holms/Projects/lerobot/TG_Robot/install/robot_interfaces/local/lib/python3.10/dist-packages:${PYTHONPATH} /usr/bin/python3 -W ignore:setup.py install is deprecated -W ignore:easy_install command is deprecated setup.py egg_info --egg-base ../../build/tg_lerobot_bridge build --build-base /home/holms/Projects/lerobot/TG_Robot/build/tg_lerobot_bridge/build install --record /home/holms/Projects/lerobot/TG_Robot/build/tg_lerobot_bridge/install.log --single-version-externally-managed install_data
