[1.100s] Invoking command in '/home/holms/Projects/lerobot/TG_Robot/src/robot_input': AMENT_PREFIX_PATH=/home/holms/Projects/lerobot/TG_Robot/install/robot_interfaces:${AMENT_PREFIX_PATH} CMAKE_PREFIX_PATH=/home/holms/Projects/lerobot/TG_Robot/install/robot_interfaces:${CMAKE_PREFIX_PATH} LD_LIBRARY_PATH=/home/holms/Projects/lerobot/TG_Robot/install/robot_interfaces/lib:/home/holms/Projects/TG_Robot/robot_base_v1.1/install/robot_driver/lib:/home/holms/Projects/TG_Robot/robot_base_v1.1/install/robot_interfaces/lib:/opt/ros/humble/opt/rviz_ogre_vendor/lib:/opt/ros/humble/lib/x86_64-linux-gnu:/opt/ros/humble/lib:/home/holms/Projects/mujoco/mujoco-3.3.0/bin PYTHONPATH=/home/holms/Projects/lerobot/TG_Robot/build/robot_input/prefix_override:/usr/lib/python3/dist-packages/colcon_core/task/python/colcon_distutils_commands:/home/holms/Projects/lerobot/TG_Robot/install/robot_input/lib/python3.10/site-packages:/home/holms/Projects/lerobot/TG_Robot/install/robot_interfaces/local/lib/python3.10/dist-packages:${PYTHONPATH} /usr/bin/python3 -W ignore:setup.py install is deprecated -W ignore:easy_install command is deprecated setup.py egg_info --egg-base ../../build/robot_input build --build-base /home/holms/Projects/lerobot/TG_Robot/build/robot_input/build install --record /home/holms/Projects/lerobot/TG_Robot/build/robot_input/install.log --single-version-externally-managed install_data
[1.330s] running egg_info
[1.330s] creating ../../build/robot_input/robot_input.egg-info
[1.330s] writing ../../build/robot_input/robot_input.egg-info/PKG-INFO
[1.330s] writing dependency_links to ../../build/robot_input/robot_input.egg-info/dependency_links.txt
[1.330s] writing entry points to ../../build/robot_input/robot_input.egg-info/entry_points.txt
[1.330s] writing requirements to ../../build/robot_input/robot_input.egg-info/requires.txt
[1.330s] writing top-level names to ../../build/robot_input/robot_input.egg-info/top_level.txt
[1.330s] writing manifest file '../../build/robot_input/robot_input.egg-info/SOURCES.txt'
[1.330s] reading manifest file '../../build/robot_input/robot_input.egg-info/SOURCES.txt'
[1.330s] writing manifest file '../../build/robot_input/robot_input.egg-info/SOURCES.txt'
[1.331s] running build
[1.331s] running build_py
[1.331s] creating /home/holms/Projects/lerobot/TG_Robot/build/robot_input/build
[1.331s] creating /home/holms/Projects/lerobot/TG_Robot/build/robot_input/build/lib
[1.331s] creating /home/holms/Projects/lerobot/TG_Robot/build/robot_input/build/lib/tcp
[1.331s] copying tcp/__init__.py -> /home/holms/Projects/lerobot/TG_Robot/build/robot_input/build/lib/tcp
[1.331s] copying tcp/tcp_controller.py -> /home/holms/Projects/lerobot/TG_Robot/build/robot_input/build/lib/tcp
[1.331s] creating /home/holms/Projects/lerobot/TG_Robot/build/robot_input/build/lib/common
[1.331s] copying common/__init__.py -> /home/holms/Projects/lerobot/TG_Robot/build/robot_input/build/lib/common
[1.331s] copying common/protocol.py -> /home/holms/Projects/lerobot/TG_Robot/build/robot_input/build/lib/common
[1.331s] creating /home/holms/Projects/lerobot/TG_Robot/build/robot_input/build/lib/keyboard
[1.331s] copying keyboard/key_mappings.py -> /home/holms/Projects/lerobot/TG_Robot/build/robot_input/build/lib/keyboard
[1.331s] copying keyboard/robot_messages.py -> /home/holms/Projects/lerobot/TG_Robot/build/robot_input/build/lib/keyboard
[1.331s] copying keyboard/__init__.py -> /home/holms/Projects/lerobot/TG_Robot/build/robot_input/build/lib/keyboard
[1.331s] copying keyboard/keyboard_controller.py -> /home/holms/Projects/lerobot/TG_Robot/build/robot_input/build/lib/keyboard
[1.331s] creating /home/holms/Projects/lerobot/TG_Robot/build/robot_input/build/lib/test
[1.331s] copying test/test_pep257.py -> /home/holms/Projects/lerobot/TG_Robot/build/robot_input/build/lib/test
[1.331s] copying test/_test_flake8.py -> /home/holms/Projects/lerobot/TG_Robot/build/robot_input/build/lib/test
[1.331s] copying test/__init__.py -> /home/holms/Projects/lerobot/TG_Robot/build/robot_input/build/lib/test
[1.331s] copying test/test_tcp_server.py -> /home/holms/Projects/lerobot/TG_Robot/build/robot_input/build/lib/test
[1.331s] copying test/_test_protocol.py -> /home/holms/Projects/lerobot/TG_Robot/build/robot_input/build/lib/test
[1.331s] copying test/_test_copyright.py -> /home/holms/Projects/lerobot/TG_Robot/build/robot_input/build/lib/test
[1.331s] copying test/test_copyright.py -> /home/holms/Projects/lerobot/TG_Robot/build/robot_input/build/lib/test
[1.331s] copying test/test_flake8.py -> /home/holms/Projects/lerobot/TG_Robot/build/robot_input/build/lib/test
[1.331s] copying test/_test_pep257.py -> /home/holms/Projects/lerobot/TG_Robot/build/robot_input/build/lib/test
[1.331s] running install
[1.331s] running install_lib
[1.331s] creating /home/holms/Projects/lerobot/TG_Robot/install/robot_input/lib/python3.10/site-packages/tcp
[1.331s] copying /home/holms/Projects/lerobot/TG_Robot/build/robot_input/build/lib/tcp/__init__.py -> /home/holms/Projects/lerobot/TG_Robot/install/robot_input/lib/python3.10/site-packages/tcp
[1.331s] copying /home/holms/Projects/lerobot/TG_Robot/build/robot_input/build/lib/tcp/tcp_controller.py -> /home/holms/Projects/lerobot/TG_Robot/install/robot_input/lib/python3.10/site-packages/tcp
[1.331s] creating /home/holms/Projects/lerobot/TG_Robot/install/robot_input/lib/python3.10/site-packages/common
[1.331s] copying /home/holms/Projects/lerobot/TG_Robot/build/robot_input/build/lib/common/__init__.py -> /home/holms/Projects/lerobot/TG_Robot/install/robot_input/lib/python3.10/site-packages/common
[1.332s] copying /home/holms/Projects/lerobot/TG_Robot/build/robot_input/build/lib/common/protocol.py -> /home/holms/Projects/lerobot/TG_Robot/install/robot_input/lib/python3.10/site-packages/common
[1.332s] creating /home/holms/Projects/lerobot/TG_Robot/install/robot_input/lib/python3.10/site-packages/keyboard
[1.332s] copying /home/holms/Projects/lerobot/TG_Robot/build/robot_input/build/lib/keyboard/key_mappings.py -> /home/holms/Projects/lerobot/TG_Robot/install/robot_input/lib/python3.10/site-packages/keyboard
[1.332s] copying /home/holms/Projects/lerobot/TG_Robot/build/robot_input/build/lib/keyboard/robot_messages.py -> /home/holms/Projects/lerobot/TG_Robot/install/robot_input/lib/python3.10/site-packages/keyboard
[1.332s] copying /home/holms/Projects/lerobot/TG_Robot/build/robot_input/build/lib/keyboard/__init__.py -> /home/holms/Projects/lerobot/TG_Robot/install/robot_input/lib/python3.10/site-packages/keyboard
[1.332s] copying /home/holms/Projects/lerobot/TG_Robot/build/robot_input/build/lib/keyboard/keyboard_controller.py -> /home/holms/Projects/lerobot/TG_Robot/install/robot_input/lib/python3.10/site-packages/keyboard
[1.332s] creating /home/holms/Projects/lerobot/TG_Robot/install/robot_input/lib/python3.10/site-packages/test
[1.332s] copying /home/holms/Projects/lerobot/TG_Robot/build/robot_input/build/lib/test/test_pep257.py -> /home/holms/Projects/lerobot/TG_Robot/install/robot_input/lib/python3.10/site-packages/test
[1.332s] copying /home/holms/Projects/lerobot/TG_Robot/build/robot_input/build/lib/test/_test_flake8.py -> /home/holms/Projects/lerobot/TG_Robot/install/robot_input/lib/python3.10/site-packages/test
[1.332s] copying /home/holms/Projects/lerobot/TG_Robot/build/robot_input/build/lib/test/__init__.py -> /home/holms/Projects/lerobot/TG_Robot/install/robot_input/lib/python3.10/site-packages/test
[1.332s] copying /home/holms/Projects/lerobot/TG_Robot/build/robot_input/build/lib/test/test_tcp_server.py -> /home/holms/Projects/lerobot/TG_Robot/install/robot_input/lib/python3.10/site-packages/test
[1.332s] copying /home/holms/Projects/lerobot/TG_Robot/build/robot_input/build/lib/test/_test_protocol.py -> /home/holms/Projects/lerobot/TG_Robot/install/robot_input/lib/python3.10/site-packages/test
[1.332s] copying /home/holms/Projects/lerobot/TG_Robot/build/robot_input/build/lib/test/_test_copyright.py -> /home/holms/Projects/lerobot/TG_Robot/install/robot_input/lib/python3.10/site-packages/test
[1.332s] copying /home/holms/Projects/lerobot/TG_Robot/build/robot_input/build/lib/test/test_copyright.py -> /home/holms/Projects/lerobot/TG_Robot/install/robot_input/lib/python3.10/site-packages/test
[1.332s] copying /home/holms/Projects/lerobot/TG_Robot/build/robot_input/build/lib/test/test_flake8.py -> /home/holms/Projects/lerobot/TG_Robot/install/robot_input/lib/python3.10/site-packages/test
[1.332s] copying /home/holms/Projects/lerobot/TG_Robot/build/robot_input/build/lib/test/_test_pep257.py -> /home/holms/Projects/lerobot/TG_Robot/install/robot_input/lib/python3.10/site-packages/test
[1.332s] byte-compiling /home/holms/Projects/lerobot/TG_Robot/install/robot_input/lib/python3.10/site-packages/tcp/__init__.py to __init__.cpython-310.pyc
[1.332s] byte-compiling /home/holms/Projects/lerobot/TG_Robot/install/robot_input/lib/python3.10/site-packages/tcp/tcp_controller.py to tcp_controller.cpython-310.pyc
[1.332s] byte-compiling /home/holms/Projects/lerobot/TG_Robot/install/robot_input/lib/python3.10/site-packages/common/__init__.py to __init__.cpython-310.pyc
[1.332s] byte-compiling /home/holms/Projects/lerobot/TG_Robot/install/robot_input/lib/python3.10/site-packages/common/protocol.py to protocol.cpython-310.pyc
[1.332s] byte-compiling /home/holms/Projects/lerobot/TG_Robot/install/robot_input/lib/python3.10/site-packages/keyboard/key_mappings.py to key_mappings.cpython-310.pyc
[1.332s] byte-compiling /home/holms/Projects/lerobot/TG_Robot/install/robot_input/lib/python3.10/site-packages/keyboard/robot_messages.py to robot_messages.cpython-310.pyc
[1.332s] byte-compiling /home/holms/Projects/lerobot/TG_Robot/install/robot_input/lib/python3.10/site-packages/keyboard/__init__.py to __init__.cpython-310.pyc
[1.332s] byte-compiling /home/holms/Projects/lerobot/TG_Robot/install/robot_input/lib/python3.10/site-packages/keyboard/keyboard_controller.py to keyboard_controller.cpython-310.pyc
[1.332s] byte-compiling /home/holms/Projects/lerobot/TG_Robot/install/robot_input/lib/python3.10/site-packages/test/test_pep257.py to test_pep257.cpython-310.pyc
[1.347s] byte-compiling /home/holms/Projects/lerobot/TG_Robot/install/robot_input/lib/python3.10/site-packages/test/_test_flake8.py to _test_flake8.cpython-310.pyc
[1.347s] byte-compiling /home/holms/Projects/lerobot/TG_Robot/install/robot_input/lib/python3.10/site-packages/test/__init__.py to __init__.cpython-310.pyc
[1.347s] byte-compiling /home/holms/Projects/lerobot/TG_Robot/install/robot_input/lib/python3.10/site-packages/test/test_tcp_server.py to test_tcp_server.cpython-310.pyc
[1.347s] byte-compiling /home/holms/Projects/lerobot/TG_Robot/install/robot_input/lib/python3.10/site-packages/test/_test_protocol.py to _test_protocol.cpython-310.pyc
[1.347s] byte-compiling /home/holms/Projects/lerobot/TG_Robot/install/robot_input/lib/python3.10/site-packages/test/_test_copyright.py to _test_copyright.cpython-310.pyc
[1.347s] byte-compiling /home/holms/Projects/lerobot/TG_Robot/install/robot_input/lib/python3.10/site-packages/test/test_copyright.py to test_copyright.cpython-310.pyc
[1.347s] byte-compiling /home/holms/Projects/lerobot/TG_Robot/install/robot_input/lib/python3.10/site-packages/test/test_flake8.py to test_flake8.cpython-310.pyc
[1.347s] byte-compiling /home/holms/Projects/lerobot/TG_Robot/install/robot_input/lib/python3.10/site-packages/test/_test_pep257.py to _test_pep257.cpython-310.pyc
[1.347s] running install_data
[1.347s] creating /home/holms/Projects/lerobot/TG_Robot/install/robot_input/share/ament_index
[1.347s] creating /home/holms/Projects/lerobot/TG_Robot/install/robot_input/share/ament_index/resource_index
[1.347s] creating /home/holms/Projects/lerobot/TG_Robot/install/robot_input/share/ament_index/resource_index/packages
[1.347s] copying resource/robot_input -> /home/holms/Projects/lerobot/TG_Robot/install/robot_input/share/ament_index/resource_index/packages
[1.347s] copying package.xml -> /home/holms/Projects/lerobot/TG_Robot/install/robot_input/share/robot_input
[1.347s] running install_egg_info
[1.347s] Copying ../../build/robot_input/robot_input.egg-info to /home/holms/Projects/lerobot/TG_Robot/install/robot_input/lib/python3.10/site-packages/robot_input-0.0.0-py3.10.egg-info
[1.347s] running install_scripts
[1.347s] Installing robot_input_keyboard script to /home/holms/Projects/lerobot/TG_Robot/install/robot_input/lib/robot_input
[1.347s] Installing robot_input_tcp script to /home/holms/Projects/lerobot/TG_Robot/install/robot_input/lib/robot_input
[1.347s] writing list of installed files to '/home/holms/Projects/lerobot/TG_Robot/build/robot_input/install.log'
[1.348s] Invoked command in '/home/holms/Projects/lerobot/TG_Robot/src/robot_input' returned '0': AMENT_PREFIX_PATH=/home/holms/Projects/lerobot/TG_Robot/install/robot_interfaces:${AMENT_PREFIX_PATH} CMAKE_PREFIX_PATH=/home/holms/Projects/lerobot/TG_Robot/install/robot_interfaces:${CMAKE_PREFIX_PATH} LD_LIBRARY_PATH=/home/holms/Projects/lerobot/TG_Robot/install/robot_interfaces/lib:/home/holms/Projects/TG_Robot/robot_base_v1.1/install/robot_driver/lib:/home/holms/Projects/TG_Robot/robot_base_v1.1/install/robot_interfaces/lib:/opt/ros/humble/opt/rviz_ogre_vendor/lib:/opt/ros/humble/lib/x86_64-linux-gnu:/opt/ros/humble/lib:/home/holms/Projects/mujoco/mujoco-3.3.0/bin PYTHONPATH=/home/holms/Projects/lerobot/TG_Robot/build/robot_input/prefix_override:/usr/lib/python3/dist-packages/colcon_core/task/python/colcon_distutils_commands:/home/holms/Projects/lerobot/TG_Robot/install/robot_input/lib/python3.10/site-packages:/home/holms/Projects/lerobot/TG_Robot/install/robot_interfaces/local/lib/python3.10/dist-packages:${PYTHONPATH} /usr/bin/python3 -W ignore:setup.py install is deprecated -W ignore:easy_install command is deprecated setup.py egg_info --egg-base ../../build/robot_input build --build-base /home/holms/Projects/lerobot/TG_Robot/build/robot_input/build install --record /home/holms/Projects/lerobot/TG_Robot/build/robot_input/install.log --single-version-externally-managed install_data
