[0.014s] Invoking command in '/home/holms/Projects/lerobot/TG_Robot/build/arm620_config': AMENT_PREFIX_PATH=/home/holms/Projects/lerobot/TG_Robot/install/robot_description:${AMENT_PREFIX_PATH} CMAKE_PREFIX_PATH=/home/holms/Projects/lerobot/TG_Robot/install/robot_description:/home/holms/Projects/TG_Robot/robot_base_v1.1/install/robot_virtual_fence:/home/holms/Projects/TG_Robot/robot_base_v1.1/install/robot_state_machine:/home/holms/Projects/TG_Robot/robot_base_v1.1/install/robot_sdk:/home/holms/Projects/TG_Robot/robot_base_v1.1/install/robot_driver:/home/holms/Projects/TG_Robot/robot_base_v1.1/install/robot_control:/home/holms/Projects/TG_Robot/robot_base_v1.1/install/motor_control_logger:/home/holms/Projects/TG_Robot/robot_base_v1.1/install/example_cpp:/home/holms/Projects/TG_Robot/robot_base_v1.1/install/robot_interfaces:/home/holms/Projects/TG_Robot/robot_base_v1.1/install/robot_gazebo:/home/holms/Projects/TG_Robot/robot_base_v1.1/install/arm620_config:/home/holms/Projects/TG_Robot/robot_base_v1.1/install/arm380_config:/home/holms/Projects/TG_Robot/robot_base_v1.1/install/robot_description:/home/holms/Projects/TG_Robot/robot_base_v1.1/install/robot_bringup:/home/holms/Projects/TG_Robot/robot_base_v1.1/install/traj_smoother_py:/home/holms/Projects/TG_Robot/robot_base_v1.1/install/robot_test_py:/home/holms/Projects/TG_Robot/robot_base_v1.1/install/robot_input:/home/holms/Projects/TG_Robot/robot_base_v1.1/install/example_py:/home/holms/Projects/TG_Robot/robot_base_v1.1/install/robot_dynamics:/opt/ros/humble /usr/bin/cmake /home/holms/Projects/lerobot/TG_Robot/src/robot_config/arm620_config -DCMAKE_INSTALL_PREFIX=/home/holms/Projects/lerobot/TG_Robot/install/arm620_config
[0.057s] -- The C compiler identification is GNU 11.4.0
[0.099s] -- The CXX compiler identification is GNU 11.4.0
[0.103s] -- Detecting C compiler ABI info
[0.163s] -- Detecting C compiler ABI info - done
[0.166s] -- Check for working C compiler: /usr/bin/cc - skipped
[0.166s] -- Detecting C compile features
[0.166s] -- Detecting C compile features - done
[0.168s] -- Detecting CXX compiler ABI info
[0.231s] -- Detecting CXX compiler ABI info - done
[0.236s] -- Check for working CXX compiler: /usr/bin/c++ - skipped
[0.236s] -- Detecting CXX compile features
[0.236s] -- Detecting CXX compile features - done
[0.239s] -- Found ament_cmake: 1.3.14 (/opt/ros/humble/share/ament_cmake/cmake)
[0.361s] -- Found Python3: /usr/bin/python3 (found version "3.10.12") found components: Interpreter 
[0.498s] -- Configuring done
[0.501s] -- Generating done
[0.502s] -- Build files have been written to: /home/holms/Projects/lerobot/TG_Robot/build/arm620_config
[0.506s] Invoked command in '/home/holms/Projects/lerobot/TG_Robot/build/arm620_config' returned '0': AMENT_PREFIX_PATH=/home/holms/Projects/lerobot/TG_Robot/install/robot_description:${AMENT_PREFIX_PATH} CMAKE_PREFIX_PATH=/home/holms/Projects/lerobot/TG_Robot/install/robot_description:/home/holms/Projects/TG_Robot/robot_base_v1.1/install/robot_virtual_fence:/home/holms/Projects/TG_Robot/robot_base_v1.1/install/robot_state_machine:/home/holms/Projects/TG_Robot/robot_base_v1.1/install/robot_sdk:/home/holms/Projects/TG_Robot/robot_base_v1.1/install/robot_driver:/home/holms/Projects/TG_Robot/robot_base_v1.1/install/robot_control:/home/holms/Projects/TG_Robot/robot_base_v1.1/install/motor_control_logger:/home/holms/Projects/TG_Robot/robot_base_v1.1/install/example_cpp:/home/holms/Projects/TG_Robot/robot_base_v1.1/install/robot_interfaces:/home/holms/Projects/TG_Robot/robot_base_v1.1/install/robot_gazebo:/home/holms/Projects/TG_Robot/robot_base_v1.1/install/arm620_config:/home/holms/Projects/TG_Robot/robot_base_v1.1/install/arm380_config:/home/holms/Projects/TG_Robot/robot_base_v1.1/install/robot_description:/home/holms/Projects/TG_Robot/robot_base_v1.1/install/robot_bringup:/home/holms/Projects/TG_Robot/robot_base_v1.1/install/traj_smoother_py:/home/holms/Projects/TG_Robot/robot_base_v1.1/install/robot_test_py:/home/holms/Projects/TG_Robot/robot_base_v1.1/install/robot_input:/home/holms/Projects/TG_Robot/robot_base_v1.1/install/example_py:/home/holms/Projects/TG_Robot/robot_base_v1.1/install/robot_dynamics:/opt/ros/humble /usr/bin/cmake /home/holms/Projects/lerobot/TG_Robot/src/robot_config/arm620_config -DCMAKE_INSTALL_PREFIX=/home/holms/Projects/lerobot/TG_Robot/install/arm620_config
[0.507s] Invoking command in '/home/holms/Projects/lerobot/TG_Robot/build/arm620_config': AMENT_PREFIX_PATH=/home/holms/Projects/lerobot/TG_Robot/install/robot_description:${AMENT_PREFIX_PATH} CMAKE_PREFIX_PATH=/home/holms/Projects/lerobot/TG_Robot/install/robot_description:/home/holms/Projects/TG_Robot/robot_base_v1.1/install/robot_virtual_fence:/home/holms/Projects/TG_Robot/robot_base_v1.1/install/robot_state_machine:/home/holms/Projects/TG_Robot/robot_base_v1.1/install/robot_sdk:/home/holms/Projects/TG_Robot/robot_base_v1.1/install/robot_driver:/home/holms/Projects/TG_Robot/robot_base_v1.1/install/robot_control:/home/holms/Projects/TG_Robot/robot_base_v1.1/install/motor_control_logger:/home/holms/Projects/TG_Robot/robot_base_v1.1/install/example_cpp:/home/holms/Projects/TG_Robot/robot_base_v1.1/install/robot_interfaces:/home/holms/Projects/TG_Robot/robot_base_v1.1/install/robot_gazebo:/home/holms/Projects/TG_Robot/robot_base_v1.1/install/arm620_config:/home/holms/Projects/TG_Robot/robot_base_v1.1/install/arm380_config:/home/holms/Projects/TG_Robot/robot_base_v1.1/install/robot_description:/home/holms/Projects/TG_Robot/robot_base_v1.1/install/robot_bringup:/home/holms/Projects/TG_Robot/robot_base_v1.1/install/traj_smoother_py:/home/holms/Projects/TG_Robot/robot_base_v1.1/install/robot_test_py:/home/holms/Projects/TG_Robot/robot_base_v1.1/install/robot_input:/home/holms/Projects/TG_Robot/robot_base_v1.1/install/example_py:/home/holms/Projects/TG_Robot/robot_base_v1.1/install/robot_dynamics:/opt/ros/humble /usr/bin/cmake --build /home/holms/Projects/lerobot/TG_Robot/build/arm620_config -- -j8 -l8
[0.542s] Invoked command in '/home/holms/Projects/lerobot/TG_Robot/build/arm620_config' returned '0': AMENT_PREFIX_PATH=/home/holms/Projects/lerobot/TG_Robot/install/robot_description:${AMENT_PREFIX_PATH} CMAKE_PREFIX_PATH=/home/holms/Projects/lerobot/TG_Robot/install/robot_description:/home/holms/Projects/TG_Robot/robot_base_v1.1/install/robot_virtual_fence:/home/holms/Projects/TG_Robot/robot_base_v1.1/install/robot_state_machine:/home/holms/Projects/TG_Robot/robot_base_v1.1/install/robot_sdk:/home/holms/Projects/TG_Robot/robot_base_v1.1/install/robot_driver:/home/holms/Projects/TG_Robot/robot_base_v1.1/install/robot_control:/home/holms/Projects/TG_Robot/robot_base_v1.1/install/motor_control_logger:/home/holms/Projects/TG_Robot/robot_base_v1.1/install/example_cpp:/home/holms/Projects/TG_Robot/robot_base_v1.1/install/robot_interfaces:/home/holms/Projects/TG_Robot/robot_base_v1.1/install/robot_gazebo:/home/holms/Projects/TG_Robot/robot_base_v1.1/install/arm620_config:/home/holms/Projects/TG_Robot/robot_base_v1.1/install/arm380_config:/home/holms/Projects/TG_Robot/robot_base_v1.1/install/robot_description:/home/holms/Projects/TG_Robot/robot_base_v1.1/install/robot_bringup:/home/holms/Projects/TG_Robot/robot_base_v1.1/install/traj_smoother_py:/home/holms/Projects/TG_Robot/robot_base_v1.1/install/robot_test_py:/home/holms/Projects/TG_Robot/robot_base_v1.1/install/robot_input:/home/holms/Projects/TG_Robot/robot_base_v1.1/install/example_py:/home/holms/Projects/TG_Robot/robot_base_v1.1/install/robot_dynamics:/opt/ros/humble /usr/bin/cmake --build /home/holms/Projects/lerobot/TG_Robot/build/arm620_config -- -j8 -l8
[0.545s] Invoking command in '/home/holms/Projects/lerobot/TG_Robot/build/arm620_config': AMENT_PREFIX_PATH=/home/holms/Projects/lerobot/TG_Robot/install/robot_description:${AMENT_PREFIX_PATH} CMAKE_PREFIX_PATH=/home/holms/Projects/lerobot/TG_Robot/install/robot_description:/home/holms/Projects/TG_Robot/robot_base_v1.1/install/robot_virtual_fence:/home/holms/Projects/TG_Robot/robot_base_v1.1/install/robot_state_machine:/home/holms/Projects/TG_Robot/robot_base_v1.1/install/robot_sdk:/home/holms/Projects/TG_Robot/robot_base_v1.1/install/robot_driver:/home/holms/Projects/TG_Robot/robot_base_v1.1/install/robot_control:/home/holms/Projects/TG_Robot/robot_base_v1.1/install/motor_control_logger:/home/holms/Projects/TG_Robot/robot_base_v1.1/install/example_cpp:/home/holms/Projects/TG_Robot/robot_base_v1.1/install/robot_interfaces:/home/holms/Projects/TG_Robot/robot_base_v1.1/install/robot_gazebo:/home/holms/Projects/TG_Robot/robot_base_v1.1/install/arm620_config:/home/holms/Projects/TG_Robot/robot_base_v1.1/install/arm380_config:/home/holms/Projects/TG_Robot/robot_base_v1.1/install/robot_description:/home/holms/Projects/TG_Robot/robot_base_v1.1/install/robot_bringup:/home/holms/Projects/TG_Robot/robot_base_v1.1/install/traj_smoother_py:/home/holms/Projects/TG_Robot/robot_base_v1.1/install/robot_test_py:/home/holms/Projects/TG_Robot/robot_base_v1.1/install/robot_input:/home/holms/Projects/TG_Robot/robot_base_v1.1/install/example_py:/home/holms/Projects/TG_Robot/robot_base_v1.1/install/robot_dynamics:/opt/ros/humble /usr/bin/cmake --install /home/holms/Projects/lerobot/TG_Robot/build/arm620_config
[0.550s] -- Install configuration: ""
[0.550s] -- Installing: /home/holms/Projects/lerobot/TG_Robot/install/arm620_config/share/ament_index/resource_index/package_run_dependencies/arm620_config
[0.550s] -- Installing: /home/holms/Projects/lerobot/TG_Robot/install/arm620_config/share/ament_index/resource_index/parent_prefix_path/arm620_config
[0.550s] -- Installing: /home/holms/Projects/lerobot/TG_Robot/install/arm620_config/share/arm620_config/environment/ament_prefix_path.sh
[0.551s] -- Installing: /home/holms/Projects/lerobot/TG_Robot/install/arm620_config/share/arm620_config/environment/ament_prefix_path.dsv
[0.551s] -- Installing: /home/holms/Projects/lerobot/TG_Robot/install/arm620_config/share/arm620_config/environment/path.sh
[0.551s] -- Installing: /home/holms/Projects/lerobot/TG_Robot/install/arm620_config/share/arm620_config/environment/path.dsv
[0.551s] -- Installing: /home/holms/Projects/lerobot/TG_Robot/install/arm620_config/share/arm620_config/local_setup.bash
[0.551s] -- Installing: /home/holms/Projects/lerobot/TG_Robot/install/arm620_config/share/arm620_config/local_setup.sh
[0.551s] -- Installing: /home/holms/Projects/lerobot/TG_Robot/install/arm620_config/share/arm620_config/local_setup.zsh
[0.552s] -- Installing: /home/holms/Projects/lerobot/TG_Robot/install/arm620_config/share/arm620_config/local_setup.dsv
[0.552s] -- Installing: /home/holms/Projects/lerobot/TG_Robot/install/arm620_config/share/arm620_config/package.dsv
[0.552s] -- Installing: /home/holms/Projects/lerobot/TG_Robot/install/arm620_config/share/ament_index/resource_index/packages/arm620_config
[0.552s] -- Installing: /home/holms/Projects/lerobot/TG_Robot/install/arm620_config/share/arm620_config/cmake/arm620_configConfig.cmake
[0.553s] -- Installing: /home/holms/Projects/lerobot/TG_Robot/install/arm620_config/share/arm620_config/cmake/arm620_configConfig-version.cmake
[0.553s] -- Installing: /home/holms/Projects/lerobot/TG_Robot/install/arm620_config/share/arm620_config/package.xml
[0.553s] -- Installing: /home/holms/Projects/lerobot/TG_Robot/install/arm620_config/share/arm620_config/launch
[0.554s] -- Installing: /home/holms/Projects/lerobot/TG_Robot/install/arm620_config/share/arm620_config/launch/demo.launch.py
[0.554s] -- Installing: /home/holms/Projects/lerobot/TG_Robot/install/arm620_config/share/arm620_config/launch/gazebo_moveit_demo.launch.py
[0.554s] -- Installing: /home/holms/Projects/lerobot/TG_Robot/install/arm620_config/share/arm620_config/launch/warehouse_db.launch.py
[0.554s] -- Installing: /home/holms/Projects/lerobot/TG_Robot/install/arm620_config/share/arm620_config/launch/setup_assistant.launch.py
[0.554s] -- Installing: /home/holms/Projects/lerobot/TG_Robot/install/arm620_config/share/arm620_config/launch/moveit_rviz.launch.py
[0.554s] -- Installing: /home/holms/Projects/lerobot/TG_Robot/install/arm620_config/share/arm620_config/launch/rsp.launch.py
[0.554s] -- Installing: /home/holms/Projects/lerobot/TG_Robot/install/arm620_config/share/arm620_config/launch/real_moveit_demo.launch.py
[0.554s] -- Installing: /home/holms/Projects/lerobot/TG_Robot/install/arm620_config/share/arm620_config/launch/move_group.launch.py
[0.554s] -- Installing: /home/holms/Projects/lerobot/TG_Robot/install/arm620_config/share/arm620_config/launch/static_virtual_joint_tfs.launch.py
[0.555s] -- Installing: /home/holms/Projects/lerobot/TG_Robot/install/arm620_config/share/arm620_config/launch/spawn_controllers.launch.py
[0.555s] -- Installing: /home/holms/Projects/lerobot/TG_Robot/install/arm620_config/share/arm620_config/config
[0.555s] -- Installing: /home/holms/Projects/lerobot/TG_Robot/install/arm620_config/share/arm620_config/config/pilz_cartesian_limits.yaml
[0.555s] -- Installing: /home/holms/Projects/lerobot/TG_Robot/install/arm620_config/share/arm620_config/config/moveit.rviz
[0.555s] -- Installing: /home/holms/Projects/lerobot/TG_Robot/install/arm620_config/share/arm620_config/config/initial_positions.yaml
[0.555s] -- Installing: /home/holms/Projects/lerobot/TG_Robot/install/arm620_config/share/arm620_config/config/moveit_controllers.yaml
[0.555s] -- Installing: /home/holms/Projects/lerobot/TG_Robot/install/arm620_config/share/arm620_config/config/kinematics.yaml
[0.555s] -- Installing: /home/holms/Projects/lerobot/TG_Robot/install/arm620_config/share/arm620_config/config/arm620.srdf
[0.555s] -- Installing: /home/holms/Projects/lerobot/TG_Robot/install/arm620_config/share/arm620_config/config/joint_limits.yaml
[0.555s] -- Installing: /home/holms/Projects/lerobot/TG_Robot/install/arm620_config/share/arm620_config/config/arm620.ros2_control.xacro
[0.555s] -- Installing: /home/holms/Projects/lerobot/TG_Robot/install/arm620_config/share/arm620_config/config/arm620.urdf.xacro
[0.555s] -- Installing: /home/holms/Projects/lerobot/TG_Robot/install/arm620_config/share/arm620_config/config/ros2_controllers.yaml
[0.556s] -- Installing: /home/holms/Projects/lerobot/TG_Robot/install/arm620_config/share/arm620_config/.setup_assistant
[0.561s] Invoked command in '/home/holms/Projects/lerobot/TG_Robot/build/arm620_config' returned '0': AMENT_PREFIX_PATH=/home/holms/Projects/lerobot/TG_Robot/install/robot_description:${AMENT_PREFIX_PATH} CMAKE_PREFIX_PATH=/home/holms/Projects/lerobot/TG_Robot/install/robot_description:/home/holms/Projects/TG_Robot/robot_base_v1.1/install/robot_virtual_fence:/home/holms/Projects/TG_Robot/robot_base_v1.1/install/robot_state_machine:/home/holms/Projects/TG_Robot/robot_base_v1.1/install/robot_sdk:/home/holms/Projects/TG_Robot/robot_base_v1.1/install/robot_driver:/home/holms/Projects/TG_Robot/robot_base_v1.1/install/robot_control:/home/holms/Projects/TG_Robot/robot_base_v1.1/install/motor_control_logger:/home/holms/Projects/TG_Robot/robot_base_v1.1/install/example_cpp:/home/holms/Projects/TG_Robot/robot_base_v1.1/install/robot_interfaces:/home/holms/Projects/TG_Robot/robot_base_v1.1/install/robot_gazebo:/home/holms/Projects/TG_Robot/robot_base_v1.1/install/arm620_config:/home/holms/Projects/TG_Robot/robot_base_v1.1/install/arm380_config:/home/holms/Projects/TG_Robot/robot_base_v1.1/install/robot_description:/home/holms/Projects/TG_Robot/robot_base_v1.1/install/robot_bringup:/home/holms/Projects/TG_Robot/robot_base_v1.1/install/traj_smoother_py:/home/holms/Projects/TG_Robot/robot_base_v1.1/install/robot_test_py:/home/holms/Projects/TG_Robot/robot_base_v1.1/install/robot_input:/home/holms/Projects/TG_Robot/robot_base_v1.1/install/example_py:/home/holms/Projects/TG_Robot/robot_base_v1.1/install/robot_dynamics:/opt/ros/humble /usr/bin/cmake --install /home/holms/Projects/lerobot/TG_Robot/build/arm620_config
